[0.098s] DEBUG:colcon:Command line arguments: ['/usr/bin/colcon', 'build']
[0.098s] DEBUG:colcon:Parsed command line arguments: Namespace(log_base=None, log_level=None, verb_name='build', build_base='build', install_base='install', merge_install=False, symlink_install=False, test_result_base=None, continue_on_error=False, executor='parallel', parallel_workers=22, event_handlers=None, ignore_user_meta=False, metas=['./colcon.meta'], base_paths=['.'], packages_ignore=None, packages_ignore_regex=None, paths=None, packages_up_to=None, packages_up_to_regex=None, packages_above=None, packages_above_and_dependencies=None, packages_above_depth=None, packages_select_by_dep=None, packages_skip_by_dep=None, packages_skip_up_to=None, packages_select_build_failed=False, packages_skip_build_finished=False, packages_select_test_failures=False, packages_skip_test_passed=False, packages_select=None, packages_skip=None, packages_select_regex=None, packages_skip_regex=None, packages_start=None, packages_end=None, allow_overriding=[], cmake_args=None, cmake_target=None, cmake_target_skip_unavailable=False, cmake_clean_cache=False, cmake_clean_first=False, cmake_force_configure=False, ament_cmake_args=None, catkin_cmake_args=None, catkin_skip_building_tests=False, mixin_files=None, mixin=None, verb_parser=<colcon_mixin.mixin.mixin_argument.MixinArgumentDecorator object at 0x7f8b8e863730>, verb_extension=<colcon_core.verb.build.BuildVerb object at 0x7f8b8e863160>, main=<bound method BuildVerb.main of <colcon_core.verb.build.BuildVerb object at 0x7f8b8e863160>>, mixin_verb=('build',))
[0.324s] Level 1:colcon.colcon_core.package_discovery:discover_packages(colcon_meta) check parameters
[0.324s] Level 1:colcon.colcon_core.package_discovery:discover_packages(recursive) check parameters
[0.324s] Level 1:colcon.colcon_core.package_discovery:discover_packages(ignore) check parameters
[0.324s] Level 1:colcon.colcon_core.package_discovery:discover_packages(path) check parameters
[0.324s] Level 1:colcon.colcon_core.package_discovery:discover_packages(colcon_meta) discover
[0.324s] Level 1:colcon.colcon_core.package_discovery:discover_packages(recursive) discover
[0.324s] INFO:colcon.colcon_core.package_discovery:Crawling recursively for packages in '/home/imamalghifary/ws_sensor_combined'
[0.324s] Level 1:colcon.colcon_core.package_identification:_identify(.) by extensions ['ignore', 'ignore_ament_install']
[0.325s] Level 1:colcon.colcon_core.package_identification:_identify(.) by extension 'ignore'
[0.325s] Level 1:colcon.colcon_core.package_identification:_identify(.) by extension 'ignore_ament_install'
[0.325s] Level 1:colcon.colcon_core.package_identification:_identify(.) by extensions ['colcon_pkg']
[0.325s] Level 1:colcon.colcon_core.package_identification:_identify(.) by extension 'colcon_pkg'
[0.325s] Level 1:colcon.colcon_core.package_identification:_identify(.) by extensions ['colcon_meta']
[0.325s] Level 1:colcon.colcon_core.package_identification:_identify(.) by extension 'colcon_meta'
[0.325s] Level 1:colcon.colcon_core.package_identification:_identify(.) by extensions ['ros']
[0.325s] Level 1:colcon.colcon_core.package_identification:_identify(.) by extension 'ros'
[0.340s] Level 1:colcon.colcon_core.package_identification:_identify(.) by extensions ['cmake', 'python']
[0.340s] Level 1:colcon.colcon_core.package_identification:_identify(.) by extension 'cmake'
[0.340s] Level 1:colcon.colcon_core.package_identification:_identify(.) by extension 'python'
[0.340s] Level 1:colcon.colcon_core.package_identification:_identify(.) by extensions ['python_setup_py']
[0.340s] Level 1:colcon.colcon_core.package_identification:_identify(.) by extension 'python_setup_py'
[0.341s] Level 1:colcon.colcon_core.package_identification:_identify(build) by extensions ['ignore', 'ignore_ament_install']
[0.341s] Level 1:colcon.colcon_core.package_identification:_identify(build) by extension 'ignore'
[0.341s] Level 1:colcon.colcon_core.package_identification:_identify(build) ignored
[0.341s] Level 1:colcon.colcon_core.package_identification:_identify(install) by extensions ['ignore', 'ignore_ament_install']
[0.341s] Level 1:colcon.colcon_core.package_identification:_identify(install) by extension 'ignore'
[0.341s] Level 1:colcon.colcon_core.package_identification:_identify(install) ignored
[0.341s] Level 1:colcon.colcon_core.package_identification:_identify(log) by extensions ['ignore', 'ignore_ament_install']
[0.342s] Level 1:colcon.colcon_core.package_identification:_identify(log) by extension 'ignore'
[0.342s] Level 1:colcon.colcon_core.package_identification:_identify(log) ignored
[0.342s] Level 1:colcon.colcon_core.package_identification:_identify(src) by extensions ['ignore', 'ignore_ament_install']
[0.342s] Level 1:colcon.colcon_core.package_identification:_identify(src) by extension 'ignore'
[0.342s] Level 1:colcon.colcon_core.package_identification:_identify(src) by extension 'ignore_ament_install'
[0.342s] Level 1:colcon.colcon_core.package_identification:_identify(src) by extensions ['colcon_pkg']
[0.342s] Level 1:colcon.colcon_core.package_identification:_identify(src) by extension 'colcon_pkg'
[0.342s] Level 1:colcon.colcon_core.package_identification:_identify(src) by extensions ['colcon_meta']
[0.342s] Level 1:colcon.colcon_core.package_identification:_identify(src) by extension 'colcon_meta'
[0.342s] Level 1:colcon.colcon_core.package_identification:_identify(src) by extensions ['ros']
[0.342s] Level 1:colcon.colcon_core.package_identification:_identify(src) by extension 'ros'
[0.342s] Level 1:colcon.colcon_core.package_identification:_identify(src) by extensions ['cmake', 'python']
[0.342s] Level 1:colcon.colcon_core.package_identification:_identify(src) by extension 'cmake'
[0.342s] Level 1:colcon.colcon_core.package_identification:_identify(src) by extension 'python'
[0.342s] Level 1:colcon.colcon_core.package_identification:_identify(src) by extensions ['python_setup_py']
[0.342s] Level 1:colcon.colcon_core.package_identification:_identify(src) by extension 'python_setup_py'
[0.342s] Level 1:colcon.colcon_core.package_identification:_identify(src/ROS2_PX4_Offboard_Example) by extensions ['ignore', 'ignore_ament_install']
[0.342s] Level 1:colcon.colcon_core.package_identification:_identify(src/ROS2_PX4_Offboard_Example) by extension 'ignore'
[0.342s] Level 1:colcon.colcon_core.package_identification:_identify(src/ROS2_PX4_Offboard_Example) by extension 'ignore_ament_install'
[0.343s] Level 1:colcon.colcon_core.package_identification:_identify(src/ROS2_PX4_Offboard_Example) by extensions ['colcon_pkg']
[0.343s] Level 1:colcon.colcon_core.package_identification:_identify(src/ROS2_PX4_Offboard_Example) by extension 'colcon_pkg'
[0.343s] Level 1:colcon.colcon_core.package_identification:_identify(src/ROS2_PX4_Offboard_Example) by extensions ['colcon_meta']
[0.343s] Level 1:colcon.colcon_core.package_identification:_identify(src/ROS2_PX4_Offboard_Example) by extension 'colcon_meta'
[0.343s] Level 1:colcon.colcon_core.package_identification:_identify(src/ROS2_PX4_Offboard_Example) by extensions ['ros']
[0.343s] Level 1:colcon.colcon_core.package_identification:_identify(src/ROS2_PX4_Offboard_Example) by extension 'ros'
[0.343s] Level 1:colcon.colcon_core.package_identification:_identify(src/ROS2_PX4_Offboard_Example) by extensions ['cmake', 'python']
[0.343s] Level 1:colcon.colcon_core.package_identification:_identify(src/ROS2_PX4_Offboard_Example) by extension 'cmake'
[0.343s] Level 1:colcon.colcon_core.package_identification:_identify(src/ROS2_PX4_Offboard_Example) by extension 'python'
[0.343s] Level 1:colcon.colcon_core.package_identification:_identify(src/ROS2_PX4_Offboard_Example) by extensions ['python_setup_py']
[0.343s] Level 1:colcon.colcon_core.package_identification:_identify(src/ROS2_PX4_Offboard_Example) by extension 'python_setup_py'
[0.343s] Level 1:colcon.colcon_core.package_identification:_identify(src/ROS2_PX4_Offboard_Example/px4_offboard) by extensions ['ignore', 'ignore_ament_install']
[0.343s] Level 1:colcon.colcon_core.package_identification:_identify(src/ROS2_PX4_Offboard_Example/px4_offboard) by extension 'ignore'
[0.343s] Level 1:colcon.colcon_core.package_identification:_identify(src/ROS2_PX4_Offboard_Example/px4_offboard) by extension 'ignore_ament_install'
[0.343s] Level 1:colcon.colcon_core.package_identification:_identify(src/ROS2_PX4_Offboard_Example/px4_offboard) by extensions ['colcon_pkg']
[0.343s] Level 1:colcon.colcon_core.package_identification:_identify(src/ROS2_PX4_Offboard_Example/px4_offboard) by extension 'colcon_pkg'
[0.343s] Level 1:colcon.colcon_core.package_identification:_identify(src/ROS2_PX4_Offboard_Example/px4_offboard) by extensions ['colcon_meta']
[0.343s] Level 1:colcon.colcon_core.package_identification:_identify(src/ROS2_PX4_Offboard_Example/px4_offboard) by extension 'colcon_meta'
[0.343s] Level 1:colcon.colcon_core.package_identification:_identify(src/ROS2_PX4_Offboard_Example/px4_offboard) by extensions ['ros']
[0.343s] Level 1:colcon.colcon_core.package_identification:_identify(src/ROS2_PX4_Offboard_Example/px4_offboard) by extension 'ros'
[0.346s] DEBUG:colcon.colcon_core.package_identification:Package 'src/ROS2_PX4_Offboard_Example/px4_offboard' with type 'ros.ament_python' and name 'px4_offboard'
[0.346s] Level 1:colcon.colcon_core.package_identification:_identify(src/build) by extensions ['ignore', 'ignore_ament_install']
[0.346s] Level 1:colcon.colcon_core.package_identification:_identify(src/build) by extension 'ignore'
[0.346s] Level 1:colcon.colcon_core.package_identification:_identify(src/build) ignored
[0.346s] Level 1:colcon.colcon_core.package_identification:_identify(src/install) by extensions ['ignore', 'ignore_ament_install']
[0.346s] Level 1:colcon.colcon_core.package_identification:_identify(src/install) by extension 'ignore'
[0.346s] Level 1:colcon.colcon_core.package_identification:_identify(src/install) ignored
[0.346s] Level 1:colcon.colcon_core.package_identification:_identify(src/log) by extensions ['ignore', 'ignore_ament_install']
[0.347s] Level 1:colcon.colcon_core.package_identification:_identify(src/log) by extension 'ignore'
[0.347s] Level 1:colcon.colcon_core.package_identification:_identify(src/log) ignored
[0.347s] Level 1:colcon.colcon_core.package_identification:_identify(src/px4_msgs) by extensions ['ignore', 'ignore_ament_install']
[0.347s] Level 1:colcon.colcon_core.package_identification:_identify(src/px4_msgs) by extension 'ignore'
[0.347s] Level 1:colcon.colcon_core.package_identification:_identify(src/px4_msgs) by extension 'ignore_ament_install'
[0.347s] Level 1:colcon.colcon_core.package_identification:_identify(src/px4_msgs) by extensions ['colcon_pkg']
[0.347s] Level 1:colcon.colcon_core.package_identification:_identify(src/px4_msgs) by extension 'colcon_pkg'
[0.347s] Level 1:colcon.colcon_core.package_identification:_identify(src/px4_msgs) by extensions ['colcon_meta']
[0.347s] Level 1:colcon.colcon_core.package_identification:_identify(src/px4_msgs) by extension 'colcon_meta'
[0.347s] Level 1:colcon.colcon_core.package_identification:_identify(src/px4_msgs) by extensions ['ros']
[0.347s] Level 1:colcon.colcon_core.package_identification:_identify(src/px4_msgs) by extension 'ros'
[0.348s] DEBUG:colcon.colcon_core.package_identification:Package 'src/px4_msgs' with type 'ros.ament_cmake' and name 'px4_msgs'
[0.348s] Level 1:colcon.colcon_core.package_identification:_identify(src/px4_ros_com) by extensions ['ignore', 'ignore_ament_install']
[0.348s] Level 1:colcon.colcon_core.package_identification:_identify(src/px4_ros_com) by extension 'ignore'
[0.348s] Level 1:colcon.colcon_core.package_identification:_identify(src/px4_ros_com) by extension 'ignore_ament_install'
[0.348s] Level 1:colcon.colcon_core.package_identification:_identify(src/px4_ros_com) by extensions ['colcon_pkg']
[0.348s] Level 1:colcon.colcon_core.package_identification:_identify(src/px4_ros_com) by extension 'colcon_pkg'
[0.348s] Level 1:colcon.colcon_core.package_identification:_identify(src/px4_ros_com) by extensions ['colcon_meta']
[0.348s] Level 1:colcon.colcon_core.package_identification:_identify(src/px4_ros_com) by extension 'colcon_meta'
[0.348s] Level 1:colcon.colcon_core.package_identification:_identify(src/px4_ros_com) by extensions ['ros']
[0.348s] Level 1:colcon.colcon_core.package_identification:_identify(src/px4_ros_com) by extension 'ros'
[0.349s] DEBUG:colcon.colcon_core.package_identification:Package 'src/px4_ros_com' with type 'ros.ament_cmake' and name 'px4_ros_com'
[0.349s] Level 1:colcon.colcon_core.package_identification:_identify(src/x500_bridge) by extensions ['ignore', 'ignore_ament_install']
[0.350s] Level 1:colcon.colcon_core.package_identification:_identify(src/x500_bridge) by extension 'ignore'
[0.350s] Level 1:colcon.colcon_core.package_identification:_identify(src/x500_bridge) by extension 'ignore_ament_install'
[0.350s] Level 1:colcon.colcon_core.package_identification:_identify(src/x500_bridge) by extensions ['colcon_pkg']
[0.350s] Level 1:colcon.colcon_core.package_identification:_identify(src/x500_bridge) by extension 'colcon_pkg'
[0.350s] Level 1:colcon.colcon_core.package_identification:_identify(src/x500_bridge) by extensions ['colcon_meta']
[0.350s] Level 1:colcon.colcon_core.package_identification:_identify(src/x500_bridge) by extension 'colcon_meta'
[0.350s] Level 1:colcon.colcon_core.package_identification:_identify(src/x500_bridge) by extensions ['ros']
[0.350s] Level 1:colcon.colcon_core.package_identification:_identify(src/x500_bridge) by extension 'ros'
[0.351s] DEBUG:colcon.colcon_core.package_identification:Package 'src/x500_bridge' with type 'ros.ament_python' and name 'x500_bridge'
[0.351s] Level 1:colcon.colcon_core.package_identification:_identify(src/x500_navigation) by extensions ['ignore', 'ignore_ament_install']
[0.351s] Level 1:colcon.colcon_core.package_identification:_identify(src/x500_navigation) by extension 'ignore'
[0.351s] Level 1:colcon.colcon_core.package_identification:_identify(src/x500_navigation) by extension 'ignore_ament_install'
[0.351s] Level 1:colcon.colcon_core.package_identification:_identify(src/x500_navigation) by extensions ['colcon_pkg']
[0.351s] Level 1:colcon.colcon_core.package_identification:_identify(src/x500_navigation) by extension 'colcon_pkg'
[0.351s] Level 1:colcon.colcon_core.package_identification:_identify(src/x500_navigation) by extensions ['colcon_meta']
[0.351s] Level 1:colcon.colcon_core.package_identification:_identify(src/x500_navigation) by extension 'colcon_meta'
[0.351s] Level 1:colcon.colcon_core.package_identification:_identify(src/x500_navigation) by extensions ['ros']
[0.351s] Level 1:colcon.colcon_core.package_identification:_identify(src/x500_navigation) by extension 'ros'
[0.352s] DEBUG:colcon.colcon_core.package_identification:Package 'src/x500_navigation' with type 'ros.ament_python' and name 'x500_navigation'
[0.352s] Level 1:colcon.colcon_core.package_discovery:discover_packages(recursive) using defaults
[0.352s] Level 1:colcon.colcon_core.package_discovery:discover_packages(ignore) discover
[0.352s] Level 1:colcon.colcon_core.package_discovery:discover_packages(ignore) using defaults
[0.352s] Level 1:colcon.colcon_core.package_discovery:discover_packages(path) discover
[0.352s] Level 1:colcon.colcon_core.package_discovery:discover_packages(path) using defaults
[0.374s] Level 1:colcon.colcon_core.package_discovery:discover_packages(prefix_path) check parameters
[0.374s] Level 1:colcon.colcon_core.package_discovery:discover_packages(prefix_path) discover
[0.375s] DEBUG:colcon.colcon_installed_package_information.package_discovery:Found 6 installed packages in /home/imamalghifary/ws_sensor_combined/install
[0.377s] DEBUG:colcon.colcon_installed_package_information.package_discovery:Found 372 installed packages in /opt/ros/humble
[0.378s] Level 1:colcon.colcon_core.package_discovery:discover_packages(prefix_path) using defaults
[0.415s] Level 5:colcon.colcon_core.verb:set package 'px4_msgs' build argument 'cmake_args' from command line to 'None'
[0.415s] Level 5:colcon.colcon_core.verb:set package 'px4_msgs' build argument 'cmake_target' from command line to 'None'
[0.415s] Level 5:colcon.colcon_core.verb:set package 'px4_msgs' build argument 'cmake_target_skip_unavailable' from command line to 'False'
[0.415s] Level 5:colcon.colcon_core.verb:set package 'px4_msgs' build argument 'cmake_clean_cache' from command line to 'False'
[0.415s] Level 5:colcon.colcon_core.verb:set package 'px4_msgs' build argument 'cmake_clean_first' from command line to 'False'
[0.415s] Level 5:colcon.colcon_core.verb:set package 'px4_msgs' build argument 'cmake_force_configure' from command line to 'False'
[0.415s] Level 5:colcon.colcon_core.verb:set package 'px4_msgs' build argument 'ament_cmake_args' from command line to 'None'
[0.415s] Level 5:colcon.colcon_core.verb:set package 'px4_msgs' build argument 'catkin_cmake_args' from command line to 'None'
[0.415s] Level 5:colcon.colcon_core.verb:set package 'px4_msgs' build argument 'catkin_skip_building_tests' from command line to 'False'
[0.415s] DEBUG:colcon.colcon_core.verb:Building package 'px4_msgs' with the following arguments: {'ament_cmake_args': None, 'build_base': '/home/imamalghifary/ws_sensor_combined/build/px4_msgs', 'catkin_cmake_args': None, 'catkin_skip_building_tests': False, 'cmake_args': None, 'cmake_clean_cache': False, 'cmake_clean_first': False, 'cmake_force_configure': False, 'cmake_target': None, 'cmake_target_skip_unavailable': False, 'install_base': '/home/imamalghifary/ws_sensor_combined/install/px4_msgs', 'merge_install': False, 'path': '/home/imamalghifary/ws_sensor_combined/src/px4_msgs', 'symlink_install': False, 'test_result_base': None}
[0.415s] Level 5:colcon.colcon_core.verb:set package 'x500_navigation' build argument 'cmake_args' from command line to 'None'
[0.415s] Level 5:colcon.colcon_core.verb:set package 'x500_navigation' build argument 'cmake_target' from command line to 'None'
[0.415s] Level 5:colcon.colcon_core.verb:set package 'x500_navigation' build argument 'cmake_target_skip_unavailable' from command line to 'False'
[0.415s] Level 5:colcon.colcon_core.verb:set package 'x500_navigation' build argument 'cmake_clean_cache' from command line to 'False'
[0.415s] Level 5:colcon.colcon_core.verb:set package 'x500_navigation' build argument 'cmake_clean_first' from command line to 'False'
[0.415s] Level 5:colcon.colcon_core.verb:set package 'x500_navigation' build argument 'cmake_force_configure' from command line to 'False'
[0.415s] Level 5:colcon.colcon_core.verb:set package 'x500_navigation' build argument 'ament_cmake_args' from command line to 'None'
[0.415s] Level 5:colcon.colcon_core.verb:set package 'x500_navigation' build argument 'catkin_cmake_args' from command line to 'None'
[0.415s] Level 5:colcon.colcon_core.verb:set package 'x500_navigation' build argument 'catkin_skip_building_tests' from command line to 'False'
[0.415s] DEBUG:colcon.colcon_core.verb:Building package 'x500_navigation' with the following arguments: {'ament_cmake_args': None, 'build_base': '/home/imamalghifary/ws_sensor_combined/build/x500_navigation', 'catkin_cmake_args': None, 'catkin_skip_building_tests': False, 'cmake_args': None, 'cmake_clean_cache': False, 'cmake_clean_first': False, 'cmake_force_configure': False, 'cmake_target': None, 'cmake_target_skip_unavailable': False, 'install_base': '/home/imamalghifary/ws_sensor_combined/install/x500_navigation', 'merge_install': False, 'path': '/home/imamalghifary/ws_sensor_combined/src/x500_navigation', 'symlink_install': False, 'test_result_base': None}
[0.416s] Level 5:colcon.colcon_core.verb:set package 'px4_offboard' build argument 'cmake_args' from command line to 'None'
[0.416s] Level 5:colcon.colcon_core.verb:set package 'px4_offboard' build argument 'cmake_target' from command line to 'None'
[0.416s] Level 5:colcon.colcon_core.verb:set package 'px4_offboard' build argument 'cmake_target_skip_unavailable' from command line to 'False'
[0.416s] Level 5:colcon.colcon_core.verb:set package 'px4_offboard' build argument 'cmake_clean_cache' from command line to 'False'
[0.416s] Level 5:colcon.colcon_core.verb:set package 'px4_offboard' build argument 'cmake_clean_first' from command line to 'False'
[0.416s] Level 5:colcon.colcon_core.verb:set package 'px4_offboard' build argument 'cmake_force_configure' from command line to 'False'
[0.416s] Level 5:colcon.colcon_core.verb:set package 'px4_offboard' build argument 'ament_cmake_args' from command line to 'None'
[0.416s] Level 5:colcon.colcon_core.verb:set package 'px4_offboard' build argument 'catkin_cmake_args' from command line to 'None'
[0.416s] Level 5:colcon.colcon_core.verb:set package 'px4_offboard' build argument 'catkin_skip_building_tests' from command line to 'False'
[0.416s] DEBUG:colcon.colcon_core.verb:Building package 'px4_offboard' with the following arguments: {'ament_cmake_args': None, 'build_base': '/home/imamalghifary/ws_sensor_combined/build/px4_offboard', 'catkin_cmake_args': None, 'catkin_skip_building_tests': False, 'cmake_args': None, 'cmake_clean_cache': False, 'cmake_clean_first': False, 'cmake_force_configure': False, 'cmake_target': None, 'cmake_target_skip_unavailable': False, 'install_base': '/home/imamalghifary/ws_sensor_combined/install/px4_offboard', 'merge_install': False, 'path': '/home/imamalghifary/ws_sensor_combined/src/ROS2_PX4_Offboard_Example/px4_offboard', 'symlink_install': False, 'test_result_base': None}
[0.416s] Level 5:colcon.colcon_core.verb:set package 'px4_ros_com' build argument 'cmake_args' from command line to 'None'
[0.416s] Level 5:colcon.colcon_core.verb:set package 'px4_ros_com' build argument 'cmake_target' from command line to 'None'
[0.416s] Level 5:colcon.colcon_core.verb:set package 'px4_ros_com' build argument 'cmake_target_skip_unavailable' from command line to 'False'
[0.416s] Level 5:colcon.colcon_core.verb:set package 'px4_ros_com' build argument 'cmake_clean_cache' from command line to 'False'
[0.416s] Level 5:colcon.colcon_core.verb:set package 'px4_ros_com' build argument 'cmake_clean_first' from command line to 'False'
[0.416s] Level 5:colcon.colcon_core.verb:set package 'px4_ros_com' build argument 'cmake_force_configure' from command line to 'False'
[0.416s] Level 5:colcon.colcon_core.verb:set package 'px4_ros_com' build argument 'ament_cmake_args' from command line to 'None'
[0.416s] Level 5:colcon.colcon_core.verb:set package 'px4_ros_com' build argument 'catkin_cmake_args' from command line to 'None'
[0.416s] Level 5:colcon.colcon_core.verb:set package 'px4_ros_com' build argument 'catkin_skip_building_tests' from command line to 'False'
[0.416s] DEBUG:colcon.colcon_core.verb:Building package 'px4_ros_com' with the following arguments: {'ament_cmake_args': None, 'build_base': '/home/imamalghifary/ws_sensor_combined/build/px4_ros_com', 'catkin_cmake_args': None, 'catkin_skip_building_tests': False, 'cmake_args': None, 'cmake_clean_cache': False, 'cmake_clean_first': False, 'cmake_force_configure': False, 'cmake_target': None, 'cmake_target_skip_unavailable': False, 'install_base': '/home/imamalghifary/ws_sensor_combined/install/px4_ros_com', 'merge_install': False, 'path': '/home/imamalghifary/ws_sensor_combined/src/px4_ros_com', 'symlink_install': False, 'test_result_base': None}
[0.416s] Level 5:colcon.colcon_core.verb:set package 'x500_bridge' build argument 'cmake_args' from command line to 'None'
[0.416s] Level 5:colcon.colcon_core.verb:set package 'x500_bridge' build argument 'cmake_target' from command line to 'None'
[0.416s] Level 5:colcon.colcon_core.verb:set package 'x500_bridge' build argument 'cmake_target_skip_unavailable' from command line to 'False'
[0.416s] Level 5:colcon.colcon_core.verb:set package 'x500_bridge' build argument 'cmake_clean_cache' from command line to 'False'
[0.416s] Level 5:colcon.colcon_core.verb:set package 'x500_bridge' build argument 'cmake_clean_first' from command line to 'False'
[0.416s] Level 5:colcon.colcon_core.verb:set package 'x500_bridge' build argument 'cmake_force_configure' from command line to 'False'
[0.417s] Level 5:colcon.colcon_core.verb:set package 'x500_bridge' build argument 'ament_cmake_args' from command line to 'None'
[0.417s] Level 5:colcon.colcon_core.verb:set package 'x500_bridge' build argument 'catkin_cmake_args' from command line to 'None'
[0.417s] Level 5:colcon.colcon_core.verb:set package 'x500_bridge' build argument 'catkin_skip_building_tests' from command line to 'False'
[0.417s] DEBUG:colcon.colcon_core.verb:Building package 'x500_bridge' with the following arguments: {'ament_cmake_args': None, 'build_base': '/home/imamalghifary/ws_sensor_combined/build/x500_bridge', 'catkin_cmake_args': None, 'catkin_skip_building_tests': False, 'cmake_args': None, 'cmake_clean_cache': False, 'cmake_clean_first': False, 'cmake_force_configure': False, 'cmake_target': None, 'cmake_target_skip_unavailable': False, 'install_base': '/home/imamalghifary/ws_sensor_combined/install/x500_bridge', 'merge_install': False, 'path': '/home/imamalghifary/ws_sensor_combined/src/x500_bridge', 'symlink_install': False, 'test_result_base': None}
[0.417s] INFO:colcon.colcon_core.executor:Executing jobs using 'parallel' executor
[0.418s] DEBUG:colcon.colcon_parallel_executor.executor.parallel:run_until_complete
[0.418s] INFO:colcon.colcon_ros.task.ament_cmake.build:Building ROS package in '/home/imamalghifary/ws_sensor_combined/src/px4_msgs' with build type 'ament_cmake'
[0.418s] INFO:colcon.colcon_cmake.task.cmake.build:Building CMake package in '/home/imamalghifary/ws_sensor_combined/src/px4_msgs'
[0.420s] INFO:colcon.colcon_core.plugin_system:Skipping extension 'colcon_core.shell.bat': Not used on non-Windows systems
[0.420s] INFO:colcon.colcon_core.shell:Skip shell extension 'powershell' for command environment: Not usable outside of PowerShell
[0.420s] DEBUG:colcon.colcon_core.shell:Skip shell extension 'dsv' for command environment
[0.424s] INFO:colcon.colcon_ros.task.ament_python.build:Building ROS package in '/home/imamalghifary/ws_sensor_combined/src/x500_navigation' with build type 'ament_python'
[0.424s] Level 1:colcon.colcon_core.shell:create_environment_hook('x500_navigation', 'ament_prefix_path')
[0.424s] INFO:colcon.colcon_core.shell:Creating environment hook '/home/imamalghifary/ws_sensor_combined/install/x500_navigation/share/x500_navigation/hook/ament_prefix_path.ps1'
[0.425s] INFO:colcon.colcon_core.shell:Creating environment descriptor '/home/imamalghifary/ws_sensor_combined/install/x500_navigation/share/x500_navigation/hook/ament_prefix_path.dsv'
[0.425s] INFO:colcon.colcon_core.shell:Creating environment hook '/home/imamalghifary/ws_sensor_combined/install/x500_navigation/share/x500_navigation/hook/ament_prefix_path.sh'
[0.426s] INFO:colcon.colcon_core.shell:Skip shell extension 'powershell' for command environment: Not usable outside of PowerShell
[0.426s] DEBUG:colcon.colcon_core.shell:Skip shell extension 'dsv' for command environment
[0.434s] DEBUG:colcon.colcon_core.event_handler.log_command:Invoking command in '/home/imamalghifary/ws_sensor_combined/build/px4_msgs': CMAKE_PREFIX_PATH=${CMAKE_PREFIX_PATH}:/home/imamalghifary/ws_sensor_combined/install/x500_navigation:/home/imamalghifary/ws_sensor_combined/install/x500_bridge:/home/imamalghifary/ws_sensor_combined/install/px4_offboard:/opt/ros/humble /usr/bin/cmake --build /home/imamalghifary/ws_sensor_combined/build/px4_msgs -- -j22 -l22
[0.818s] INFO:colcon.colcon_core.task.python.build:Building Python package in '/home/imamalghifary/ws_sensor_combined/src/x500_navigation'
[0.818s] INFO:colcon.colcon_core.shell:Skip shell extension 'powershell' for command environment: Not usable outside of PowerShell
[0.818s] DEBUG:colcon.colcon_core.shell:Skip shell extension 'dsv' for command environment
[1.574s] DEBUG:colcon.colcon_core.event_handler.log_command:Invoked command in '/home/imamalghifary/ws_sensor_combined/build/px4_msgs' returned '0': CMAKE_PREFIX_PATH=${CMAKE_PREFIX_PATH}:/home/imamalghifary/ws_sensor_combined/install/x500_navigation:/home/imamalghifary/ws_sensor_combined/install/x500_bridge:/home/imamalghifary/ws_sensor_combined/install/px4_offboard:/opt/ros/humble /usr/bin/cmake --build /home/imamalghifary/ws_sensor_combined/build/px4_msgs -- -j22 -l22
[1.588s] DEBUG:colcon.colcon_core.event_handler.log_command:Invoking command in '/home/imamalghifary/ws_sensor_combined/build/px4_msgs': CMAKE_PREFIX_PATH=${CMAKE_PREFIX_PATH}:/home/imamalghifary/ws_sensor_combined/install/x500_navigation:/home/imamalghifary/ws_sensor_combined/install/x500_bridge:/home/imamalghifary/ws_sensor_combined/install/px4_offboard:/opt/ros/humble /usr/bin/cmake --install /home/imamalghifary/ws_sensor_combined/build/px4_msgs
[1.592s] DEBUG:colcon.colcon_core.event_handler.log_command:Invoking command in '/home/imamalghifary/ws_sensor_combined/src/x500_navigation': PYTHONPATH=/home/imamalghifary/ws_sensor_combined/build/x500_navigation/prefix_override:/usr/lib/python3/dist-packages/colcon_core/task/python/colcon_distutils_commands:/home/imamalghifary/ws_sensor_combined/install/x500_navigation/lib/python3.10/site-packages:${PYTHONPATH} /usr/bin/python3 -W ignore:setup.py install is deprecated -W ignore:easy_install command is deprecated setup.py egg_info --egg-base ../../build/x500_navigation build --build-base /home/imamalghifary/ws_sensor_combined/build/x500_navigation/build install --record /home/imamalghifary/ws_sensor_combined/build/x500_navigation/install.log --single-version-externally-managed install_data
[2.289s] Level 1:colcon.colcon_core.environment:create_environment_scripts_only(px4_msgs)
[2.290s] DEBUG:colcon.colcon_core.event_handler.log_command:Invoked command in '/home/imamalghifary/ws_sensor_combined/build/px4_msgs' returned '0': CMAKE_PREFIX_PATH=${CMAKE_PREFIX_PATH}:/home/imamalghifary/ws_sensor_combined/install/x500_navigation:/home/imamalghifary/ws_sensor_combined/install/x500_bridge:/home/imamalghifary/ws_sensor_combined/install/px4_offboard:/opt/ros/humble /usr/bin/cmake --install /home/imamalghifary/ws_sensor_combined/build/px4_msgs
[2.295s] Level 1:colcon.colcon_core.environment:checking '/home/imamalghifary/ws_sensor_combined/install/px4_msgs' for CMake module files
[2.297s] Level 1:colcon.colcon_core.environment:checking '/home/imamalghifary/ws_sensor_combined/install/px4_msgs' for CMake config files
[2.297s] Level 1:colcon.colcon_core.shell:create_environment_hook('px4_msgs', 'cmake_prefix_path')
[2.298s] INFO:colcon.colcon_core.shell:Creating environment hook '/home/imamalghifary/ws_sensor_combined/install/px4_msgs/share/px4_msgs/hook/cmake_prefix_path.ps1'
[2.299s] INFO:colcon.colcon_core.shell:Creating environment descriptor '/home/imamalghifary/ws_sensor_combined/install/px4_msgs/share/px4_msgs/hook/cmake_prefix_path.dsv'
[2.300s] INFO:colcon.colcon_core.shell:Creating environment hook '/home/imamalghifary/ws_sensor_combined/install/px4_msgs/share/px4_msgs/hook/cmake_prefix_path.sh'
[2.301s] Level 1:colcon.colcon_core.environment:checking '/home/imamalghifary/ws_sensor_combined/install/px4_msgs/lib'
[2.302s] Level 1:colcon.colcon_core.shell:create_environment_hook('px4_msgs', 'ld_library_path_lib')
[2.303s] INFO:colcon.colcon_core.shell:Creating environment hook '/home/imamalghifary/ws_sensor_combined/install/px4_msgs/share/px4_msgs/hook/ld_library_path_lib.ps1'
[2.303s] INFO:colcon.colcon_core.shell:Creating environment descriptor '/home/imamalghifary/ws_sensor_combined/install/px4_msgs/share/px4_msgs/hook/ld_library_path_lib.dsv'
[2.304s] INFO:colcon.colcon_core.shell:Creating environment hook '/home/imamalghifary/ws_sensor_combined/install/px4_msgs/share/px4_msgs/hook/ld_library_path_lib.sh'
[2.305s] Level 1:colcon.colcon_core.environment:checking '/home/imamalghifary/ws_sensor_combined/install/px4_msgs/bin'
[2.305s] Level 1:colcon.colcon_core.environment:checking '/home/imamalghifary/ws_sensor_combined/install/px4_msgs/lib/pkgconfig/px4_msgs.pc'
[2.306s] Level 1:colcon.colcon_core.environment:checking '/home/imamalghifary/ws_sensor_combined/install/px4_msgs/lib/python3.10/site-packages'
[2.306s] Level 1:colcon.colcon_core.environment:checking '/home/imamalghifary/ws_sensor_combined/install/px4_msgs/bin'
[2.307s] INFO:colcon.colcon_core.shell:Creating package script '/home/imamalghifary/ws_sensor_combined/install/px4_msgs/share/px4_msgs/package.ps1'
[2.308s] INFO:colcon.colcon_core.shell:Creating package descriptor '/home/imamalghifary/ws_sensor_combined/install/px4_msgs/share/px4_msgs/package.dsv'
[2.310s] INFO:colcon.colcon_core.shell:Creating package script '/home/imamalghifary/ws_sensor_combined/install/px4_msgs/share/px4_msgs/package.sh'
[2.311s] INFO:colcon.colcon_core.shell:Creating package script '/home/imamalghifary/ws_sensor_combined/install/px4_msgs/share/px4_msgs/package.bash'
[2.313s] INFO:colcon.colcon_core.shell:Creating package script '/home/imamalghifary/ws_sensor_combined/install/px4_msgs/share/px4_msgs/package.zsh'
[2.314s] Level 1:colcon.colcon_core.environment:create_file_with_runtime_dependencies(/home/imamalghifary/ws_sensor_combined/install/px4_msgs/share/colcon-core/packages/px4_msgs)
[2.316s] Level 1:colcon.colcon_core.environment:create_environment_scripts_only(px4_msgs)
[2.316s] Level 1:colcon.colcon_core.environment:checking '/home/imamalghifary/ws_sensor_combined/install/px4_msgs' for CMake module files
[2.318s] Level 1:colcon.colcon_core.environment:checking '/home/imamalghifary/ws_sensor_combined/install/px4_msgs' for CMake config files
[2.318s] Level 1:colcon.colcon_core.shell:create_environment_hook('px4_msgs', 'cmake_prefix_path')
[2.319s] INFO:colcon.colcon_core.shell:Creating environment hook '/home/imamalghifary/ws_sensor_combined/install/px4_msgs/share/px4_msgs/hook/cmake_prefix_path.ps1'
[2.320s] INFO:colcon.colcon_core.shell:Creating environment descriptor '/home/imamalghifary/ws_sensor_combined/install/px4_msgs/share/px4_msgs/hook/cmake_prefix_path.dsv'
[2.321s] INFO:colcon.colcon_core.shell:Creating environment hook '/home/imamalghifary/ws_sensor_combined/install/px4_msgs/share/px4_msgs/hook/cmake_prefix_path.sh'
[2.322s] Level 1:colcon.colcon_core.environment:checking '/home/imamalghifary/ws_sensor_combined/install/px4_msgs/lib'
[2.322s] Level 1:colcon.colcon_core.shell:create_environment_hook('px4_msgs', 'ld_library_path_lib')
[2.323s] INFO:colcon.colcon_core.shell:Creating environment hook '/home/imamalghifary/ws_sensor_combined/install/px4_msgs/share/px4_msgs/hook/ld_library_path_lib.ps1'
[2.324s] INFO:colcon.colcon_core.shell:Creating environment descriptor '/home/imamalghifary/ws_sensor_combined/install/px4_msgs/share/px4_msgs/hook/ld_library_path_lib.dsv'
[2.324s] INFO:colcon.colcon_core.shell:Creating environment hook '/home/imamalghifary/ws_sensor_combined/install/px4_msgs/share/px4_msgs/hook/ld_library_path_lib.sh'
[2.325s] Level 1:colcon.colcon_core.environment:checking '/home/imamalghifary/ws_sensor_combined/install/px4_msgs/bin'
[2.325s] Level 1:colcon.colcon_core.environment:checking '/home/imamalghifary/ws_sensor_combined/install/px4_msgs/lib/pkgconfig/px4_msgs.pc'
[2.326s] Level 1:colcon.colcon_core.environment:checking '/home/imamalghifary/ws_sensor_combined/install/px4_msgs/lib/python3.10/site-packages'
[2.326s] Level 1:colcon.colcon_core.environment:checking '/home/imamalghifary/ws_sensor_combined/install/px4_msgs/bin'
[2.327s] INFO:colcon.colcon_core.shell:Creating package script '/home/imamalghifary/ws_sensor_combined/install/px4_msgs/share/px4_msgs/package.ps1'
[2.328s] INFO:colcon.colcon_core.shell:Creating package descriptor '/home/imamalghifary/ws_sensor_combined/install/px4_msgs/share/px4_msgs/package.dsv'
[2.329s] INFO:colcon.colcon_core.shell:Creating package script '/home/imamalghifary/ws_sensor_combined/install/px4_msgs/share/px4_msgs/package.sh'
[2.330s] INFO:colcon.colcon_core.shell:Creating package script '/home/imamalghifary/ws_sensor_combined/install/px4_msgs/share/px4_msgs/package.bash'
[2.331s] INFO:colcon.colcon_core.shell:Creating package script '/home/imamalghifary/ws_sensor_combined/install/px4_msgs/share/px4_msgs/package.zsh'
[2.332s] Level 1:colcon.colcon_core.environment:create_file_with_runtime_dependencies(/home/imamalghifary/ws_sensor_combined/install/px4_msgs/share/colcon-core/packages/px4_msgs)
[2.333s] INFO:colcon.colcon_ros.task.ament_python.build:Building ROS package in '/home/imamalghifary/ws_sensor_combined/src/ROS2_PX4_Offboard_Example/px4_offboard' with build type 'ament_python'
[2.333s] Level 1:colcon.colcon_core.shell:create_environment_hook('px4_offboard', 'ament_prefix_path')
[2.334s] INFO:colcon.colcon_core.shell:Creating environment hook '/home/imamalghifary/ws_sensor_combined/install/px4_offboard/share/px4_offboard/hook/ament_prefix_path.ps1'
[2.335s] INFO:colcon.colcon_core.shell:Creating environment descriptor '/home/imamalghifary/ws_sensor_combined/install/px4_offboard/share/px4_offboard/hook/ament_prefix_path.dsv'
[2.336s] INFO:colcon.colcon_core.shell:Creating environment hook '/home/imamalghifary/ws_sensor_combined/install/px4_offboard/share/px4_offboard/hook/ament_prefix_path.sh'
[2.338s] INFO:colcon.colcon_core.shell:Skip shell extension 'powershell' for command environment: Not usable outside of PowerShell
[2.338s] DEBUG:colcon.colcon_core.shell:Skip shell extension 'dsv' for command environment
[2.346s] INFO:colcon.colcon_ros.task.ament_cmake.build:Building ROS package in '/home/imamalghifary/ws_sensor_combined/src/px4_ros_com' with build type 'ament_cmake'
[2.346s] INFO:colcon.colcon_cmake.task.cmake.build:Building CMake package in '/home/imamalghifary/ws_sensor_combined/src/px4_ros_com'
[2.346s] INFO:colcon.colcon_core.shell:Skip shell extension 'powershell' for command environment: Not usable outside of PowerShell
[2.347s] DEBUG:colcon.colcon_core.shell:Skip shell extension 'dsv' for command environment
[2.353s] INFO:colcon.colcon_ros.task.ament_python.build:Building ROS package in '/home/imamalghifary/ws_sensor_combined/src/x500_bridge' with build type 'ament_python'
[2.353s] Level 1:colcon.colcon_core.shell:create_environment_hook('x500_bridge', 'ament_prefix_path')
[2.354s] INFO:colcon.colcon_core.shell:Creating environment hook '/home/imamalghifary/ws_sensor_combined/install/x500_bridge/share/x500_bridge/hook/ament_prefix_path.ps1'
[2.355s] INFO:colcon.colcon_core.shell:Creating environment descriptor '/home/imamalghifary/ws_sensor_combined/install/x500_bridge/share/x500_bridge/hook/ament_prefix_path.dsv'
[2.356s] INFO:colcon.colcon_core.shell:Creating environment hook '/home/imamalghifary/ws_sensor_combined/install/x500_bridge/share/x500_bridge/hook/ament_prefix_path.sh'
[2.358s] INFO:colcon.colcon_core.shell:Skip shell extension 'powershell' for command environment: Not usable outside of PowerShell
[2.358s] DEBUG:colcon.colcon_core.shell:Skip shell extension 'dsv' for command environment
[2.943s] INFO:colcon.colcon_core.task.python.build:Building Python package in '/home/imamalghifary/ws_sensor_combined/src/ROS2_PX4_Offboard_Example/px4_offboard'
[2.943s] INFO:colcon.colcon_core.shell:Skip shell extension 'powershell' for command environment: Not usable outside of PowerShell
[2.943s] DEBUG:colcon.colcon_core.shell:Skip shell extension 'dsv' for command environment
[2.968s] DEBUG:colcon.colcon_core.event_handler.log_command:Invoking command in '/home/imamalghifary/ws_sensor_combined/build/px4_ros_com': CMAKE_PREFIX_PATH=/home/imamalghifary/ws_sensor_combined/install/px4_msgs:/home/imamalghifary/ws_sensor_combined/install/x500_description:/home/imamalghifary/ws_sensor_combined/install/px4_ros_com:/home/imamalghifary/ws_sensor_combined/install/x500_navigation:/home/imamalghifary/ws_sensor_combined/install/x500_bridge:/home/imamalghifary/ws_sensor_combined/install/px4_offboard:/opt/ros/humble LD_LIBRARY_PATH=/home/imamalghifary/ws_sensor_combined/install/px4_msgs/lib:/home/imamalghifary/ws_sensor_combined/install/px4_ros_com/lib:/opt/ros/humble/opt/rviz_ogre_vendor/lib:/opt/ros/humble/lib/x86_64-linux-gnu:/opt/ros/humble/lib /usr/bin/cmake --build /home/imamalghifary/ws_sensor_combined/build/px4_ros_com -- -j22 -l22
[3.524s] INFO:colcon.colcon_core.task.python.build:Building Python package in '/home/imamalghifary/ws_sensor_combined/src/x500_bridge'
[3.525s] INFO:colcon.colcon_core.shell:Skip shell extension 'powershell' for command environment: Not usable outside of PowerShell
[3.525s] DEBUG:colcon.colcon_core.shell:Skip shell extension 'dsv' for command environment
[3.531s] Level 1:colcon.colcon_core.environment:checking '/home/imamalghifary/ws_sensor_combined/install/x500_navigation' for CMake module files
[3.532s] DEBUG:colcon.colcon_core.event_handler.log_command:Invoked command in '/home/imamalghifary/ws_sensor_combined/src/x500_navigation' returned '0': PYTHONPATH=/home/imamalghifary/ws_sensor_combined/build/x500_navigation/prefix_override:/usr/lib/python3/dist-packages/colcon_core/task/python/colcon_distutils_commands:/home/imamalghifary/ws_sensor_combined/install/x500_navigation/lib/python3.10/site-packages:${PYTHONPATH} /usr/bin/python3 -W ignore:setup.py install is deprecated -W ignore:easy_install command is deprecated setup.py egg_info --egg-base ../../build/x500_navigation build --build-base /home/imamalghifary/ws_sensor_combined/build/x500_navigation/build install --record /home/imamalghifary/ws_sensor_combined/build/x500_navigation/install.log --single-version-externally-managed install_data
[3.532s] Level 1:colcon.colcon_core.environment:checking '/home/imamalghifary/ws_sensor_combined/install/x500_navigation' for CMake config files
[3.533s] Level 1:colcon.colcon_core.environment:checking '/home/imamalghifary/ws_sensor_combined/install/x500_navigation/lib'
[3.533s] Level 1:colcon.colcon_core.environment:checking '/home/imamalghifary/ws_sensor_combined/install/x500_navigation/bin'
[3.533s] Level 1:colcon.colcon_core.environment:checking '/home/imamalghifary/ws_sensor_combined/install/x500_navigation/lib/pkgconfig/x500_navigation.pc'
[3.534s] Level 1:colcon.colcon_core.environment:checking '/home/imamalghifary/ws_sensor_combined/install/x500_navigation/lib/python3.10/site-packages'
[3.534s] Level 1:colcon.colcon_core.shell:create_environment_hook('x500_navigation', 'pythonpath')
[3.534s] INFO:colcon.colcon_core.shell:Creating environment hook '/home/imamalghifary/ws_sensor_combined/install/x500_navigation/share/x500_navigation/hook/pythonpath.ps1'
[3.535s] INFO:colcon.colcon_core.shell:Creating environment descriptor '/home/imamalghifary/ws_sensor_combined/install/x500_navigation/share/x500_navigation/hook/pythonpath.dsv'
[3.536s] INFO:colcon.colcon_core.shell:Creating environment hook '/home/imamalghifary/ws_sensor_combined/install/x500_navigation/share/x500_navigation/hook/pythonpath.sh'
[3.537s] Level 1:colcon.colcon_core.environment:checking '/home/imamalghifary/ws_sensor_combined/install/x500_navigation/bin'
[3.537s] Level 1:colcon.colcon_core.environment:create_environment_scripts_only(x500_navigation)
[3.538s] INFO:colcon.colcon_core.shell:Creating package script '/home/imamalghifary/ws_sensor_combined/install/x500_navigation/share/x500_navigation/package.ps1'
[3.539s] INFO:colcon.colcon_core.shell:Creating package descriptor '/home/imamalghifary/ws_sensor_combined/install/x500_navigation/share/x500_navigation/package.dsv'
[3.540s] INFO:colcon.colcon_core.shell:Creating package script '/home/imamalghifary/ws_sensor_combined/install/x500_navigation/share/x500_navigation/package.sh'
[3.541s] INFO:colcon.colcon_core.shell:Creating package script '/home/imamalghifary/ws_sensor_combined/install/x500_navigation/share/x500_navigation/package.bash'
[3.541s] INFO:colcon.colcon_core.shell:Creating package script '/home/imamalghifary/ws_sensor_combined/install/x500_navigation/share/x500_navigation/package.zsh'
[3.542s] Level 1:colcon.colcon_core.environment:create_file_with_runtime_dependencies(/home/imamalghifary/ws_sensor_combined/install/x500_navigation/share/colcon-core/packages/x500_navigation)
[3.763s] DEBUG:colcon.colcon_core.event_handler.log_command:Invoked command in '/home/imamalghifary/ws_sensor_combined/build/px4_ros_com' returned '0': CMAKE_PREFIX_PATH=/home/imamalghifary/ws_sensor_combined/install/px4_msgs:/home/imamalghifary/ws_sensor_combined/install/x500_description:/home/imamalghifary/ws_sensor_combined/install/px4_ros_com:/home/imamalghifary/ws_sensor_combined/install/x500_navigation:/home/imamalghifary/ws_sensor_combined/install/x500_bridge:/home/imamalghifary/ws_sensor_combined/install/px4_offboard:/opt/ros/humble LD_LIBRARY_PATH=/home/imamalghifary/ws_sensor_combined/install/px4_msgs/lib:/home/imamalghifary/ws_sensor_combined/install/px4_ros_com/lib:/opt/ros/humble/opt/rviz_ogre_vendor/lib:/opt/ros/humble/lib/x86_64-linux-gnu:/opt/ros/humble/lib /usr/bin/cmake --build /home/imamalghifary/ws_sensor_combined/build/px4_ros_com -- -j22 -l22
[3.765s] DEBUG:colcon.colcon_core.event_handler.log_command:Invoking command in '/home/imamalghifary/ws_sensor_combined/build/px4_ros_com': CMAKE_PREFIX_PATH=/home/imamalghifary/ws_sensor_combined/install/px4_msgs:/home/imamalghifary/ws_sensor_combined/install/x500_description:/home/imamalghifary/ws_sensor_combined/install/px4_ros_com:/home/imamalghifary/ws_sensor_combined/install/x500_navigation:/home/imamalghifary/ws_sensor_combined/install/x500_bridge:/home/imamalghifary/ws_sensor_combined/install/px4_offboard:/opt/ros/humble LD_LIBRARY_PATH=/home/imamalghifary/ws_sensor_combined/install/px4_msgs/lib:/home/imamalghifary/ws_sensor_combined/install/px4_ros_com/lib:/opt/ros/humble/opt/rviz_ogre_vendor/lib:/opt/ros/humble/lib/x86_64-linux-gnu:/opt/ros/humble/lib /usr/bin/cmake --install /home/imamalghifary/ws_sensor_combined/build/px4_ros_com
[3.859s] Level 1:colcon.colcon_core.environment:create_environment_scripts_only(px4_ros_com)
[3.861s] Level 1:colcon.colcon_core.environment:checking '/home/imamalghifary/ws_sensor_combined/install/px4_ros_com' for CMake module files
[3.861s] DEBUG:colcon.colcon_core.event_handler.log_command:Invoked command in '/home/imamalghifary/ws_sensor_combined/build/px4_ros_com' returned '0': CMAKE_PREFIX_PATH=/home/imamalghifary/ws_sensor_combined/install/px4_msgs:/home/imamalghifary/ws_sensor_combined/install/x500_description:/home/imamalghifary/ws_sensor_combined/install/px4_ros_com:/home/imamalghifary/ws_sensor_combined/install/x500_navigation:/home/imamalghifary/ws_sensor_combined/install/x500_bridge:/home/imamalghifary/ws_sensor_combined/install/px4_offboard:/opt/ros/humble LD_LIBRARY_PATH=/home/imamalghifary/ws_sensor_combined/install/px4_msgs/lib:/home/imamalghifary/ws_sensor_combined/install/px4_ros_com/lib:/opt/ros/humble/opt/rviz_ogre_vendor/lib:/opt/ros/humble/lib/x86_64-linux-gnu:/opt/ros/humble/lib /usr/bin/cmake --install /home/imamalghifary/ws_sensor_combined/build/px4_ros_com
[3.862s] Level 1:colcon.colcon_core.environment:checking '/home/imamalghifary/ws_sensor_combined/install/px4_ros_com' for CMake config files
[3.863s] Level 1:colcon.colcon_core.shell:create_environment_hook('px4_ros_com', 'cmake_prefix_path')
[3.863s] INFO:colcon.colcon_core.shell:Creating environment hook '/home/imamalghifary/ws_sensor_combined/install/px4_ros_com/share/px4_ros_com/hook/cmake_prefix_path.ps1'
[3.879s] INFO:colcon.colcon_core.shell:Creating environment descriptor '/home/imamalghifary/ws_sensor_combined/install/px4_ros_com/share/px4_ros_com/hook/cmake_prefix_path.dsv'
[3.880s] INFO:colcon.colcon_core.shell:Creating environment hook '/home/imamalghifary/ws_sensor_combined/install/px4_ros_com/share/px4_ros_com/hook/cmake_prefix_path.sh'
[3.881s] Level 1:colcon.colcon_core.environment:checking '/home/imamalghifary/ws_sensor_combined/install/px4_ros_com/lib'
[3.881s] Level 1:colcon.colcon_core.shell:create_environment_hook('px4_ros_com', 'ld_library_path_lib')
[3.882s] INFO:colcon.colcon_core.shell:Creating environment hook '/home/imamalghifary/ws_sensor_combined/install/px4_ros_com/share/px4_ros_com/hook/ld_library_path_lib.ps1'
[3.883s] INFO:colcon.colcon_core.shell:Creating environment descriptor '/home/imamalghifary/ws_sensor_combined/install/px4_ros_com/share/px4_ros_com/hook/ld_library_path_lib.dsv'
[3.883s] INFO:colcon.colcon_core.shell:Creating environment hook '/home/imamalghifary/ws_sensor_combined/install/px4_ros_com/share/px4_ros_com/hook/ld_library_path_lib.sh'
[3.884s] Level 1:colcon.colcon_core.environment:checking '/home/imamalghifary/ws_sensor_combined/install/px4_ros_com/bin'
[3.884s] Level 1:colcon.colcon_core.environment:checking '/home/imamalghifary/ws_sensor_combined/install/px4_ros_com/lib/pkgconfig/px4_ros_com.pc'
[3.884s] Level 1:colcon.colcon_core.environment:checking '/home/imamalghifary/ws_sensor_combined/install/px4_ros_com/lib/python3.10/site-packages'
[3.884s] Level 1:colcon.colcon_core.environment:checking '/home/imamalghifary/ws_sensor_combined/install/px4_ros_com/bin'
[3.885s] INFO:colcon.colcon_core.shell:Creating package script '/home/imamalghifary/ws_sensor_combined/install/px4_ros_com/share/px4_ros_com/package.ps1'
[3.886s] INFO:colcon.colcon_core.shell:Creating package descriptor '/home/imamalghifary/ws_sensor_combined/install/px4_ros_com/share/px4_ros_com/package.dsv'
[3.887s] INFO:colcon.colcon_core.shell:Creating package script '/home/imamalghifary/ws_sensor_combined/install/px4_ros_com/share/px4_ros_com/package.sh'
[3.887s] INFO:colcon.colcon_core.shell:Creating package script '/home/imamalghifary/ws_sensor_combined/install/px4_ros_com/share/px4_ros_com/package.bash'
[3.888s] INFO:colcon.colcon_core.shell:Creating package script '/home/imamalghifary/ws_sensor_combined/install/px4_ros_com/share/px4_ros_com/package.zsh'
[3.888s] Level 1:colcon.colcon_core.environment:create_file_with_runtime_dependencies(/home/imamalghifary/ws_sensor_combined/install/px4_ros_com/share/colcon-core/packages/px4_ros_com)
[3.889s] Level 1:colcon.colcon_core.environment:create_environment_scripts_only(px4_ros_com)
[3.890s] Level 1:colcon.colcon_core.environment:checking '/home/imamalghifary/ws_sensor_combined/install/px4_ros_com' for CMake module files
[3.891s] Level 1:colcon.colcon_core.environment:checking '/home/imamalghifary/ws_sensor_combined/install/px4_ros_com' for CMake config files
[3.891s] Level 1:colcon.colcon_core.shell:create_environment_hook('px4_ros_com', 'cmake_prefix_path')
[3.892s] INFO:colcon.colcon_core.shell:Creating environment hook '/home/imamalghifary/ws_sensor_combined/install/px4_ros_com/share/px4_ros_com/hook/cmake_prefix_path.ps1'
[3.893s] INFO:colcon.colcon_core.shell:Creating environment descriptor '/home/imamalghifary/ws_sensor_combined/install/px4_ros_com/share/px4_ros_com/hook/cmake_prefix_path.dsv'
[3.894s] INFO:colcon.colcon_core.shell:Creating environment hook '/home/imamalghifary/ws_sensor_combined/install/px4_ros_com/share/px4_ros_com/hook/cmake_prefix_path.sh'
[3.895s] Level 1:colcon.colcon_core.environment:checking '/home/imamalghifary/ws_sensor_combined/install/px4_ros_com/lib'
[3.895s] Level 1:colcon.colcon_core.shell:create_environment_hook('px4_ros_com', 'ld_library_path_lib')
[3.895s] INFO:colcon.colcon_core.shell:Creating environment hook '/home/imamalghifary/ws_sensor_combined/install/px4_ros_com/share/px4_ros_com/hook/ld_library_path_lib.ps1'
[3.896s] INFO:colcon.colcon_core.shell:Creating environment descriptor '/home/imamalghifary/ws_sensor_combined/install/px4_ros_com/share/px4_ros_com/hook/ld_library_path_lib.dsv'
[3.897s] INFO:colcon.colcon_core.shell:Creating environment hook '/home/imamalghifary/ws_sensor_combined/install/px4_ros_com/share/px4_ros_com/hook/ld_library_path_lib.sh'
[3.898s] Level 1:colcon.colcon_core.environment:checking '/home/imamalghifary/ws_sensor_combined/install/px4_ros_com/bin'
[3.898s] Level 1:colcon.colcon_core.environment:checking '/home/imamalghifary/ws_sensor_combined/install/px4_ros_com/lib/pkgconfig/px4_ros_com.pc'
[3.898s] Level 1:colcon.colcon_core.environment:checking '/home/imamalghifary/ws_sensor_combined/install/px4_ros_com/lib/python3.10/site-packages'
[3.899s] Level 1:colcon.colcon_core.environment:checking '/home/imamalghifary/ws_sensor_combined/install/px4_ros_com/bin'
[3.899s] INFO:colcon.colcon_core.shell:Creating package script '/home/imamalghifary/ws_sensor_combined/install/px4_ros_com/share/px4_ros_com/package.ps1'
[3.900s] INFO:colcon.colcon_core.shell:Creating package descriptor '/home/imamalghifary/ws_sensor_combined/install/px4_ros_com/share/px4_ros_com/package.dsv'
[3.901s] INFO:colcon.colcon_core.shell:Creating package script '/home/imamalghifary/ws_sensor_combined/install/px4_ros_com/share/px4_ros_com/package.sh'
[3.902s] INFO:colcon.colcon_core.shell:Creating package script '/home/imamalghifary/ws_sensor_combined/install/px4_ros_com/share/px4_ros_com/package.bash'
[3.903s] INFO:colcon.colcon_core.shell:Creating package script '/home/imamalghifary/ws_sensor_combined/install/px4_ros_com/share/px4_ros_com/package.zsh'
[3.904s] Level 1:colcon.colcon_core.environment:create_file_with_runtime_dependencies(/home/imamalghifary/ws_sensor_combined/install/px4_ros_com/share/colcon-core/packages/px4_ros_com)
[4.504s] DEBUG:colcon.colcon_core.event_handler.log_command:Invoking command in '/home/imamalghifary/ws_sensor_combined/src/x500_bridge': CMAKE_PREFIX_PATH=/home/imamalghifary/ws_sensor_combined/install/px4_msgs:/home/imamalghifary/ws_sensor_combined/install/x500_description:/home/imamalghifary/ws_sensor_combined/install/px4_ros_com LD_LIBRARY_PATH=/home/imamalghifary/ws_sensor_combined/install/px4_msgs/lib:/home/imamalghifary/ws_sensor_combined/install/px4_ros_com/lib:/opt/ros/humble/opt/rviz_ogre_vendor/lib:/opt/ros/humble/lib/x86_64-linux-gnu:/opt/ros/humble/lib PYTHONPATH=/home/imamalghifary/ws_sensor_combined/build/x500_bridge/prefix_override:/usr/lib/python3/dist-packages/colcon_core/task/python/colcon_distutils_commands:/home/imamalghifary/ws_sensor_combined/install/x500_bridge/lib/python3.10/site-packages:${PYTHONPATH} /usr/bin/python3 -W ignore:setup.py install is deprecated -W ignore:easy_install command is deprecated setup.py egg_info --egg-base ../../build/x500_bridge build --build-base /home/imamalghifary/ws_sensor_combined/build/x500_bridge/build install --record /home/imamalghifary/ws_sensor_combined/build/x500_bridge/install.log --single-version-externally-managed install_data
[4.549s] DEBUG:colcon.colcon_core.event_handler.log_command:Invoking command in '/home/imamalghifary/ws_sensor_combined/src/ROS2_PX4_Offboard_Example/px4_offboard': CMAKE_PREFIX_PATH=/home/imamalghifary/ws_sensor_combined/install/px4_msgs:/home/imamalghifary/ws_sensor_combined/install/x500_description:/home/imamalghifary/ws_sensor_combined/install/px4_ros_com LD_LIBRARY_PATH=/home/imamalghifary/ws_sensor_combined/install/px4_msgs/lib:/home/imamalghifary/ws_sensor_combined/install/px4_ros_com/lib:/opt/ros/humble/opt/rviz_ogre_vendor/lib:/opt/ros/humble/lib/x86_64-linux-gnu:/opt/ros/humble/lib PYTHONPATH=/home/imamalghifary/ws_sensor_combined/build/px4_offboard/prefix_override:/usr/lib/python3/dist-packages/colcon_core/task/python/colcon_distutils_commands:/home/imamalghifary/ws_sensor_combined/install/px4_offboard/lib/python3.10/site-packages:${PYTHONPATH} /usr/bin/python3 -W ignore:setup.py install is deprecated -W ignore:easy_install command is deprecated setup.py egg_info --egg-base ../../../build/px4_offboard build --build-base /home/imamalghifary/ws_sensor_combined/build/px4_offboard/build install --record /home/imamalghifary/ws_sensor_combined/build/px4_offboard/install.log --single-version-externally-managed install_data
[5.485s] Level 1:colcon.colcon_core.environment:checking '/home/imamalghifary/ws_sensor_combined/install/x500_bridge' for CMake module files
[5.486s] DEBUG:colcon.colcon_core.event_handler.log_command:Invoked command in '/home/imamalghifary/ws_sensor_combined/src/x500_bridge' returned '0': CMAKE_PREFIX_PATH=/home/imamalghifary/ws_sensor_combined/install/px4_msgs:/home/imamalghifary/ws_sensor_combined/install/x500_description:/home/imamalghifary/ws_sensor_combined/install/px4_ros_com LD_LIBRARY_PATH=/home/imamalghifary/ws_sensor_combined/install/px4_msgs/lib:/home/imamalghifary/ws_sensor_combined/install/px4_ros_com/lib:/opt/ros/humble/opt/rviz_ogre_vendor/lib:/opt/ros/humble/lib/x86_64-linux-gnu:/opt/ros/humble/lib PYTHONPATH=/home/imamalghifary/ws_sensor_combined/build/x500_bridge/prefix_override:/usr/lib/python3/dist-packages/colcon_core/task/python/colcon_distutils_commands:/home/imamalghifary/ws_sensor_combined/install/x500_bridge/lib/python3.10/site-packages:${PYTHONPATH} /usr/bin/python3 -W ignore:setup.py install is deprecated -W ignore:easy_install command is deprecated setup.py egg_info --egg-base ../../build/x500_bridge build --build-base /home/imamalghifary/ws_sensor_combined/build/x500_bridge/build install --record /home/imamalghifary/ws_sensor_combined/build/x500_bridge/install.log --single-version-externally-managed install_data
[5.487s] Level 1:colcon.colcon_core.environment:checking '/home/imamalghifary/ws_sensor_combined/install/x500_bridge' for CMake config files
[5.488s] Level 1:colcon.colcon_core.environment:checking '/home/imamalghifary/ws_sensor_combined/install/x500_bridge/lib'
[5.489s] Level 1:colcon.colcon_core.environment:checking '/home/imamalghifary/ws_sensor_combined/install/x500_bridge/bin'
[5.489s] Level 1:colcon.colcon_core.environment:checking '/home/imamalghifary/ws_sensor_combined/install/x500_bridge/lib/pkgconfig/x500_bridge.pc'
[5.489s] Level 1:colcon.colcon_core.environment:checking '/home/imamalghifary/ws_sensor_combined/install/x500_bridge/lib/python3.10/site-packages'
[5.490s] Level 1:colcon.colcon_core.shell:create_environment_hook('x500_bridge', 'pythonpath')
[5.490s] INFO:colcon.colcon_core.shell:Creating environment hook '/home/imamalghifary/ws_sensor_combined/install/x500_bridge/share/x500_bridge/hook/pythonpath.ps1'
[5.491s] INFO:colcon.colcon_core.shell:Creating environment descriptor '/home/imamalghifary/ws_sensor_combined/install/x500_bridge/share/x500_bridge/hook/pythonpath.dsv'
[5.492s] INFO:colcon.colcon_core.shell:Creating environment hook '/home/imamalghifary/ws_sensor_combined/install/x500_bridge/share/x500_bridge/hook/pythonpath.sh'
[5.494s] Level 1:colcon.colcon_core.environment:checking '/home/imamalghifary/ws_sensor_combined/install/x500_bridge/bin'
[5.494s] Level 1:colcon.colcon_core.environment:create_environment_scripts_only(x500_bridge)
[5.495s] INFO:colcon.colcon_core.shell:Creating package script '/home/imamalghifary/ws_sensor_combined/install/x500_bridge/share/x500_bridge/package.ps1'
[5.496s] INFO:colcon.colcon_core.shell:Creating package descriptor '/home/imamalghifary/ws_sensor_combined/install/x500_bridge/share/x500_bridge/package.dsv'
[5.497s] INFO:colcon.colcon_core.shell:Creating package script '/home/imamalghifary/ws_sensor_combined/install/x500_bridge/share/x500_bridge/package.sh'
[5.497s] INFO:colcon.colcon_core.shell:Creating package script '/home/imamalghifary/ws_sensor_combined/install/x500_bridge/share/x500_bridge/package.bash'
[5.498s] INFO:colcon.colcon_core.shell:Creating package script '/home/imamalghifary/ws_sensor_combined/install/x500_bridge/share/x500_bridge/package.zsh'
[5.498s] Level 1:colcon.colcon_core.environment:create_file_with_runtime_dependencies(/home/imamalghifary/ws_sensor_combined/install/x500_bridge/share/colcon-core/packages/x500_bridge)
[5.500s] Level 1:colcon.colcon_core.environment:checking '/home/imamalghifary/ws_sensor_combined/install/px4_offboard' for CMake module files
[5.500s] Level 1:colcon.colcon_core.environment:checking '/home/imamalghifary/ws_sensor_combined/install/px4_offboard' for CMake config files
[5.501s] DEBUG:colcon.colcon_core.event_handler.log_command:Invoked command in '/home/imamalghifary/ws_sensor_combined/src/ROS2_PX4_Offboard_Example/px4_offboard' returned '0': CMAKE_PREFIX_PATH=/home/imamalghifary/ws_sensor_combined/install/px4_msgs:/home/imamalghifary/ws_sensor_combined/install/x500_description:/home/imamalghifary/ws_sensor_combined/install/px4_ros_com LD_LIBRARY_PATH=/home/imamalghifary/ws_sensor_combined/install/px4_msgs/lib:/home/imamalghifary/ws_sensor_combined/install/px4_ros_com/lib:/opt/ros/humble/opt/rviz_ogre_vendor/lib:/opt/ros/humble/lib/x86_64-linux-gnu:/opt/ros/humble/lib PYTHONPATH=/home/imamalghifary/ws_sensor_combined/build/px4_offboard/prefix_override:/usr/lib/python3/dist-packages/colcon_core/task/python/colcon_distutils_commands:/home/imamalghifary/ws_sensor_combined/install/px4_offboard/lib/python3.10/site-packages:${PYTHONPATH} /usr/bin/python3 -W ignore:setup.py install is deprecated -W ignore:easy_install command is deprecated setup.py egg_info --egg-base ../../../build/px4_offboard build --build-base /home/imamalghifary/ws_sensor_combined/build/px4_offboard/build install --record /home/imamalghifary/ws_sensor_combined/build/px4_offboard/install.log --single-version-externally-managed install_data
[5.502s] Level 1:colcon.colcon_core.environment:checking '/home/imamalghifary/ws_sensor_combined/install/px4_offboard/lib'
[5.502s] Level 1:colcon.colcon_core.environment:checking '/home/imamalghifary/ws_sensor_combined/install/px4_offboard/bin'
[5.502s] Level 1:colcon.colcon_core.environment:checking '/home/imamalghifary/ws_sensor_combined/install/px4_offboard/lib/pkgconfig/px4_offboard.pc'
[5.502s] Level 1:colcon.colcon_core.environment:checking '/home/imamalghifary/ws_sensor_combined/install/px4_offboard/lib/python3.10/site-packages'
[5.502s] Level 1:colcon.colcon_core.shell:create_environment_hook('px4_offboard', 'pythonpath')
[5.502s] INFO:colcon.colcon_core.shell:Creating environment hook '/home/imamalghifary/ws_sensor_combined/install/px4_offboard/share/px4_offboard/hook/pythonpath.ps1'
[5.503s] INFO:colcon.colcon_core.shell:Creating environment descriptor '/home/imamalghifary/ws_sensor_combined/install/px4_offboard/share/px4_offboard/hook/pythonpath.dsv'
[5.503s] INFO:colcon.colcon_core.shell:Creating environment hook '/home/imamalghifary/ws_sensor_combined/install/px4_offboard/share/px4_offboard/hook/pythonpath.sh'
[5.504s] Level 1:colcon.colcon_core.environment:checking '/home/imamalghifary/ws_sensor_combined/install/px4_offboard/bin'
[5.504s] Level 1:colcon.colcon_core.environment:create_environment_scripts_only(px4_offboard)
[5.504s] INFO:colcon.colcon_core.shell:Creating package script '/home/imamalghifary/ws_sensor_combined/install/px4_offboard/share/px4_offboard/package.ps1'
[5.505s] INFO:colcon.colcon_core.shell:Creating package descriptor '/home/imamalghifary/ws_sensor_combined/install/px4_offboard/share/px4_offboard/package.dsv'
[5.506s] INFO:colcon.colcon_core.shell:Creating package script '/home/imamalghifary/ws_sensor_combined/install/px4_offboard/share/px4_offboard/package.sh'
[5.507s] INFO:colcon.colcon_core.shell:Creating package script '/home/imamalghifary/ws_sensor_combined/install/px4_offboard/share/px4_offboard/package.bash'
[5.507s] INFO:colcon.colcon_core.shell:Creating package script '/home/imamalghifary/ws_sensor_combined/install/px4_offboard/share/px4_offboard/package.zsh'
[5.508s] Level 1:colcon.colcon_core.environment:create_file_with_runtime_dependencies(/home/imamalghifary/ws_sensor_combined/install/px4_offboard/share/colcon-core/packages/px4_offboard)
[5.508s] DEBUG:colcon.colcon_parallel_executor.executor.parallel:closing loop
[5.509s] DEBUG:colcon.colcon_parallel_executor.executor.parallel:loop closed
[5.509s] DEBUG:colcon.colcon_parallel_executor.executor.parallel:run_until_complete finished with '0'
[5.509s] DEBUG:colcon.colcon_core.event_reactor:joining thread
[5.518s] INFO:colcon.colcon_core.plugin_system:Skipping extension 'colcon_notification.desktop_notification.terminal_notifier': Not used on non-Darwin systems
[5.519s] INFO:colcon.colcon_core.plugin_system:Skipping extension 'colcon_notification.desktop_notification.win32': Not used on non-Windows systems
[5.519s] INFO:colcon.colcon_notification.desktop_notification:Sending desktop notification using 'notify2'
[5.535s] DEBUG:colcon.colcon_core.event_reactor:joined thread
[5.536s] INFO:colcon.colcon_core.shell:Creating prefix script '/home/imamalghifary/ws_sensor_combined/install/local_setup.ps1'
[5.537s] INFO:colcon.colcon_core.shell:Creating prefix util module '/home/imamalghifary/ws_sensor_combined/install/_local_setup_util_ps1.py'
[5.540s] INFO:colcon.colcon_core.shell:Creating prefix chain script '/home/imamalghifary/ws_sensor_combined/install/setup.ps1'
[5.542s] INFO:colcon.colcon_core.shell:Creating prefix script '/home/imamalghifary/ws_sensor_combined/install/local_setup.sh'
[5.543s] INFO:colcon.colcon_core.shell:Creating prefix util module '/home/imamalghifary/ws_sensor_combined/install/_local_setup_util_sh.py'
[5.544s] INFO:colcon.colcon_core.shell:Creating prefix chain script '/home/imamalghifary/ws_sensor_combined/install/setup.sh'
[5.546s] INFO:colcon.colcon_core.shell:Creating prefix script '/home/imamalghifary/ws_sensor_combined/install/local_setup.bash'
[5.546s] INFO:colcon.colcon_core.shell:Creating prefix chain script '/home/imamalghifary/ws_sensor_combined/install/setup.bash'
[5.548s] INFO:colcon.colcon_core.shell:Creating prefix script '/home/imamalghifary/ws_sensor_combined/install/local_setup.zsh'
[5.549s] INFO:colcon.colcon_core.shell:Creating prefix chain script '/home/imamalghifary/ws_sensor_combined/install/setup.zsh'
