[0.117s] DEBUG:colcon:Command line arguments: ['/usr/bin/colcon', 'build', '--symlink-install']
[0.117s] DEBUG:colcon:Parsed command line arguments: Namespace(log_base=None, log_level=None, verb_name='build', build_base='build', install_base='install', merge_install=False, symlink_install=True, test_result_base=None, continue_on_error=False, executor='parallel', parallel_workers=22, event_handlers=None, ignore_user_meta=False, metas=['./colcon.meta'], base_paths=['.'], packages_ignore=None, packages_ignore_regex=None, paths=None, packages_up_to=None, packages_up_to_regex=None, packages_above=None, packages_above_and_dependencies=None, packages_above_depth=None, packages_select_by_dep=None, packages_skip_by_dep=None, packages_skip_up_to=None, packages_select_build_failed=False, packages_skip_build_finished=False, packages_select_test_failures=False, packages_skip_test_passed=False, packages_select=None, packages_skip=None, packages_select_regex=None, packages_skip_regex=None, packages_start=None, packages_end=None, allow_overriding=[], cmake_args=None, cmake_target=None, cmake_target_skip_unavailable=False, cmake_clean_cache=False, cmake_clean_first=False, cmake_force_configure=False, ament_cmake_args=None, catkin_cmake_args=None, catkin_skip_building_tests=False, mixin_files=None, mixin=None, verb_parser=<colcon_mixin.mixin.mixin_argument.MixinArgumentDecorator object at 0x7e155167fe50>, verb_extension=<colcon_core.verb.build.BuildVerb object at 0x7e155167f880>, main=<bound method BuildVerb.main of <colcon_core.verb.build.BuildVerb object at 0x7e155167f880>>, mixin_verb=('build',))
[0.381s] Level 1:colcon.colcon_core.package_discovery:discover_packages(colcon_meta) check parameters
[0.381s] Level 1:colcon.colcon_core.package_discovery:discover_packages(recursive) check parameters
[0.381s] Level 1:colcon.colcon_core.package_discovery:discover_packages(ignore) check parameters
[0.381s] Level 1:colcon.colcon_core.package_discovery:discover_packages(path) check parameters
[0.381s] Level 1:colcon.colcon_core.package_discovery:discover_packages(colcon_meta) discover
[0.382s] Level 1:colcon.colcon_core.package_discovery:discover_packages(recursive) discover
[0.382s] INFO:colcon.colcon_core.package_discovery:Crawling recursively for packages in '/home/imamalghifary/ws_sensor_combined'
[0.382s] Level 1:colcon.colcon_core.package_identification:_identify(.) by extensions ['ignore', 'ignore_ament_install']
[0.382s] Level 1:colcon.colcon_core.package_identification:_identify(.) by extension 'ignore'
[0.382s] Level 1:colcon.colcon_core.package_identification:_identify(.) by extension 'ignore_ament_install'
[0.382s] Level 1:colcon.colcon_core.package_identification:_identify(.) by extensions ['colcon_pkg']
[0.382s] Level 1:colcon.colcon_core.package_identification:_identify(.) by extension 'colcon_pkg'
[0.382s] Level 1:colcon.colcon_core.package_identification:_identify(.) by extensions ['colcon_meta']
[0.382s] Level 1:colcon.colcon_core.package_identification:_identify(.) by extension 'colcon_meta'
[0.382s] Level 1:colcon.colcon_core.package_identification:_identify(.) by extensions ['ros']
[0.382s] Level 1:colcon.colcon_core.package_identification:_identify(.) by extension 'ros'
[0.397s] Level 1:colcon.colcon_core.package_identification:_identify(.) by extensions ['cmake', 'python']
[0.397s] Level 1:colcon.colcon_core.package_identification:_identify(.) by extension 'cmake'
[0.397s] Level 1:colcon.colcon_core.package_identification:_identify(.) by extension 'python'
[0.397s] Level 1:colcon.colcon_core.package_identification:_identify(.) by extensions ['python_setup_py']
[0.397s] Level 1:colcon.colcon_core.package_identification:_identify(.) by extension 'python_setup_py'
[0.397s] Level 1:colcon.colcon_core.package_identification:_identify(build) by extensions ['ignore', 'ignore_ament_install']
[0.397s] Level 1:colcon.colcon_core.package_identification:_identify(build) by extension 'ignore'
[0.397s] Level 1:colcon.colcon_core.package_identification:_identify(build) ignored
[0.397s] Level 1:colcon.colcon_core.package_identification:_identify(install) by extensions ['ignore', 'ignore_ament_install']
[0.398s] Level 1:colcon.colcon_core.package_identification:_identify(install) by extension 'ignore'
[0.398s] Level 1:colcon.colcon_core.package_identification:_identify(install) ignored
[0.398s] Level 1:colcon.colcon_core.package_identification:_identify(log) by extensions ['ignore', 'ignore_ament_install']
[0.398s] Level 1:colcon.colcon_core.package_identification:_identify(log) by extension 'ignore'
[0.398s] Level 1:colcon.colcon_core.package_identification:_identify(log) ignored
[0.398s] Level 1:colcon.colcon_core.package_identification:_identify(src) by extensions ['ignore', 'ignore_ament_install']
[0.398s] Level 1:colcon.colcon_core.package_identification:_identify(src) by extension 'ignore'
[0.398s] Level 1:colcon.colcon_core.package_identification:_identify(src) by extension 'ignore_ament_install'
[0.398s] Level 1:colcon.colcon_core.package_identification:_identify(src) by extensions ['colcon_pkg']
[0.398s] Level 1:colcon.colcon_core.package_identification:_identify(src) by extension 'colcon_pkg'
[0.398s] Level 1:colcon.colcon_core.package_identification:_identify(src) by extensions ['colcon_meta']
[0.399s] Level 1:colcon.colcon_core.package_identification:_identify(src) by extension 'colcon_meta'
[0.399s] Level 1:colcon.colcon_core.package_identification:_identify(src) by extensions ['ros']
[0.399s] Level 1:colcon.colcon_core.package_identification:_identify(src) by extension 'ros'
[0.399s] Level 1:colcon.colcon_core.package_identification:_identify(src) by extensions ['cmake', 'python']
[0.399s] Level 1:colcon.colcon_core.package_identification:_identify(src) by extension 'cmake'
[0.399s] Level 1:colcon.colcon_core.package_identification:_identify(src) by extension 'python'
[0.399s] Level 1:colcon.colcon_core.package_identification:_identify(src) by extensions ['python_setup_py']
[0.399s] Level 1:colcon.colcon_core.package_identification:_identify(src) by extension 'python_setup_py'
[0.399s] Level 1:colcon.colcon_core.package_identification:_identify(src/ROS2_PX4_Offboard_Example) by extensions ['ignore', 'ignore_ament_install']
[0.399s] Level 1:colcon.colcon_core.package_identification:_identify(src/ROS2_PX4_Offboard_Example) by extension 'ignore'
[0.399s] Level 1:colcon.colcon_core.package_identification:_identify(src/ROS2_PX4_Offboard_Example) by extension 'ignore_ament_install'
[0.399s] Level 1:colcon.colcon_core.package_identification:_identify(src/ROS2_PX4_Offboard_Example) by extensions ['colcon_pkg']
[0.399s] Level 1:colcon.colcon_core.package_identification:_identify(src/ROS2_PX4_Offboard_Example) by extension 'colcon_pkg'
[0.399s] Level 1:colcon.colcon_core.package_identification:_identify(src/ROS2_PX4_Offboard_Example) by extensions ['colcon_meta']
[0.399s] Level 1:colcon.colcon_core.package_identification:_identify(src/ROS2_PX4_Offboard_Example) by extension 'colcon_meta'
[0.399s] Level 1:colcon.colcon_core.package_identification:_identify(src/ROS2_PX4_Offboard_Example) by extensions ['ros']
[0.399s] Level 1:colcon.colcon_core.package_identification:_identify(src/ROS2_PX4_Offboard_Example) by extension 'ros'
[0.399s] Level 1:colcon.colcon_core.package_identification:_identify(src/ROS2_PX4_Offboard_Example) by extensions ['cmake', 'python']
[0.399s] Level 1:colcon.colcon_core.package_identification:_identify(src/ROS2_PX4_Offboard_Example) by extension 'cmake'
[0.399s] Level 1:colcon.colcon_core.package_identification:_identify(src/ROS2_PX4_Offboard_Example) by extension 'python'
[0.399s] Level 1:colcon.colcon_core.package_identification:_identify(src/ROS2_PX4_Offboard_Example) by extensions ['python_setup_py']
[0.400s] Level 1:colcon.colcon_core.package_identification:_identify(src/ROS2_PX4_Offboard_Example) by extension 'python_setup_py'
[0.400s] Level 1:colcon.colcon_core.package_identification:_identify(src/ROS2_PX4_Offboard_Example/px4_offboard) by extensions ['ignore', 'ignore_ament_install']
[0.400s] Level 1:colcon.colcon_core.package_identification:_identify(src/ROS2_PX4_Offboard_Example/px4_offboard) by extension 'ignore'
[0.400s] Level 1:colcon.colcon_core.package_identification:_identify(src/ROS2_PX4_Offboard_Example/px4_offboard) by extension 'ignore_ament_install'
[0.400s] Level 1:colcon.colcon_core.package_identification:_identify(src/ROS2_PX4_Offboard_Example/px4_offboard) by extensions ['colcon_pkg']
[0.400s] Level 1:colcon.colcon_core.package_identification:_identify(src/ROS2_PX4_Offboard_Example/px4_offboard) by extension 'colcon_pkg'
[0.400s] Level 1:colcon.colcon_core.package_identification:_identify(src/ROS2_PX4_Offboard_Example/px4_offboard) by extensions ['colcon_meta']
[0.400s] Level 1:colcon.colcon_core.package_identification:_identify(src/ROS2_PX4_Offboard_Example/px4_offboard) by extension 'colcon_meta'
[0.400s] Level 1:colcon.colcon_core.package_identification:_identify(src/ROS2_PX4_Offboard_Example/px4_offboard) by extensions ['ros']
[0.400s] Level 1:colcon.colcon_core.package_identification:_identify(src/ROS2_PX4_Offboard_Example/px4_offboard) by extension 'ros'
[0.403s] DEBUG:colcon.colcon_core.package_identification:Package 'src/ROS2_PX4_Offboard_Example/px4_offboard' with type 'ros.ament_python' and name 'px4_offboard'
[0.403s] Level 1:colcon.colcon_core.package_identification:_identify(src/build) by extensions ['ignore', 'ignore_ament_install']
[0.403s] Level 1:colcon.colcon_core.package_identification:_identify(src/build) by extension 'ignore'
[0.403s] Level 1:colcon.colcon_core.package_identification:_identify(src/build) ignored
[0.404s] Level 1:colcon.colcon_core.package_identification:_identify(src/install) by extensions ['ignore', 'ignore_ament_install']
[0.404s] Level 1:colcon.colcon_core.package_identification:_identify(src/install) by extension 'ignore'
[0.404s] Level 1:colcon.colcon_core.package_identification:_identify(src/install) ignored
[0.404s] Level 1:colcon.colcon_core.package_identification:_identify(src/log) by extensions ['ignore', 'ignore_ament_install']
[0.404s] Level 1:colcon.colcon_core.package_identification:_identify(src/log) by extension 'ignore'
[0.404s] Level 1:colcon.colcon_core.package_identification:_identify(src/log) ignored
[0.404s] Level 1:colcon.colcon_core.package_identification:_identify(src/px4_msgs) by extensions ['ignore', 'ignore_ament_install']
[0.404s] Level 1:colcon.colcon_core.package_identification:_identify(src/px4_msgs) by extension 'ignore'
[0.404s] Level 1:colcon.colcon_core.package_identification:_identify(src/px4_msgs) by extension 'ignore_ament_install'
[0.404s] Level 1:colcon.colcon_core.package_identification:_identify(src/px4_msgs) by extensions ['colcon_pkg']
[0.404s] Level 1:colcon.colcon_core.package_identification:_identify(src/px4_msgs) by extension 'colcon_pkg'
[0.404s] Level 1:colcon.colcon_core.package_identification:_identify(src/px4_msgs) by extensions ['colcon_meta']
[0.404s] Level 1:colcon.colcon_core.package_identification:_identify(src/px4_msgs) by extension 'colcon_meta'
[0.405s] Level 1:colcon.colcon_core.package_identification:_identify(src/px4_msgs) by extensions ['ros']
[0.405s] Level 1:colcon.colcon_core.package_identification:_identify(src/px4_msgs) by extension 'ros'
[0.405s] DEBUG:colcon.colcon_core.package_identification:Package 'src/px4_msgs' with type 'ros.ament_cmake' and name 'px4_msgs'
[0.405s] Level 1:colcon.colcon_core.package_identification:_identify(src/px4_ros_com) by extensions ['ignore', 'ignore_ament_install']
[0.405s] Level 1:colcon.colcon_core.package_identification:_identify(src/px4_ros_com) by extension 'ignore'
[0.405s] Level 1:colcon.colcon_core.package_identification:_identify(src/px4_ros_com) by extension 'ignore_ament_install'
[0.406s] Level 1:colcon.colcon_core.package_identification:_identify(src/px4_ros_com) by extensions ['colcon_pkg']
[0.406s] Level 1:colcon.colcon_core.package_identification:_identify(src/px4_ros_com) by extension 'colcon_pkg'
[0.406s] Level 1:colcon.colcon_core.package_identification:_identify(src/px4_ros_com) by extensions ['colcon_meta']
[0.406s] Level 1:colcon.colcon_core.package_identification:_identify(src/px4_ros_com) by extension 'colcon_meta'
[0.406s] Level 1:colcon.colcon_core.package_identification:_identify(src/px4_ros_com) by extensions ['ros']
[0.406s] Level 1:colcon.colcon_core.package_identification:_identify(src/px4_ros_com) by extension 'ros'
[0.407s] DEBUG:colcon.colcon_core.package_identification:Package 'src/px4_ros_com' with type 'ros.ament_cmake' and name 'px4_ros_com'
[0.407s] Level 1:colcon.colcon_core.package_identification:_identify(src/x500_bridge) by extensions ['ignore', 'ignore_ament_install']
[0.407s] Level 1:colcon.colcon_core.package_identification:_identify(src/x500_bridge) by extension 'ignore'
[0.407s] Level 1:colcon.colcon_core.package_identification:_identify(src/x500_bridge) by extension 'ignore_ament_install'
[0.407s] Level 1:colcon.colcon_core.package_identification:_identify(src/x500_bridge) by extensions ['colcon_pkg']
[0.407s] Level 1:colcon.colcon_core.package_identification:_identify(src/x500_bridge) by extension 'colcon_pkg'
[0.407s] Level 1:colcon.colcon_core.package_identification:_identify(src/x500_bridge) by extensions ['colcon_meta']
[0.407s] Level 1:colcon.colcon_core.package_identification:_identify(src/x500_bridge) by extension 'colcon_meta'
[0.407s] Level 1:colcon.colcon_core.package_identification:_identify(src/x500_bridge) by extensions ['ros']
[0.407s] Level 1:colcon.colcon_core.package_identification:_identify(src/x500_bridge) by extension 'ros'
[0.408s] DEBUG:colcon.colcon_core.package_identification:Package 'src/x500_bridge' with type 'ros.ament_python' and name 'x500_bridge'
[0.408s] Level 1:colcon.colcon_core.package_identification:_identify(src/x500_description) by extensions ['ignore', 'ignore_ament_install']
[0.408s] Level 1:colcon.colcon_core.package_identification:_identify(src/x500_description) by extension 'ignore'
[0.408s] Level 1:colcon.colcon_core.package_identification:_identify(src/x500_description) by extension 'ignore_ament_install'
[0.408s] Level 1:colcon.colcon_core.package_identification:_identify(src/x500_description) by extensions ['colcon_pkg']
[0.408s] Level 1:colcon.colcon_core.package_identification:_identify(src/x500_description) by extension 'colcon_pkg'
[0.408s] Level 1:colcon.colcon_core.package_identification:_identify(src/x500_description) by extensions ['colcon_meta']
[0.408s] Level 1:colcon.colcon_core.package_identification:_identify(src/x500_description) by extension 'colcon_meta'
[0.408s] Level 1:colcon.colcon_core.package_identification:_identify(src/x500_description) by extensions ['ros']
[0.408s] Level 1:colcon.colcon_core.package_identification:_identify(src/x500_description) by extension 'ros'
[0.409s] DEBUG:colcon.colcon_core.package_identification:Package 'src/x500_description' with type 'ros.ament_cmake' and name 'x500_description'
[0.409s] Level 1:colcon.colcon_core.package_identification:_identify(src/x500_navigation) by extensions ['ignore', 'ignore_ament_install']
[0.409s] Level 1:colcon.colcon_core.package_identification:_identify(src/x500_navigation) by extension 'ignore'
[0.409s] Level 1:colcon.colcon_core.package_identification:_identify(src/x500_navigation) by extension 'ignore_ament_install'
[0.409s] Level 1:colcon.colcon_core.package_identification:_identify(src/x500_navigation) by extensions ['colcon_pkg']
[0.409s] Level 1:colcon.colcon_core.package_identification:_identify(src/x500_navigation) by extension 'colcon_pkg'
[0.409s] Level 1:colcon.colcon_core.package_identification:_identify(src/x500_navigation) by extensions ['colcon_meta']
[0.409s] Level 1:colcon.colcon_core.package_identification:_identify(src/x500_navigation) by extension 'colcon_meta'
[0.409s] Level 1:colcon.colcon_core.package_identification:_identify(src/x500_navigation) by extensions ['ros']
[0.409s] Level 1:colcon.colcon_core.package_identification:_identify(src/x500_navigation) by extension 'ros'
[0.410s] DEBUG:colcon.colcon_core.package_identification:Package 'src/x500_navigation' with type 'ros.ament_python' and name 'x500_navigation'
[0.410s] Level 1:colcon.colcon_core.package_discovery:discover_packages(recursive) using defaults
[0.410s] Level 1:colcon.colcon_core.package_discovery:discover_packages(ignore) discover
[0.410s] Level 1:colcon.colcon_core.package_discovery:discover_packages(ignore) using defaults
[0.410s] Level 1:colcon.colcon_core.package_discovery:discover_packages(path) discover
[0.410s] Level 1:colcon.colcon_core.package_discovery:discover_packages(path) using defaults
[0.433s] Level 1:colcon.colcon_core.package_discovery:discover_packages(prefix_path) check parameters
[0.433s] Level 1:colcon.colcon_core.package_discovery:discover_packages(prefix_path) discover
[0.435s] DEBUG:colcon.colcon_installed_package_information.package_discovery:Found 6 installed packages in /home/imamalghifary/ws_sensor_combined/install
[0.437s] DEBUG:colcon.colcon_installed_package_information.package_discovery:Found 372 installed packages in /opt/ros/humble
[0.438s] Level 1:colcon.colcon_core.package_discovery:discover_packages(prefix_path) using defaults
[0.488s] Level 5:colcon.colcon_core.verb:set package 'px4_msgs' build argument 'cmake_args' from command line to 'None'
[0.488s] Level 5:colcon.colcon_core.verb:set package 'px4_msgs' build argument 'cmake_target' from command line to 'None'
[0.488s] Level 5:colcon.colcon_core.verb:set package 'px4_msgs' build argument 'cmake_target_skip_unavailable' from command line to 'False'
[0.488s] Level 5:colcon.colcon_core.verb:set package 'px4_msgs' build argument 'cmake_clean_cache' from command line to 'False'
[0.488s] Level 5:colcon.colcon_core.verb:set package 'px4_msgs' build argument 'cmake_clean_first' from command line to 'False'
[0.488s] Level 5:colcon.colcon_core.verb:set package 'px4_msgs' build argument 'cmake_force_configure' from command line to 'False'
[0.488s] Level 5:colcon.colcon_core.verb:set package 'px4_msgs' build argument 'ament_cmake_args' from command line to 'None'
[0.488s] Level 5:colcon.colcon_core.verb:set package 'px4_msgs' build argument 'catkin_cmake_args' from command line to 'None'
[0.488s] Level 5:colcon.colcon_core.verb:set package 'px4_msgs' build argument 'catkin_skip_building_tests' from command line to 'False'
[0.488s] DEBUG:colcon.colcon_core.verb:Building package 'px4_msgs' with the following arguments: {'ament_cmake_args': None, 'build_base': '/home/imamalghifary/ws_sensor_combined/build/px4_msgs', 'catkin_cmake_args': None, 'catkin_skip_building_tests': False, 'cmake_args': None, 'cmake_clean_cache': False, 'cmake_clean_first': False, 'cmake_force_configure': False, 'cmake_target': None, 'cmake_target_skip_unavailable': False, 'install_base': '/home/imamalghifary/ws_sensor_combined/install/px4_msgs', 'merge_install': False, 'path': '/home/imamalghifary/ws_sensor_combined/src/px4_msgs', 'symlink_install': True, 'test_result_base': None}
[0.489s] Level 5:colcon.colcon_core.verb:set package 'x500_description' build argument 'cmake_args' from command line to 'None'
[0.489s] Level 5:colcon.colcon_core.verb:set package 'x500_description' build argument 'cmake_target' from command line to 'None'
[0.489s] Level 5:colcon.colcon_core.verb:set package 'x500_description' build argument 'cmake_target_skip_unavailable' from command line to 'False'
[0.489s] Level 5:colcon.colcon_core.verb:set package 'x500_description' build argument 'cmake_clean_cache' from command line to 'False'
[0.489s] Level 5:colcon.colcon_core.verb:set package 'x500_description' build argument 'cmake_clean_first' from command line to 'False'
[0.489s] Level 5:colcon.colcon_core.verb:set package 'x500_description' build argument 'cmake_force_configure' from command line to 'False'
[0.489s] Level 5:colcon.colcon_core.verb:set package 'x500_description' build argument 'ament_cmake_args' from command line to 'None'
[0.489s] Level 5:colcon.colcon_core.verb:set package 'x500_description' build argument 'catkin_cmake_args' from command line to 'None'
[0.489s] Level 5:colcon.colcon_core.verb:set package 'x500_description' build argument 'catkin_skip_building_tests' from command line to 'False'
[0.489s] DEBUG:colcon.colcon_core.verb:Building package 'x500_description' with the following arguments: {'ament_cmake_args': None, 'build_base': '/home/imamalghifary/ws_sensor_combined/build/x500_description', 'catkin_cmake_args': None, 'catkin_skip_building_tests': False, 'cmake_args': None, 'cmake_clean_cache': False, 'cmake_clean_first': False, 'cmake_force_configure': False, 'cmake_target': None, 'cmake_target_skip_unavailable': False, 'install_base': '/home/imamalghifary/ws_sensor_combined/install/x500_description', 'merge_install': False, 'path': '/home/imamalghifary/ws_sensor_combined/src/x500_description', 'symlink_install': True, 'test_result_base': None}
[0.489s] Level 5:colcon.colcon_core.verb:set package 'x500_navigation' build argument 'cmake_args' from command line to 'None'
[0.489s] Level 5:colcon.colcon_core.verb:set package 'x500_navigation' build argument 'cmake_target' from command line to 'None'
[0.489s] Level 5:colcon.colcon_core.verb:set package 'x500_navigation' build argument 'cmake_target_skip_unavailable' from command line to 'False'
[0.489s] Level 5:colcon.colcon_core.verb:set package 'x500_navigation' build argument 'cmake_clean_cache' from command line to 'False'
[0.489s] Level 5:colcon.colcon_core.verb:set package 'x500_navigation' build argument 'cmake_clean_first' from command line to 'False'
[0.489s] Level 5:colcon.colcon_core.verb:set package 'x500_navigation' build argument 'cmake_force_configure' from command line to 'False'
[0.489s] Level 5:colcon.colcon_core.verb:set package 'x500_navigation' build argument 'ament_cmake_args' from command line to 'None'
[0.489s] Level 5:colcon.colcon_core.verb:set package 'x500_navigation' build argument 'catkin_cmake_args' from command line to 'None'
[0.489s] Level 5:colcon.colcon_core.verb:set package 'x500_navigation' build argument 'catkin_skip_building_tests' from command line to 'False'
[0.489s] DEBUG:colcon.colcon_core.verb:Building package 'x500_navigation' with the following arguments: {'ament_cmake_args': None, 'build_base': '/home/imamalghifary/ws_sensor_combined/build/x500_navigation', 'catkin_cmake_args': None, 'catkin_skip_building_tests': False, 'cmake_args': None, 'cmake_clean_cache': False, 'cmake_clean_first': False, 'cmake_force_configure': False, 'cmake_target': None, 'cmake_target_skip_unavailable': False, 'install_base': '/home/imamalghifary/ws_sensor_combined/install/x500_navigation', 'merge_install': False, 'path': '/home/imamalghifary/ws_sensor_combined/src/x500_navigation', 'symlink_install': True, 'test_result_base': None}
[0.490s] Level 5:colcon.colcon_core.verb:set package 'px4_offboard' build argument 'cmake_args' from command line to 'None'
[0.490s] Level 5:colcon.colcon_core.verb:set package 'px4_offboard' build argument 'cmake_target' from command line to 'None'
[0.490s] Level 5:colcon.colcon_core.verb:set package 'px4_offboard' build argument 'cmake_target_skip_unavailable' from command line to 'False'
[0.490s] Level 5:colcon.colcon_core.verb:set package 'px4_offboard' build argument 'cmake_clean_cache' from command line to 'False'
[0.490s] Level 5:colcon.colcon_core.verb:set package 'px4_offboard' build argument 'cmake_clean_first' from command line to 'False'
[0.490s] Level 5:colcon.colcon_core.verb:set package 'px4_offboard' build argument 'cmake_force_configure' from command line to 'False'
[0.490s] Level 5:colcon.colcon_core.verb:set package 'px4_offboard' build argument 'ament_cmake_args' from command line to 'None'
[0.490s] Level 5:colcon.colcon_core.verb:set package 'px4_offboard' build argument 'catkin_cmake_args' from command line to 'None'
[0.490s] Level 5:colcon.colcon_core.verb:set package 'px4_offboard' build argument 'catkin_skip_building_tests' from command line to 'False'
[0.490s] DEBUG:colcon.colcon_core.verb:Building package 'px4_offboard' with the following arguments: {'ament_cmake_args': None, 'build_base': '/home/imamalghifary/ws_sensor_combined/build/px4_offboard', 'catkin_cmake_args': None, 'catkin_skip_building_tests': False, 'cmake_args': None, 'cmake_clean_cache': False, 'cmake_clean_first': False, 'cmake_force_configure': False, 'cmake_target': None, 'cmake_target_skip_unavailable': False, 'install_base': '/home/imamalghifary/ws_sensor_combined/install/px4_offboard', 'merge_install': False, 'path': '/home/imamalghifary/ws_sensor_combined/src/ROS2_PX4_Offboard_Example/px4_offboard', 'symlink_install': True, 'test_result_base': None}
[0.490s] Level 5:colcon.colcon_core.verb:set package 'px4_ros_com' build argument 'cmake_args' from command line to 'None'
[0.490s] Level 5:colcon.colcon_core.verb:set package 'px4_ros_com' build argument 'cmake_target' from command line to 'None'
[0.491s] Level 5:colcon.colcon_core.verb:set package 'px4_ros_com' build argument 'cmake_target_skip_unavailable' from command line to 'False'
[0.491s] Level 5:colcon.colcon_core.verb:set package 'px4_ros_com' build argument 'cmake_clean_cache' from command line to 'False'
[0.491s] Level 5:colcon.colcon_core.verb:set package 'px4_ros_com' build argument 'cmake_clean_first' from command line to 'False'
[0.491s] Level 5:colcon.colcon_core.verb:set package 'px4_ros_com' build argument 'cmake_force_configure' from command line to 'False'
[0.491s] Level 5:colcon.colcon_core.verb:set package 'px4_ros_com' build argument 'ament_cmake_args' from command line to 'None'
[0.491s] Level 5:colcon.colcon_core.verb:set package 'px4_ros_com' build argument 'catkin_cmake_args' from command line to 'None'
[0.491s] Level 5:colcon.colcon_core.verb:set package 'px4_ros_com' build argument 'catkin_skip_building_tests' from command line to 'False'
[0.491s] DEBUG:colcon.colcon_core.verb:Building package 'px4_ros_com' with the following arguments: {'ament_cmake_args': None, 'build_base': '/home/imamalghifary/ws_sensor_combined/build/px4_ros_com', 'catkin_cmake_args': None, 'catkin_skip_building_tests': False, 'cmake_args': None, 'cmake_clean_cache': False, 'cmake_clean_first': False, 'cmake_force_configure': False, 'cmake_target': None, 'cmake_target_skip_unavailable': False, 'install_base': '/home/imamalghifary/ws_sensor_combined/install/px4_ros_com', 'merge_install': False, 'path': '/home/imamalghifary/ws_sensor_combined/src/px4_ros_com', 'symlink_install': True, 'test_result_base': None}
[0.491s] Level 5:colcon.colcon_core.verb:set package 'x500_bridge' build argument 'cmake_args' from command line to 'None'
[0.491s] Level 5:colcon.colcon_core.verb:set package 'x500_bridge' build argument 'cmake_target' from command line to 'None'
[0.491s] Level 5:colcon.colcon_core.verb:set package 'x500_bridge' build argument 'cmake_target_skip_unavailable' from command line to 'False'
[0.491s] Level 5:colcon.colcon_core.verb:set package 'x500_bridge' build argument 'cmake_clean_cache' from command line to 'False'
[0.491s] Level 5:colcon.colcon_core.verb:set package 'x500_bridge' build argument 'cmake_clean_first' from command line to 'False'
[0.492s] Level 5:colcon.colcon_core.verb:set package 'x500_bridge' build argument 'cmake_force_configure' from command line to 'False'
[0.492s] Level 5:colcon.colcon_core.verb:set package 'x500_bridge' build argument 'ament_cmake_args' from command line to 'None'
[0.492s] Level 5:colcon.colcon_core.verb:set package 'x500_bridge' build argument 'catkin_cmake_args' from command line to 'None'
[0.492s] Level 5:colcon.colcon_core.verb:set package 'x500_bridge' build argument 'catkin_skip_building_tests' from command line to 'False'
[0.492s] DEBUG:colcon.colcon_core.verb:Building package 'x500_bridge' with the following arguments: {'ament_cmake_args': None, 'build_base': '/home/imamalghifary/ws_sensor_combined/build/x500_bridge', 'catkin_cmake_args': None, 'catkin_skip_building_tests': False, 'cmake_args': None, 'cmake_clean_cache': False, 'cmake_clean_first': False, 'cmake_force_configure': False, 'cmake_target': None, 'cmake_target_skip_unavailable': False, 'install_base': '/home/imamalghifary/ws_sensor_combined/install/x500_bridge', 'merge_install': False, 'path': '/home/imamalghifary/ws_sensor_combined/src/x500_bridge', 'symlink_install': True, 'test_result_base': None}
[0.492s] INFO:colcon.colcon_core.executor:Executing jobs using 'parallel' executor
[0.493s] DEBUG:colcon.colcon_parallel_executor.executor.parallel:run_until_complete
[0.494s] INFO:colcon.colcon_ros.task.ament_cmake.build:Building ROS package in '/home/imamalghifary/ws_sensor_combined/src/px4_msgs' with build type 'ament_cmake'
[0.494s] INFO:colcon.colcon_cmake.task.cmake.build:Building CMake package in '/home/imamalghifary/ws_sensor_combined/src/px4_msgs'
[0.497s] INFO:colcon.colcon_core.plugin_system:Skipping extension 'colcon_core.shell.bat': Not used on non-Windows systems
[0.497s] INFO:colcon.colcon_core.shell:Skip shell extension 'powershell' for command environment: Not usable outside of PowerShell
[0.497s] DEBUG:colcon.colcon_core.shell:Skip shell extension 'dsv' for command environment
[0.501s] INFO:colcon.colcon_ros.task.ament_cmake.build:Building ROS package in '/home/imamalghifary/ws_sensor_combined/src/x500_description' with build type 'ament_cmake'
[0.501s] INFO:colcon.colcon_cmake.task.cmake.build:Building CMake package in '/home/imamalghifary/ws_sensor_combined/src/x500_description'
[0.502s] INFO:colcon.colcon_core.shell:Skip shell extension 'powershell' for command environment: Not usable outside of PowerShell
[0.502s] DEBUG:colcon.colcon_core.shell:Skip shell extension 'dsv' for command environment
[0.505s] INFO:colcon.colcon_ros.task.ament_python.build:Building ROS package in '/home/imamalghifary/ws_sensor_combined/src/x500_navigation' with build type 'ament_python'
[0.506s] Level 1:colcon.colcon_core.shell:create_environment_hook('x500_navigation', 'ament_prefix_path')
[0.506s] INFO:colcon.colcon_core.shell:Creating environment hook '/home/imamalghifary/ws_sensor_combined/install/x500_navigation/share/x500_navigation/hook/ament_prefix_path.ps1'
[0.507s] INFO:colcon.colcon_core.shell:Creating environment descriptor '/home/imamalghifary/ws_sensor_combined/install/x500_navigation/share/x500_navigation/hook/ament_prefix_path.dsv'
[0.507s] INFO:colcon.colcon_core.shell:Creating environment hook '/home/imamalghifary/ws_sensor_combined/install/x500_navigation/share/x500_navigation/hook/ament_prefix_path.sh'
[0.508s] INFO:colcon.colcon_core.shell:Skip shell extension 'powershell' for command environment: Not usable outside of PowerShell
[0.508s] DEBUG:colcon.colcon_core.shell:Skip shell extension 'dsv' for command environment
[0.517s] DEBUG:colcon.colcon_core.event_handler.log_command:Invoking command in '/home/imamalghifary/ws_sensor_combined/build/px4_msgs': CMAKE_PREFIX_PATH=${CMAKE_PREFIX_PATH}:/home/imamalghifary/ws_sensor_combined/install/x500_navigation:/home/imamalghifary/ws_sensor_combined/install/x500_bridge:/home/imamalghifary/ws_sensor_combined/install/px4_offboard:/opt/ros/humble /usr/bin/cmake --build /home/imamalghifary/ws_sensor_combined/build/px4_msgs -- -j22 -l22
[0.521s] DEBUG:colcon.colcon_core.event_handler.log_command:Invoking command in '/home/imamalghifary/ws_sensor_combined/build/x500_description': CMAKE_PREFIX_PATH=${CMAKE_PREFIX_PATH}:/home/imamalghifary/ws_sensor_combined/install/x500_navigation:/home/imamalghifary/ws_sensor_combined/install/x500_bridge:/home/imamalghifary/ws_sensor_combined/install/px4_offboard:/opt/ros/humble /usr/bin/cmake --build /home/imamalghifary/ws_sensor_combined/build/x500_description -- -j22 -l22
[0.979s] INFO:colcon.colcon_core.task.python.build:Building Python package in '/home/imamalghifary/ws_sensor_combined/src/x500_navigation'
[0.980s] INFO:colcon.colcon_core.shell:Skip shell extension 'powershell' for command environment: Not usable outside of PowerShell
[0.980s] DEBUG:colcon.colcon_core.shell:Skip shell extension 'dsv' for command environment
[0.985s] DEBUG:colcon.colcon_core.event_handler.log_command:Invoked command in '/home/imamalghifary/ws_sensor_combined/build/x500_description' returned '0': CMAKE_PREFIX_PATH=${CMAKE_PREFIX_PATH}:/home/imamalghifary/ws_sensor_combined/install/x500_navigation:/home/imamalghifary/ws_sensor_combined/install/x500_bridge:/home/imamalghifary/ws_sensor_combined/install/px4_offboard:/opt/ros/humble /usr/bin/cmake --build /home/imamalghifary/ws_sensor_combined/build/x500_description -- -j22 -l22
[0.998s] DEBUG:colcon.colcon_core.event_handler.log_command:Invoking command in '/home/imamalghifary/ws_sensor_combined/build/x500_description': CMAKE_PREFIX_PATH=${CMAKE_PREFIX_PATH}:/home/imamalghifary/ws_sensor_combined/install/x500_navigation:/home/imamalghifary/ws_sensor_combined/install/x500_bridge:/home/imamalghifary/ws_sensor_combined/install/px4_offboard:/opt/ros/humble /usr/bin/cmake --install /home/imamalghifary/ws_sensor_combined/build/x500_description
[1.025s] Level 1:colcon.colcon_core.environment:create_environment_scripts_only(x500_description)
[1.026s] DEBUG:colcon.colcon_core.event_handler.log_command:Invoked command in '/home/imamalghifary/ws_sensor_combined/build/x500_description' returned '0': CMAKE_PREFIX_PATH=${CMAKE_PREFIX_PATH}:/home/imamalghifary/ws_sensor_combined/install/x500_navigation:/home/imamalghifary/ws_sensor_combined/install/x500_bridge:/home/imamalghifary/ws_sensor_combined/install/px4_offboard:/opt/ros/humble /usr/bin/cmake --install /home/imamalghifary/ws_sensor_combined/build/x500_description
[1.029s] Level 1:colcon.colcon_core.environment:checking '/home/imamalghifary/ws_sensor_combined/install/x500_description' for CMake module files
[1.030s] Level 1:colcon.colcon_core.environment:checking '/home/imamalghifary/ws_sensor_combined/install/x500_description' for CMake config files
[1.030s] Level 1:colcon.colcon_core.shell:create_environment_hook('x500_description', 'cmake_prefix_path')
[1.031s] INFO:colcon.colcon_core.shell:Creating environment hook '/home/imamalghifary/ws_sensor_combined/install/x500_description/share/x500_description/hook/cmake_prefix_path.ps1'
[1.032s] INFO:colcon.colcon_core.shell:Creating environment descriptor '/home/imamalghifary/ws_sensor_combined/install/x500_description/share/x500_description/hook/cmake_prefix_path.dsv'
[1.033s] INFO:colcon.colcon_core.shell:Creating environment hook '/home/imamalghifary/ws_sensor_combined/install/x500_description/share/x500_description/hook/cmake_prefix_path.sh'
[1.034s] Level 1:colcon.colcon_core.environment:checking '/home/imamalghifary/ws_sensor_combined/install/x500_description/bin'
[1.034s] Level 1:colcon.colcon_core.environment:checking '/home/imamalghifary/ws_sensor_combined/install/x500_description/lib/pkgconfig/x500_description.pc'
[1.034s] Level 1:colcon.colcon_core.environment:checking '/home/imamalghifary/ws_sensor_combined/install/x500_description/lib/python3.10/site-packages'
[1.035s] Level 1:colcon.colcon_core.environment:checking '/home/imamalghifary/ws_sensor_combined/install/x500_description/bin'
[1.035s] INFO:colcon.colcon_core.shell:Creating package script '/home/imamalghifary/ws_sensor_combined/install/x500_description/share/x500_description/package.ps1'
[1.037s] INFO:colcon.colcon_core.shell:Creating package descriptor '/home/imamalghifary/ws_sensor_combined/install/x500_description/share/x500_description/package.dsv'
[1.038s] INFO:colcon.colcon_core.shell:Creating package script '/home/imamalghifary/ws_sensor_combined/install/x500_description/share/x500_description/package.sh'
[1.038s] INFO:colcon.colcon_core.shell:Creating package script '/home/imamalghifary/ws_sensor_combined/install/x500_description/share/x500_description/package.bash'
[1.040s] INFO:colcon.colcon_core.shell:Creating package script '/home/imamalghifary/ws_sensor_combined/install/x500_description/share/x500_description/package.zsh'
[1.041s] Level 1:colcon.colcon_core.environment:create_file_with_runtime_dependencies(/home/imamalghifary/ws_sensor_combined/install/x500_description/share/colcon-core/packages/x500_description)
[1.042s] Level 1:colcon.colcon_core.environment:create_environment_scripts_only(x500_description)
[1.042s] Level 1:colcon.colcon_core.environment:checking '/home/imamalghifary/ws_sensor_combined/install/x500_description' for CMake module files
[1.043s] Level 1:colcon.colcon_core.environment:checking '/home/imamalghifary/ws_sensor_combined/install/x500_description' for CMake config files
[1.043s] Level 1:colcon.colcon_core.shell:create_environment_hook('x500_description', 'cmake_prefix_path')
[1.044s] INFO:colcon.colcon_core.shell:Creating environment hook '/home/imamalghifary/ws_sensor_combined/install/x500_description/share/x500_description/hook/cmake_prefix_path.ps1'
[1.044s] INFO:colcon.colcon_core.shell:Creating environment descriptor '/home/imamalghifary/ws_sensor_combined/install/x500_description/share/x500_description/hook/cmake_prefix_path.dsv'
[1.045s] INFO:colcon.colcon_core.shell:Creating environment hook '/home/imamalghifary/ws_sensor_combined/install/x500_description/share/x500_description/hook/cmake_prefix_path.sh'
[1.046s] Level 1:colcon.colcon_core.environment:checking '/home/imamalghifary/ws_sensor_combined/install/x500_description/bin'
[1.046s] Level 1:colcon.colcon_core.environment:checking '/home/imamalghifary/ws_sensor_combined/install/x500_description/lib/pkgconfig/x500_description.pc'
[1.046s] Level 1:colcon.colcon_core.environment:checking '/home/imamalghifary/ws_sensor_combined/install/x500_description/lib/python3.10/site-packages'
[1.046s] Level 1:colcon.colcon_core.environment:checking '/home/imamalghifary/ws_sensor_combined/install/x500_description/bin'
[1.047s] INFO:colcon.colcon_core.shell:Creating package script '/home/imamalghifary/ws_sensor_combined/install/x500_description/share/x500_description/package.ps1'
[1.048s] INFO:colcon.colcon_core.shell:Creating package descriptor '/home/imamalghifary/ws_sensor_combined/install/x500_description/share/x500_description/package.dsv'
[1.048s] INFO:colcon.colcon_core.shell:Creating package script '/home/imamalghifary/ws_sensor_combined/install/x500_description/share/x500_description/package.sh'
[1.049s] INFO:colcon.colcon_core.shell:Creating package script '/home/imamalghifary/ws_sensor_combined/install/x500_description/share/x500_description/package.bash'
[1.050s] INFO:colcon.colcon_core.shell:Creating package script '/home/imamalghifary/ws_sensor_combined/install/x500_description/share/x500_description/package.zsh'
[1.050s] Level 1:colcon.colcon_core.environment:create_file_with_runtime_dependencies(/home/imamalghifary/ws_sensor_combined/install/x500_description/share/colcon-core/packages/x500_description)
[1.857s] DEBUG:colcon.colcon_core.event_handler.log_command:Invoking command in '/home/imamalghifary/ws_sensor_combined/build/x500_navigation': PYTHONPATH=/home/imamalghifary/ws_sensor_combined/build/x500_navigation/prefix_override:/usr/lib/python3/dist-packages/colcon_core/task/python/colcon_distutils_commands:/home/imamalghifary/ws_sensor_combined/install/x500_navigation/lib/python3.10/site-packages:${PYTHONPATH} /usr/bin/python3 -W ignore:setup.py install is deprecated -W ignore:easy_install command is deprecated setup.py develop --editable --build-directory /home/imamalghifary/ws_sensor_combined/build/x500_navigation/build --no-deps symlink_data
[1.913s] DEBUG:colcon.colcon_core.event_handler.log_command:Invoked command in '/home/imamalghifary/ws_sensor_combined/build/px4_msgs' returned '0': CMAKE_PREFIX_PATH=${CMAKE_PREFIX_PATH}:/home/imamalghifary/ws_sensor_combined/install/x500_navigation:/home/imamalghifary/ws_sensor_combined/install/x500_bridge:/home/imamalghifary/ws_sensor_combined/install/px4_offboard:/opt/ros/humble /usr/bin/cmake --build /home/imamalghifary/ws_sensor_combined/build/px4_msgs -- -j22 -l22
[1.914s] DEBUG:colcon.colcon_core.event_handler.log_command:Invoking command in '/home/imamalghifary/ws_sensor_combined/build/px4_msgs': CMAKE_PREFIX_PATH=${CMAKE_PREFIX_PATH}:/home/imamalghifary/ws_sensor_combined/install/x500_navigation:/home/imamalghifary/ws_sensor_combined/install/x500_bridge:/home/imamalghifary/ws_sensor_combined/install/px4_offboard:/opt/ros/humble /usr/bin/cmake --install /home/imamalghifary/ws_sensor_combined/build/px4_msgs
[2.660s] Level 1:colcon.colcon_core.environment:create_environment_scripts_only(px4_msgs)
[2.660s] Level 1:colcon.colcon_core.environment:checking '/home/imamalghifary/ws_sensor_combined/install/px4_msgs' for CMake module files
[2.661s] DEBUG:colcon.colcon_core.event_handler.log_command:Invoked command in '/home/imamalghifary/ws_sensor_combined/build/px4_msgs' returned '0': CMAKE_PREFIX_PATH=${CMAKE_PREFIX_PATH}:/home/imamalghifary/ws_sensor_combined/install/x500_navigation:/home/imamalghifary/ws_sensor_combined/install/x500_bridge:/home/imamalghifary/ws_sensor_combined/install/px4_offboard:/opt/ros/humble /usr/bin/cmake --install /home/imamalghifary/ws_sensor_combined/build/px4_msgs
[2.663s] Level 1:colcon.colcon_core.environment:checking '/home/imamalghifary/ws_sensor_combined/install/px4_msgs' for CMake config files
[2.663s] Level 1:colcon.colcon_core.shell:create_environment_hook('px4_msgs', 'cmake_prefix_path')
[2.664s] INFO:colcon.colcon_core.shell:Creating environment hook '/home/imamalghifary/ws_sensor_combined/install/px4_msgs/share/px4_msgs/hook/cmake_prefix_path.ps1'
[3.139s] INFO:colcon.colcon_core.shell:Creating environment descriptor '/home/imamalghifary/ws_sensor_combined/install/px4_msgs/share/px4_msgs/hook/cmake_prefix_path.dsv'
[3.140s] INFO:colcon.colcon_core.shell:Creating environment hook '/home/imamalghifary/ws_sensor_combined/install/px4_msgs/share/px4_msgs/hook/cmake_prefix_path.sh'
[3.141s] Level 1:colcon.colcon_core.environment:checking '/home/imamalghifary/ws_sensor_combined/install/px4_msgs/lib'
[3.142s] Level 1:colcon.colcon_core.shell:create_environment_hook('px4_msgs', 'ld_library_path_lib')
[3.142s] INFO:colcon.colcon_core.shell:Creating environment hook '/home/imamalghifary/ws_sensor_combined/install/px4_msgs/share/px4_msgs/hook/ld_library_path_lib.ps1'
[3.143s] INFO:colcon.colcon_core.shell:Creating environment descriptor '/home/imamalghifary/ws_sensor_combined/install/px4_msgs/share/px4_msgs/hook/ld_library_path_lib.dsv'
[3.144s] INFO:colcon.colcon_core.shell:Creating environment hook '/home/imamalghifary/ws_sensor_combined/install/px4_msgs/share/px4_msgs/hook/ld_library_path_lib.sh'
[3.145s] Level 1:colcon.colcon_core.environment:checking '/home/imamalghifary/ws_sensor_combined/install/px4_msgs/bin'
[3.145s] Level 1:colcon.colcon_core.environment:checking '/home/imamalghifary/ws_sensor_combined/install/px4_msgs/lib/pkgconfig/px4_msgs.pc'
[3.145s] Level 1:colcon.colcon_core.environment:checking '/home/imamalghifary/ws_sensor_combined/install/px4_msgs/lib/python3.10/site-packages'
[3.146s] Level 1:colcon.colcon_core.environment:checking '/home/imamalghifary/ws_sensor_combined/install/px4_msgs/bin'
[3.146s] INFO:colcon.colcon_core.shell:Creating package script '/home/imamalghifary/ws_sensor_combined/install/px4_msgs/share/px4_msgs/package.ps1'
[3.147s] INFO:colcon.colcon_core.shell:Creating package descriptor '/home/imamalghifary/ws_sensor_combined/install/px4_msgs/share/px4_msgs/package.dsv'
[3.149s] INFO:colcon.colcon_core.shell:Creating package script '/home/imamalghifary/ws_sensor_combined/install/px4_msgs/share/px4_msgs/package.sh'
[3.149s] INFO:colcon.colcon_core.shell:Creating package script '/home/imamalghifary/ws_sensor_combined/install/px4_msgs/share/px4_msgs/package.bash'
[3.150s] INFO:colcon.colcon_core.shell:Creating package script '/home/imamalghifary/ws_sensor_combined/install/px4_msgs/share/px4_msgs/package.zsh'
[3.150s] Level 1:colcon.colcon_core.environment:create_file_with_runtime_dependencies(/home/imamalghifary/ws_sensor_combined/install/px4_msgs/share/colcon-core/packages/px4_msgs)
[3.151s] Level 1:colcon.colcon_core.environment:create_environment_scripts_only(px4_msgs)
[3.152s] Level 1:colcon.colcon_core.environment:checking '/home/imamalghifary/ws_sensor_combined/install/px4_msgs' for CMake module files
[3.152s] Level 1:colcon.colcon_core.environment:checking '/home/imamalghifary/ws_sensor_combined/install/px4_msgs' for CMake config files
[3.153s] Level 1:colcon.colcon_core.shell:create_environment_hook('px4_msgs', 'cmake_prefix_path')
[3.153s] INFO:colcon.colcon_core.shell:Creating environment hook '/home/imamalghifary/ws_sensor_combined/install/px4_msgs/share/px4_msgs/hook/cmake_prefix_path.ps1'
[3.153s] INFO:colcon.colcon_core.shell:Creating environment descriptor '/home/imamalghifary/ws_sensor_combined/install/px4_msgs/share/px4_msgs/hook/cmake_prefix_path.dsv'
[3.154s] INFO:colcon.colcon_core.shell:Creating environment hook '/home/imamalghifary/ws_sensor_combined/install/px4_msgs/share/px4_msgs/hook/cmake_prefix_path.sh'
[3.155s] Level 1:colcon.colcon_core.environment:checking '/home/imamalghifary/ws_sensor_combined/install/px4_msgs/lib'
[3.155s] Level 1:colcon.colcon_core.shell:create_environment_hook('px4_msgs', 'ld_library_path_lib')
[3.155s] INFO:colcon.colcon_core.shell:Creating environment hook '/home/imamalghifary/ws_sensor_combined/install/px4_msgs/share/px4_msgs/hook/ld_library_path_lib.ps1'
[3.156s] INFO:colcon.colcon_core.shell:Creating environment descriptor '/home/imamalghifary/ws_sensor_combined/install/px4_msgs/share/px4_msgs/hook/ld_library_path_lib.dsv'
[3.156s] INFO:colcon.colcon_core.shell:Creating environment hook '/home/imamalghifary/ws_sensor_combined/install/px4_msgs/share/px4_msgs/hook/ld_library_path_lib.sh'
[3.157s] Level 1:colcon.colcon_core.environment:checking '/home/imamalghifary/ws_sensor_combined/install/px4_msgs/bin'
[3.157s] Level 1:colcon.colcon_core.environment:checking '/home/imamalghifary/ws_sensor_combined/install/px4_msgs/lib/pkgconfig/px4_msgs.pc'
[3.157s] Level 1:colcon.colcon_core.environment:checking '/home/imamalghifary/ws_sensor_combined/install/px4_msgs/lib/python3.10/site-packages'
[3.157s] Level 1:colcon.colcon_core.environment:checking '/home/imamalghifary/ws_sensor_combined/install/px4_msgs/bin'
[3.158s] INFO:colcon.colcon_core.shell:Creating package script '/home/imamalghifary/ws_sensor_combined/install/px4_msgs/share/px4_msgs/package.ps1'
[3.158s] INFO:colcon.colcon_core.shell:Creating package descriptor '/home/imamalghifary/ws_sensor_combined/install/px4_msgs/share/px4_msgs/package.dsv'
[3.159s] INFO:colcon.colcon_core.shell:Creating package script '/home/imamalghifary/ws_sensor_combined/install/px4_msgs/share/px4_msgs/package.sh'
[3.159s] INFO:colcon.colcon_core.shell:Creating package script '/home/imamalghifary/ws_sensor_combined/install/px4_msgs/share/px4_msgs/package.bash'
[3.160s] INFO:colcon.colcon_core.shell:Creating package script '/home/imamalghifary/ws_sensor_combined/install/px4_msgs/share/px4_msgs/package.zsh'
[3.160s] Level 1:colcon.colcon_core.environment:create_file_with_runtime_dependencies(/home/imamalghifary/ws_sensor_combined/install/px4_msgs/share/colcon-core/packages/px4_msgs)
[3.161s] INFO:colcon.colcon_ros.task.ament_python.build:Building ROS package in '/home/imamalghifary/ws_sensor_combined/src/ROS2_PX4_Offboard_Example/px4_offboard' with build type 'ament_python'
[3.161s] Level 1:colcon.colcon_core.shell:create_environment_hook('px4_offboard', 'ament_prefix_path')
[3.161s] INFO:colcon.colcon_core.shell:Creating environment hook '/home/imamalghifary/ws_sensor_combined/install/px4_offboard/share/px4_offboard/hook/ament_prefix_path.ps1'
[3.162s] INFO:colcon.colcon_core.shell:Creating environment descriptor '/home/imamalghifary/ws_sensor_combined/install/px4_offboard/share/px4_offboard/hook/ament_prefix_path.dsv'
[3.164s] INFO:colcon.colcon_core.shell:Creating environment hook '/home/imamalghifary/ws_sensor_combined/install/px4_offboard/share/px4_offboard/hook/ament_prefix_path.sh'
[3.164s] INFO:colcon.colcon_core.shell:Skip shell extension 'powershell' for command environment: Not usable outside of PowerShell
[3.164s] DEBUG:colcon.colcon_core.shell:Skip shell extension 'dsv' for command environment
[3.170s] INFO:colcon.colcon_ros.task.ament_cmake.build:Building ROS package in '/home/imamalghifary/ws_sensor_combined/src/px4_ros_com' with build type 'ament_cmake'
[3.170s] INFO:colcon.colcon_cmake.task.cmake.build:Building CMake package in '/home/imamalghifary/ws_sensor_combined/src/px4_ros_com'
[3.170s] INFO:colcon.colcon_core.shell:Skip shell extension 'powershell' for command environment: Not usable outside of PowerShell
[3.170s] DEBUG:colcon.colcon_core.shell:Skip shell extension 'dsv' for command environment
[3.176s] INFO:colcon.colcon_ros.task.ament_python.build:Building ROS package in '/home/imamalghifary/ws_sensor_combined/src/x500_bridge' with build type 'ament_python'
[3.177s] Level 1:colcon.colcon_core.shell:create_environment_hook('x500_bridge', 'ament_prefix_path')
[3.177s] INFO:colcon.colcon_core.shell:Creating environment hook '/home/imamalghifary/ws_sensor_combined/install/x500_bridge/share/x500_bridge/hook/ament_prefix_path.ps1'
[3.179s] INFO:colcon.colcon_core.shell:Creating environment descriptor '/home/imamalghifary/ws_sensor_combined/install/x500_bridge/share/x500_bridge/hook/ament_prefix_path.dsv'
[3.179s] INFO:colcon.colcon_core.shell:Creating environment hook '/home/imamalghifary/ws_sensor_combined/install/x500_bridge/share/x500_bridge/hook/ament_prefix_path.sh'
[3.181s] INFO:colcon.colcon_core.shell:Skip shell extension 'powershell' for command environment: Not usable outside of PowerShell
[3.181s] DEBUG:colcon.colcon_core.shell:Skip shell extension 'dsv' for command environment
[3.876s] INFO:colcon.colcon_core.task.python.build:Building Python package in '/home/imamalghifary/ws_sensor_combined/src/ROS2_PX4_Offboard_Example/px4_offboard'
[3.877s] INFO:colcon.colcon_core.shell:Skip shell extension 'powershell' for command environment: Not usable outside of PowerShell
[3.877s] DEBUG:colcon.colcon_core.shell:Skip shell extension 'dsv' for command environment
[3.893s] DEBUG:colcon.colcon_core.event_handler.log_command:Invoking command in '/home/imamalghifary/ws_sensor_combined/build/px4_ros_com': CMAKE_PREFIX_PATH=/home/imamalghifary/ws_sensor_combined/install/px4_msgs:/home/imamalghifary/ws_sensor_combined/install/x500_description:/home/imamalghifary/ws_sensor_combined/install/px4_ros_com:/home/imamalghifary/ws_sensor_combined/install/x500_navigation:/home/imamalghifary/ws_sensor_combined/install/x500_bridge:/home/imamalghifary/ws_sensor_combined/install/px4_offboard:/opt/ros/humble LD_LIBRARY_PATH=/home/imamalghifary/ws_sensor_combined/install/px4_msgs/lib:/home/imamalghifary/ws_sensor_combined/install/px4_ros_com/lib:/opt/ros/humble/opt/rviz_ogre_vendor/lib:/opt/ros/humble/lib/x86_64-linux-gnu:/opt/ros/humble/lib /usr/bin/cmake --build /home/imamalghifary/ws_sensor_combined/build/px4_ros_com -- -j22 -l22
[3.894s] Level 1:colcon.colcon_core.shell:create_environment_hook('x500_navigation', 'pythonpath_develop')
[3.895s] INFO:colcon.colcon_core.shell:Creating environment hook '/home/imamalghifary/ws_sensor_combined/build/x500_navigation/share/x500_navigation/hook/pythonpath_develop.ps1'
[3.895s] DEBUG:colcon.colcon_core.event_handler.log_command:Invoked command in '/home/imamalghifary/ws_sensor_combined/build/x500_navigation' returned '0': PYTHONPATH=/home/imamalghifary/ws_sensor_combined/build/x500_navigation/prefix_override:/usr/lib/python3/dist-packages/colcon_core/task/python/colcon_distutils_commands:/home/imamalghifary/ws_sensor_combined/install/x500_navigation/lib/python3.10/site-packages:${PYTHONPATH} /usr/bin/python3 -W ignore:setup.py install is deprecated -W ignore:easy_install command is deprecated setup.py develop --editable --build-directory /home/imamalghifary/ws_sensor_combined/build/x500_navigation/build --no-deps symlink_data
[3.896s] INFO:colcon.colcon_core.shell:Creating environment descriptor '/home/imamalghifary/ws_sensor_combined/build/x500_navigation/share/x500_navigation/hook/pythonpath_develop.dsv'
[3.897s] INFO:colcon.colcon_core.shell:Creating environment hook '/home/imamalghifary/ws_sensor_combined/build/x500_navigation/share/x500_navigation/hook/pythonpath_develop.sh'
[3.898s] Level 1:colcon.colcon_core.environment:checking '/home/imamalghifary/ws_sensor_combined/install/x500_navigation' for CMake module files
[3.898s] Level 1:colcon.colcon_core.environment:checking '/home/imamalghifary/ws_sensor_combined/install/x500_navigation' for CMake config files
[3.899s] Level 1:colcon.colcon_core.environment:checking '/home/imamalghifary/ws_sensor_combined/install/x500_navigation/lib'
[3.899s] Level 1:colcon.colcon_core.environment:checking '/home/imamalghifary/ws_sensor_combined/install/x500_navigation/bin'
[3.900s] Level 1:colcon.colcon_core.environment:checking '/home/imamalghifary/ws_sensor_combined/install/x500_navigation/lib/pkgconfig/x500_navigation.pc'
[3.900s] Level 1:colcon.colcon_core.environment:checking '/home/imamalghifary/ws_sensor_combined/install/x500_navigation/lib/python3.10/site-packages'
[3.900s] Level 1:colcon.colcon_core.shell:create_environment_hook('x500_navigation', 'pythonpath')
[3.900s] INFO:colcon.colcon_core.shell:Creating environment hook '/home/imamalghifary/ws_sensor_combined/install/x500_navigation/share/x500_navigation/hook/pythonpath.ps1'
[3.902s] INFO:colcon.colcon_core.shell:Creating environment descriptor '/home/imamalghifary/ws_sensor_combined/install/x500_navigation/share/x500_navigation/hook/pythonpath.dsv'
[3.902s] INFO:colcon.colcon_core.shell:Creating environment hook '/home/imamalghifary/ws_sensor_combined/install/x500_navigation/share/x500_navigation/hook/pythonpath.sh'
[3.904s] Level 1:colcon.colcon_core.environment:checking '/home/imamalghifary/ws_sensor_combined/install/x500_navigation/bin'
[3.904s] Level 1:colcon.colcon_core.environment:create_environment_scripts_only(x500_navigation)
[3.904s] INFO:colcon.colcon_core.shell:Creating package script '/home/imamalghifary/ws_sensor_combined/install/x500_navigation/share/x500_navigation/package.ps1'
[3.905s] INFO:colcon.colcon_core.shell:Creating package descriptor '/home/imamalghifary/ws_sensor_combined/install/x500_navigation/share/x500_navigation/package.dsv'
[3.906s] INFO:colcon.colcon_core.shell:Creating package script '/home/imamalghifary/ws_sensor_combined/install/x500_navigation/share/x500_navigation/package.sh'
[3.906s] INFO:colcon.colcon_core.shell:Creating package script '/home/imamalghifary/ws_sensor_combined/install/x500_navigation/share/x500_navigation/package.bash'
[3.907s] INFO:colcon.colcon_core.shell:Creating package script '/home/imamalghifary/ws_sensor_combined/install/x500_navigation/share/x500_navigation/package.zsh'
[3.908s] Level 1:colcon.colcon_core.environment:create_file_with_runtime_dependencies(/home/imamalghifary/ws_sensor_combined/install/x500_navigation/share/colcon-core/packages/x500_navigation)
[4.638s] INFO:colcon.colcon_core.task.python.build:Building Python package in '/home/imamalghifary/ws_sensor_combined/src/x500_bridge'
[4.638s] INFO:colcon.colcon_core.shell:Skip shell extension 'powershell' for command environment: Not usable outside of PowerShell
[4.639s] DEBUG:colcon.colcon_core.shell:Skip shell extension 'dsv' for command environment
[4.704s] DEBUG:colcon.colcon_core.event_handler.log_command:Invoked command in '/home/imamalghifary/ws_sensor_combined/build/px4_ros_com' returned '0': CMAKE_PREFIX_PATH=/home/imamalghifary/ws_sensor_combined/install/px4_msgs:/home/imamalghifary/ws_sensor_combined/install/x500_description:/home/imamalghifary/ws_sensor_combined/install/px4_ros_com:/home/imamalghifary/ws_sensor_combined/install/x500_navigation:/home/imamalghifary/ws_sensor_combined/install/x500_bridge:/home/imamalghifary/ws_sensor_combined/install/px4_offboard:/opt/ros/humble LD_LIBRARY_PATH=/home/imamalghifary/ws_sensor_combined/install/px4_msgs/lib:/home/imamalghifary/ws_sensor_combined/install/px4_ros_com/lib:/opt/ros/humble/opt/rviz_ogre_vendor/lib:/opt/ros/humble/lib/x86_64-linux-gnu:/opt/ros/humble/lib /usr/bin/cmake --build /home/imamalghifary/ws_sensor_combined/build/px4_ros_com -- -j22 -l22
[4.709s] DEBUG:colcon.colcon_core.event_handler.log_command:Invoking command in '/home/imamalghifary/ws_sensor_combined/build/px4_ros_com': CMAKE_PREFIX_PATH=/home/imamalghifary/ws_sensor_combined/install/px4_msgs:/home/imamalghifary/ws_sensor_combined/install/x500_description:/home/imamalghifary/ws_sensor_combined/install/px4_ros_com:/home/imamalghifary/ws_sensor_combined/install/x500_navigation:/home/imamalghifary/ws_sensor_combined/install/x500_bridge:/home/imamalghifary/ws_sensor_combined/install/px4_offboard:/opt/ros/humble LD_LIBRARY_PATH=/home/imamalghifary/ws_sensor_combined/install/px4_msgs/lib:/home/imamalghifary/ws_sensor_combined/install/px4_ros_com/lib:/opt/ros/humble/opt/rviz_ogre_vendor/lib:/opt/ros/humble/lib/x86_64-linux-gnu:/opt/ros/humble/lib /usr/bin/cmake --install /home/imamalghifary/ws_sensor_combined/build/px4_ros_com
[4.826s] Level 1:colcon.colcon_core.environment:create_environment_scripts_only(px4_ros_com)
[4.826s] Level 1:colcon.colcon_core.environment:checking '/home/imamalghifary/ws_sensor_combined/install/px4_ros_com' for CMake module files
[4.827s] DEBUG:colcon.colcon_core.event_handler.log_command:Invoked command in '/home/imamalghifary/ws_sensor_combined/build/px4_ros_com' returned '0': CMAKE_PREFIX_PATH=/home/imamalghifary/ws_sensor_combined/install/px4_msgs:/home/imamalghifary/ws_sensor_combined/install/x500_description:/home/imamalghifary/ws_sensor_combined/install/px4_ros_com:/home/imamalghifary/ws_sensor_combined/install/x500_navigation:/home/imamalghifary/ws_sensor_combined/install/x500_bridge:/home/imamalghifary/ws_sensor_combined/install/px4_offboard:/opt/ros/humble LD_LIBRARY_PATH=/home/imamalghifary/ws_sensor_combined/install/px4_msgs/lib:/home/imamalghifary/ws_sensor_combined/install/px4_ros_com/lib:/opt/ros/humble/opt/rviz_ogre_vendor/lib:/opt/ros/humble/lib/x86_64-linux-gnu:/opt/ros/humble/lib /usr/bin/cmake --install /home/imamalghifary/ws_sensor_combined/build/px4_ros_com
[4.828s] Level 1:colcon.colcon_core.environment:checking '/home/imamalghifary/ws_sensor_combined/install/px4_ros_com' for CMake config files
[4.829s] Level 1:colcon.colcon_core.shell:create_environment_hook('px4_ros_com', 'cmake_prefix_path')
[4.829s] INFO:colcon.colcon_core.shell:Creating environment hook '/home/imamalghifary/ws_sensor_combined/install/px4_ros_com/share/px4_ros_com/hook/cmake_prefix_path.ps1'
[4.830s] INFO:colcon.colcon_core.shell:Creating environment descriptor '/home/imamalghifary/ws_sensor_combined/install/px4_ros_com/share/px4_ros_com/hook/cmake_prefix_path.dsv'
[4.830s] INFO:colcon.colcon_core.shell:Creating environment hook '/home/imamalghifary/ws_sensor_combined/install/px4_ros_com/share/px4_ros_com/hook/cmake_prefix_path.sh'
[4.831s] Level 1:colcon.colcon_core.environment:checking '/home/imamalghifary/ws_sensor_combined/install/px4_ros_com/lib'
[4.832s] Level 1:colcon.colcon_core.shell:create_environment_hook('px4_ros_com', 'ld_library_path_lib')
[4.832s] INFO:colcon.colcon_core.shell:Creating environment hook '/home/imamalghifary/ws_sensor_combined/install/px4_ros_com/share/px4_ros_com/hook/ld_library_path_lib.ps1'
[4.833s] INFO:colcon.colcon_core.shell:Creating environment descriptor '/home/imamalghifary/ws_sensor_combined/install/px4_ros_com/share/px4_ros_com/hook/ld_library_path_lib.dsv'
[4.834s] INFO:colcon.colcon_core.shell:Creating environment hook '/home/imamalghifary/ws_sensor_combined/install/px4_ros_com/share/px4_ros_com/hook/ld_library_path_lib.sh'
[4.835s] Level 1:colcon.colcon_core.environment:checking '/home/imamalghifary/ws_sensor_combined/install/px4_ros_com/bin'
[4.835s] Level 1:colcon.colcon_core.environment:checking '/home/imamalghifary/ws_sensor_combined/install/px4_ros_com/lib/pkgconfig/px4_ros_com.pc'
[4.836s] Level 1:colcon.colcon_core.environment:checking '/home/imamalghifary/ws_sensor_combined/install/px4_ros_com/lib/python3.10/site-packages'
[4.836s] Level 1:colcon.colcon_core.environment:checking '/home/imamalghifary/ws_sensor_combined/install/px4_ros_com/bin'
[4.837s] INFO:colcon.colcon_core.shell:Creating package script '/home/imamalghifary/ws_sensor_combined/install/px4_ros_com/share/px4_ros_com/package.ps1'
[4.838s] INFO:colcon.colcon_core.shell:Creating package descriptor '/home/imamalghifary/ws_sensor_combined/install/px4_ros_com/share/px4_ros_com/package.dsv'
[4.840s] INFO:colcon.colcon_core.shell:Creating package script '/home/imamalghifary/ws_sensor_combined/install/px4_ros_com/share/px4_ros_com/package.sh'
[4.841s] INFO:colcon.colcon_core.shell:Creating package script '/home/imamalghifary/ws_sensor_combined/install/px4_ros_com/share/px4_ros_com/package.bash'
[4.842s] INFO:colcon.colcon_core.shell:Creating package script '/home/imamalghifary/ws_sensor_combined/install/px4_ros_com/share/px4_ros_com/package.zsh'
[4.842s] Level 1:colcon.colcon_core.environment:create_file_with_runtime_dependencies(/home/imamalghifary/ws_sensor_combined/install/px4_ros_com/share/colcon-core/packages/px4_ros_com)
[4.843s] Level 1:colcon.colcon_core.environment:create_environment_scripts_only(px4_ros_com)
[4.843s] Level 1:colcon.colcon_core.environment:checking '/home/imamalghifary/ws_sensor_combined/install/px4_ros_com' for CMake module files
[4.844s] Level 1:colcon.colcon_core.environment:checking '/home/imamalghifary/ws_sensor_combined/install/px4_ros_com' for CMake config files
[4.844s] Level 1:colcon.colcon_core.shell:create_environment_hook('px4_ros_com', 'cmake_prefix_path')
[4.845s] INFO:colcon.colcon_core.shell:Creating environment hook '/home/imamalghifary/ws_sensor_combined/install/px4_ros_com/share/px4_ros_com/hook/cmake_prefix_path.ps1'
[4.845s] INFO:colcon.colcon_core.shell:Creating environment descriptor '/home/imamalghifary/ws_sensor_combined/install/px4_ros_com/share/px4_ros_com/hook/cmake_prefix_path.dsv'
[4.846s] INFO:colcon.colcon_core.shell:Creating environment hook '/home/imamalghifary/ws_sensor_combined/install/px4_ros_com/share/px4_ros_com/hook/cmake_prefix_path.sh'
[4.847s] Level 1:colcon.colcon_core.environment:checking '/home/imamalghifary/ws_sensor_combined/install/px4_ros_com/lib'
[4.847s] Level 1:colcon.colcon_core.shell:create_environment_hook('px4_ros_com', 'ld_library_path_lib')
[4.847s] INFO:colcon.colcon_core.shell:Creating environment hook '/home/imamalghifary/ws_sensor_combined/install/px4_ros_com/share/px4_ros_com/hook/ld_library_path_lib.ps1'
[4.848s] INFO:colcon.colcon_core.shell:Creating environment descriptor '/home/imamalghifary/ws_sensor_combined/install/px4_ros_com/share/px4_ros_com/hook/ld_library_path_lib.dsv'
[4.848s] INFO:colcon.colcon_core.shell:Creating environment hook '/home/imamalghifary/ws_sensor_combined/install/px4_ros_com/share/px4_ros_com/hook/ld_library_path_lib.sh'
[4.849s] Level 1:colcon.colcon_core.environment:checking '/home/imamalghifary/ws_sensor_combined/install/px4_ros_com/bin'
[4.849s] Level 1:colcon.colcon_core.environment:checking '/home/imamalghifary/ws_sensor_combined/install/px4_ros_com/lib/pkgconfig/px4_ros_com.pc'
[4.849s] Level 1:colcon.colcon_core.environment:checking '/home/imamalghifary/ws_sensor_combined/install/px4_ros_com/lib/python3.10/site-packages'
[4.850s] Level 1:colcon.colcon_core.environment:checking '/home/imamalghifary/ws_sensor_combined/install/px4_ros_com/bin'
[4.850s] INFO:colcon.colcon_core.shell:Creating package script '/home/imamalghifary/ws_sensor_combined/install/px4_ros_com/share/px4_ros_com/package.ps1'
[4.851s] INFO:colcon.colcon_core.shell:Creating package descriptor '/home/imamalghifary/ws_sensor_combined/install/px4_ros_com/share/px4_ros_com/package.dsv'
[4.852s] INFO:colcon.colcon_core.shell:Creating package script '/home/imamalghifary/ws_sensor_combined/install/px4_ros_com/share/px4_ros_com/package.sh'
[4.852s] INFO:colcon.colcon_core.shell:Creating package script '/home/imamalghifary/ws_sensor_combined/install/px4_ros_com/share/px4_ros_com/package.bash'
[4.853s] INFO:colcon.colcon_core.shell:Creating package script '/home/imamalghifary/ws_sensor_combined/install/px4_ros_com/share/px4_ros_com/package.zsh'
[4.854s] Level 1:colcon.colcon_core.environment:create_file_with_runtime_dependencies(/home/imamalghifary/ws_sensor_combined/install/px4_ros_com/share/colcon-core/packages/px4_ros_com)
[5.878s] DEBUG:colcon.colcon_core.event_handler.log_command:Invoking command in '/home/imamalghifary/ws_sensor_combined/build/px4_offboard': CMAKE_PREFIX_PATH=/home/imamalghifary/ws_sensor_combined/install/px4_msgs:/home/imamalghifary/ws_sensor_combined/install/x500_description:/home/imamalghifary/ws_sensor_combined/install/px4_ros_com LD_LIBRARY_PATH=/home/imamalghifary/ws_sensor_combined/install/px4_msgs/lib:/home/imamalghifary/ws_sensor_combined/install/px4_ros_com/lib:/opt/ros/humble/opt/rviz_ogre_vendor/lib:/opt/ros/humble/lib/x86_64-linux-gnu:/opt/ros/humble/lib PYTHONPATH=/home/imamalghifary/ws_sensor_combined/build/px4_offboard/prefix_override:/usr/lib/python3/dist-packages/colcon_core/task/python/colcon_distutils_commands:/home/imamalghifary/ws_sensor_combined/install/px4_offboard/lib/python3.10/site-packages:${PYTHONPATH} /usr/bin/python3 -W ignore:setup.py install is deprecated -W ignore:easy_install command is deprecated setup.py develop --editable --build-directory /home/imamalghifary/ws_sensor_combined/build/px4_offboard/build --no-deps symlink_data
[5.903s] DEBUG:colcon.colcon_core.event_handler.log_command:Invoking command in '/home/imamalghifary/ws_sensor_combined/build/x500_bridge': CMAKE_PREFIX_PATH=/home/imamalghifary/ws_sensor_combined/install/px4_msgs:/home/imamalghifary/ws_sensor_combined/install/x500_description:/home/imamalghifary/ws_sensor_combined/install/px4_ros_com LD_LIBRARY_PATH=/home/imamalghifary/ws_sensor_combined/install/px4_msgs/lib:/home/imamalghifary/ws_sensor_combined/install/px4_ros_com/lib:/opt/ros/humble/opt/rviz_ogre_vendor/lib:/opt/ros/humble/lib/x86_64-linux-gnu:/opt/ros/humble/lib PYTHONPATH=/home/imamalghifary/ws_sensor_combined/build/x500_bridge/prefix_override:/usr/lib/python3/dist-packages/colcon_core/task/python/colcon_distutils_commands:/home/imamalghifary/ws_sensor_combined/install/x500_bridge/lib/python3.10/site-packages:${PYTHONPATH} /usr/bin/python3 -W ignore:setup.py install is deprecated -W ignore:easy_install command is deprecated setup.py develop --editable --build-directory /home/imamalghifary/ws_sensor_combined/build/x500_bridge/build --no-deps symlink_data
[7.200s] Level 1:colcon.colcon_core.shell:create_environment_hook('px4_offboard', 'pythonpath_develop')
[7.201s] INFO:colcon.colcon_core.shell:Creating environment hook '/home/imamalghifary/ws_sensor_combined/build/px4_offboard/share/px4_offboard/hook/pythonpath_develop.ps1'
[7.202s] DEBUG:colcon.colcon_core.event_handler.log_command:Invoked command in '/home/imamalghifary/ws_sensor_combined/build/px4_offboard' returned '0': CMAKE_PREFIX_PATH=/home/imamalghifary/ws_sensor_combined/install/px4_msgs:/home/imamalghifary/ws_sensor_combined/install/x500_description:/home/imamalghifary/ws_sensor_combined/install/px4_ros_com LD_LIBRARY_PATH=/home/imamalghifary/ws_sensor_combined/install/px4_msgs/lib:/home/imamalghifary/ws_sensor_combined/install/px4_ros_com/lib:/opt/ros/humble/opt/rviz_ogre_vendor/lib:/opt/ros/humble/lib/x86_64-linux-gnu:/opt/ros/humble/lib PYTHONPATH=/home/imamalghifary/ws_sensor_combined/build/px4_offboard/prefix_override:/usr/lib/python3/dist-packages/colcon_core/task/python/colcon_distutils_commands:/home/imamalghifary/ws_sensor_combined/install/px4_offboard/lib/python3.10/site-packages:${PYTHONPATH} /usr/bin/python3 -W ignore:setup.py install is deprecated -W ignore:easy_install command is deprecated setup.py develop --editable --build-directory /home/imamalghifary/ws_sensor_combined/build/px4_offboard/build --no-deps symlink_data
[7.204s] INFO:colcon.colcon_core.shell:Creating environment descriptor '/home/imamalghifary/ws_sensor_combined/build/px4_offboard/share/px4_offboard/hook/pythonpath_develop.dsv'
[7.205s] INFO:colcon.colcon_core.shell:Creating environment hook '/home/imamalghifary/ws_sensor_combined/build/px4_offboard/share/px4_offboard/hook/pythonpath_develop.sh'
[7.206s] Level 1:colcon.colcon_core.environment:checking '/home/imamalghifary/ws_sensor_combined/install/px4_offboard' for CMake module files
[7.210s] Level 1:colcon.colcon_core.environment:checking '/home/imamalghifary/ws_sensor_combined/install/px4_offboard' for CMake config files
[7.212s] Level 1:colcon.colcon_core.environment:checking '/home/imamalghifary/ws_sensor_combined/install/px4_offboard/lib'
[7.212s] Level 1:colcon.colcon_core.environment:checking '/home/imamalghifary/ws_sensor_combined/install/px4_offboard/bin'
[7.212s] Level 1:colcon.colcon_core.environment:checking '/home/imamalghifary/ws_sensor_combined/install/px4_offboard/lib/pkgconfig/px4_offboard.pc'
[7.213s] Level 1:colcon.colcon_core.environment:checking '/home/imamalghifary/ws_sensor_combined/install/px4_offboard/lib/python3.10/site-packages'
[7.213s] Level 1:colcon.colcon_core.shell:create_environment_hook('px4_offboard', 'pythonpath')
[7.213s] INFO:colcon.colcon_core.shell:Creating environment hook '/home/imamalghifary/ws_sensor_combined/install/px4_offboard/share/px4_offboard/hook/pythonpath.ps1'
[7.214s] INFO:colcon.colcon_core.shell:Creating environment descriptor '/home/imamalghifary/ws_sensor_combined/install/px4_offboard/share/px4_offboard/hook/pythonpath.dsv'
[7.215s] INFO:colcon.colcon_core.shell:Creating environment hook '/home/imamalghifary/ws_sensor_combined/install/px4_offboard/share/px4_offboard/hook/pythonpath.sh'
[7.216s] Level 1:colcon.colcon_core.environment:checking '/home/imamalghifary/ws_sensor_combined/install/px4_offboard/bin'
[7.216s] Level 1:colcon.colcon_core.environment:create_environment_scripts_only(px4_offboard)
[7.216s] INFO:colcon.colcon_core.shell:Creating package script '/home/imamalghifary/ws_sensor_combined/install/px4_offboard/share/px4_offboard/package.ps1'
[7.217s] INFO:colcon.colcon_core.shell:Creating package descriptor '/home/imamalghifary/ws_sensor_combined/install/px4_offboard/share/px4_offboard/package.dsv'
[7.219s] INFO:colcon.colcon_core.shell:Creating package script '/home/imamalghifary/ws_sensor_combined/install/px4_offboard/share/px4_offboard/package.sh'
[7.220s] INFO:colcon.colcon_core.shell:Creating package script '/home/imamalghifary/ws_sensor_combined/install/px4_offboard/share/px4_offboard/package.bash'
[7.221s] INFO:colcon.colcon_core.shell:Creating package script '/home/imamalghifary/ws_sensor_combined/install/px4_offboard/share/px4_offboard/package.zsh'
[7.222s] Level 1:colcon.colcon_core.environment:create_file_with_runtime_dependencies(/home/imamalghifary/ws_sensor_combined/install/px4_offboard/share/colcon-core/packages/px4_offboard)
[7.295s] Level 1:colcon.colcon_core.shell:create_environment_hook('x500_bridge', 'pythonpath_develop')
[7.296s] INFO:colcon.colcon_core.shell:Creating environment hook '/home/imamalghifary/ws_sensor_combined/build/x500_bridge/share/x500_bridge/hook/pythonpath_develop.ps1'
[7.297s] DEBUG:colcon.colcon_core.event_handler.log_command:Invoked command in '/home/imamalghifary/ws_sensor_combined/build/x500_bridge' returned '0': CMAKE_PREFIX_PATH=/home/imamalghifary/ws_sensor_combined/install/px4_msgs:/home/imamalghifary/ws_sensor_combined/install/x500_description:/home/imamalghifary/ws_sensor_combined/install/px4_ros_com LD_LIBRARY_PATH=/home/imamalghifary/ws_sensor_combined/install/px4_msgs/lib:/home/imamalghifary/ws_sensor_combined/install/px4_ros_com/lib:/opt/ros/humble/opt/rviz_ogre_vendor/lib:/opt/ros/humble/lib/x86_64-linux-gnu:/opt/ros/humble/lib PYTHONPATH=/home/imamalghifary/ws_sensor_combined/build/x500_bridge/prefix_override:/usr/lib/python3/dist-packages/colcon_core/task/python/colcon_distutils_commands:/home/imamalghifary/ws_sensor_combined/install/x500_bridge/lib/python3.10/site-packages:${PYTHONPATH} /usr/bin/python3 -W ignore:setup.py install is deprecated -W ignore:easy_install command is deprecated setup.py develop --editable --build-directory /home/imamalghifary/ws_sensor_combined/build/x500_bridge/build --no-deps symlink_data
[7.298s] INFO:colcon.colcon_core.shell:Creating environment descriptor '/home/imamalghifary/ws_sensor_combined/build/x500_bridge/share/x500_bridge/hook/pythonpath_develop.dsv'
[7.299s] INFO:colcon.colcon_core.shell:Creating environment hook '/home/imamalghifary/ws_sensor_combined/build/x500_bridge/share/x500_bridge/hook/pythonpath_develop.sh'
[7.300s] Level 1:colcon.colcon_core.environment:checking '/home/imamalghifary/ws_sensor_combined/install/x500_bridge' for CMake module files
[7.302s] Level 1:colcon.colcon_core.environment:checking '/home/imamalghifary/ws_sensor_combined/install/x500_bridge' for CMake config files
[7.303s] Level 1:colcon.colcon_core.environment:checking '/home/imamalghifary/ws_sensor_combined/install/x500_bridge/lib'
[7.304s] Level 1:colcon.colcon_core.environment:checking '/home/imamalghifary/ws_sensor_combined/install/x500_bridge/bin'
[7.304s] Level 1:colcon.colcon_core.environment:checking '/home/imamalghifary/ws_sensor_combined/install/x500_bridge/lib/pkgconfig/x500_bridge.pc'
[7.304s] Level 1:colcon.colcon_core.environment:checking '/home/imamalghifary/ws_sensor_combined/install/x500_bridge/lib/python3.10/site-packages'
[7.304s] Level 1:colcon.colcon_core.shell:create_environment_hook('x500_bridge', 'pythonpath')
[7.304s] INFO:colcon.colcon_core.shell:Creating environment hook '/home/imamalghifary/ws_sensor_combined/install/x500_bridge/share/x500_bridge/hook/pythonpath.ps1'
[7.306s] INFO:colcon.colcon_core.shell:Creating environment descriptor '/home/imamalghifary/ws_sensor_combined/install/x500_bridge/share/x500_bridge/hook/pythonpath.dsv'
[7.307s] INFO:colcon.colcon_core.shell:Creating environment hook '/home/imamalghifary/ws_sensor_combined/install/x500_bridge/share/x500_bridge/hook/pythonpath.sh'
[7.308s] Level 1:colcon.colcon_core.environment:checking '/home/imamalghifary/ws_sensor_combined/install/x500_bridge/bin'
[7.308s] Level 1:colcon.colcon_core.environment:create_environment_scripts_only(x500_bridge)
[7.309s] INFO:colcon.colcon_core.shell:Creating package script '/home/imamalghifary/ws_sensor_combined/install/x500_bridge/share/x500_bridge/package.ps1'
[7.310s] INFO:colcon.colcon_core.shell:Creating package descriptor '/home/imamalghifary/ws_sensor_combined/install/x500_bridge/share/x500_bridge/package.dsv'
[7.310s] INFO:colcon.colcon_core.shell:Creating package script '/home/imamalghifary/ws_sensor_combined/install/x500_bridge/share/x500_bridge/package.sh'
[7.311s] INFO:colcon.colcon_core.shell:Creating package script '/home/imamalghifary/ws_sensor_combined/install/x500_bridge/share/x500_bridge/package.bash'
[7.311s] INFO:colcon.colcon_core.shell:Creating package script '/home/imamalghifary/ws_sensor_combined/install/x500_bridge/share/x500_bridge/package.zsh'
[7.312s] Level 1:colcon.colcon_core.environment:create_file_with_runtime_dependencies(/home/imamalghifary/ws_sensor_combined/install/x500_bridge/share/colcon-core/packages/x500_bridge)
[7.312s] DEBUG:colcon.colcon_parallel_executor.executor.parallel:closing loop
[7.313s] DEBUG:colcon.colcon_parallel_executor.executor.parallel:loop closed
[7.314s] DEBUG:colcon.colcon_parallel_executor.executor.parallel:run_until_complete finished with '0'
[7.314s] DEBUG:colcon.colcon_core.event_reactor:joining thread
[7.323s] INFO:colcon.colcon_core.plugin_system:Skipping extension 'colcon_notification.desktop_notification.terminal_notifier': Not used on non-Darwin systems
[7.323s] INFO:colcon.colcon_core.plugin_system:Skipping extension 'colcon_notification.desktop_notification.win32': Not used on non-Windows systems
[7.323s] INFO:colcon.colcon_notification.desktop_notification:Sending desktop notification using 'notify2'
[7.347s] DEBUG:colcon.colcon_core.event_reactor:joined thread
[7.348s] INFO:colcon.colcon_core.shell:Creating prefix script '/home/imamalghifary/ws_sensor_combined/install/local_setup.ps1'
[7.349s] INFO:colcon.colcon_core.shell:Creating prefix util module '/home/imamalghifary/ws_sensor_combined/install/_local_setup_util_ps1.py'
[7.352s] INFO:colcon.colcon_core.shell:Creating prefix chain script '/home/imamalghifary/ws_sensor_combined/install/setup.ps1'
[7.353s] INFO:colcon.colcon_core.shell:Creating prefix script '/home/imamalghifary/ws_sensor_combined/install/local_setup.sh'
[7.355s] INFO:colcon.colcon_core.shell:Creating prefix util module '/home/imamalghifary/ws_sensor_combined/install/_local_setup_util_sh.py'
[7.356s] INFO:colcon.colcon_core.shell:Creating prefix chain script '/home/imamalghifary/ws_sensor_combined/install/setup.sh'
[7.359s] INFO:colcon.colcon_core.shell:Creating prefix script '/home/imamalghifary/ws_sensor_combined/install/local_setup.bash'
[7.360s] INFO:colcon.colcon_core.shell:Creating prefix chain script '/home/imamalghifary/ws_sensor_combined/install/setup.bash'
[7.363s] INFO:colcon.colcon_core.shell:Creating prefix script '/home/imamalghifary/ws_sensor_combined/install/local_setup.zsh'
[7.364s] INFO:colcon.colcon_core.shell:Creating prefix chain script '/home/imamalghifary/ws_sensor_combined/install/setup.zsh'
