[1.475s] Invoking command in '/home/imamalghifary/ws_sensor_combined/build/px4_offboard': CMAKE_PREFIX_PATH=/home/imamalghifary/ws_sensor_combined/install/px4_msgs:/home/imamalghifary/ws_sensor_combined/install/x500_description:/home/imamalghifary/ws_sensor_combined/install/px4_ros_com LD_LIBRARY_PATH=/home/imamalghifary/ws_sensor_combined/install/px4_msgs/lib:/home/imamalghifary/ws_sensor_combined/install/px4_ros_com/lib:/opt/ros/humble/opt/rviz_ogre_vendor/lib:/opt/ros/humble/lib/x86_64-linux-gnu:/opt/ros/humble/lib PYTHONPATH=/home/imamalghifary/ws_sensor_combined/build/px4_offboard/prefix_override:/usr/lib/python3/dist-packages/colcon_core/task/python/colcon_distutils_commands:/home/imamalghifary/ws_sensor_combined/install/px4_offboard/lib/python3.10/site-packages:${PYTHONPATH} /usr/bin/python3 -W ignore:setup.py install is deprecated -W ignore:easy_install command is deprecated setup.py develop --uninstall --editable --build-directory /home/imamalghifary/ws_sensor_combined/build/px4_offboard/build
[1.826s] running develop
[2.057s] Removing /home/imamalghifary/ws_sensor_combined/install/px4_offboard/lib/python3.10/site-packages/px4-offboard.egg-link (link to .)
[2.102s] Invoked command in '/home/imamalghifary/ws_sensor_combined/build/px4_offboard' returned '0': CMAKE_PREFIX_PATH=/home/imamalghifary/ws_sensor_combined/install/px4_msgs:/home/imamalghifary/ws_sensor_combined/install/x500_description:/home/imamalghifary/ws_sensor_combined/install/px4_ros_com LD_LIBRARY_PATH=/home/imamalghifary/ws_sensor_combined/install/px4_msgs/lib:/home/imamalghifary/ws_sensor_combined/install/px4_ros_com/lib:/opt/ros/humble/opt/rviz_ogre_vendor/lib:/opt/ros/humble/lib/x86_64-linux-gnu:/opt/ros/humble/lib PYTHONPATH=/home/imamalghifary/ws_sensor_combined/build/px4_offboard/prefix_override:/usr/lib/python3/dist-packages/colcon_core/task/python/colcon_distutils_commands:/home/imamalghifary/ws_sensor_combined/install/px4_offboard/lib/python3.10/site-packages:${PYTHONPATH} /usr/bin/python3 -W ignore:setup.py install is deprecated -W ignore:easy_install command is deprecated setup.py develop --uninstall --editable --build-directory /home/imamalghifary/ws_sensor_combined/build/px4_offboard/build
[2.105s] Invoking command in '/home/imamalghifary/ws_sensor_combined/src/ROS2_PX4_Offboard_Example/px4_offboard': CMAKE_PREFIX_PATH=/home/imamalghifary/ws_sensor_combined/install/px4_msgs:/home/imamalghifary/ws_sensor_combined/install/x500_description:/home/imamalghifary/ws_sensor_combined/install/px4_ros_com LD_LIBRARY_PATH=/home/imamalghifary/ws_sensor_combined/install/px4_msgs/lib:/home/imamalghifary/ws_sensor_combined/install/px4_ros_com/lib:/opt/ros/humble/opt/rviz_ogre_vendor/lib:/opt/ros/humble/lib/x86_64-linux-gnu:/opt/ros/humble/lib PYTHONPATH=/home/imamalghifary/ws_sensor_combined/build/px4_offboard/prefix_override:/usr/lib/python3/dist-packages/colcon_core/task/python/colcon_distutils_commands:/home/imamalghifary/ws_sensor_combined/install/px4_offboard/lib/python3.10/site-packages:${PYTHONPATH} /usr/bin/python3 -W ignore:setup.py install is deprecated -W ignore:easy_install command is deprecated setup.py egg_info --egg-base ../../../build/px4_offboard build --build-base /home/imamalghifary/ws_sensor_combined/build/px4_offboard/build install --record /home/imamalghifary/ws_sensor_combined/build/px4_offboard/install.log --single-version-externally-managed install_data --force
[2.497s] running egg_info
[2.512s] writing ../../../build/px4_offboard/px4_offboard.egg-info/PKG-INFO
[3.063s] writing dependency_links to ../../../build/px4_offboard/px4_offboard.egg-info/dependency_links.txt
[3.063s] writing entry points to ../../../build/px4_offboard/px4_offboard.egg-info/entry_points.txt
[3.064s] writing requirements to ../../../build/px4_offboard/px4_offboard.egg-info/requires.txt
[3.064s] writing top-level names to ../../../build/px4_offboard/px4_offboard.egg-info/top_level.txt
[3.096s] reading manifest file '../../../build/px4_offboard/px4_offboard.egg-info/SOURCES.txt'
[3.191s] adding license file 'LICENSE'
[3.191s] writing manifest file '../../../build/px4_offboard/px4_offboard.egg-info/SOURCES.txt'
[3.203s] running build
[3.203s] running build_py
[3.203s] running install
[3.209s] running install_lib
[3.220s] copying /home/imamalghifary/ws_sensor_combined/build/px4_offboard/build/lib/px4_offboard/control.py -> /home/imamalghifary/ws_sensor_combined/install/px4_offboard/lib/python3.10/site-packages/px4_offboard
[3.220s] copying /home/imamalghifary/ws_sensor_combined/build/px4_offboard/build/lib/px4_offboard/visualizer.py -> /home/imamalghifary/ws_sensor_combined/install/px4_offboard/lib/python3.10/site-packages/px4_offboard
[3.220s] copying /home/imamalghifary/ws_sensor_combined/build/px4_offboard/build/lib/px4_offboard/processes.py -> /home/imamalghifary/ws_sensor_combined/install/px4_offboard/lib/python3.10/site-packages/px4_offboard
[3.220s] copying /home/imamalghifary/ws_sensor_combined/build/px4_offboard/build/lib/px4_offboard/__init__.py -> /home/imamalghifary/ws_sensor_combined/install/px4_offboard/lib/python3.10/site-packages/px4_offboard
[3.220s] copying /home/imamalghifary/ws_sensor_combined/build/px4_offboard/build/lib/px4_offboard/velocity_control.py -> /home/imamalghifary/ws_sensor_combined/install/px4_offboard/lib/python3.10/site-packages/px4_offboard
[3.220s] byte-compiling /home/imamalghifary/ws_sensor_combined/install/px4_offboard/lib/python3.10/site-packages/px4_offboard/control.py to control.cpython-310.pyc
[3.221s] byte-compiling /home/imamalghifary/ws_sensor_combined/install/px4_offboard/lib/python3.10/site-packages/px4_offboard/visualizer.py to visualizer.cpython-310.pyc
[3.222s] byte-compiling /home/imamalghifary/ws_sensor_combined/install/px4_offboard/lib/python3.10/site-packages/px4_offboard/processes.py to processes.cpython-310.pyc
[3.222s] byte-compiling /home/imamalghifary/ws_sensor_combined/install/px4_offboard/lib/python3.10/site-packages/px4_offboard/__init__.py to __init__.cpython-310.pyc
[3.222s] byte-compiling /home/imamalghifary/ws_sensor_combined/install/px4_offboard/lib/python3.10/site-packages/px4_offboard/velocity_control.py to velocity_control.cpython-310.pyc
[3.224s] running install_data
[3.224s] copying resource/px4_offboard -> /home/imamalghifary/ws_sensor_combined/install/px4_offboard/share/ament_index/resource_index/packages
[3.224s] copying resource/visualize.rviz -> /home/imamalghifary/ws_sensor_combined/install/px4_offboard/share/ament_index/resource_index/packages
[3.224s] copying package.xml -> /home/imamalghifary/ws_sensor_combined/install/px4_offboard/share/px4_offboard
[3.224s] copying launch/offboard_velocity_control.launch.py -> /home/imamalghifary/ws_sensor_combined/install/px4_offboard/share/px4_offboard
[3.224s] copying resource/visualize.rviz -> /home/imamalghifary/ws_sensor_combined/install/px4_offboard/share/px4_offboard
[3.225s] running install_egg_info
[3.239s] Copying ../../../build/px4_offboard/px4_offboard.egg-info to /home/imamalghifary/ws_sensor_combined/install/px4_offboard/lib/python3.10/site-packages/px4_offboard-0.0.0-py3.10.egg-info
[3.272s] running install_scripts
[3.322s] Installing control script to /home/imamalghifary/ws_sensor_combined/install/px4_offboard/lib/px4_offboard
[3.322s] Installing offboard_control script to /home/imamalghifary/ws_sensor_combined/install/px4_offboard/lib/px4_offboard
[3.322s] Installing processes script to /home/imamalghifary/ws_sensor_combined/install/px4_offboard/lib/px4_offboard
[3.322s] Installing velocity_control script to /home/imamalghifary/ws_sensor_combined/install/px4_offboard/lib/px4_offboard
[3.322s] Installing visualizer script to /home/imamalghifary/ws_sensor_combined/install/px4_offboard/lib/px4_offboard
[3.323s] writing list of installed files to '/home/imamalghifary/ws_sensor_combined/build/px4_offboard/install.log'
[3.372s] Invoked command in '/home/imamalghifary/ws_sensor_combined/src/ROS2_PX4_Offboard_Example/px4_offboard' returned '0': CMAKE_PREFIX_PATH=/home/imamalghifary/ws_sensor_combined/install/px4_msgs:/home/imamalghifary/ws_sensor_combined/install/x500_description:/home/imamalghifary/ws_sensor_combined/install/px4_ros_com LD_LIBRARY_PATH=/home/imamalghifary/ws_sensor_combined/install/px4_msgs/lib:/home/imamalghifary/ws_sensor_combined/install/px4_ros_com/lib:/opt/ros/humble/opt/rviz_ogre_vendor/lib:/opt/ros/humble/lib/x86_64-linux-gnu:/opt/ros/humble/lib PYTHONPATH=/home/imamalghifary/ws_sensor_combined/build/px4_offboard/prefix_override:/usr/lib/python3/dist-packages/colcon_core/task/python/colcon_distutils_commands:/home/imamalghifary/ws_sensor_combined/install/px4_offboard/lib/python3.10/site-packages:${PYTHONPATH} /usr/bin/python3 -W ignore:setup.py install is deprecated -W ignore:easy_install command is deprecated setup.py egg_info --egg-base ../../../build/px4_offboard build --build-base /home/imamalghifary/ws_sensor_combined/build/px4_offboard/build install --record /home/imamalghifary/ws_sensor_combined/build/px4_offboard/install.log --single-version-externally-managed install_data --force
