[1.329s] Invoking command in '/home/imamalghifary/ws_sensor_combined/src/x500_navigation': PYTHONPATH=/home/imamalghifary/ws_sensor_combined/build/x500_navigation/prefix_override:/usr/lib/python3/dist-packages/colcon_core/task/python/colcon_distutils_commands:/home/imamalghifary/ws_sensor_combined/install/x500_navigation/lib/python3.10/site-packages:${PYTHONPATH} /usr/bin/python3 -W ignore:setup.py install is deprecated -W ignore:easy_install command is deprecated setup.py egg_info --egg-base ../../build/x500_navigation build --build-base /home/imamalghifary/ws_sensor_combined/build/x500_navigation/build install --record /home/imamalghifary/ws_sensor_combined/build/x500_navigation/install.log --single-version-externally-managed install_data
[1.893s] running egg_info
[1.917s] writing ../../build/x500_navigation/x500_navigation.egg-info/PKG-INFO
[1.917s] writing dependency_links to ../../build/x500_navigation/x500_navigation.egg-info/dependency_links.txt
[1.918s] writing entry points to ../../build/x500_navigation/x500_navigation.egg-info/entry_points.txt
[1.918s] writing requirements to ../../build/x500_navigation/x500_navigation.egg-info/requires.txt
[1.918s] writing top-level names to ../../build/x500_navigation/x500_navigation.egg-info/top_level.txt
[1.979s] reading manifest file '../../build/x500_navigation/x500_navigation.egg-info/SOURCES.txt'
[1.982s] writing manifest file '../../build/x500_navigation/x500_navigation.egg-info/SOURCES.txt'
[1.982s] running build
[1.982s] running build_py
[1.983s] running install
[1.996s] running install_lib
[2.017s] running install_data
[2.018s] running install_egg_info
[2.048s] removing '/home/imamalghifary/ws_sensor_combined/install/x500_navigation/lib/python3.10/site-packages/x500_navigation-0.0.0-py3.10.egg-info' (and everything under it)
[2.049s] Copying ../../build/x500_navigation/x500_navigation.egg-info to /home/imamalghifary/ws_sensor_combined/install/x500_navigation/lib/python3.10/site-packages/x500_navigation-0.0.0-py3.10.egg-info
[2.051s] running install_scripts
[2.184s] Installing bt_change_altitude script to /home/imamalghifary/ws_sensor_combined/install/x500_navigation/lib/x500_navigation
[2.184s] Installing bt_land script to /home/imamalghifary/ws_sensor_combined/install/x500_navigation/lib/x500_navigation
[2.185s] Installing bt_set_offboard script to /home/imamalghifary/ws_sensor_combined/install/x500_navigation/lib/x500_navigation
[2.185s] Installing bt_stop_offboard script to /home/imamalghifary/ws_sensor_combined/install/x500_navigation/lib/x500_navigation
[2.185s] Installing bt_takeoff script to /home/imamalghifary/ws_sensor_combined/install/x500_navigation/lib/x500_navigation
[2.186s] Installing cmd_vel_to_offboard script to /home/imamalghifary/ws_sensor_combined/install/x500_navigation/lib/x500_navigation
[2.186s] Installing send_waypoints script to /home/imamalghifary/ws_sensor_combined/install/x500_navigation/lib/x500_navigation
[2.186s] writing list of installed files to '/home/imamalghifary/ws_sensor_combined/build/x500_navigation/install.log'
[3.402s] Invoked command in '/home/imamalghifary/ws_sensor_combined/src/x500_navigation' returned '0': PYTHONPATH=/home/imamalghifary/ws_sensor_combined/build/x500_navigation/prefix_override:/usr/lib/python3/dist-packages/colcon_core/task/python/colcon_distutils_commands:/home/imamalghifary/ws_sensor_combined/install/x500_navigation/lib/python3.10/site-packages:${PYTHONPATH} /usr/bin/python3 -W ignore:setup.py install is deprecated -W ignore:easy_install command is deprecated setup.py egg_info --egg-base ../../build/x500_navigation build --build-base /home/imamalghifary/ws_sensor_combined/build/x500_navigation/build install --record /home/imamalghifary/ws_sensor_combined/build/x500_navigation/install.log --single-version-externally-managed install_data
