/home/imamalghifary/ws_sensor_combined/install/x500_bridge/lib/python3.10/site-packages/x500_bridge/cmd_vel_to_offboard.py
/home/imamalghifary/ws_sensor_combined/install/x500_bridge/lib/python3.10/site-packages/x500_bridge/odom_bridge.py
/home/imamalghifary/ws_sensor_combined/install/x500_bridge/lib/python3.10/site-packages/x500_bridge/__init__.py
/home/imamalghifary/ws_sensor_combined/install/x500_bridge/lib/python3.10/site-packages/x500_bridge/scan_relay.py
/home/imamalghifary/ws_sensor_combined/install/x500_bridge/lib/python3.10/site-packages/x500_bridge/__pycache__/cmd_vel_to_offboard.cpython-310.pyc
/home/imamalghifary/ws_sensor_combined/install/x500_bridge/lib/python3.10/site-packages/x500_bridge/__pycache__/odom_bridge.cpython-310.pyc
/home/imamalghifary/ws_sensor_combined/install/x500_bridge/lib/python3.10/site-packages/x500_bridge/__pycache__/__init__.cpython-310.pyc
/home/imamalghifary/ws_sensor_combined/install/x500_bridge/lib/python3.10/site-packages/x500_bridge/__pycache__/scan_relay.cpython-310.pyc
/home/imamalghifary/ws_sensor_combined/install/x500_bridge/share/ament_index/resource_index/packages/x500_bridge
/home/imamalghifary/ws_sensor_combined/install/x500_bridge/share/x500_bridge/package.xml
/home/imamalghifary/ws_sensor_combined/install/x500_bridge/share/x500_bridge/launch/slam_with_px4.launch.py
/home/imamalghifary/ws_sensor_combined/install/x500_bridge/share/x500_bridge/launch/slam_with_bridge.launch.py
/home/imamalghifary/ws_sensor_combined/install/x500_bridge/share/x500_bridge/urdf/x500_lidar.urdf.xacro
/home/imamalghifary/ws_sensor_combined/install/x500_bridge/share/x500_bridge/config/ekf.yaml
/home/imamalghifary/ws_sensor_combined/install/x500_bridge/lib/python3.10/site-packages/x500_bridge-0.0.0-py3.10.egg-info/PKG-INFO
/home/imamalghifary/ws_sensor_combined/install/x500_bridge/lib/python3.10/site-packages/x500_bridge-0.0.0-py3.10.egg-info/dependency_links.txt
/home/imamalghifary/ws_sensor_combined/install/x500_bridge/lib/python3.10/site-packages/x500_bridge-0.0.0-py3.10.egg-info/zip-safe
/home/imamalghifary/ws_sensor_combined/install/x500_bridge/lib/python3.10/site-packages/x500_bridge-0.0.0-py3.10.egg-info/SOURCES.txt
/home/imamalghifary/ws_sensor_combined/install/x500_bridge/lib/python3.10/site-packages/x500_bridge-0.0.0-py3.10.egg-info/top_level.txt
/home/imamalghifary/ws_sensor_combined/install/x500_bridge/lib/python3.10/site-packages/x500_bridge-0.0.0-py3.10.egg-info/entry_points.txt
/home/imamalghifary/ws_sensor_combined/install/x500_bridge/lib/python3.10/site-packages/x500_bridge-0.0.0-py3.10.egg-info/requires.txt
/home/imamalghifary/ws_sensor_combined/install/x500_bridge/lib/x500_bridge/cmd_vel_to_offboard
/home/imamalghifary/ws_sensor_combined/install/x500_bridge/lib/x500_bridge/odom_bridge
/home/imamalghifary/ws_sensor_combined/install/x500_bridge/lib/x500_bridge/scan_relay
