[0.022s] Invoking command in '/home/imamalghifary/ws_sensor_combined/build/bt_uav_controller': CMAKE_PREFIX_PATH=${CMAKE_PREFIX_PATH}:/home/imamalghifary/ws_sensor_combined/install/x500_navigation:/home/imamalghifary/ws_sensor_combined/install/x500_bridge:/home/imamalghifary/ws_sensor_combined/install/px4_offboard:/opt/ros/humble /usr/bin/cmake --build /home/imamalghifary/ws_sensor_combined/build/bt_uav_controller -- -j22 -l22
[0.062s] [35m[1mConsolidate compiler generated dependencies of target bt_uav_controller[0m
[0.084s] [100%] Built target bt_uav_controller
[0.387s] Invoked command in '/home/imamalghifary/ws_sensor_combined/build/bt_uav_controller' returned '0': CMAKE_PREFIX_PATH=${CMAKE_PREFIX_PATH}:/home/imamalghifary/ws_sensor_combined/install/x500_navigation:/home/imamalghifary/ws_sensor_combined/install/x500_bridge:/home/imamalghifary/ws_sensor_combined/install/px4_offboard:/opt/ros/humble /usr/bin/cmake --build /home/imamalghifary/ws_sensor_combined/build/bt_uav_controller -- -j22 -l22
[0.396s] Invoking command in '/home/imamalghifary/ws_sensor_combined/build/bt_uav_controller': CMAKE_PREFIX_PATH=${CMAKE_PREFIX_PATH}:/home/imamalghifary/ws_sensor_combined/install/x500_navigation:/home/imamalghifary/ws_sensor_combined/install/x500_bridge:/home/imamalghifary/ws_sensor_combined/install/px4_offboard:/opt/ros/humble /usr/bin/cmake --install /home/imamalghifary/ws_sensor_combined/build/bt_uav_controller
[0.404s] -- Install configuration: ""
[0.404s] -- Up-to-date: /home/imamalghifary/ws_sensor_combined/install/bt_uav_controller/lib/bt_uav_controller/bt_uav_controller
[0.404s] -- Up-to-date: /home/imamalghifary/ws_sensor_combined/install/bt_uav_controller/share/ament_index/resource_index/package_run_dependencies/bt_uav_controller
[0.404s] -- Up-to-date: /home/imamalghifary/ws_sensor_combined/install/bt_uav_controller/share/ament_index/resource_index/parent_prefix_path/bt_uav_controller
[0.405s] -- Up-to-date: /home/imamalghifary/ws_sensor_combined/install/bt_uav_controller/share/bt_uav_controller/environment/ament_prefix_path.sh
[0.405s] -- Up-to-date: /home/imamalghifary/ws_sensor_combined/install/bt_uav_controller/share/bt_uav_controller/environment/ament_prefix_path.dsv
[0.405s] -- Up-to-date: /home/imamalghifary/ws_sensor_combined/install/bt_uav_controller/share/bt_uav_controller/environment/path.sh
[0.405s] -- Up-to-date: /home/imamalghifary/ws_sensor_combined/install/bt_uav_controller/share/bt_uav_controller/environment/path.dsv
[0.405s] -- Up-to-date: /home/imamalghifary/ws_sensor_combined/install/bt_uav_controller/share/bt_uav_controller/local_setup.bash
[0.405s] -- Up-to-date: /home/imamalghifary/ws_sensor_combined/install/bt_uav_controller/share/bt_uav_controller/local_setup.sh
[0.405s] -- Up-to-date: /home/imamalghifary/ws_sensor_combined/install/bt_uav_controller/share/bt_uav_controller/local_setup.zsh
[0.405s] -- Up-to-date: /home/imamalghifary/ws_sensor_combined/install/bt_uav_controller/share/bt_uav_controller/local_setup.dsv
[0.405s] -- Installing: /home/imamalghifary/ws_sensor_combined/install/bt_uav_controller/share/bt_uav_controller/package.dsv
[0.405s] -- Up-to-date: /home/imamalghifary/ws_sensor_combined/install/bt_uav_controller/share/ament_index/resource_index/packages/bt_uav_controller
[0.405s] -- Up-to-date: /home/imamalghifary/ws_sensor_combined/install/bt_uav_controller/share/bt_uav_controller/cmake/bt_uav_controllerConfig.cmake
[0.405s] -- Up-to-date: /home/imamalghifary/ws_sensor_combined/install/bt_uav_controller/share/bt_uav_controller/cmake/bt_uav_controllerConfig-version.cmake
[0.405s] -- Up-to-date: /home/imamalghifary/ws_sensor_combined/install/bt_uav_controller/share/bt_uav_controller/package.xml
[0.407s] Invoked command in '/home/imamalghifary/ws_sensor_combined/build/bt_uav_controller' returned '0': CMAKE_PREFIX_PATH=${CMAKE_PREFIX_PATH}:/home/imamalghifary/ws_sensor_combined/install/x500_navigation:/home/imamalghifary/ws_sensor_combined/install/x500_bridge:/home/imamalghifary/ws_sensor_combined/install/px4_offboard:/opt/ros/humble /usr/bin/cmake --install /home/imamalghifary/ws_sensor_combined/build/bt_uav_controller
