[0.454s] Invoking command in '/home/imamalghifary/ws_sensor_combined/build/px4_ros_com': CMAKE_PREFIX_PATH=/home/imamalghifary/ws_sensor_combined/install/px4_msgs:/home/imamalghifary/ws_sensor_combined/install/x500_description:/home/imamalghifary/ws_sensor_combined/install/px4_ros_com:/home/imamalghifary/ws_sensor_combined/install/x500_navigation:/home/imamalghifary/ws_sensor_combined/install/x500_bridge:/home/imamalghifary/ws_sensor_combined/install/px4_offboard:/opt/ros/humble LD_LIBRARY_PATH=/home/imamalghifary/ws_sensor_combined/install/px4_msgs/lib:/home/imamalghifary/ws_sensor_combined/install/px4_ros_com/lib:/opt/ros/humble/opt/rviz_ogre_vendor/lib:/opt/ros/humble/lib/x86_64-linux-gnu:/opt/ros/humble/lib /usr/bin/cmake --build /home/imamalghifary/ws_sensor_combined/build/px4_ros_com -- -j22 -l22
[0.517s] [ 16%] Built target debug_vect_advertiser
[0.517s] [ 33%] Built target frame_transforms
[0.518s] [ 33%] Built target ament_cmake_python_symlink_px4_ros_com
[0.521s] [ 50%] Built target vehicle_gps_position_listener
[0.522s] [ 66%] Built target sensor_combined_listener
[0.523s] [ 83%] Built target offboard_control_srv
[0.523s] [100%] Built target offboard_control
[0.972s] running egg_info
[0.990s] writing px4_ros_com.egg-info/PKG-INFO
[1.071s] writing dependency_links to px4_ros_com.egg-info/dependency_links.txt
[1.071s] writing top-level names to px4_ros_com.egg-info/top_level.txt
[1.130s] reading manifest file 'px4_ros_com.egg-info/SOURCES.txt'
[1.131s] writing manifest file 'px4_ros_com.egg-info/SOURCES.txt'
[1.187s] [100%] Built target ament_cmake_python_build_px4_ros_com_egg
[1.201s] Invoked command in '/home/imamalghifary/ws_sensor_combined/build/px4_ros_com' returned '0': CMAKE_PREFIX_PATH=/home/imamalghifary/ws_sensor_combined/install/px4_msgs:/home/imamalghifary/ws_sensor_combined/install/x500_description:/home/imamalghifary/ws_sensor_combined/install/px4_ros_com:/home/imamalghifary/ws_sensor_combined/install/x500_navigation:/home/imamalghifary/ws_sensor_combined/install/x500_bridge:/home/imamalghifary/ws_sensor_combined/install/px4_offboard:/opt/ros/humble LD_LIBRARY_PATH=/home/imamalghifary/ws_sensor_combined/install/px4_msgs/lib:/home/imamalghifary/ws_sensor_combined/install/px4_ros_com/lib:/opt/ros/humble/opt/rviz_ogre_vendor/lib:/opt/ros/humble/lib/x86_64-linux-gnu:/opt/ros/humble/lib /usr/bin/cmake --build /home/imamalghifary/ws_sensor_combined/build/px4_ros_com -- -j22 -l22
[1.203s] Invoking command in '/home/imamalghifary/ws_sensor_combined/build/px4_ros_com': CMAKE_PREFIX_PATH=/home/imamalghifary/ws_sensor_combined/install/px4_msgs:/home/imamalghifary/ws_sensor_combined/install/x500_description:/home/imamalghifary/ws_sensor_combined/install/px4_ros_com:/home/imamalghifary/ws_sensor_combined/install/x500_navigation:/home/imamalghifary/ws_sensor_combined/install/x500_bridge:/home/imamalghifary/ws_sensor_combined/install/px4_offboard:/opt/ros/humble LD_LIBRARY_PATH=/home/imamalghifary/ws_sensor_combined/install/px4_msgs/lib:/home/imamalghifary/ws_sensor_combined/install/px4_ros_com/lib:/opt/ros/humble/opt/rviz_ogre_vendor/lib:/opt/ros/humble/lib/x86_64-linux-gnu:/opt/ros/humble/lib /usr/bin/cmake --install /home/imamalghifary/ws_sensor_combined/build/px4_ros_com
[1.213s] -- Install configuration: ""
[1.214s] -- Execute custom install script
[1.215s] -- Up-to-date symlink: /home/imamalghifary/ws_sensor_combined/install/px4_ros_com/lib/px4_ros_com/sensor_combined_listener
[1.215s] -- Up-to-date symlink: /home/imamalghifary/ws_sensor_combined/install/px4_ros_com/lib/px4_ros_com/vehicle_gps_position_listener
[1.215s] -- Up-to-date symlink: /home/imamalghifary/ws_sensor_combined/install/px4_ros_com/lib/px4_ros_com/debug_vect_advertiser
[1.215s] -- Up-to-date symlink: /home/imamalghifary/ws_sensor_combined/install/px4_ros_com/lib/px4_ros_com/offboard_control
[1.216s] -- Up-to-date symlink: /home/imamalghifary/ws_sensor_combined/install/px4_ros_com/lib/px4_ros_com/offboard_control_srv
[1.216s] -- Up-to-date symlink: /home/imamalghifary/ws_sensor_combined/install/px4_ros_com/share/px4_ros_com/environment/library_path.sh
[1.216s] -- Up-to-date symlink: /home/imamalghifary/ws_sensor_combined/install/px4_ros_com/share/px4_ros_com/environment/library_path.dsv
[1.216s] -- Up-to-date symlink: /home/imamalghifary/ws_sensor_combined/install/px4_ros_com/include/px4_ros_com/frame_transforms.h
[1.216s] -- Up-to-date symlink: /home/imamalghifary/ws_sensor_combined/install/px4_ros_com/share/px4_ros_com//launch/offboard_control_launch.yaml
[1.217s] -- Up-to-date symlink: /home/imamalghifary/ws_sensor_combined/install/px4_ros_com/share/px4_ros_com//launch/sensor_combined_listener.launch.py
[1.217s] -- Up-to-date symlink: /home/imamalghifary/ws_sensor_combined/install/px4_ros_com/share/px4_ros_com//test/__init__.py
[1.218s] -- Up-to-date symlink: /home/imamalghifary/ws_sensor_combined/install/px4_ros_com/share/px4_ros_com//test/pipeline_io_test.py
[1.218s] -- Up-to-date symlink: /home/imamalghifary/ws_sensor_combined/install/px4_ros_com/share/px4_ros_com//test/test_input.py
[1.218s] -- Up-to-date symlink: /home/imamalghifary/ws_sensor_combined/install/px4_ros_com/share/px4_ros_com//test/test_output.py
[1.218s] -- Up-to-date symlink: /home/imamalghifary/ws_sensor_combined/install/px4_ros_com/share/px4_ros_com/environment/pythonpath.sh
[1.218s] -- Up-to-date symlink: /home/imamalghifary/ws_sensor_combined/install/px4_ros_com/share/px4_ros_com/environment/pythonpath.dsv
[1.218s] -- Up-to-date symlink: /home/imamalghifary/ws_sensor_combined/install/px4_ros_com/local/lib/python3.10/dist-packages/px4_ros_com-0.1.0-py3.10.egg-info/PKG-INFO
[1.218s] -- Up-to-date symlink: /home/imamalghifary/ws_sensor_combined/install/px4_ros_com/local/lib/python3.10/dist-packages/px4_ros_com-0.1.0-py3.10.egg-info/SOURCES.txt
[1.219s] -- Up-to-date symlink: /home/imamalghifary/ws_sensor_combined/install/px4_ros_com/local/lib/python3.10/dist-packages/px4_ros_com-0.1.0-py3.10.egg-info/dependency_links.txt
[1.219s] -- Up-to-date symlink: /home/imamalghifary/ws_sensor_combined/install/px4_ros_com/local/lib/python3.10/dist-packages/px4_ros_com-0.1.0-py3.10.egg-info/top_level.txt
[1.219s] -- Up-to-date symlink: /home/imamalghifary/ws_sensor_combined/install/px4_ros_com/local/lib/python3.10/dist-packages/px4_ros_com/__init__.py
[1.219s] -- Up-to-date symlink: /home/imamalghifary/ws_sensor_combined/install/px4_ros_com/local/lib/python3.10/dist-packages/px4_ros_com/module_to_import.py
[1.220s] -- Up-to-date symlink: /home/imamalghifary/ws_sensor_combined/install/px4_ros_com/lib/px4_ros_com/offboard_control.py
[1.220s] -- Up-to-date symlink: /home/imamalghifary/ws_sensor_combined/install/px4_ros_com/share/ament_index/resource_index/package_run_dependencies/px4_ros_com
[1.220s] -- Up-to-date symlink: /home/imamalghifary/ws_sensor_combined/install/px4_ros_com/share/ament_index/resource_index/parent_prefix_path/px4_ros_com
[1.220s] -- Up-to-date symlink: /home/imamalghifary/ws_sensor_combined/install/px4_ros_com/share/px4_ros_com/environment/ament_prefix_path.sh
[1.220s] -- Up-to-date symlink: /home/imamalghifary/ws_sensor_combined/install/px4_ros_com/share/px4_ros_com/environment/ament_prefix_path.dsv
[1.221s] -- Up-to-date symlink: /home/imamalghifary/ws_sensor_combined/install/px4_ros_com/share/px4_ros_com/environment/path.sh
[1.221s] -- Up-to-date symlink: /home/imamalghifary/ws_sensor_combined/install/px4_ros_com/share/px4_ros_com/environment/path.dsv
[1.221s] -- Up-to-date symlink: /home/imamalghifary/ws_sensor_combined/install/px4_ros_com/share/px4_ros_com/local_setup.bash
[1.221s] -- Up-to-date symlink: /home/imamalghifary/ws_sensor_combined/install/px4_ros_com/share/px4_ros_com/local_setup.sh
[1.221s] -- Up-to-date symlink: /home/imamalghifary/ws_sensor_combined/install/px4_ros_com/share/px4_ros_com/local_setup.zsh
[1.222s] -- Up-to-date symlink: /home/imamalghifary/ws_sensor_combined/install/px4_ros_com/share/px4_ros_com/local_setup.dsv
[1.222s] -- Symlinking: /home/imamalghifary/ws_sensor_combined/install/px4_ros_com/share/px4_ros_com/package.dsv
[1.236s] -- Up-to-date symlink: /home/imamalghifary/ws_sensor_combined/install/px4_ros_com/share/ament_index/resource_index/packages/px4_ros_com
[1.236s] -- Up-to-date symlink: /home/imamalghifary/ws_sensor_combined/install/px4_ros_com/share/px4_ros_com/cmake/ament_cmake_export_dependencies-extras.cmake
[1.236s] -- Up-to-date symlink: /home/imamalghifary/ws_sensor_combined/install/px4_ros_com/share/px4_ros_com/cmake/ament_cmake_export_targets-extras.cmake
[1.236s] -- Up-to-date symlink: /home/imamalghifary/ws_sensor_combined/install/px4_ros_com/share/px4_ros_com/cmake/ament_cmake_export_include_directories-extras.cmake
[1.237s] -- Up-to-date symlink: /home/imamalghifary/ws_sensor_combined/install/px4_ros_com/share/px4_ros_com/cmake/ament_cmake_export_libraries-extras.cmake
[1.237s] -- Up-to-date symlink: /home/imamalghifary/ws_sensor_combined/install/px4_ros_com/share/px4_ros_com/cmake/px4_ros_comConfig.cmake
[1.237s] -- Up-to-date symlink: /home/imamalghifary/ws_sensor_combined/install/px4_ros_com/share/px4_ros_com/cmake/px4_ros_comConfig-version.cmake
[1.237s] -- Up-to-date symlink: /home/imamalghifary/ws_sensor_combined/install/px4_ros_com/share/px4_ros_com/package.xml
[1.238s] -- Up-to-date: /home/imamalghifary/ws_sensor_combined/install/px4_ros_com/lib/libframe_transforms.so
[1.282s] Listing '/home/imamalghifary/ws_sensor_combined/install/px4_ros_com/local/lib/python3.10/dist-packages/px4_ros_com'...
[1.288s] -- Up-to-date: /home/imamalghifary/ws_sensor_combined/install/px4_ros_com/share/px4_ros_com/cmake/export_frame_transformsExport.cmake
[1.288s] -- Up-to-date: /home/imamalghifary/ws_sensor_combined/install/px4_ros_com/share/px4_ros_com/cmake/export_frame_transformsExport-noconfig.cmake
[1.292s] Invoked command in '/home/imamalghifary/ws_sensor_combined/build/px4_ros_com' returned '0': CMAKE_PREFIX_PATH=/home/imamalghifary/ws_sensor_combined/install/px4_msgs:/home/imamalghifary/ws_sensor_combined/install/x500_description:/home/imamalghifary/ws_sensor_combined/install/px4_ros_com:/home/imamalghifary/ws_sensor_combined/install/x500_navigation:/home/imamalghifary/ws_sensor_combined/install/x500_bridge:/home/imamalghifary/ws_sensor_combined/install/px4_offboard:/opt/ros/humble LD_LIBRARY_PATH=/home/imamalghifary/ws_sensor_combined/install/px4_msgs/lib:/home/imamalghifary/ws_sensor_combined/install/px4_ros_com/lib:/opt/ros/humble/opt/rviz_ogre_vendor/lib:/opt/ros/humble/lib/x86_64-linux-gnu:/opt/ros/humble/lib /usr/bin/cmake --install /home/imamalghifary/ws_sensor_combined/build/px4_ros_com
