[0.012s] Invoking command in '/home/imamalghifary/ws_sensor_combined/build/x500_description': CMAKE_PREFIX_PATH=${CMAKE_PREFIX_PATH}:/home/imamalghifary/ws_sensor_combined/install/x500_navigation:/home/imamalghifary/ws_sensor_combined/install/x500_bridge:/home/imamalghifary/ws_sensor_combined/install/px4_offboard:/opt/ros/humble /usr/bin/cmake /home/imamalghifary/ws_sensor_combined/src/x500_description -DAMENT_CMAKE_SYMLINK_INSTALL=1 -DCMAKE_INSTALL_PREFIX=/home/imamalghifary/ws_sensor_combined/install/x500_description
[0.019s] -- Found ament_cmake: 1.3.12 (/opt/ros/humble/share/ament_cmake/cmake)
[0.109s] -- Override CMake install command with custom implementation using symlinks instead of copying resources
[0.117s] -- Found ament_lint_auto: 0.12.14 (/opt/ros/humble/share/ament_lint_auto/cmake)
[0.244s] -- Added test 'flake8' to check Python code syntax and style conventions
[0.244s] -- Added test 'lint_cmake' to check CMake code style
[0.245s] -- Added test 'pep257' to check Python code against some of the docstring style conventions in PEP 257
[0.245s] -- Added test 'xmllint' to check XML markup files
[0.246s] -- Configuring done
[0.248s] -- Generating done
[0.250s] -- Build files have been written to: /home/imamalghifary/ws_sensor_combined/build/x500_description
[0.282s] Invoked command in '/home/imamalghifary/ws_sensor_combined/build/x500_description' returned '0': CMAKE_PREFIX_PATH=${CMAKE_PREFIX_PATH}:/home/imamalghifary/ws_sensor_combined/install/x500_navigation:/home/imamalghifary/ws_sensor_combined/install/x500_bridge:/home/imamalghifary/ws_sensor_combined/install/px4_offboard:/opt/ros/humble /usr/bin/cmake /home/imamalghifary/ws_sensor_combined/src/x500_description -DAMENT_CMAKE_SYMLINK_INSTALL=1 -DCMAKE_INSTALL_PREFIX=/home/imamalghifary/ws_sensor_combined/install/x500_description
[0.284s] Invoking command in '/home/imamalghifary/ws_sensor_combined/build/x500_description': CMAKE_PREFIX_PATH=${CMAKE_PREFIX_PATH}:/home/imamalghifary/ws_sensor_combined/install/x500_navigation:/home/imamalghifary/ws_sensor_combined/install/x500_bridge:/home/imamalghifary/ws_sensor_combined/install/px4_offboard:/opt/ros/humble /usr/bin/cmake --build /home/imamalghifary/ws_sensor_combined/build/x500_description -- -j22 -l22
[0.314s] Invoked command in '/home/imamalghifary/ws_sensor_combined/build/x500_description' returned '0': CMAKE_PREFIX_PATH=${CMAKE_PREFIX_PATH}:/home/imamalghifary/ws_sensor_combined/install/x500_navigation:/home/imamalghifary/ws_sensor_combined/install/x500_bridge:/home/imamalghifary/ws_sensor_combined/install/px4_offboard:/opt/ros/humble /usr/bin/cmake --build /home/imamalghifary/ws_sensor_combined/build/x500_description -- -j22 -l22
[0.322s] Invoking command in '/home/imamalghifary/ws_sensor_combined/build/x500_description': CMAKE_PREFIX_PATH=${CMAKE_PREFIX_PATH}:/home/imamalghifary/ws_sensor_combined/install/x500_navigation:/home/imamalghifary/ws_sensor_combined/install/x500_bridge:/home/imamalghifary/ws_sensor_combined/install/px4_offboard:/opt/ros/humble /usr/bin/cmake --install /home/imamalghifary/ws_sensor_combined/build/x500_description
[0.329s] -- Install configuration: ""
[0.329s] -- Execute custom install script
[0.330s] -- Up-to-date symlink: /home/imamalghifary/ws_sensor_combined/install/x500_description/share/x500_description/launch/display.launch.py
[0.330s] -- Up-to-date symlink: /home/imamalghifary/ws_sensor_combined/install/x500_description/share/x500_description/launch/slam_with_bridge.launch.py
[0.330s] -- Up-to-date symlink: /home/imamalghifary/ws_sensor_combined/install/x500_description/share/x500_description/urdf/x500_lidar.urdf.xacro
[0.330s] -- Up-to-date symlink: /home/imamalghifary/ws_sensor_combined/install/x500_description/share/x500_description/rviz/display.rviz
[0.330s] -- Up-to-date symlink: /home/imamalghifary/ws_sensor_combined/install/x500_description/share/x500_description/config/mapper_params.yaml
[0.330s] -- Up-to-date symlink: /home/imamalghifary/ws_sensor_combined/install/x500_description/share/ament_index/resource_index/package_run_dependencies/x500_description
[0.330s] -- Up-to-date symlink: /home/imamalghifary/ws_sensor_combined/install/x500_description/share/ament_index/resource_index/parent_prefix_path/x500_description
[0.331s] -- Up-to-date symlink: /home/imamalghifary/ws_sensor_combined/install/x500_description/share/x500_description/environment/ament_prefix_path.sh
[0.331s] -- Up-to-date symlink: /home/imamalghifary/ws_sensor_combined/install/x500_description/share/x500_description/environment/ament_prefix_path.dsv
[0.331s] -- Up-to-date symlink: /home/imamalghifary/ws_sensor_combined/install/x500_description/share/x500_description/environment/path.sh
[0.331s] -- Up-to-date symlink: /home/imamalghifary/ws_sensor_combined/install/x500_description/share/x500_description/environment/path.dsv
[0.331s] -- Up-to-date symlink: /home/imamalghifary/ws_sensor_combined/install/x500_description/share/x500_description/local_setup.bash
[0.331s] -- Up-to-date symlink: /home/imamalghifary/ws_sensor_combined/install/x500_description/share/x500_description/local_setup.sh
[0.331s] -- Up-to-date symlink: /home/imamalghifary/ws_sensor_combined/install/x500_description/share/x500_description/local_setup.zsh
[0.331s] -- Up-to-date symlink: /home/imamalghifary/ws_sensor_combined/install/x500_description/share/x500_description/local_setup.dsv
[0.331s] -- Symlinking: /home/imamalghifary/ws_sensor_combined/install/x500_description/share/x500_description/package.dsv
[0.339s] -- Up-to-date symlink: /home/imamalghifary/ws_sensor_combined/install/x500_description/share/ament_index/resource_index/packages/x500_description
[0.339s] -- Up-to-date symlink: /home/imamalghifary/ws_sensor_combined/install/x500_description/share/x500_description/cmake/x500_descriptionConfig.cmake
[0.339s] -- Up-to-date symlink: /home/imamalghifary/ws_sensor_combined/install/x500_description/share/x500_description/cmake/x500_descriptionConfig-version.cmake
[0.339s] -- Up-to-date symlink: /home/imamalghifary/ws_sensor_combined/install/x500_description/share/x500_description/package.xml
[0.341s] Invoked command in '/home/imamalghifary/ws_sensor_combined/build/x500_description' returned '0': CMAKE_PREFIX_PATH=${CMAKE_PREFIX_PATH}:/home/imamalghifary/ws_sensor_combined/install/x500_navigation:/home/imamalghifary/ws_sensor_combined/install/x500_bridge:/home/imamalghifary/ws_sensor_combined/install/px4_offboard:/opt/ros/humble /usr/bin/cmake --install /home/imamalghifary/ws_sensor_combined/build/x500_description
