[3.171s] Invoking command in '/home/imamalghifary/ws_sensor_combined/src/x500_navigation': AMENT_PREFIX_PATH=/home/imamalghifary/ws_sensor_combined/install/px4_msgs:${AMENT_PREFIX_PATH} CMAKE_PREFIX_PATH=/home/imamalghifary/ws_sensor_combined/install/px4_msgs LD_LIBRARY_PATH=/home/imamalghifary/ws_sensor_combined/install/px4_msgs/lib:${LD_LIBRARY_PATH} PYTHONPATH=/home/imamalghifary/ws_sensor_combined/build/x500_navigation/prefix_override:/usr/lib/python3/dist-packages/colcon_core/task/python/colcon_distutils_commands:/home/imamalghifary/ws_sensor_combined/install/x500_navigation/lib/python3.10/site-packages:/home/imamalghifary/ws_sensor_combined/install/px4_msgs/local/lib/python3.10/dist-packages:${PYTHONPATH} /usr/bin/python3 -W ignore:setup.py install is deprecated -W ignore:easy_install command is deprecated setup.py egg_info --egg-base ../../build/x500_navigation build --build-base /home/imamalghifary/ws_sensor_combined/build/x500_navigation/build install --record /home/imamalghifary/ws_sensor_combined/build/x500_navigation/install.log --single-version-externally-managed install_data
[3.794s] running egg_info
[3.814s] writing ../../build/x500_navigation/x500_navigation.egg-info/PKG-INFO
[3.814s] writing dependency_links to ../../build/x500_navigation/x500_navigation.egg-info/dependency_links.txt
[3.815s] writing entry points to ../../build/x500_navigation/x500_navigation.egg-info/entry_points.txt
[3.843s] writing requirements to ../../build/x500_navigation/x500_navigation.egg-info/requires.txt
[3.844s] writing top-level names to ../../build/x500_navigation/x500_navigation.egg-info/top_level.txt
[3.931s] reading manifest file '../../build/x500_navigation/x500_navigation.egg-info/SOURCES.txt'
[3.932s] writing manifest file '../../build/x500_navigation/x500_navigation.egg-info/SOURCES.txt'
[3.932s] running build
[3.932s] running build_py
[3.932s] copying x500_navigation/bt_land.py -> /home/imamalghifary/ws_sensor_combined/build/x500_navigation/build/lib/x500_navigation
[3.932s] copying x500_navigation/bt_takeoff.py -> /home/imamalghifary/ws_sensor_combined/build/x500_navigation/build/lib/x500_navigation
[3.932s] copying x500_navigation/bt_change_altitude.py -> /home/imamalghifary/ws_sensor_combined/build/x500_navigation/build/lib/x500_navigation
[4.001s] copying x500_navigation/send_waypoints.py -> /home/imamalghifary/ws_sensor_combined/build/x500_navigation/build/lib/x500_navigation
[4.002s] running install
[4.013s] running install_lib
[4.045s] copying /home/imamalghifary/ws_sensor_combined/build/x500_navigation/build/lib/x500_navigation/bt_land.py -> /home/imamalghifary/ws_sensor_combined/install/x500_navigation/lib/python3.10/site-packages/x500_navigation
[4.045s] copying /home/imamalghifary/ws_sensor_combined/build/x500_navigation/build/lib/x500_navigation/bt_takeoff.py -> /home/imamalghifary/ws_sensor_combined/install/x500_navigation/lib/python3.10/site-packages/x500_navigation
[4.045s] copying /home/imamalghifary/ws_sensor_combined/build/x500_navigation/build/lib/x500_navigation/bt_change_altitude.py -> /home/imamalghifary/ws_sensor_combined/install/x500_navigation/lib/python3.10/site-packages/x500_navigation
[4.046s] copying /home/imamalghifary/ws_sensor_combined/build/x500_navigation/build/lib/x500_navigation/send_waypoints.py -> /home/imamalghifary/ws_sensor_combined/install/x500_navigation/lib/python3.10/site-packages/x500_navigation
[4.047s] byte-compiling /home/imamalghifary/ws_sensor_combined/install/x500_navigation/lib/python3.10/site-packages/x500_navigation/bt_land.py to bt_land.cpython-310.pyc
[4.048s] byte-compiling /home/imamalghifary/ws_sensor_combined/install/x500_navigation/lib/python3.10/site-packages/x500_navigation/bt_takeoff.py to bt_takeoff.cpython-310.pyc
[4.049s] byte-compiling /home/imamalghifary/ws_sensor_combined/install/x500_navigation/lib/python3.10/site-packages/x500_navigation/bt_change_altitude.py to bt_change_altitude.cpython-310.pyc
[4.050s] byte-compiling /home/imamalghifary/ws_sensor_combined/install/x500_navigation/lib/python3.10/site-packages/x500_navigation/send_waypoints.py to send_waypoints.cpython-310.pyc
[4.051s] running install_data
[4.052s] copying package.xml -> /home/imamalghifary/ws_sensor_combined/install/x500_navigation/share/x500_navigation
[4.064s] running install_egg_info
[4.087s] removing '/home/imamalghifary/ws_sensor_combined/install/x500_navigation/lib/python3.10/site-packages/x500_navigation-0.0.0-py3.10.egg-info' (and everything under it)
[4.088s] Copying ../../build/x500_navigation/x500_navigation.egg-info to /home/imamalghifary/ws_sensor_combined/install/x500_navigation/lib/python3.10/site-packages/x500_navigation-0.0.0-py3.10.egg-info
[4.089s] running install_scripts
[4.179s] Installing bt_change_altitude script to /home/imamalghifary/ws_sensor_combined/install/x500_navigation/lib/x500_navigation
[4.179s] Installing bt_land script to /home/imamalghifary/ws_sensor_combined/install/x500_navigation/lib/x500_navigation
[4.179s] Installing bt_takeoff script to /home/imamalghifary/ws_sensor_combined/install/x500_navigation/lib/x500_navigation
[4.179s] Installing cmd_vel_to_offboard script to /home/imamalghifary/ws_sensor_combined/install/x500_navigation/lib/x500_navigation
[4.179s] Installing send_waypoints script to /home/imamalghifary/ws_sensor_combined/install/x500_navigation/lib/x500_navigation
[4.180s] writing list of installed files to '/home/imamalghifary/ws_sensor_combined/build/x500_navigation/install.log'
[4.256s] Invoked command in '/home/imamalghifary/ws_sensor_combined/src/x500_navigation' returned '0': AMENT_PREFIX_PATH=/home/imamalghifary/ws_sensor_combined/install/px4_msgs:${AMENT_PREFIX_PATH} CMAKE_PREFIX_PATH=/home/imamalghifary/ws_sensor_combined/install/px4_msgs LD_LIBRARY_PATH=/home/imamalghifary/ws_sensor_combined/install/px4_msgs/lib:${LD_LIBRARY_PATH} PYTHONPATH=/home/imamalghifary/ws_sensor_combined/build/x500_navigation/prefix_override:/usr/lib/python3/dist-packages/colcon_core/task/python/colcon_distutils_commands:/home/imamalghifary/ws_sensor_combined/install/x500_navigation/lib/python3.10/site-packages:/home/imamalghifary/ws_sensor_combined/install/px4_msgs/local/lib/python3.10/dist-packages:${PYTHONPATH} /usr/bin/python3 -W ignore:setup.py install is deprecated -W ignore:easy_install command is deprecated setup.py egg_info --egg-base ../../build/x500_navigation build --build-base /home/imamalghifary/ws_sensor_combined/build/x500_navigation/build install --record /home/imamalghifary/ws_sensor_combined/build/x500_navigation/install.log --single-version-externally-managed install_data
