[1.354s] Invoking command in '/home/imamalghifary/ws_sensor_combined/src/x500_bridge': CMAKE_PREFIX_PATH=/home/imamalghifary/ws_sensor_combined/install/px4_msgs:/home/imamalghifary/ws_sensor_combined/install/x500_description:/home/imamalghifary/ws_sensor_combined/install/px4_ros_com LD_LIBRARY_PATH=/home/imamalghifary/ws_sensor_combined/install/px4_msgs/lib:/home/imamalghifary/ws_sensor_combined/install/px4_ros_com/lib:/opt/ros/humble/opt/rviz_ogre_vendor/lib:/opt/ros/humble/lib/x86_64-linux-gnu:/opt/ros/humble/lib PYTHONPATH=/home/imamalghifary/ws_sensor_combined/build/x500_bridge/prefix_override:/usr/lib/python3/dist-packages/colcon_core/task/python/colcon_distutils_commands:/home/imamalghifary/ws_sensor_combined/install/x500_bridge/lib/python3.10/site-packages:${PYTHONPATH} /usr/bin/python3 -W ignore:setup.py install is deprecated -W ignore:easy_install command is deprecated setup.py egg_info --egg-base ../../build/x500_bridge build --build-base /home/imamalghifary/ws_sensor_combined/build/x500_bridge/build install --record /home/imamalghifary/ws_sensor_combined/build/x500_bridge/install.log --single-version-externally-managed install_data
[1.745s] running egg_info
[1.759s] writing ../../build/x500_bridge/x500_bridge.egg-info/PKG-INFO
[1.759s] writing dependency_links to ../../build/x500_bridge/x500_bridge.egg-info/dependency_links.txt
[1.759s] writing entry points to ../../build/x500_bridge/x500_bridge.egg-info/entry_points.txt
[1.759s] writing requirements to ../../build/x500_bridge/x500_bridge.egg-info/requires.txt
[1.759s] writing top-level names to ../../build/x500_bridge/x500_bridge.egg-info/top_level.txt
[1.794s] reading manifest file '../../build/x500_bridge/x500_bridge.egg-info/SOURCES.txt'
[1.794s] writing manifest file '../../build/x500_bridge/x500_bridge.egg-info/SOURCES.txt'
[1.795s] running build
[1.795s] running build_py
[1.795s] running install
[1.800s] running install_lib
[1.815s] running install_data
[1.815s] running install_egg_info
[1.829s] removing '/home/imamalghifary/ws_sensor_combined/install/x500_bridge/lib/python3.10/site-packages/x500_bridge-0.0.0-py3.10.egg-info' (and everything under it)
[1.829s] Copying ../../build/x500_bridge/x500_bridge.egg-info to /home/imamalghifary/ws_sensor_combined/install/x500_bridge/lib/python3.10/site-packages/x500_bridge-0.0.0-py3.10.egg-info
[1.830s] running install_scripts
[1.882s] Installing cmd_vel_bridge script to /home/imamalghifary/ws_sensor_combined/install/x500_bridge/lib/x500_bridge
[1.883s] Installing odom_bridge script to /home/imamalghifary/ws_sensor_combined/install/x500_bridge/lib/x500_bridge
[1.883s] Installing offboard_move_forward script to /home/imamalghifary/ws_sensor_combined/install/x500_bridge/lib/x500_bridge
[1.883s] Installing px4_offboard_init script to /home/imamalghifary/ws_sensor_combined/install/x500_bridge/lib/x500_bridge
[1.883s] Installing scan_relay script to /home/imamalghifary/ws_sensor_combined/install/x500_bridge/lib/x500_bridge
[1.883s] writing list of installed files to '/home/imamalghifary/ws_sensor_combined/build/x500_bridge/install.log'
[1.921s] Invoked command in '/home/imamalghifary/ws_sensor_combined/src/x500_bridge' returned '0': CMAKE_PREFIX_PATH=/home/imamalghifary/ws_sensor_combined/install/px4_msgs:/home/imamalghifary/ws_sensor_combined/install/x500_description:/home/imamalghifary/ws_sensor_combined/install/px4_ros_com LD_LIBRARY_PATH=/home/imamalghifary/ws_sensor_combined/install/px4_msgs/lib:/home/imamalghifary/ws_sensor_combined/install/px4_ros_com/lib:/opt/ros/humble/opt/rviz_ogre_vendor/lib:/opt/ros/humble/lib/x86_64-linux-gnu:/opt/ros/humble/lib PYTHONPATH=/home/imamalghifary/ws_sensor_combined/build/x500_bridge/prefix_override:/usr/lib/python3/dist-packages/colcon_core/task/python/colcon_distutils_commands:/home/imamalghifary/ws_sensor_combined/install/x500_bridge/lib/python3.10/site-packages:${PYTHONPATH} /usr/bin/python3 -W ignore:setup.py install is deprecated -W ignore:easy_install command is deprecated setup.py egg_info --egg-base ../../build/x500_bridge build --build-base /home/imamalghifary/ws_sensor_combined/build/x500_bridge/build install --record /home/imamalghifary/ws_sensor_combined/build/x500_bridge/install.log --single-version-externally-managed install_data
