[3.669s] Invoking command in '/home/imamalghifary/ws_sensor_combined/src/ROS2_PX4_Offboard_Example/px4_offboard': CMAKE_PREFIX_PATH=/home/imamalghifary/ws_sensor_combined/install/px4_msgs:/home/imamalghifary/ws_sensor_combined/install/x500_description:/home/imamalghifary/ws_sensor_combined/install/px4_ros_com LD_LIBRARY_PATH=/home/imamalghifary/ws_sensor_combined/install/px4_msgs/lib:/home/imamalghifary/ws_sensor_combined/install/px4_ros_com/lib:/opt/ros/humble/opt/rviz_ogre_vendor/lib:/opt/ros/humble/lib/x86_64-linux-gnu:/opt/ros/humble/lib PYTHONPATH=/home/imamalghifary/ws_sensor_combined/build/px4_offboard/prefix_override:/usr/lib/python3/dist-packages/colcon_core/task/python/colcon_distutils_commands:/home/imamalghifary/ws_sensor_combined/install/px4_offboard/lib/python3.10/site-packages:${PYTHONPATH} /usr/bin/python3 -W ignore:setup.py install is deprecated -W ignore:easy_install command is deprecated setup.py egg_info --egg-base ../../../build/px4_offboard build --build-base /home/imamalghifary/ws_sensor_combined/build/px4_offboard/build install --record /home/imamalghifary/ws_sensor_combined/build/px4_offboard/install.log --single-version-externally-managed install_data
[4.541s] running egg_info
[4.576s] writing ../../../build/px4_offboard/px4_offboard.egg-info/PKG-INFO
[4.576s] writing dependency_links to ../../../build/px4_offboard/px4_offboard.egg-info/dependency_links.txt
[4.577s] writing entry points to ../../../build/px4_offboard/px4_offboard.egg-info/entry_points.txt
[4.577s] writing requirements to ../../../build/px4_offboard/px4_offboard.egg-info/requires.txt
[4.577s] writing top-level names to ../../../build/px4_offboard/px4_offboard.egg-info/top_level.txt
[4.665s] reading manifest file '../../../build/px4_offboard/px4_offboard.egg-info/SOURCES.txt'
[4.666s] adding license file 'LICENSE'
[4.668s] writing manifest file '../../../build/px4_offboard/px4_offboard.egg-info/SOURCES.txt'
[4.670s] running build
[4.670s] running build_py
[4.670s] running install
[4.686s] running install_lib
[4.733s] running install_data
[4.733s] running install_egg_info
[4.764s] removing '/home/imamalghifary/ws_sensor_combined/install/px4_offboard/lib/python3.10/site-packages/px4_offboard-0.0.0-py3.10.egg-info' (and everything under it)
[4.764s] Copying ../../../build/px4_offboard/px4_offboard.egg-info to /home/imamalghifary/ws_sensor_combined/install/px4_offboard/lib/python3.10/site-packages/px4_offboard-0.0.0-py3.10.egg-info
[4.765s] running install_scripts
[4.937s] Installing control script to /home/imamalghifary/ws_sensor_combined/install/px4_offboard/lib/px4_offboard
[4.937s] Installing offboard_control script to /home/imamalghifary/ws_sensor_combined/install/px4_offboard/lib/px4_offboard
[4.937s] Installing processes script to /home/imamalghifary/ws_sensor_combined/install/px4_offboard/lib/px4_offboard
[4.940s] Installing velocity_control script to /home/imamalghifary/ws_sensor_combined/install/px4_offboard/lib/px4_offboard
[4.940s] Installing visualizer script to /home/imamalghifary/ws_sensor_combined/install/px4_offboard/lib/px4_offboard
[4.940s] writing list of installed files to '/home/imamalghifary/ws_sensor_combined/build/px4_offboard/install.log'
[5.088s] Invoked command in '/home/imamalghifary/ws_sensor_combined/src/ROS2_PX4_Offboard_Example/px4_offboard' returned '0': CMAKE_PREFIX_PATH=/home/imamalghifary/ws_sensor_combined/install/px4_msgs:/home/imamalghifary/ws_sensor_combined/install/x500_description:/home/imamalghifary/ws_sensor_combined/install/px4_ros_com LD_LIBRARY_PATH=/home/imamalghifary/ws_sensor_combined/install/px4_msgs/lib:/home/imamalghifary/ws_sensor_combined/install/px4_ros_com/lib:/opt/ros/humble/opt/rviz_ogre_vendor/lib:/opt/ros/humble/lib/x86_64-linux-gnu:/opt/ros/humble/lib PYTHONPATH=/home/imamalghifary/ws_sensor_combined/build/px4_offboard/prefix_override:/usr/lib/python3/dist-packages/colcon_core/task/python/colcon_distutils_commands:/home/imamalghifary/ws_sensor_combined/install/px4_offboard/lib/python3.10/site-packages:${PYTHONPATH} /usr/bin/python3 -W ignore:setup.py install is deprecated -W ignore:easy_install command is deprecated setup.py egg_info --egg-base ../../../build/px4_offboard build --build-base /home/imamalghifary/ws_sensor_combined/build/px4_offboard/build install --record /home/imamalghifary/ws_sensor_combined/build/px4_offboard/install.log --single-version-externally-managed install_data
