[1.616s] Invoking command in '/home/imamalghifary/ws_sensor_combined/build/px4_offboard': AMENT_PREFIX_PATH=/home/imamalghifary/ws_sensor_combined/install/px4_msgs:${AMENT_PREFIX_PATH} CMAKE_PREFIX_PATH=/home/imamalghifary/ws_sensor_combined/install/px4_msgs LD_LIBRARY_PATH=/home/imamalghifary/ws_sensor_combined/install/px4_msgs/lib:${LD_LIBRARY_PATH} PYTHONPATH=/home/imamalghifary/ws_sensor_combined/build/px4_offboard/prefix_override:/usr/lib/python3/dist-packages/colcon_core/task/python/colcon_distutils_commands:/home/imamalghifary/ws_sensor_combined/install/px4_offboard/lib/python3.10/site-packages:/home/imamalghifary/ws_sensor_combined/install/px4_msgs/local/lib/python3.10/dist-packages:${PYTHONPATH} /usr/bin/python3 -W ignore:setup.py install is deprecated -W ignore:easy_install command is deprecated setup.py develop --editable --build-directory /home/imamalghifary/ws_sensor_combined/build/px4_offboard/build --no-deps symlink_data
[1.853s] running develop
[2.023s] running egg_info
[2.023s] creating px4_offboard.egg-info
[2.031s] writing px4_offboard.egg-info/PKG-INFO
[2.032s] writing dependency_links to px4_offboard.egg-info/dependency_links.txt
[2.032s] writing entry points to px4_offboard.egg-info/entry_points.txt
[2.032s] writing requirements to px4_offboard.egg-info/requires.txt
[2.032s] writing top-level names to px4_offboard.egg-info/top_level.txt
[2.032s] writing manifest file 'px4_offboard.egg-info/SOURCES.txt'
[2.049s] reading manifest file 'px4_offboard.egg-info/SOURCES.txt'
[2.050s] writing manifest file 'px4_offboard.egg-info/SOURCES.txt'
[2.074s] running build_ext
[2.074s] Creating /home/imamalghifary/ws_sensor_combined/install/px4_offboard/lib/python3.10/site-packages/px4-offboard.egg-link (link to .)
[2.074s] Installing control script to /home/imamalghifary/ws_sensor_combined/install/px4_offboard/lib/px4_offboard
[2.074s] Installing offboard_control script to /home/imamalghifary/ws_sensor_combined/install/px4_offboard/lib/px4_offboard
[2.074s] Installing processes script to /home/imamalghifary/ws_sensor_combined/install/px4_offboard/lib/px4_offboard
[2.074s] Installing velocity_control script to /home/imamalghifary/ws_sensor_combined/install/px4_offboard/lib/px4_offboard
[2.074s] Installing visualizer script to /home/imamalghifary/ws_sensor_combined/install/px4_offboard/lib/px4_offboard
[2.075s] 
[2.075s] Installed /home/imamalghifary/ws_sensor_combined/build/px4_offboard
[2.075s] running symlink_data
[2.075s] creating /home/imamalghifary/ws_sensor_combined/install/px4_offboard/share/ament_index
[2.075s] creating /home/imamalghifary/ws_sensor_combined/install/px4_offboard/share/ament_index/resource_index
[2.075s] creating /home/imamalghifary/ws_sensor_combined/install/px4_offboard/share/ament_index/resource_index/packages
[2.075s] symbolically linking /home/imamalghifary/ws_sensor_combined/build/px4_offboard/resource/px4_offboard -> /home/imamalghifary/ws_sensor_combined/install/px4_offboard/share/ament_index/resource_index/packages
[2.075s] symbolically linking /home/imamalghifary/ws_sensor_combined/build/px4_offboard/resource/visualize.rviz -> /home/imamalghifary/ws_sensor_combined/install/px4_offboard/share/ament_index/resource_index/packages
[2.075s] symbolically linking /home/imamalghifary/ws_sensor_combined/build/px4_offboard/package.xml -> /home/imamalghifary/ws_sensor_combined/install/px4_offboard/share/px4_offboard
[2.075s] symbolically linking /home/imamalghifary/ws_sensor_combined/build/px4_offboard/launch/offboard_velocity_control.launch.py -> /home/imamalghifary/ws_sensor_combined/install/px4_offboard/share/px4_offboard
[2.075s] symbolically linking /home/imamalghifary/ws_sensor_combined/build/px4_offboard/resource/visualize.rviz -> /home/imamalghifary/ws_sensor_combined/install/px4_offboard/share/px4_offboard
[2.106s] Invoked command in '/home/imamalghifary/ws_sensor_combined/build/px4_offboard' returned '0': AMENT_PREFIX_PATH=/home/imamalghifary/ws_sensor_combined/install/px4_msgs:${AMENT_PREFIX_PATH} CMAKE_PREFIX_PATH=/home/imamalghifary/ws_sensor_combined/install/px4_msgs LD_LIBRARY_PATH=/home/imamalghifary/ws_sensor_combined/install/px4_msgs/lib:${LD_LIBRARY_PATH} PYTHONPATH=/home/imamalghifary/ws_sensor_combined/build/px4_offboard/prefix_override:/usr/lib/python3/dist-packages/colcon_core/task/python/colcon_distutils_commands:/home/imamalghifary/ws_sensor_combined/install/px4_offboard/lib/python3.10/site-packages:/home/imamalghifary/ws_sensor_combined/install/px4_msgs/local/lib/python3.10/dist-packages:${PYTHONPATH} /usr/bin/python3 -W ignore:setup.py install is deprecated -W ignore:easy_install command is deprecated setup.py develop --editable --build-directory /home/imamalghifary/ws_sensor_combined/build/px4_offboard/build --no-deps symlink_data
