[0.151s] Invoking command in '/home/imamalghifary/ws_sensor_combined/build/x500_description': CMAKE_PREFIX_PATH=${CMAKE_PREFIX_PATH}:/home/imamalghifary/ws_sensor_combined/install/x500_navigation:/home/imamalghifary/ws_sensor_combined/install/x500_bridge:/home/imamalghifary/ws_sensor_combined/install/px4_offboard:/opt/ros/humble /usr/bin/cmake --build /home/imamalghifary/ws_sensor_combined/build/x500_description -- -j22 -l22
[0.636s] Invoked command in '/home/imamalghifary/ws_sensor_combined/build/x500_description' returned '0': CMAKE_PREFIX_PATH=${CMAKE_PREFIX_PATH}:/home/imamalghifary/ws_sensor_combined/install/x500_navigation:/home/imamalghifary/ws_sensor_combined/install/x500_bridge:/home/imamalghifary/ws_sensor_combined/install/px4_offboard:/opt/ros/humble /usr/bin/cmake --build /home/imamalghifary/ws_sensor_combined/build/x500_description -- -j22 -l22
[0.649s] Invoking command in '/home/imamalghifary/ws_sensor_combined/build/x500_description': CMAKE_PREFIX_PATH=${CMAKE_PREFIX_PATH}:/home/imamalghifary/ws_sensor_combined/install/x500_navigation:/home/imamalghifary/ws_sensor_combined/install/x500_bridge:/home/imamalghifary/ws_sensor_combined/install/px4_offboard:/opt/ros/humble /usr/bin/cmake --install /home/imamalghifary/ws_sensor_combined/build/x500_description
[0.660s] -- Install configuration: ""
[0.660s] -- Execute custom install script
[0.661s] -- Up-to-date symlink: /home/imamalghifary/ws_sensor_combined/install/x500_description/share/x500_description/launch/display.launch.py
[0.661s] -- Up-to-date symlink: /home/imamalghifary/ws_sensor_combined/install/x500_description/share/x500_description/launch/slam_with_bridge.launch.py
[0.661s] -- Up-to-date symlink: /home/imamalghifary/ws_sensor_combined/install/x500_description/share/x500_description/urdf/x500_lidar.urdf.xacro
[0.661s] -- Up-to-date symlink: /home/imamalghifary/ws_sensor_combined/install/x500_description/share/x500_description/rviz/display.rviz
[0.662s] -- Up-to-date symlink: /home/imamalghifary/ws_sensor_combined/install/x500_description/share/x500_description/config/mapper_params.yaml
[0.662s] -- Up-to-date symlink: /home/imamalghifary/ws_sensor_combined/install/x500_description/share/ament_index/resource_index/package_run_dependencies/x500_description
[0.662s] -- Up-to-date symlink: /home/imamalghifary/ws_sensor_combined/install/x500_description/share/ament_index/resource_index/parent_prefix_path/x500_description
[0.662s] -- Up-to-date symlink: /home/imamalghifary/ws_sensor_combined/install/x500_description/share/x500_description/environment/ament_prefix_path.sh
[0.663s] -- Up-to-date symlink: /home/imamalghifary/ws_sensor_combined/install/x500_description/share/x500_description/environment/ament_prefix_path.dsv
[0.663s] -- Up-to-date symlink: /home/imamalghifary/ws_sensor_combined/install/x500_description/share/x500_description/environment/path.sh
[0.663s] -- Up-to-date symlink: /home/imamalghifary/ws_sensor_combined/install/x500_description/share/x500_description/environment/path.dsv
[0.663s] -- Up-to-date symlink: /home/imamalghifary/ws_sensor_combined/install/x500_description/share/x500_description/local_setup.bash
[0.663s] -- Up-to-date symlink: /home/imamalghifary/ws_sensor_combined/install/x500_description/share/x500_description/local_setup.sh
[0.663s] -- Up-to-date symlink: /home/imamalghifary/ws_sensor_combined/install/x500_description/share/x500_description/local_setup.zsh
[0.664s] -- Up-to-date symlink: /home/imamalghifary/ws_sensor_combined/install/x500_description/share/x500_description/local_setup.dsv
[0.664s] -- Symlinking: /home/imamalghifary/ws_sensor_combined/install/x500_description/share/x500_description/package.dsv
[0.678s] -- Up-to-date symlink: /home/imamalghifary/ws_sensor_combined/install/x500_description/share/ament_index/resource_index/packages/x500_description
[0.678s] -- Up-to-date symlink: /home/imamalghifary/ws_sensor_combined/install/x500_description/share/x500_description/cmake/x500_descriptionConfig.cmake
[0.678s] -- Up-to-date symlink: /home/imamalghifary/ws_sensor_combined/install/x500_description/share/x500_description/cmake/x500_descriptionConfig-version.cmake
[0.678s] -- Up-to-date symlink: /home/imamalghifary/ws_sensor_combined/install/x500_description/share/x500_description/package.xml
[0.682s] Invoked command in '/home/imamalghifary/ws_sensor_combined/build/x500_description' returned '0': CMAKE_PREFIX_PATH=${CMAKE_PREFIX_PATH}:/home/imamalghifary/ws_sensor_combined/install/x500_navigation:/home/imamalghifary/ws_sensor_combined/install/x500_bridge:/home/imamalghifary/ws_sensor_combined/install/px4_offboard:/opt/ros/humble /usr/bin/cmake --install /home/imamalghifary/ws_sensor_combined/build/x500_description
