[  0%] Built target ament_cmake_python_symlink_px4_msgs
[  0%] Built target px4_msgs__cpp
[ 12%] Built target px4_msgs__rosidl_generator_c
[ 24%] Built target px4_msgs__rosidl_typesupport_cpp
[ 37%] Built target px4_msgs__rosidl_typesupport_c
[ 50%] Built target px4_msgs__rosidl_typesupport_introspection_cpp
[ 63%] Built target px4_msgs__rosidl_typesupport_introspection_c
[ 75%] Built target px4_msgs__rosidl_typesupport_fastrtps_cpp
[ 88%] Built target px4_msgs__rosidl_typesupport_fastrtps_c
[ 88%] Built target px4_msgs
[ 88%] Built target px4_msgs__py
[100%] Built target px4_msgs__rosidl_generator_py
running egg_info
writing px4_msgs.egg-info/PKG-INFO
writing dependency_links to px4_msgs.egg-info/dependency_links.txt
[100%] Built target px4_msgs__rosidl_typesupport_c__pyext
writing top-level names to px4_msgs.egg-info/top_level.txt
[100%] Built target px4_msgs__rosidl_typesupport_introspection_c__pyext
[100%] Built target px4_msgs__rosidl_typesupport_fastrtps_c__pyext
reading manifest file 'px4_msgs.egg-info/SOURCES.txt'
writing manifest file 'px4_msgs.egg-info/SOURCES.txt'
[100%] Built target ament_cmake_python_build_px4_msgs_egg
