running develop
running egg_info
writing x500_bridge.egg-info/PKG-INFO
writing dependency_links to x500_bridge.egg-info/dependency_links.txt
writing entry points to x500_bridge.egg-info/entry_points.txt
writing requirements to x500_bridge.egg-info/requires.txt
writing top-level names to x500_bridge.egg-info/top_level.txt
reading manifest file 'x500_bridge.egg-info/SOURCES.txt'
writing manifest file 'x500_bridge.egg-info/SOURCES.txt'
running build_ext
Creating /home/imamalghifary/ws_sensor_combined/install/x500_bridge/lib/python3.10/site-packages/x500-bridge.egg-link (link to .)
Installing cmd_vel_bridge script to /home/imamalghifary/ws_sensor_combined/install/x500_bridge/lib/x500_bridge
Installing odom_bridge script to /home/imamalghifary/ws_sensor_combined/install/x500_bridge/lib/x500_bridge
Installing offboard_move_forward script to /home/imamalghifary/ws_sensor_combined/install/x500_bridge/lib/x500_bridge
Installing px4_offboard_init script to /home/imamalghifary/ws_sensor_combined/install/x500_bridge/lib/x500_bridge
Installing scan_relay script to /home/imamalghifary/ws_sensor_combined/install/x500_bridge/lib/x500_bridge

Installed /home/imamalghifary/ws_sensor_combined/build/x500_bridge
running symlink_data
symbolically linking /home/imamalghifary/ws_sensor_combined/build/x500_bridge/resource/x500_bridge -> /home/imamalghifary/ws_sensor_combined/install/x500_bridge/share/ament_index/resource_index/packages
symbolically linking /home/imamalghifary/ws_sensor_combined/build/x500_bridge/package.xml -> /home/imamalghifary/ws_sensor_combined/install/x500_bridge/share/x500_bridge
symbolically linking /home/imamalghifary/ws_sensor_combined/build/x500_bridge/launch/slam_with_px4.launch.py -> /home/imamalghifary/ws_sensor_combined/install/x500_bridge/share/x500_bridge/launch
symbolically linking /home/imamalghifary/ws_sensor_combined/build/x500_bridge/launch/display.launch.py -> /home/imamalghifary/ws_sensor_combined/install/x500_bridge/share/x500_bridge/launch
