[0.075s] DEBUG:colcon:Command line arguments: ['/usr/bin/colcon', 'build']
[0.075s] DEBUG:colcon:Parsed command line arguments: Namespace(log_base=None, log_level=None, verb_name='build', build_base='build', install_base='install', merge_install=False, symlink_install=False, test_result_base=None, continue_on_error=False, executor='parallel', parallel_workers=22, event_handlers=None, ignore_user_meta=False, metas=['./colcon.meta'], base_paths=['.'], packages_ignore=None, packages_ignore_regex=None, paths=None, packages_up_to=None, packages_up_to_regex=None, packages_above=None, packages_above_and_dependencies=None, packages_above_depth=None, packages_select_by_dep=None, packages_skip_by_dep=None, packages_skip_up_to=None, packages_select_build_failed=False, packages_skip_build_finished=False, packages_select_test_failures=False, packages_skip_test_passed=False, packages_select=None, packages_skip=None, packages_select_regex=None, packages_skip_regex=None, packages_start=None, packages_end=None, allow_overriding=[], cmake_args=None, cmake_target=None, cmake_target_skip_unavailable=False, cmake_clean_cache=False, cmake_clean_first=False, cmake_force_configure=False, ament_cmake_args=None, catkin_cmake_args=None, catkin_skip_building_tests=False, mixin_files=None, mixin=None, verb_parser=<colcon_mixin.mixin.mixin_argument.MixinArgumentDecorator object at 0x70ecc427f2e0>, verb_extension=<colcon_core.verb.build.BuildVerb object at 0x70ecc427ed10>, main=<bound method BuildVerb.main of <colcon_core.verb.build.BuildVerb object at 0x70ecc427ed10>>, mixin_verb=('build',))
[0.254s] Level 1:colcon.colcon_core.package_discovery:discover_packages(colcon_meta) check parameters
[0.254s] Level 1:colcon.colcon_core.package_discovery:discover_packages(recursive) check parameters
[0.254s] Level 1:colcon.colcon_core.package_discovery:discover_packages(ignore) check parameters
[0.254s] Level 1:colcon.colcon_core.package_discovery:discover_packages(path) check parameters
[0.254s] Level 1:colcon.colcon_core.package_discovery:discover_packages(colcon_meta) discover
[0.254s] Level 1:colcon.colcon_core.package_discovery:discover_packages(recursive) discover
[0.254s] INFO:colcon.colcon_core.package_discovery:Crawling recursively for packages in '/home/imamalghifary/ws_sensor_combined'
[0.255s] Level 1:colcon.colcon_core.package_identification:_identify(.) by extensions ['ignore', 'ignore_ament_install']
[0.255s] Level 1:colcon.colcon_core.package_identification:_identify(.) by extension 'ignore'
[0.255s] Level 1:colcon.colcon_core.package_identification:_identify(.) by extension 'ignore_ament_install'
[0.255s] Level 1:colcon.colcon_core.package_identification:_identify(.) by extensions ['colcon_pkg']
[0.255s] Level 1:colcon.colcon_core.package_identification:_identify(.) by extension 'colcon_pkg'
[0.255s] Level 1:colcon.colcon_core.package_identification:_identify(.) by extensions ['colcon_meta']
[0.255s] Level 1:colcon.colcon_core.package_identification:_identify(.) by extension 'colcon_meta'
[0.255s] Level 1:colcon.colcon_core.package_identification:_identify(.) by extensions ['ros']
[0.255s] Level 1:colcon.colcon_core.package_identification:_identify(.) by extension 'ros'
[0.266s] Level 1:colcon.colcon_core.package_identification:_identify(.) by extensions ['cmake', 'python']
[0.266s] Level 1:colcon.colcon_core.package_identification:_identify(.) by extension 'cmake'
[0.266s] Level 1:colcon.colcon_core.package_identification:_identify(.) by extension 'python'
[0.266s] Level 1:colcon.colcon_core.package_identification:_identify(.) by extensions ['python_setup_py']
[0.266s] Level 1:colcon.colcon_core.package_identification:_identify(.) by extension 'python_setup_py'
[0.266s] Level 1:colcon.colcon_core.package_identification:_identify(build) by extensions ['ignore', 'ignore_ament_install']
[0.266s] Level 1:colcon.colcon_core.package_identification:_identify(build) by extension 'ignore'
[0.267s] Level 1:colcon.colcon_core.package_identification:_identify(build) ignored
[0.267s] Level 1:colcon.colcon_core.package_identification:_identify(install) by extensions ['ignore', 'ignore_ament_install']
[0.267s] Level 1:colcon.colcon_core.package_identification:_identify(install) by extension 'ignore'
[0.267s] Level 1:colcon.colcon_core.package_identification:_identify(install) ignored
[0.267s] Level 1:colcon.colcon_core.package_identification:_identify(log) by extensions ['ignore', 'ignore_ament_install']
[0.267s] Level 1:colcon.colcon_core.package_identification:_identify(log) by extension 'ignore'
[0.267s] Level 1:colcon.colcon_core.package_identification:_identify(log) ignored
[0.267s] Level 1:colcon.colcon_core.package_identification:_identify(src) by extensions ['ignore', 'ignore_ament_install']
[0.267s] Level 1:colcon.colcon_core.package_identification:_identify(src) by extension 'ignore'
[0.267s] Level 1:colcon.colcon_core.package_identification:_identify(src) by extension 'ignore_ament_install'
[0.267s] Level 1:colcon.colcon_core.package_identification:_identify(src) by extensions ['colcon_pkg']
[0.267s] Level 1:colcon.colcon_core.package_identification:_identify(src) by extension 'colcon_pkg'
[0.267s] Level 1:colcon.colcon_core.package_identification:_identify(src) by extensions ['colcon_meta']
[0.267s] Level 1:colcon.colcon_core.package_identification:_identify(src) by extension 'colcon_meta'
[0.267s] Level 1:colcon.colcon_core.package_identification:_identify(src) by extensions ['ros']
[0.267s] Level 1:colcon.colcon_core.package_identification:_identify(src) by extension 'ros'
[0.267s] Level 1:colcon.colcon_core.package_identification:_identify(src) by extensions ['cmake', 'python']
[0.267s] Level 1:colcon.colcon_core.package_identification:_identify(src) by extension 'cmake'
[0.267s] Level 1:colcon.colcon_core.package_identification:_identify(src) by extension 'python'
[0.267s] Level 1:colcon.colcon_core.package_identification:_identify(src) by extensions ['python_setup_py']
[0.267s] Level 1:colcon.colcon_core.package_identification:_identify(src) by extension 'python_setup_py'
[0.267s] Level 1:colcon.colcon_core.package_identification:_identify(src/ROS2_PX4_Offboard_Example) by extensions ['ignore', 'ignore_ament_install']
[0.267s] Level 1:colcon.colcon_core.package_identification:_identify(src/ROS2_PX4_Offboard_Example) by extension 'ignore'
[0.268s] Level 1:colcon.colcon_core.package_identification:_identify(src/ROS2_PX4_Offboard_Example) by extension 'ignore_ament_install'
[0.268s] Level 1:colcon.colcon_core.package_identification:_identify(src/ROS2_PX4_Offboard_Example) by extensions ['colcon_pkg']
[0.268s] Level 1:colcon.colcon_core.package_identification:_identify(src/ROS2_PX4_Offboard_Example) by extension 'colcon_pkg'
[0.268s] Level 1:colcon.colcon_core.package_identification:_identify(src/ROS2_PX4_Offboard_Example) by extensions ['colcon_meta']
[0.268s] Level 1:colcon.colcon_core.package_identification:_identify(src/ROS2_PX4_Offboard_Example) by extension 'colcon_meta'
[0.268s] Level 1:colcon.colcon_core.package_identification:_identify(src/ROS2_PX4_Offboard_Example) by extensions ['ros']
[0.268s] Level 1:colcon.colcon_core.package_identification:_identify(src/ROS2_PX4_Offboard_Example) by extension 'ros'
[0.268s] Level 1:colcon.colcon_core.package_identification:_identify(src/ROS2_PX4_Offboard_Example) by extensions ['cmake', 'python']
[0.268s] Level 1:colcon.colcon_core.package_identification:_identify(src/ROS2_PX4_Offboard_Example) by extension 'cmake'
[0.268s] Level 1:colcon.colcon_core.package_identification:_identify(src/ROS2_PX4_Offboard_Example) by extension 'python'
[0.268s] Level 1:colcon.colcon_core.package_identification:_identify(src/ROS2_PX4_Offboard_Example) by extensions ['python_setup_py']
[0.268s] Level 1:colcon.colcon_core.package_identification:_identify(src/ROS2_PX4_Offboard_Example) by extension 'python_setup_py'
[0.268s] Level 1:colcon.colcon_core.package_identification:_identify(src/ROS2_PX4_Offboard_Example/px4_offboard) by extensions ['ignore', 'ignore_ament_install']
[0.268s] Level 1:colcon.colcon_core.package_identification:_identify(src/ROS2_PX4_Offboard_Example/px4_offboard) by extension 'ignore'
[0.268s] Level 1:colcon.colcon_core.package_identification:_identify(src/ROS2_PX4_Offboard_Example/px4_offboard) by extension 'ignore_ament_install'
[0.268s] Level 1:colcon.colcon_core.package_identification:_identify(src/ROS2_PX4_Offboard_Example/px4_offboard) by extensions ['colcon_pkg']
[0.268s] Level 1:colcon.colcon_core.package_identification:_identify(src/ROS2_PX4_Offboard_Example/px4_offboard) by extension 'colcon_pkg'
[0.268s] Level 1:colcon.colcon_core.package_identification:_identify(src/ROS2_PX4_Offboard_Example/px4_offboard) by extensions ['colcon_meta']
[0.268s] Level 1:colcon.colcon_core.package_identification:_identify(src/ROS2_PX4_Offboard_Example/px4_offboard) by extension 'colcon_meta'
[0.268s] Level 1:colcon.colcon_core.package_identification:_identify(src/ROS2_PX4_Offboard_Example/px4_offboard) by extensions ['ros']
[0.268s] Level 1:colcon.colcon_core.package_identification:_identify(src/ROS2_PX4_Offboard_Example/px4_offboard) by extension 'ros'
[0.270s] DEBUG:colcon.colcon_core.package_identification:Package 'src/ROS2_PX4_Offboard_Example/px4_offboard' with type 'ros.ament_python' and name 'px4_offboard'
[0.270s] Level 1:colcon.colcon_core.package_identification:_identify(src/build) by extensions ['ignore', 'ignore_ament_install']
[0.270s] Level 1:colcon.colcon_core.package_identification:_identify(src/build) by extension 'ignore'
[0.270s] Level 1:colcon.colcon_core.package_identification:_identify(src/build) ignored
[0.270s] Level 1:colcon.colcon_core.package_identification:_identify(src/install) by extensions ['ignore', 'ignore_ament_install']
[0.270s] Level 1:colcon.colcon_core.package_identification:_identify(src/install) by extension 'ignore'
[0.270s] Level 1:colcon.colcon_core.package_identification:_identify(src/install) ignored
[0.271s] Level 1:colcon.colcon_core.package_identification:_identify(src/log) by extensions ['ignore', 'ignore_ament_install']
[0.271s] Level 1:colcon.colcon_core.package_identification:_identify(src/log) by extension 'ignore'
[0.271s] Level 1:colcon.colcon_core.package_identification:_identify(src/log) ignored
[0.271s] Level 1:colcon.colcon_core.package_identification:_identify(src/px4_msgs) by extensions ['ignore', 'ignore_ament_install']
[0.271s] Level 1:colcon.colcon_core.package_identification:_identify(src/px4_msgs) by extension 'ignore'
[0.271s] Level 1:colcon.colcon_core.package_identification:_identify(src/px4_msgs) by extension 'ignore_ament_install'
[0.271s] Level 1:colcon.colcon_core.package_identification:_identify(src/px4_msgs) by extensions ['colcon_pkg']
[0.271s] Level 1:colcon.colcon_core.package_identification:_identify(src/px4_msgs) by extension 'colcon_pkg'
[0.271s] Level 1:colcon.colcon_core.package_identification:_identify(src/px4_msgs) by extensions ['colcon_meta']
[0.271s] Level 1:colcon.colcon_core.package_identification:_identify(src/px4_msgs) by extension 'colcon_meta'
[0.271s] Level 1:colcon.colcon_core.package_identification:_identify(src/px4_msgs) by extensions ['ros']
[0.271s] Level 1:colcon.colcon_core.package_identification:_identify(src/px4_msgs) by extension 'ros'
[0.272s] DEBUG:colcon.colcon_core.package_identification:Package 'src/px4_msgs' with type 'ros.ament_cmake' and name 'px4_msgs'
[0.272s] Level 1:colcon.colcon_core.package_identification:_identify(src/px4_ros_com) by extensions ['ignore', 'ignore_ament_install']
[0.272s] Level 1:colcon.colcon_core.package_identification:_identify(src/px4_ros_com) by extension 'ignore'
[0.272s] Level 1:colcon.colcon_core.package_identification:_identify(src/px4_ros_com) by extension 'ignore_ament_install'
[0.272s] Level 1:colcon.colcon_core.package_identification:_identify(src/px4_ros_com) by extensions ['colcon_pkg']
[0.272s] Level 1:colcon.colcon_core.package_identification:_identify(src/px4_ros_com) by extension 'colcon_pkg'
[0.272s] Level 1:colcon.colcon_core.package_identification:_identify(src/px4_ros_com) by extensions ['colcon_meta']
[0.272s] Level 1:colcon.colcon_core.package_identification:_identify(src/px4_ros_com) by extension 'colcon_meta'
[0.272s] Level 1:colcon.colcon_core.package_identification:_identify(src/px4_ros_com) by extensions ['ros']
[0.272s] Level 1:colcon.colcon_core.package_identification:_identify(src/px4_ros_com) by extension 'ros'
[0.273s] DEBUG:colcon.colcon_core.package_identification:Package 'src/px4_ros_com' with type 'ros.ament_cmake' and name 'px4_ros_com'
[0.273s] Level 1:colcon.colcon_core.package_identification:_identify(src/x500_bridge) by extensions ['ignore', 'ignore_ament_install']
[0.273s] Level 1:colcon.colcon_core.package_identification:_identify(src/x500_bridge) by extension 'ignore'
[0.273s] Level 1:colcon.colcon_core.package_identification:_identify(src/x500_bridge) by extension 'ignore_ament_install'
[0.273s] Level 1:colcon.colcon_core.package_identification:_identify(src/x500_bridge) by extensions ['colcon_pkg']
[0.273s] Level 1:colcon.colcon_core.package_identification:_identify(src/x500_bridge) by extension 'colcon_pkg'
[0.273s] Level 1:colcon.colcon_core.package_identification:_identify(src/x500_bridge) by extensions ['colcon_meta']
[0.273s] Level 1:colcon.colcon_core.package_identification:_identify(src/x500_bridge) by extension 'colcon_meta'
[0.273s] Level 1:colcon.colcon_core.package_identification:_identify(src/x500_bridge) by extensions ['ros']
[0.273s] Level 1:colcon.colcon_core.package_identification:_identify(src/x500_bridge) by extension 'ros'
[0.274s] DEBUG:colcon.colcon_core.package_identification:Package 'src/x500_bridge' with type 'ros.ament_python' and name 'x500_bridge'
[0.274s] Level 1:colcon.colcon_core.package_identification:_identify(src/x500_description) by extensions ['ignore', 'ignore_ament_install']
[0.274s] Level 1:colcon.colcon_core.package_identification:_identify(src/x500_description) by extension 'ignore'
[0.274s] Level 1:colcon.colcon_core.package_identification:_identify(src/x500_description) by extension 'ignore_ament_install'
[0.274s] Level 1:colcon.colcon_core.package_identification:_identify(src/x500_description) by extensions ['colcon_pkg']
[0.274s] Level 1:colcon.colcon_core.package_identification:_identify(src/x500_description) by extension 'colcon_pkg'
[0.274s] Level 1:colcon.colcon_core.package_identification:_identify(src/x500_description) by extensions ['colcon_meta']
[0.274s] Level 1:colcon.colcon_core.package_identification:_identify(src/x500_description) by extension 'colcon_meta'
[0.274s] Level 1:colcon.colcon_core.package_identification:_identify(src/x500_description) by extensions ['ros']
[0.274s] Level 1:colcon.colcon_core.package_identification:_identify(src/x500_description) by extension 'ros'
[0.275s] DEBUG:colcon.colcon_core.package_identification:Package 'src/x500_description' with type 'ros.ament_cmake' and name 'x500_description'
[0.275s] Level 1:colcon.colcon_core.package_discovery:discover_packages(recursive) using defaults
[0.275s] Level 1:colcon.colcon_core.package_discovery:discover_packages(ignore) discover
[0.275s] Level 1:colcon.colcon_core.package_discovery:discover_packages(ignore) using defaults
[0.275s] Level 1:colcon.colcon_core.package_discovery:discover_packages(path) discover
[0.275s] Level 1:colcon.colcon_core.package_discovery:discover_packages(path) using defaults
[0.294s] Level 1:colcon.colcon_core.package_discovery:discover_packages(prefix_path) check parameters
[0.294s] Level 1:colcon.colcon_core.package_discovery:discover_packages(prefix_path) discover
[0.295s] DEBUG:colcon.colcon_installed_package_information.package_discovery:Found 5 installed packages in /home/imamalghifary/ws_sensor_combined/install
[0.296s] DEBUG:colcon.colcon_installed_package_information.package_discovery:Found 364 installed packages in /opt/ros/humble
[0.298s] Level 1:colcon.colcon_core.package_discovery:discover_packages(prefix_path) using defaults
[0.329s] Level 5:colcon.colcon_core.verb:set package 'px4_msgs' build argument 'cmake_args' from command line to 'None'
[0.329s] Level 5:colcon.colcon_core.verb:set package 'px4_msgs' build argument 'cmake_target' from command line to 'None'
[0.329s] Level 5:colcon.colcon_core.verb:set package 'px4_msgs' build argument 'cmake_target_skip_unavailable' from command line to 'False'
[0.329s] Level 5:colcon.colcon_core.verb:set package 'px4_msgs' build argument 'cmake_clean_cache' from command line to 'False'
[0.329s] Level 5:colcon.colcon_core.verb:set package 'px4_msgs' build argument 'cmake_clean_first' from command line to 'False'
[0.329s] Level 5:colcon.colcon_core.verb:set package 'px4_msgs' build argument 'cmake_force_configure' from command line to 'False'
[0.329s] Level 5:colcon.colcon_core.verb:set package 'px4_msgs' build argument 'ament_cmake_args' from command line to 'None'
[0.329s] Level 5:colcon.colcon_core.verb:set package 'px4_msgs' build argument 'catkin_cmake_args' from command line to 'None'
[0.329s] Level 5:colcon.colcon_core.verb:set package 'px4_msgs' build argument 'catkin_skip_building_tests' from command line to 'False'
[0.329s] DEBUG:colcon.colcon_core.verb:Building package 'px4_msgs' with the following arguments: {'ament_cmake_args': None, 'build_base': '/home/imamalghifary/ws_sensor_combined/build/px4_msgs', 'catkin_cmake_args': None, 'catkin_skip_building_tests': False, 'cmake_args': None, 'cmake_clean_cache': False, 'cmake_clean_first': False, 'cmake_force_configure': False, 'cmake_target': None, 'cmake_target_skip_unavailable': False, 'install_base': '/home/imamalghifary/ws_sensor_combined/install/px4_msgs', 'merge_install': False, 'path': '/home/imamalghifary/ws_sensor_combined/src/px4_msgs', 'symlink_install': False, 'test_result_base': None}
[0.330s] Level 5:colcon.colcon_core.verb:set package 'x500_description' build argument 'cmake_args' from command line to 'None'
[0.330s] Level 5:colcon.colcon_core.verb:set package 'x500_description' build argument 'cmake_target' from command line to 'None'
[0.330s] Level 5:colcon.colcon_core.verb:set package 'x500_description' build argument 'cmake_target_skip_unavailable' from command line to 'False'
[0.330s] Level 5:colcon.colcon_core.verb:set package 'x500_description' build argument 'cmake_clean_cache' from command line to 'False'
[0.330s] Level 5:colcon.colcon_core.verb:set package 'x500_description' build argument 'cmake_clean_first' from command line to 'False'
[0.330s] Level 5:colcon.colcon_core.verb:set package 'x500_description' build argument 'cmake_force_configure' from command line to 'False'
[0.330s] Level 5:colcon.colcon_core.verb:set package 'x500_description' build argument 'ament_cmake_args' from command line to 'None'
[0.330s] Level 5:colcon.colcon_core.verb:set package 'x500_description' build argument 'catkin_cmake_args' from command line to 'None'
[0.330s] Level 5:colcon.colcon_core.verb:set package 'x500_description' build argument 'catkin_skip_building_tests' from command line to 'False'
[0.330s] DEBUG:colcon.colcon_core.verb:Building package 'x500_description' with the following arguments: {'ament_cmake_args': None, 'build_base': '/home/imamalghifary/ws_sensor_combined/build/x500_description', 'catkin_cmake_args': None, 'catkin_skip_building_tests': False, 'cmake_args': None, 'cmake_clean_cache': False, 'cmake_clean_first': False, 'cmake_force_configure': False, 'cmake_target': None, 'cmake_target_skip_unavailable': False, 'install_base': '/home/imamalghifary/ws_sensor_combined/install/x500_description', 'merge_install': False, 'path': '/home/imamalghifary/ws_sensor_combined/src/x500_description', 'symlink_install': False, 'test_result_base': None}
[0.330s] Level 5:colcon.colcon_core.verb:set package 'px4_offboard' build argument 'cmake_args' from command line to 'None'
[0.330s] Level 5:colcon.colcon_core.verb:set package 'px4_offboard' build argument 'cmake_target' from command line to 'None'
[0.330s] Level 5:colcon.colcon_core.verb:set package 'px4_offboard' build argument 'cmake_target_skip_unavailable' from command line to 'False'
[0.330s] Level 5:colcon.colcon_core.verb:set package 'px4_offboard' build argument 'cmake_clean_cache' from command line to 'False'
[0.330s] Level 5:colcon.colcon_core.verb:set package 'px4_offboard' build argument 'cmake_clean_first' from command line to 'False'
[0.330s] Level 5:colcon.colcon_core.verb:set package 'px4_offboard' build argument 'cmake_force_configure' from command line to 'False'
[0.330s] Level 5:colcon.colcon_core.verb:set package 'px4_offboard' build argument 'ament_cmake_args' from command line to 'None'
[0.330s] Level 5:colcon.colcon_core.verb:set package 'px4_offboard' build argument 'catkin_cmake_args' from command line to 'None'
[0.330s] Level 5:colcon.colcon_core.verb:set package 'px4_offboard' build argument 'catkin_skip_building_tests' from command line to 'False'
[0.330s] DEBUG:colcon.colcon_core.verb:Building package 'px4_offboard' with the following arguments: {'ament_cmake_args': None, 'build_base': '/home/imamalghifary/ws_sensor_combined/build/px4_offboard', 'catkin_cmake_args': None, 'catkin_skip_building_tests': False, 'cmake_args': None, 'cmake_clean_cache': False, 'cmake_clean_first': False, 'cmake_force_configure': False, 'cmake_target': None, 'cmake_target_skip_unavailable': False, 'install_base': '/home/imamalghifary/ws_sensor_combined/install/px4_offboard', 'merge_install': False, 'path': '/home/imamalghifary/ws_sensor_combined/src/ROS2_PX4_Offboard_Example/px4_offboard', 'symlink_install': False, 'test_result_base': None}
[0.330s] Level 5:colcon.colcon_core.verb:set package 'px4_ros_com' build argument 'cmake_args' from command line to 'None'
[0.330s] Level 5:colcon.colcon_core.verb:set package 'px4_ros_com' build argument 'cmake_target' from command line to 'None'
[0.330s] Level 5:colcon.colcon_core.verb:set package 'px4_ros_com' build argument 'cmake_target_skip_unavailable' from command line to 'False'
[0.330s] Level 5:colcon.colcon_core.verb:set package 'px4_ros_com' build argument 'cmake_clean_cache' from command line to 'False'
[0.330s] Level 5:colcon.colcon_core.verb:set package 'px4_ros_com' build argument 'cmake_clean_first' from command line to 'False'
[0.330s] Level 5:colcon.colcon_core.verb:set package 'px4_ros_com' build argument 'cmake_force_configure' from command line to 'False'
[0.331s] Level 5:colcon.colcon_core.verb:set package 'px4_ros_com' build argument 'ament_cmake_args' from command line to 'None'
[0.331s] Level 5:colcon.colcon_core.verb:set package 'px4_ros_com' build argument 'catkin_cmake_args' from command line to 'None'
[0.331s] Level 5:colcon.colcon_core.verb:set package 'px4_ros_com' build argument 'catkin_skip_building_tests' from command line to 'False'
[0.331s] DEBUG:colcon.colcon_core.verb:Building package 'px4_ros_com' with the following arguments: {'ament_cmake_args': None, 'build_base': '/home/imamalghifary/ws_sensor_combined/build/px4_ros_com', 'catkin_cmake_args': None, 'catkin_skip_building_tests': False, 'cmake_args': None, 'cmake_clean_cache': False, 'cmake_clean_first': False, 'cmake_force_configure': False, 'cmake_target': None, 'cmake_target_skip_unavailable': False, 'install_base': '/home/imamalghifary/ws_sensor_combined/install/px4_ros_com', 'merge_install': False, 'path': '/home/imamalghifary/ws_sensor_combined/src/px4_ros_com', 'symlink_install': False, 'test_result_base': None}
[0.331s] Level 5:colcon.colcon_core.verb:set package 'x500_bridge' build argument 'cmake_args' from command line to 'None'
[0.331s] Level 5:colcon.colcon_core.verb:set package 'x500_bridge' build argument 'cmake_target' from command line to 'None'
[0.331s] Level 5:colcon.colcon_core.verb:set package 'x500_bridge' build argument 'cmake_target_skip_unavailable' from command line to 'False'
[0.331s] Level 5:colcon.colcon_core.verb:set package 'x500_bridge' build argument 'cmake_clean_cache' from command line to 'False'
[0.331s] Level 5:colcon.colcon_core.verb:set package 'x500_bridge' build argument 'cmake_clean_first' from command line to 'False'
[0.331s] Level 5:colcon.colcon_core.verb:set package 'x500_bridge' build argument 'cmake_force_configure' from command line to 'False'
[0.331s] Level 5:colcon.colcon_core.verb:set package 'x500_bridge' build argument 'ament_cmake_args' from command line to 'None'
[0.331s] Level 5:colcon.colcon_core.verb:set package 'x500_bridge' build argument 'catkin_cmake_args' from command line to 'None'
[0.331s] Level 5:colcon.colcon_core.verb:set package 'x500_bridge' build argument 'catkin_skip_building_tests' from command line to 'False'
[0.331s] DEBUG:colcon.colcon_core.verb:Building package 'x500_bridge' with the following arguments: {'ament_cmake_args': None, 'build_base': '/home/imamalghifary/ws_sensor_combined/build/x500_bridge', 'catkin_cmake_args': None, 'catkin_skip_building_tests': False, 'cmake_args': None, 'cmake_clean_cache': False, 'cmake_clean_first': False, 'cmake_force_configure': False, 'cmake_target': None, 'cmake_target_skip_unavailable': False, 'install_base': '/home/imamalghifary/ws_sensor_combined/install/x500_bridge', 'merge_install': False, 'path': '/home/imamalghifary/ws_sensor_combined/src/x500_bridge', 'symlink_install': False, 'test_result_base': None}
[0.331s] INFO:colcon.colcon_core.executor:Executing jobs using 'parallel' executor
[0.332s] DEBUG:colcon.colcon_parallel_executor.executor.parallel:run_until_complete
[0.332s] INFO:colcon.colcon_ros.task.ament_cmake.build:Building ROS package in '/home/imamalghifary/ws_sensor_combined/src/px4_msgs' with build type 'ament_cmake'
[0.332s] INFO:colcon.colcon_cmake.task.cmake.build:Building CMake package in '/home/imamalghifary/ws_sensor_combined/src/px4_msgs'
[0.334s] INFO:colcon.colcon_core.plugin_system:Skipping extension 'colcon_core.shell.bat': Not used on non-Windows systems
[0.334s] INFO:colcon.colcon_core.shell:Skip shell extension 'powershell' for command environment: Not usable outside of PowerShell
[0.334s] DEBUG:colcon.colcon_core.shell:Skip shell extension 'dsv' for command environment
[0.337s] INFO:colcon.colcon_ros.task.ament_cmake.build:Building ROS package in '/home/imamalghifary/ws_sensor_combined/src/x500_description' with build type 'ament_cmake'
[0.337s] INFO:colcon.colcon_cmake.task.cmake.build:Building CMake package in '/home/imamalghifary/ws_sensor_combined/src/x500_description'
[0.337s] INFO:colcon.colcon_core.shell:Skip shell extension 'powershell' for command environment: Not usable outside of PowerShell
[0.337s] DEBUG:colcon.colcon_core.shell:Skip shell extension 'dsv' for command environment
[0.344s] DEBUG:colcon.colcon_core.event_handler.log_command:Invoking command in '/home/imamalghifary/ws_sensor_combined/build/px4_msgs': CMAKE_PREFIX_PATH=${CMAKE_PREFIX_PATH}:/home/imamalghifary/ws_sensor_combined/install/x500_bridge:/home/imamalghifary/ws_sensor_combined/install/px4_offboard:/opt/ros/humble /usr/bin/cmake --build /home/imamalghifary/ws_sensor_combined/build/px4_msgs -- -j22 -l22
[0.347s] DEBUG:colcon.colcon_core.event_handler.log_command:Invoking command in '/home/imamalghifary/ws_sensor_combined/build/x500_description': CMAKE_PREFIX_PATH=${CMAKE_PREFIX_PATH}:/home/imamalghifary/ws_sensor_combined/install/x500_bridge:/home/imamalghifary/ws_sensor_combined/install/px4_offboard:/opt/ros/humble /usr/bin/cmake --build /home/imamalghifary/ws_sensor_combined/build/x500_description -- -j22 -l22
[0.379s] DEBUG:colcon.colcon_core.event_handler.log_command:Invoked command in '/home/imamalghifary/ws_sensor_combined/build/x500_description' returned '0': CMAKE_PREFIX_PATH=${CMAKE_PREFIX_PATH}:/home/imamalghifary/ws_sensor_combined/install/x500_bridge:/home/imamalghifary/ws_sensor_combined/install/px4_offboard:/opt/ros/humble /usr/bin/cmake --build /home/imamalghifary/ws_sensor_combined/build/x500_description -- -j22 -l22
[0.385s] DEBUG:colcon.colcon_core.event_handler.log_command:Invoking command in '/home/imamalghifary/ws_sensor_combined/build/x500_description': CMAKE_PREFIX_PATH=${CMAKE_PREFIX_PATH}:/home/imamalghifary/ws_sensor_combined/install/x500_bridge:/home/imamalghifary/ws_sensor_combined/install/px4_offboard:/opt/ros/humble /usr/bin/cmake --install /home/imamalghifary/ws_sensor_combined/build/x500_description
[0.399s] Level 1:colcon.colcon_core.environment:create_environment_scripts_only(x500_description)
[0.400s] DEBUG:colcon.colcon_core.event_handler.log_command:Invoked command in '/home/imamalghifary/ws_sensor_combined/build/x500_description' returned '0': CMAKE_PREFIX_PATH=${CMAKE_PREFIX_PATH}:/home/imamalghifary/ws_sensor_combined/install/x500_bridge:/home/imamalghifary/ws_sensor_combined/install/px4_offboard:/opt/ros/humble /usr/bin/cmake --install /home/imamalghifary/ws_sensor_combined/build/x500_description
[0.401s] Level 1:colcon.colcon_core.environment:checking '/home/imamalghifary/ws_sensor_combined/install/x500_description' for CMake module files
[0.401s] Level 1:colcon.colcon_core.environment:checking '/home/imamalghifary/ws_sensor_combined/install/x500_description' for CMake config files
[0.401s] Level 1:colcon.colcon_core.shell:create_environment_hook('x500_description', 'cmake_prefix_path')
[0.401s] INFO:colcon.colcon_core.shell:Creating environment hook '/home/imamalghifary/ws_sensor_combined/install/x500_description/share/x500_description/hook/cmake_prefix_path.ps1'
[0.402s] INFO:colcon.colcon_core.shell:Creating environment descriptor '/home/imamalghifary/ws_sensor_combined/install/x500_description/share/x500_description/hook/cmake_prefix_path.dsv'
[0.402s] INFO:colcon.colcon_core.shell:Creating environment hook '/home/imamalghifary/ws_sensor_combined/install/x500_description/share/x500_description/hook/cmake_prefix_path.sh'
[0.403s] Level 1:colcon.colcon_core.environment:checking '/home/imamalghifary/ws_sensor_combined/install/x500_description/bin'
[0.403s] Level 1:colcon.colcon_core.environment:checking '/home/imamalghifary/ws_sensor_combined/install/x500_description/lib/pkgconfig/x500_description.pc'
[0.403s] Level 1:colcon.colcon_core.environment:checking '/home/imamalghifary/ws_sensor_combined/install/x500_description/lib/python3.10/site-packages'
[0.403s] Level 1:colcon.colcon_core.environment:checking '/home/imamalghifary/ws_sensor_combined/install/x500_description/bin'
[0.404s] INFO:colcon.colcon_core.shell:Creating package script '/home/imamalghifary/ws_sensor_combined/install/x500_description/share/x500_description/package.ps1'
[0.404s] INFO:colcon.colcon_core.shell:Creating package descriptor '/home/imamalghifary/ws_sensor_combined/install/x500_description/share/x500_description/package.dsv'
[0.405s] INFO:colcon.colcon_core.shell:Creating package script '/home/imamalghifary/ws_sensor_combined/install/x500_description/share/x500_description/package.sh'
[0.406s] INFO:colcon.colcon_core.shell:Creating package script '/home/imamalghifary/ws_sensor_combined/install/x500_description/share/x500_description/package.bash'
[0.406s] INFO:colcon.colcon_core.shell:Creating package script '/home/imamalghifary/ws_sensor_combined/install/x500_description/share/x500_description/package.zsh'
[0.407s] Level 1:colcon.colcon_core.environment:create_file_with_runtime_dependencies(/home/imamalghifary/ws_sensor_combined/install/x500_description/share/colcon-core/packages/x500_description)
[0.408s] Level 1:colcon.colcon_core.environment:create_environment_scripts_only(x500_description)
[0.408s] Level 1:colcon.colcon_core.environment:checking '/home/imamalghifary/ws_sensor_combined/install/x500_description' for CMake module files
[0.409s] Level 1:colcon.colcon_core.environment:checking '/home/imamalghifary/ws_sensor_combined/install/x500_description' for CMake config files
[0.409s] Level 1:colcon.colcon_core.shell:create_environment_hook('x500_description', 'cmake_prefix_path')
[0.409s] INFO:colcon.colcon_core.shell:Creating environment hook '/home/imamalghifary/ws_sensor_combined/install/x500_description/share/x500_description/hook/cmake_prefix_path.ps1'
[0.410s] INFO:colcon.colcon_core.shell:Creating environment descriptor '/home/imamalghifary/ws_sensor_combined/install/x500_description/share/x500_description/hook/cmake_prefix_path.dsv'
[0.410s] INFO:colcon.colcon_core.shell:Creating environment hook '/home/imamalghifary/ws_sensor_combined/install/x500_description/share/x500_description/hook/cmake_prefix_path.sh'
[0.411s] Level 1:colcon.colcon_core.environment:checking '/home/imamalghifary/ws_sensor_combined/install/x500_description/bin'
[0.411s] Level 1:colcon.colcon_core.environment:checking '/home/imamalghifary/ws_sensor_combined/install/x500_description/lib/pkgconfig/x500_description.pc'
[0.411s] Level 1:colcon.colcon_core.environment:checking '/home/imamalghifary/ws_sensor_combined/install/x500_description/lib/python3.10/site-packages'
[0.412s] Level 1:colcon.colcon_core.environment:checking '/home/imamalghifary/ws_sensor_combined/install/x500_description/bin'
[0.412s] INFO:colcon.colcon_core.shell:Creating package script '/home/imamalghifary/ws_sensor_combined/install/x500_description/share/x500_description/package.ps1'
[0.413s] INFO:colcon.colcon_core.shell:Creating package descriptor '/home/imamalghifary/ws_sensor_combined/install/x500_description/share/x500_description/package.dsv'
[0.413s] INFO:colcon.colcon_core.shell:Creating package script '/home/imamalghifary/ws_sensor_combined/install/x500_description/share/x500_description/package.sh'
[0.414s] INFO:colcon.colcon_core.shell:Creating package script '/home/imamalghifary/ws_sensor_combined/install/x500_description/share/x500_description/package.bash'
[0.414s] INFO:colcon.colcon_core.shell:Creating package script '/home/imamalghifary/ws_sensor_combined/install/x500_description/share/x500_description/package.zsh'
[0.415s] Level 1:colcon.colcon_core.environment:create_file_with_runtime_dependencies(/home/imamalghifary/ws_sensor_combined/install/x500_description/share/colcon-core/packages/x500_description)
[1.159s] DEBUG:colcon.colcon_core.event_handler.log_command:Invoked command in '/home/imamalghifary/ws_sensor_combined/build/px4_msgs' returned '0': CMAKE_PREFIX_PATH=${CMAKE_PREFIX_PATH}:/home/imamalghifary/ws_sensor_combined/install/x500_bridge:/home/imamalghifary/ws_sensor_combined/install/px4_offboard:/opt/ros/humble /usr/bin/cmake --build /home/imamalghifary/ws_sensor_combined/build/px4_msgs -- -j22 -l22
[1.160s] DEBUG:colcon.colcon_core.event_handler.log_command:Invoking command in '/home/imamalghifary/ws_sensor_combined/build/px4_msgs': CMAKE_PREFIX_PATH=${CMAKE_PREFIX_PATH}:/home/imamalghifary/ws_sensor_combined/install/x500_bridge:/home/imamalghifary/ws_sensor_combined/install/px4_offboard:/opt/ros/humble /usr/bin/cmake --install /home/imamalghifary/ws_sensor_combined/build/px4_msgs
[1.601s] Level 1:colcon.colcon_core.environment:create_environment_scripts_only(px4_msgs)
[1.602s] Level 1:colcon.colcon_core.environment:checking '/home/imamalghifary/ws_sensor_combined/install/px4_msgs' for CMake module files
[1.602s] DEBUG:colcon.colcon_core.event_handler.log_command:Invoked command in '/home/imamalghifary/ws_sensor_combined/build/px4_msgs' returned '0': CMAKE_PREFIX_PATH=${CMAKE_PREFIX_PATH}:/home/imamalghifary/ws_sensor_combined/install/x500_bridge:/home/imamalghifary/ws_sensor_combined/install/px4_offboard:/opt/ros/humble /usr/bin/cmake --install /home/imamalghifary/ws_sensor_combined/build/px4_msgs
[1.603s] Level 1:colcon.colcon_core.environment:checking '/home/imamalghifary/ws_sensor_combined/install/px4_msgs' for CMake config files
[1.603s] Level 1:colcon.colcon_core.shell:create_environment_hook('px4_msgs', 'cmake_prefix_path')
[1.604s] INFO:colcon.colcon_core.shell:Creating environment hook '/home/imamalghifary/ws_sensor_combined/install/px4_msgs/share/px4_msgs/hook/cmake_prefix_path.ps1'
[1.604s] INFO:colcon.colcon_core.shell:Creating environment descriptor '/home/imamalghifary/ws_sensor_combined/install/px4_msgs/share/px4_msgs/hook/cmake_prefix_path.dsv'
[1.605s] INFO:colcon.colcon_core.shell:Creating environment hook '/home/imamalghifary/ws_sensor_combined/install/px4_msgs/share/px4_msgs/hook/cmake_prefix_path.sh'
[1.605s] Level 1:colcon.colcon_core.environment:checking '/home/imamalghifary/ws_sensor_combined/install/px4_msgs/lib'
[1.606s] Level 1:colcon.colcon_core.shell:create_environment_hook('px4_msgs', 'ld_library_path_lib')
[1.606s] INFO:colcon.colcon_core.shell:Creating environment hook '/home/imamalghifary/ws_sensor_combined/install/px4_msgs/share/px4_msgs/hook/ld_library_path_lib.ps1'
[1.606s] INFO:colcon.colcon_core.shell:Creating environment descriptor '/home/imamalghifary/ws_sensor_combined/install/px4_msgs/share/px4_msgs/hook/ld_library_path_lib.dsv'
[1.607s] INFO:colcon.colcon_core.shell:Creating environment hook '/home/imamalghifary/ws_sensor_combined/install/px4_msgs/share/px4_msgs/hook/ld_library_path_lib.sh'
[1.607s] Level 1:colcon.colcon_core.environment:checking '/home/imamalghifary/ws_sensor_combined/install/px4_msgs/bin'
[1.607s] Level 1:colcon.colcon_core.environment:checking '/home/imamalghifary/ws_sensor_combined/install/px4_msgs/lib/pkgconfig/px4_msgs.pc'
[1.607s] Level 1:colcon.colcon_core.environment:checking '/home/imamalghifary/ws_sensor_combined/install/px4_msgs/lib/python3.10/site-packages'
[1.608s] Level 1:colcon.colcon_core.environment:checking '/home/imamalghifary/ws_sensor_combined/install/px4_msgs/bin'
[1.608s] INFO:colcon.colcon_core.shell:Creating package script '/home/imamalghifary/ws_sensor_combined/install/px4_msgs/share/px4_msgs/package.ps1'
[1.608s] INFO:colcon.colcon_core.shell:Creating package descriptor '/home/imamalghifary/ws_sensor_combined/install/px4_msgs/share/px4_msgs/package.dsv'
[1.609s] INFO:colcon.colcon_core.shell:Creating package script '/home/imamalghifary/ws_sensor_combined/install/px4_msgs/share/px4_msgs/package.sh'
[1.609s] INFO:colcon.colcon_core.shell:Creating package script '/home/imamalghifary/ws_sensor_combined/install/px4_msgs/share/px4_msgs/package.bash'
[1.609s] INFO:colcon.colcon_core.shell:Creating package script '/home/imamalghifary/ws_sensor_combined/install/px4_msgs/share/px4_msgs/package.zsh'
[1.609s] Level 1:colcon.colcon_core.environment:create_file_with_runtime_dependencies(/home/imamalghifary/ws_sensor_combined/install/px4_msgs/share/colcon-core/packages/px4_msgs)
[1.610s] Level 1:colcon.colcon_core.environment:create_environment_scripts_only(px4_msgs)
[1.610s] Level 1:colcon.colcon_core.environment:checking '/home/imamalghifary/ws_sensor_combined/install/px4_msgs' for CMake module files
[1.610s] Level 1:colcon.colcon_core.environment:checking '/home/imamalghifary/ws_sensor_combined/install/px4_msgs' for CMake config files
[1.611s] Level 1:colcon.colcon_core.shell:create_environment_hook('px4_msgs', 'cmake_prefix_path')
[1.611s] INFO:colcon.colcon_core.shell:Creating environment hook '/home/imamalghifary/ws_sensor_combined/install/px4_msgs/share/px4_msgs/hook/cmake_prefix_path.ps1'
[1.611s] INFO:colcon.colcon_core.shell:Creating environment descriptor '/home/imamalghifary/ws_sensor_combined/install/px4_msgs/share/px4_msgs/hook/cmake_prefix_path.dsv'
[1.611s] INFO:colcon.colcon_core.shell:Creating environment hook '/home/imamalghifary/ws_sensor_combined/install/px4_msgs/share/px4_msgs/hook/cmake_prefix_path.sh'
[1.612s] Level 1:colcon.colcon_core.environment:checking '/home/imamalghifary/ws_sensor_combined/install/px4_msgs/lib'
[1.612s] Level 1:colcon.colcon_core.shell:create_environment_hook('px4_msgs', 'ld_library_path_lib')
[1.612s] INFO:colcon.colcon_core.shell:Creating environment hook '/home/imamalghifary/ws_sensor_combined/install/px4_msgs/share/px4_msgs/hook/ld_library_path_lib.ps1'
[1.612s] INFO:colcon.colcon_core.shell:Creating environment descriptor '/home/imamalghifary/ws_sensor_combined/install/px4_msgs/share/px4_msgs/hook/ld_library_path_lib.dsv'
[1.613s] INFO:colcon.colcon_core.shell:Creating environment hook '/home/imamalghifary/ws_sensor_combined/install/px4_msgs/share/px4_msgs/hook/ld_library_path_lib.sh'
[1.613s] Level 1:colcon.colcon_core.environment:checking '/home/imamalghifary/ws_sensor_combined/install/px4_msgs/bin'
[1.613s] Level 1:colcon.colcon_core.environment:checking '/home/imamalghifary/ws_sensor_combined/install/px4_msgs/lib/pkgconfig/px4_msgs.pc'
[1.613s] Level 1:colcon.colcon_core.environment:checking '/home/imamalghifary/ws_sensor_combined/install/px4_msgs/lib/python3.10/site-packages'
[1.613s] Level 1:colcon.colcon_core.environment:checking '/home/imamalghifary/ws_sensor_combined/install/px4_msgs/bin'
[1.614s] INFO:colcon.colcon_core.shell:Creating package script '/home/imamalghifary/ws_sensor_combined/install/px4_msgs/share/px4_msgs/package.ps1'
[1.614s] INFO:colcon.colcon_core.shell:Creating package descriptor '/home/imamalghifary/ws_sensor_combined/install/px4_msgs/share/px4_msgs/package.dsv'
[1.614s] INFO:colcon.colcon_core.shell:Creating package script '/home/imamalghifary/ws_sensor_combined/install/px4_msgs/share/px4_msgs/package.sh'
[1.615s] INFO:colcon.colcon_core.shell:Creating package script '/home/imamalghifary/ws_sensor_combined/install/px4_msgs/share/px4_msgs/package.bash'
[1.615s] INFO:colcon.colcon_core.shell:Creating package script '/home/imamalghifary/ws_sensor_combined/install/px4_msgs/share/px4_msgs/package.zsh'
[1.615s] Level 1:colcon.colcon_core.environment:create_file_with_runtime_dependencies(/home/imamalghifary/ws_sensor_combined/install/px4_msgs/share/colcon-core/packages/px4_msgs)
[1.616s] INFO:colcon.colcon_ros.task.ament_python.build:Building ROS package in '/home/imamalghifary/ws_sensor_combined/src/ROS2_PX4_Offboard_Example/px4_offboard' with build type 'ament_python'
[1.616s] Level 1:colcon.colcon_core.shell:create_environment_hook('px4_offboard', 'ament_prefix_path')
[1.616s] INFO:colcon.colcon_core.shell:Creating environment hook '/home/imamalghifary/ws_sensor_combined/install/px4_offboard/share/px4_offboard/hook/ament_prefix_path.ps1'
[1.617s] INFO:colcon.colcon_core.shell:Creating environment descriptor '/home/imamalghifary/ws_sensor_combined/install/px4_offboard/share/px4_offboard/hook/ament_prefix_path.dsv'
[1.617s] INFO:colcon.colcon_core.shell:Creating environment hook '/home/imamalghifary/ws_sensor_combined/install/px4_offboard/share/px4_offboard/hook/ament_prefix_path.sh'
[1.617s] INFO:colcon.colcon_core.shell:Skip shell extension 'powershell' for command environment: Not usable outside of PowerShell
[1.618s] DEBUG:colcon.colcon_core.shell:Skip shell extension 'dsv' for command environment
[1.621s] INFO:colcon.colcon_ros.task.ament_cmake.build:Building ROS package in '/home/imamalghifary/ws_sensor_combined/src/px4_ros_com' with build type 'ament_cmake'
[1.621s] INFO:colcon.colcon_cmake.task.cmake.build:Building CMake package in '/home/imamalghifary/ws_sensor_combined/src/px4_ros_com'
[1.621s] INFO:colcon.colcon_core.shell:Skip shell extension 'powershell' for command environment: Not usable outside of PowerShell
[1.621s] DEBUG:colcon.colcon_core.shell:Skip shell extension 'dsv' for command environment
[1.624s] INFO:colcon.colcon_ros.task.ament_python.build:Building ROS package in '/home/imamalghifary/ws_sensor_combined/src/x500_bridge' with build type 'ament_python'
[1.624s] Level 1:colcon.colcon_core.shell:create_environment_hook('x500_bridge', 'ament_prefix_path')
[1.624s] INFO:colcon.colcon_core.shell:Creating environment hook '/home/imamalghifary/ws_sensor_combined/install/x500_bridge/share/x500_bridge/hook/ament_prefix_path.ps1'
[1.625s] INFO:colcon.colcon_core.shell:Creating environment descriptor '/home/imamalghifary/ws_sensor_combined/install/x500_bridge/share/x500_bridge/hook/ament_prefix_path.dsv'
[1.625s] INFO:colcon.colcon_core.shell:Creating environment hook '/home/imamalghifary/ws_sensor_combined/install/x500_bridge/share/x500_bridge/hook/ament_prefix_path.sh'
[1.626s] INFO:colcon.colcon_core.shell:Skip shell extension 'powershell' for command environment: Not usable outside of PowerShell
[1.626s] DEBUG:colcon.colcon_core.shell:Skip shell extension 'dsv' for command environment
[1.951s] INFO:colcon.colcon_core.task.python.build:Building Python package in '/home/imamalghifary/ws_sensor_combined/src/ROS2_PX4_Offboard_Example/px4_offboard'
[1.951s] INFO:colcon.colcon_core.shell:Skip shell extension 'powershell' for command environment: Not usable outside of PowerShell
[1.951s] DEBUG:colcon.colcon_core.shell:Skip shell extension 'dsv' for command environment
[1.957s] DEBUG:colcon.colcon_core.event_handler.log_command:Invoking command in '/home/imamalghifary/ws_sensor_combined/build/px4_ros_com': CMAKE_PREFIX_PATH=/home/imamalghifary/ws_sensor_combined/install/px4_msgs:/home/imamalghifary/ws_sensor_combined/install/x500_description:/home/imamalghifary/ws_sensor_combined/install/px4_ros_com:/home/imamalghifary/ws_sensor_combined/install/x500_bridge:/home/imamalghifary/ws_sensor_combined/install/px4_offboard:/opt/ros/humble LD_LIBRARY_PATH=/home/imamalghifary/ws_sensor_combined/install/px4_msgs/lib:/home/imamalghifary/ws_sensor_combined/install/px4_ros_com/lib:/opt/ros/humble/opt/rviz_ogre_vendor/lib:/opt/ros/humble/lib/x86_64-linux-gnu:/opt/ros/humble/lib /usr/bin/cmake --build /home/imamalghifary/ws_sensor_combined/build/px4_ros_com -- -j22 -l22
[2.263s] INFO:colcon.colcon_core.task.python.build:Building Python package in '/home/imamalghifary/ws_sensor_combined/src/x500_bridge'
[2.264s] INFO:colcon.colcon_core.shell:Skip shell extension 'powershell' for command environment: Not usable outside of PowerShell
[2.264s] DEBUG:colcon.colcon_core.shell:Skip shell extension 'dsv' for command environment
[2.435s] DEBUG:colcon.colcon_core.event_handler.log_command:Invoked command in '/home/imamalghifary/ws_sensor_combined/build/px4_ros_com' returned '0': CMAKE_PREFIX_PATH=/home/imamalghifary/ws_sensor_combined/install/px4_msgs:/home/imamalghifary/ws_sensor_combined/install/x500_description:/home/imamalghifary/ws_sensor_combined/install/px4_ros_com:/home/imamalghifary/ws_sensor_combined/install/x500_bridge:/home/imamalghifary/ws_sensor_combined/install/px4_offboard:/opt/ros/humble LD_LIBRARY_PATH=/home/imamalghifary/ws_sensor_combined/install/px4_msgs/lib:/home/imamalghifary/ws_sensor_combined/install/px4_ros_com/lib:/opt/ros/humble/opt/rviz_ogre_vendor/lib:/opt/ros/humble/lib/x86_64-linux-gnu:/opt/ros/humble/lib /usr/bin/cmake --build /home/imamalghifary/ws_sensor_combined/build/px4_ros_com -- -j22 -l22
[2.437s] DEBUG:colcon.colcon_core.event_handler.log_command:Invoking command in '/home/imamalghifary/ws_sensor_combined/build/px4_ros_com': CMAKE_PREFIX_PATH=/home/imamalghifary/ws_sensor_combined/install/px4_msgs:/home/imamalghifary/ws_sensor_combined/install/x500_description:/home/imamalghifary/ws_sensor_combined/install/px4_ros_com:/home/imamalghifary/ws_sensor_combined/install/x500_bridge:/home/imamalghifary/ws_sensor_combined/install/px4_offboard:/opt/ros/humble LD_LIBRARY_PATH=/home/imamalghifary/ws_sensor_combined/install/px4_msgs/lib:/home/imamalghifary/ws_sensor_combined/install/px4_ros_com/lib:/opt/ros/humble/opt/rviz_ogre_vendor/lib:/opt/ros/humble/lib/x86_64-linux-gnu:/opt/ros/humble/lib /usr/bin/cmake --install /home/imamalghifary/ws_sensor_combined/build/px4_ros_com
[2.550s] Level 1:colcon.colcon_core.environment:create_environment_scripts_only(px4_ros_com)
[2.551s] Level 1:colcon.colcon_core.environment:checking '/home/imamalghifary/ws_sensor_combined/install/px4_ros_com' for CMake module files
[2.552s] DEBUG:colcon.colcon_core.event_handler.log_command:Invoked command in '/home/imamalghifary/ws_sensor_combined/build/px4_ros_com' returned '0': CMAKE_PREFIX_PATH=/home/imamalghifary/ws_sensor_combined/install/px4_msgs:/home/imamalghifary/ws_sensor_combined/install/x500_description:/home/imamalghifary/ws_sensor_combined/install/px4_ros_com:/home/imamalghifary/ws_sensor_combined/install/x500_bridge:/home/imamalghifary/ws_sensor_combined/install/px4_offboard:/opt/ros/humble LD_LIBRARY_PATH=/home/imamalghifary/ws_sensor_combined/install/px4_msgs/lib:/home/imamalghifary/ws_sensor_combined/install/px4_ros_com/lib:/opt/ros/humble/opt/rviz_ogre_vendor/lib:/opt/ros/humble/lib/x86_64-linux-gnu:/opt/ros/humble/lib /usr/bin/cmake --install /home/imamalghifary/ws_sensor_combined/build/px4_ros_com
[2.553s] Level 1:colcon.colcon_core.environment:checking '/home/imamalghifary/ws_sensor_combined/install/px4_ros_com' for CMake config files
[2.553s] Level 1:colcon.colcon_core.shell:create_environment_hook('px4_ros_com', 'cmake_prefix_path')
[2.554s] INFO:colcon.colcon_core.shell:Creating environment hook '/home/imamalghifary/ws_sensor_combined/install/px4_ros_com/share/px4_ros_com/hook/cmake_prefix_path.ps1'
[2.555s] INFO:colcon.colcon_core.shell:Creating environment descriptor '/home/imamalghifary/ws_sensor_combined/install/px4_ros_com/share/px4_ros_com/hook/cmake_prefix_path.dsv'
[2.555s] INFO:colcon.colcon_core.shell:Creating environment hook '/home/imamalghifary/ws_sensor_combined/install/px4_ros_com/share/px4_ros_com/hook/cmake_prefix_path.sh'
[2.556s] Level 1:colcon.colcon_core.environment:checking '/home/imamalghifary/ws_sensor_combined/install/px4_ros_com/lib'
[2.556s] Level 1:colcon.colcon_core.shell:create_environment_hook('px4_ros_com', 'ld_library_path_lib')
[2.557s] INFO:colcon.colcon_core.shell:Creating environment hook '/home/imamalghifary/ws_sensor_combined/install/px4_ros_com/share/px4_ros_com/hook/ld_library_path_lib.ps1'
[2.557s] INFO:colcon.colcon_core.shell:Creating environment descriptor '/home/imamalghifary/ws_sensor_combined/install/px4_ros_com/share/px4_ros_com/hook/ld_library_path_lib.dsv'
[2.557s] INFO:colcon.colcon_core.shell:Creating environment hook '/home/imamalghifary/ws_sensor_combined/install/px4_ros_com/share/px4_ros_com/hook/ld_library_path_lib.sh'
[2.558s] Level 1:colcon.colcon_core.environment:checking '/home/imamalghifary/ws_sensor_combined/install/px4_ros_com/bin'
[2.558s] Level 1:colcon.colcon_core.environment:checking '/home/imamalghifary/ws_sensor_combined/install/px4_ros_com/lib/pkgconfig/px4_ros_com.pc'
[2.558s] Level 1:colcon.colcon_core.environment:checking '/home/imamalghifary/ws_sensor_combined/install/px4_ros_com/lib/python3.10/site-packages'
[2.558s] Level 1:colcon.colcon_core.environment:checking '/home/imamalghifary/ws_sensor_combined/install/px4_ros_com/bin'
[2.559s] INFO:colcon.colcon_core.shell:Creating package script '/home/imamalghifary/ws_sensor_combined/install/px4_ros_com/share/px4_ros_com/package.ps1'
[2.559s] INFO:colcon.colcon_core.shell:Creating package descriptor '/home/imamalghifary/ws_sensor_combined/install/px4_ros_com/share/px4_ros_com/package.dsv'
[2.560s] INFO:colcon.colcon_core.shell:Creating package script '/home/imamalghifary/ws_sensor_combined/install/px4_ros_com/share/px4_ros_com/package.sh'
[2.560s] INFO:colcon.colcon_core.shell:Creating package script '/home/imamalghifary/ws_sensor_combined/install/px4_ros_com/share/px4_ros_com/package.bash'
[2.561s] INFO:colcon.colcon_core.shell:Creating package script '/home/imamalghifary/ws_sensor_combined/install/px4_ros_com/share/px4_ros_com/package.zsh'
[2.561s] Level 1:colcon.colcon_core.environment:create_file_with_runtime_dependencies(/home/imamalghifary/ws_sensor_combined/install/px4_ros_com/share/colcon-core/packages/px4_ros_com)
[2.561s] Level 1:colcon.colcon_core.environment:create_environment_scripts_only(px4_ros_com)
[2.562s] Level 1:colcon.colcon_core.environment:checking '/home/imamalghifary/ws_sensor_combined/install/px4_ros_com' for CMake module files
[2.562s] Level 1:colcon.colcon_core.environment:checking '/home/imamalghifary/ws_sensor_combined/install/px4_ros_com' for CMake config files
[2.562s] Level 1:colcon.colcon_core.shell:create_environment_hook('px4_ros_com', 'cmake_prefix_path')
[2.562s] INFO:colcon.colcon_core.shell:Creating environment hook '/home/imamalghifary/ws_sensor_combined/install/px4_ros_com/share/px4_ros_com/hook/cmake_prefix_path.ps1'
[2.563s] INFO:colcon.colcon_core.shell:Creating environment descriptor '/home/imamalghifary/ws_sensor_combined/install/px4_ros_com/share/px4_ros_com/hook/cmake_prefix_path.dsv'
[2.563s] INFO:colcon.colcon_core.shell:Creating environment hook '/home/imamalghifary/ws_sensor_combined/install/px4_ros_com/share/px4_ros_com/hook/cmake_prefix_path.sh'
[2.563s] Level 1:colcon.colcon_core.environment:checking '/home/imamalghifary/ws_sensor_combined/install/px4_ros_com/lib'
[2.564s] Level 1:colcon.colcon_core.shell:create_environment_hook('px4_ros_com', 'ld_library_path_lib')
[2.564s] INFO:colcon.colcon_core.shell:Creating environment hook '/home/imamalghifary/ws_sensor_combined/install/px4_ros_com/share/px4_ros_com/hook/ld_library_path_lib.ps1'
[2.564s] INFO:colcon.colcon_core.shell:Creating environment descriptor '/home/imamalghifary/ws_sensor_combined/install/px4_ros_com/share/px4_ros_com/hook/ld_library_path_lib.dsv'
[2.564s] INFO:colcon.colcon_core.shell:Creating environment hook '/home/imamalghifary/ws_sensor_combined/install/px4_ros_com/share/px4_ros_com/hook/ld_library_path_lib.sh'
[2.565s] Level 1:colcon.colcon_core.environment:checking '/home/imamalghifary/ws_sensor_combined/install/px4_ros_com/bin'
[2.565s] Level 1:colcon.colcon_core.environment:checking '/home/imamalghifary/ws_sensor_combined/install/px4_ros_com/lib/pkgconfig/px4_ros_com.pc'
[2.565s] Level 1:colcon.colcon_core.environment:checking '/home/imamalghifary/ws_sensor_combined/install/px4_ros_com/lib/python3.10/site-packages'
[2.565s] Level 1:colcon.colcon_core.environment:checking '/home/imamalghifary/ws_sensor_combined/install/px4_ros_com/bin'
[2.565s] INFO:colcon.colcon_core.shell:Creating package script '/home/imamalghifary/ws_sensor_combined/install/px4_ros_com/share/px4_ros_com/package.ps1'
[2.566s] INFO:colcon.colcon_core.shell:Creating package descriptor '/home/imamalghifary/ws_sensor_combined/install/px4_ros_com/share/px4_ros_com/package.dsv'
[2.566s] INFO:colcon.colcon_core.shell:Creating package script '/home/imamalghifary/ws_sensor_combined/install/px4_ros_com/share/px4_ros_com/package.sh'
[2.566s] INFO:colcon.colcon_core.shell:Creating package script '/home/imamalghifary/ws_sensor_combined/install/px4_ros_com/share/px4_ros_com/package.bash'
[2.567s] INFO:colcon.colcon_core.shell:Creating package script '/home/imamalghifary/ws_sensor_combined/install/px4_ros_com/share/px4_ros_com/package.zsh'
[2.567s] Level 1:colcon.colcon_core.environment:create_file_with_runtime_dependencies(/home/imamalghifary/ws_sensor_combined/install/px4_ros_com/share/colcon-core/packages/px4_ros_com)
[2.775s] DEBUG:colcon.colcon_core.event_handler.log_command:Invoking command in '/home/imamalghifary/ws_sensor_combined/src/ROS2_PX4_Offboard_Example/px4_offboard': CMAKE_PREFIX_PATH=/home/imamalghifary/ws_sensor_combined/install/px4_msgs:/home/imamalghifary/ws_sensor_combined/install/x500_description:/home/imamalghifary/ws_sensor_combined/install/px4_ros_com LD_LIBRARY_PATH=/home/imamalghifary/ws_sensor_combined/install/px4_msgs/lib:/home/imamalghifary/ws_sensor_combined/install/px4_ros_com/lib:/opt/ros/humble/opt/rviz_ogre_vendor/lib:/opt/ros/humble/lib/x86_64-linux-gnu:/opt/ros/humble/lib PYTHONPATH=/home/imamalghifary/ws_sensor_combined/build/px4_offboard/prefix_override:/usr/lib/python3/dist-packages/colcon_core/task/python/colcon_distutils_commands:/home/imamalghifary/ws_sensor_combined/install/px4_offboard/lib/python3.10/site-packages:${PYTHONPATH} /usr/bin/python3 -W ignore:setup.py install is deprecated -W ignore:easy_install command is deprecated setup.py egg_info --egg-base ../../../build/px4_offboard build --build-base /home/imamalghifary/ws_sensor_combined/build/px4_offboard/build install --record /home/imamalghifary/ws_sensor_combined/build/px4_offboard/install.log --single-version-externally-managed install_data
[2.851s] DEBUG:colcon.colcon_core.event_handler.log_command:Invoking command in '/home/imamalghifary/ws_sensor_combined/src/x500_bridge': CMAKE_PREFIX_PATH=/home/imamalghifary/ws_sensor_combined/install/px4_msgs:/home/imamalghifary/ws_sensor_combined/install/x500_description:/home/imamalghifary/ws_sensor_combined/install/px4_ros_com LD_LIBRARY_PATH=/home/imamalghifary/ws_sensor_combined/install/px4_msgs/lib:/home/imamalghifary/ws_sensor_combined/install/px4_ros_com/lib:/opt/ros/humble/opt/rviz_ogre_vendor/lib:/opt/ros/humble/lib/x86_64-linux-gnu:/opt/ros/humble/lib PYTHONPATH=/home/imamalghifary/ws_sensor_combined/build/x500_bridge/prefix_override:/usr/lib/python3/dist-packages/colcon_core/task/python/colcon_distutils_commands:/home/imamalghifary/ws_sensor_combined/install/x500_bridge/lib/python3.10/site-packages:${PYTHONPATH} /usr/bin/python3 -W ignore:setup.py install is deprecated -W ignore:easy_install command is deprecated setup.py egg_info --egg-base ../../build/x500_bridge build --build-base /home/imamalghifary/ws_sensor_combined/build/x500_bridge/build install --record /home/imamalghifary/ws_sensor_combined/build/x500_bridge/install.log --single-version-externally-managed install_data
[3.355s] Level 1:colcon.colcon_core.environment:checking '/home/imamalghifary/ws_sensor_combined/install/px4_offboard' for CMake module files
[3.356s] DEBUG:colcon.colcon_core.event_handler.log_command:Invoked command in '/home/imamalghifary/ws_sensor_combined/src/ROS2_PX4_Offboard_Example/px4_offboard' returned '0': CMAKE_PREFIX_PATH=/home/imamalghifary/ws_sensor_combined/install/px4_msgs:/home/imamalghifary/ws_sensor_combined/install/x500_description:/home/imamalghifary/ws_sensor_combined/install/px4_ros_com LD_LIBRARY_PATH=/home/imamalghifary/ws_sensor_combined/install/px4_msgs/lib:/home/imamalghifary/ws_sensor_combined/install/px4_ros_com/lib:/opt/ros/humble/opt/rviz_ogre_vendor/lib:/opt/ros/humble/lib/x86_64-linux-gnu:/opt/ros/humble/lib PYTHONPATH=/home/imamalghifary/ws_sensor_combined/build/px4_offboard/prefix_override:/usr/lib/python3/dist-packages/colcon_core/task/python/colcon_distutils_commands:/home/imamalghifary/ws_sensor_combined/install/px4_offboard/lib/python3.10/site-packages:${PYTHONPATH} /usr/bin/python3 -W ignore:setup.py install is deprecated -W ignore:easy_install command is deprecated setup.py egg_info --egg-base ../../../build/px4_offboard build --build-base /home/imamalghifary/ws_sensor_combined/build/px4_offboard/build install --record /home/imamalghifary/ws_sensor_combined/build/px4_offboard/install.log --single-version-externally-managed install_data
[3.357s] Level 1:colcon.colcon_core.environment:checking '/home/imamalghifary/ws_sensor_combined/install/px4_offboard' for CMake config files
[3.357s] Level 1:colcon.colcon_core.environment:checking '/home/imamalghifary/ws_sensor_combined/install/px4_offboard/lib'
[3.357s] Level 1:colcon.colcon_core.environment:checking '/home/imamalghifary/ws_sensor_combined/install/px4_offboard/bin'
[3.357s] Level 1:colcon.colcon_core.environment:checking '/home/imamalghifary/ws_sensor_combined/install/px4_offboard/lib/pkgconfig/px4_offboard.pc'
[3.358s] Level 1:colcon.colcon_core.environment:checking '/home/imamalghifary/ws_sensor_combined/install/px4_offboard/lib/python3.10/site-packages'
[3.358s] Level 1:colcon.colcon_core.shell:create_environment_hook('px4_offboard', 'pythonpath')
[3.358s] INFO:colcon.colcon_core.shell:Creating environment hook '/home/imamalghifary/ws_sensor_combined/install/px4_offboard/share/px4_offboard/hook/pythonpath.ps1'
[3.358s] INFO:colcon.colcon_core.shell:Creating environment descriptor '/home/imamalghifary/ws_sensor_combined/install/px4_offboard/share/px4_offboard/hook/pythonpath.dsv'
[3.359s] INFO:colcon.colcon_core.shell:Creating environment hook '/home/imamalghifary/ws_sensor_combined/install/px4_offboard/share/px4_offboard/hook/pythonpath.sh'
[3.359s] Level 1:colcon.colcon_core.environment:checking '/home/imamalghifary/ws_sensor_combined/install/px4_offboard/bin'
[3.359s] Level 1:colcon.colcon_core.environment:create_environment_scripts_only(px4_offboard)
[3.359s] INFO:colcon.colcon_core.shell:Creating package script '/home/imamalghifary/ws_sensor_combined/install/px4_offboard/share/px4_offboard/package.ps1'
[3.360s] INFO:colcon.colcon_core.shell:Creating package descriptor '/home/imamalghifary/ws_sensor_combined/install/px4_offboard/share/px4_offboard/package.dsv'
[3.360s] INFO:colcon.colcon_core.shell:Creating package script '/home/imamalghifary/ws_sensor_combined/install/px4_offboard/share/px4_offboard/package.sh'
[3.360s] INFO:colcon.colcon_core.shell:Creating package script '/home/imamalghifary/ws_sensor_combined/install/px4_offboard/share/px4_offboard/package.bash'
[3.361s] INFO:colcon.colcon_core.shell:Creating package script '/home/imamalghifary/ws_sensor_combined/install/px4_offboard/share/px4_offboard/package.zsh'
[3.361s] Level 1:colcon.colcon_core.environment:create_file_with_runtime_dependencies(/home/imamalghifary/ws_sensor_combined/install/px4_offboard/share/colcon-core/packages/px4_offboard)
[3.385s] Level 1:colcon.colcon_core.environment:checking '/home/imamalghifary/ws_sensor_combined/install/x500_bridge' for CMake module files
[3.385s] DEBUG:colcon.colcon_core.event_handler.log_command:Invoked command in '/home/imamalghifary/ws_sensor_combined/src/x500_bridge' returned '0': CMAKE_PREFIX_PATH=/home/imamalghifary/ws_sensor_combined/install/px4_msgs:/home/imamalghifary/ws_sensor_combined/install/x500_description:/home/imamalghifary/ws_sensor_combined/install/px4_ros_com LD_LIBRARY_PATH=/home/imamalghifary/ws_sensor_combined/install/px4_msgs/lib:/home/imamalghifary/ws_sensor_combined/install/px4_ros_com/lib:/opt/ros/humble/opt/rviz_ogre_vendor/lib:/opt/ros/humble/lib/x86_64-linux-gnu:/opt/ros/humble/lib PYTHONPATH=/home/imamalghifary/ws_sensor_combined/build/x500_bridge/prefix_override:/usr/lib/python3/dist-packages/colcon_core/task/python/colcon_distutils_commands:/home/imamalghifary/ws_sensor_combined/install/x500_bridge/lib/python3.10/site-packages:${PYTHONPATH} /usr/bin/python3 -W ignore:setup.py install is deprecated -W ignore:easy_install command is deprecated setup.py egg_info --egg-base ../../build/x500_bridge build --build-base /home/imamalghifary/ws_sensor_combined/build/x500_bridge/build install --record /home/imamalghifary/ws_sensor_combined/build/x500_bridge/install.log --single-version-externally-managed install_data
[3.386s] Level 1:colcon.colcon_core.environment:checking '/home/imamalghifary/ws_sensor_combined/install/x500_bridge' for CMake config files
[3.386s] Level 1:colcon.colcon_core.environment:checking '/home/imamalghifary/ws_sensor_combined/install/x500_bridge/lib'
[3.386s] Level 1:colcon.colcon_core.environment:checking '/home/imamalghifary/ws_sensor_combined/install/x500_bridge/bin'
[3.386s] Level 1:colcon.colcon_core.environment:checking '/home/imamalghifary/ws_sensor_combined/install/x500_bridge/lib/pkgconfig/x500_bridge.pc'
[3.386s] Level 1:colcon.colcon_core.environment:checking '/home/imamalghifary/ws_sensor_combined/install/x500_bridge/lib/python3.10/site-packages'
[3.386s] Level 1:colcon.colcon_core.shell:create_environment_hook('x500_bridge', 'pythonpath')
[3.386s] INFO:colcon.colcon_core.shell:Creating environment hook '/home/imamalghifary/ws_sensor_combined/install/x500_bridge/share/x500_bridge/hook/pythonpath.ps1'
[3.387s] INFO:colcon.colcon_core.shell:Creating environment descriptor '/home/imamalghifary/ws_sensor_combined/install/x500_bridge/share/x500_bridge/hook/pythonpath.dsv'
[3.387s] INFO:colcon.colcon_core.shell:Creating environment hook '/home/imamalghifary/ws_sensor_combined/install/x500_bridge/share/x500_bridge/hook/pythonpath.sh'
[3.388s] Level 1:colcon.colcon_core.environment:checking '/home/imamalghifary/ws_sensor_combined/install/x500_bridge/bin'
[3.388s] Level 1:colcon.colcon_core.environment:create_environment_scripts_only(x500_bridge)
[3.388s] INFO:colcon.colcon_core.shell:Creating package script '/home/imamalghifary/ws_sensor_combined/install/x500_bridge/share/x500_bridge/package.ps1'
[3.388s] INFO:colcon.colcon_core.shell:Creating package descriptor '/home/imamalghifary/ws_sensor_combined/install/x500_bridge/share/x500_bridge/package.dsv'
[3.389s] INFO:colcon.colcon_core.shell:Creating package script '/home/imamalghifary/ws_sensor_combined/install/x500_bridge/share/x500_bridge/package.sh'
[3.389s] INFO:colcon.colcon_core.shell:Creating package script '/home/imamalghifary/ws_sensor_combined/install/x500_bridge/share/x500_bridge/package.bash'
[3.389s] INFO:colcon.colcon_core.shell:Creating package script '/home/imamalghifary/ws_sensor_combined/install/x500_bridge/share/x500_bridge/package.zsh'
[3.389s] Level 1:colcon.colcon_core.environment:create_file_with_runtime_dependencies(/home/imamalghifary/ws_sensor_combined/install/x500_bridge/share/colcon-core/packages/x500_bridge)
[3.390s] DEBUG:colcon.colcon_parallel_executor.executor.parallel:closing loop
[3.390s] DEBUG:colcon.colcon_parallel_executor.executor.parallel:loop closed
[3.390s] DEBUG:colcon.colcon_parallel_executor.executor.parallel:run_until_complete finished with '0'
[3.390s] DEBUG:colcon.colcon_core.event_reactor:joining thread
[3.397s] INFO:colcon.colcon_core.plugin_system:Skipping extension 'colcon_notification.desktop_notification.terminal_notifier': Not used on non-Darwin systems
[3.397s] INFO:colcon.colcon_core.plugin_system:Skipping extension 'colcon_notification.desktop_notification.win32': Not used on non-Windows systems
[3.397s] INFO:colcon.colcon_notification.desktop_notification:Sending desktop notification using 'notify2'
[3.408s] DEBUG:colcon.colcon_core.event_reactor:joined thread
[3.408s] INFO:colcon.colcon_core.shell:Creating prefix script '/home/imamalghifary/ws_sensor_combined/install/local_setup.ps1'
[3.410s] INFO:colcon.colcon_core.shell:Creating prefix util module '/home/imamalghifary/ws_sensor_combined/install/_local_setup_util_ps1.py'
[3.411s] INFO:colcon.colcon_core.shell:Creating prefix chain script '/home/imamalghifary/ws_sensor_combined/install/setup.ps1'
[3.412s] INFO:colcon.colcon_core.shell:Creating prefix script '/home/imamalghifary/ws_sensor_combined/install/local_setup.sh'
[3.413s] INFO:colcon.colcon_core.shell:Creating prefix util module '/home/imamalghifary/ws_sensor_combined/install/_local_setup_util_sh.py'
[3.413s] INFO:colcon.colcon_core.shell:Creating prefix chain script '/home/imamalghifary/ws_sensor_combined/install/setup.sh'
[3.414s] INFO:colcon.colcon_core.shell:Creating prefix script '/home/imamalghifary/ws_sensor_combined/install/local_setup.bash'
[3.415s] INFO:colcon.colcon_core.shell:Creating prefix chain script '/home/imamalghifary/ws_sensor_combined/install/setup.bash'
[3.416s] INFO:colcon.colcon_core.shell:Creating prefix script '/home/imamalghifary/ws_sensor_combined/install/local_setup.zsh'
[3.416s] INFO:colcon.colcon_core.shell:Creating prefix chain script '/home/imamalghifary/ws_sensor_combined/install/setup.zsh'
