[5.616s] Invoking command in '/home/imamalghifary/ws_sensor_combined/src/x500_navigation': PYTHONPATH=/home/imamalghifary/ws_sensor_combined/build/x500_navigation/prefix_override:/usr/lib/python3/dist-packages/colcon_core/task/python/colcon_distutils_commands:/home/imamalghifary/ws_sensor_combined/install/x500_navigation/lib/python3.10/site-packages:${PYTHONPATH} /usr/bin/python3 -W ignore:setup.py install is deprecated -W ignore:easy_install command is deprecated setup.py egg_info --egg-base ../../build/x500_navigation build --build-base /home/imamalghifary/ws_sensor_combined/build/x500_navigation/build install --record /home/imamalghifary/ws_sensor_combined/build/x500_navigation/install.log --single-version-externally-managed install_data
[6.131s] running egg_info
[6.155s] writing ../../build/x500_navigation/x500_navigation.egg-info/PKG-INFO
[6.155s] writing dependency_links to ../../build/x500_navigation/x500_navigation.egg-info/dependency_links.txt
[6.155s] writing entry points to ../../build/x500_navigation/x500_navigation.egg-info/entry_points.txt
[6.156s] writing requirements to ../../build/x500_navigation/x500_navigation.egg-info/requires.txt
[6.156s] writing top-level names to ../../build/x500_navigation/x500_navigation.egg-info/top_level.txt
[6.207s] reading manifest file '../../build/x500_navigation/x500_navigation.egg-info/SOURCES.txt'
[6.233s] writing manifest file '../../build/x500_navigation/x500_navigation.egg-info/SOURCES.txt'
[6.233s] running build
[6.233s] running build_py
[6.234s] copying x500_navigation/cmd_vel_to_offboard.py -> /home/imamalghifary/ws_sensor_combined/build/x500_navigation/build/lib/x500_navigation
[6.234s] running install
[6.238s] running install_lib
[6.248s] copying /home/imamalghifary/ws_sensor_combined/build/x500_navigation/build/lib/x500_navigation/cmd_vel_to_offboard.py -> /home/imamalghifary/ws_sensor_combined/install/x500_navigation/lib/python3.10/site-packages/x500_navigation
[6.248s] byte-compiling /home/imamalghifary/ws_sensor_combined/install/x500_navigation/lib/python3.10/site-packages/x500_navigation/cmd_vel_to_offboard.py to cmd_vel_to_offboard.cpython-310.pyc
[6.249s] running install_data
[6.249s] copying launch/x500_nav_bringup.launch.py -> /home/imamalghifary/ws_sensor_combined/install/x500_navigation/share/x500_navigation/launch
[6.289s] running install_egg_info
[6.301s] removing '/home/imamalghifary/ws_sensor_combined/install/x500_navigation/lib/python3.10/site-packages/x500_navigation-0.0.0-py3.10.egg-info' (and everything under it)
[6.301s] Copying ../../build/x500_navigation/x500_navigation.egg-info to /home/imamalghifary/ws_sensor_combined/install/x500_navigation/lib/python3.10/site-packages/x500_navigation-0.0.0-py3.10.egg-info
[6.330s] running install_scripts
[6.383s] Installing bt_change_altitude script to /home/imamalghifary/ws_sensor_combined/install/x500_navigation/lib/x500_navigation
[6.383s] Installing bt_land script to /home/imamalghifary/ws_sensor_combined/install/x500_navigation/lib/x500_navigation
[6.383s] Installing bt_set_offboard script to /home/imamalghifary/ws_sensor_combined/install/x500_navigation/lib/x500_navigation
[6.383s] Installing bt_stop_offboard script to /home/imamalghifary/ws_sensor_combined/install/x500_navigation/lib/x500_navigation
[6.384s] Installing bt_takeoff script to /home/imamalghifary/ws_sensor_combined/install/x500_navigation/lib/x500_navigation
[6.384s] Installing cmd_vel_to_offboard script to /home/imamalghifary/ws_sensor_combined/install/x500_navigation/lib/x500_navigation
[6.384s] Installing send_waypoints script to /home/imamalghifary/ws_sensor_combined/install/x500_navigation/lib/x500_navigation
[6.384s] writing list of installed files to '/home/imamalghifary/ws_sensor_combined/build/x500_navigation/install.log'
[6.416s] Invoked command in '/home/imamalghifary/ws_sensor_combined/src/x500_navigation' returned '0': PYTHONPATH=/home/imamalghifary/ws_sensor_combined/build/x500_navigation/prefix_override:/usr/lib/python3/dist-packages/colcon_core/task/python/colcon_distutils_commands:/home/imamalghifary/ws_sensor_combined/install/x500_navigation/lib/python3.10/site-packages:${PYTHONPATH} /usr/bin/python3 -W ignore:setup.py install is deprecated -W ignore:easy_install command is deprecated setup.py egg_info --egg-base ../../build/x500_navigation build --build-base /home/imamalghifary/ws_sensor_combined/build/x500_navigation/build install --record /home/imamalghifary/ws_sensor_combined/build/x500_navigation/install.log --single-version-externally-managed install_data
