running develop
Removing /home/imamalghifary/ws_sensor_combined/install/x500_bridge/lib/python3.10/site-packages/x500-bridge.egg-link (link to .)
running egg_info
writing ../../build/x500_bridge/x500_bridge.egg-info/PKG-INFO
writing dependency_links to ../../build/x500_bridge/x500_bridge.egg-info/dependency_links.txt
writing entry points to ../../build/x500_bridge/x500_bridge.egg-info/entry_points.txt
writing requirements to ../../build/x500_bridge/x500_bridge.egg-info/requires.txt
writing top-level names to ../../build/x500_bridge/x500_bridge.egg-info/top_level.txt
reading manifest file '../../build/x500_bridge/x500_bridge.egg-info/SOURCES.txt'
writing manifest file '../../build/x500_bridge/x500_bridge.egg-info/SOURCES.txt'
running build
running build_py
creating /home/imamalghifary/ws_sensor_combined/build/x500_bridge/build
creating /home/imamalghifary/ws_sensor_combined/build/x500_bridge/build/lib
creating /home/imamalghifary/ws_sensor_combined/build/x500_bridge/build/lib/x500_bridge
copying x500_bridge/odom_bridge.py -> /home/imamalghifary/ws_sensor_combined/build/x500_bridge/build/lib/x500_bridge
copying x500_bridge/__init__.py -> /home/imamalghifary/ws_sensor_combined/build/x500_bridge/build/lib/x500_bridge
running install
running install_lib
creating /home/imamalghifary/ws_sensor_combined/install/x500_bridge/lib/python3.10/site-packages/x500_bridge
copying /home/imamalghifary/ws_sensor_combined/build/x500_bridge/build/lib/x500_bridge/odom_bridge.py -> /home/imamalghifary/ws_sensor_combined/install/x500_bridge/lib/python3.10/site-packages/x500_bridge
copying /home/imamalghifary/ws_sensor_combined/build/x500_bridge/build/lib/x500_bridge/__init__.py -> /home/imamalghifary/ws_sensor_combined/install/x500_bridge/lib/python3.10/site-packages/x500_bridge
byte-compiling /home/imamalghifary/ws_sensor_combined/install/x500_bridge/lib/python3.10/site-packages/x500_bridge/odom_bridge.py to odom_bridge.cpython-310.pyc
byte-compiling /home/imamalghifary/ws_sensor_combined/install/x500_bridge/lib/python3.10/site-packages/x500_bridge/__init__.py to __init__.cpython-310.pyc
running install_data
copying resource/x500_bridge -> /home/imamalghifary/ws_sensor_combined/install/x500_bridge/share/ament_index/resource_index/packages
copying package.xml -> /home/imamalghifary/ws_sensor_combined/install/x500_bridge/share/x500_bridge
copying launch/slam_with_px4.launch.py -> /home/imamalghifary/ws_sensor_combined/install/x500_bridge/share/x500_bridge/launch
copying launch/iris_rplidar_launch.py -> /home/imamalghifary/ws_sensor_combined/install/x500_bridge/share/x500_bridge/launch
running install_egg_info
Copying ../../build/x500_bridge/x500_bridge.egg-info to /home/imamalghifary/ws_sensor_combined/install/x500_bridge/lib/python3.10/site-packages/x500_bridge-0.0.0-py3.10.egg-info
running install_scripts
Installing odom_bridge script to /home/imamalghifary/ws_sensor_combined/install/x500_bridge/lib/x500_bridge
writing list of installed files to '/home/imamalghifary/ws_sensor_combined/build/x500_bridge/install.log'
