[2.199s] Invoking command in '/home/imamalghifary/ws_sensor_combined/build/x500_bridge': AMENT_PREFIX_PATH=/home/imamalghifary/ws_sensor_combined/install/px4_msgs:${AMENT_PREFIX_PATH} CMAKE_PREFIX_PATH=/home/imamalghifary/ws_sensor_combined/install/px4_msgs LD_LIBRARY_PATH=/home/imamalghifary/ws_sensor_combined/install/px4_msgs/lib:${LD_LIBRARY_PATH} PYTHONPATH=/home/imamalghifary/ws_sensor_combined/build/x500_bridge/prefix_override:/usr/lib/python3/dist-packages/colcon_core/task/python/colcon_distutils_commands:/home/imamalghifary/ws_sensor_combined/install/x500_bridge/lib/python3.10/site-packages:/home/imamalghifary/ws_sensor_combined/install/px4_msgs/local/lib/python3.10/dist-packages:${PYTHONPATH} /usr/bin/python3 -W ignore:setup.py install is deprecated -W ignore:easy_install command is deprecated setup.py develop --uninstall --editable --build-directory /home/imamalghifary/ws_sensor_combined/build/x500_bridge/build
[2.617s] running develop
[2.890s] Removing /home/imamalghifary/ws_sensor_combined/install/x500_bridge/lib/python3.10/site-packages/x500-bridge.egg-link (link to .)
[2.944s] Invoked command in '/home/imamalghifary/ws_sensor_combined/build/x500_bridge' returned '0': AMENT_PREFIX_PATH=/home/imamalghifary/ws_sensor_combined/install/px4_msgs:${AMENT_PREFIX_PATH} CMAKE_PREFIX_PATH=/home/imamalghifary/ws_sensor_combined/install/px4_msgs LD_LIBRARY_PATH=/home/imamalghifary/ws_sensor_combined/install/px4_msgs/lib:${LD_LIBRARY_PATH} PYTHONPATH=/home/imamalghifary/ws_sensor_combined/build/x500_bridge/prefix_override:/usr/lib/python3/dist-packages/colcon_core/task/python/colcon_distutils_commands:/home/imamalghifary/ws_sensor_combined/install/x500_bridge/lib/python3.10/site-packages:/home/imamalghifary/ws_sensor_combined/install/px4_msgs/local/lib/python3.10/dist-packages:${PYTHONPATH} /usr/bin/python3 -W ignore:setup.py install is deprecated -W ignore:easy_install command is deprecated setup.py develop --uninstall --editable --build-directory /home/imamalghifary/ws_sensor_combined/build/x500_bridge/build
[2.946s] Invoking command in '/home/imamalghifary/ws_sensor_combined/src/x500_bridge': AMENT_PREFIX_PATH=/home/imamalghifary/ws_sensor_combined/install/px4_msgs:${AMENT_PREFIX_PATH} CMAKE_PREFIX_PATH=/home/imamalghifary/ws_sensor_combined/install/px4_msgs LD_LIBRARY_PATH=/home/imamalghifary/ws_sensor_combined/install/px4_msgs/lib:${LD_LIBRARY_PATH} PYTHONPATH=/home/imamalghifary/ws_sensor_combined/build/x500_bridge/prefix_override:/usr/lib/python3/dist-packages/colcon_core/task/python/colcon_distutils_commands:/home/imamalghifary/ws_sensor_combined/install/x500_bridge/lib/python3.10/site-packages:/home/imamalghifary/ws_sensor_combined/install/px4_msgs/local/lib/python3.10/dist-packages:${PYTHONPATH} /usr/bin/python3 -W ignore:setup.py install is deprecated -W ignore:easy_install command is deprecated setup.py egg_info --egg-base ../../build/x500_bridge build --build-base /home/imamalghifary/ws_sensor_combined/build/x500_bridge/build install --record /home/imamalghifary/ws_sensor_combined/build/x500_bridge/install.log --single-version-externally-managed install_data --force
[3.405s] running egg_info
[3.422s] writing ../../build/x500_bridge/x500_bridge.egg-info/PKG-INFO
[3.422s] writing dependency_links to ../../build/x500_bridge/x500_bridge.egg-info/dependency_links.txt
[3.422s] writing entry points to ../../build/x500_bridge/x500_bridge.egg-info/entry_points.txt
[3.422s] writing requirements to ../../build/x500_bridge/x500_bridge.egg-info/requires.txt
[3.422s] writing top-level names to ../../build/x500_bridge/x500_bridge.egg-info/top_level.txt
[3.508s] reading manifest file '../../build/x500_bridge/x500_bridge.egg-info/SOURCES.txt'
[3.509s] writing manifest file '../../build/x500_bridge/x500_bridge.egg-info/SOURCES.txt'
[3.509s] running build
[3.509s] running build_py
[3.509s] creating /home/imamalghifary/ws_sensor_combined/build/x500_bridge/build
[3.509s] creating /home/imamalghifary/ws_sensor_combined/build/x500_bridge/build/lib
[3.510s] creating /home/imamalghifary/ws_sensor_combined/build/x500_bridge/build/lib/x500_bridge
[3.510s] copying x500_bridge/odom_bridge.py -> /home/imamalghifary/ws_sensor_combined/build/x500_bridge/build/lib/x500_bridge
[3.573s] copying x500_bridge/__init__.py -> /home/imamalghifary/ws_sensor_combined/build/x500_bridge/build/lib/x500_bridge
[3.574s] running install
[3.581s] running install_lib
[3.596s] creating /home/imamalghifary/ws_sensor_combined/install/x500_bridge/lib/python3.10/site-packages/x500_bridge
[3.596s] copying /home/imamalghifary/ws_sensor_combined/build/x500_bridge/build/lib/x500_bridge/odom_bridge.py -> /home/imamalghifary/ws_sensor_combined/install/x500_bridge/lib/python3.10/site-packages/x500_bridge
[3.596s] copying /home/imamalghifary/ws_sensor_combined/build/x500_bridge/build/lib/x500_bridge/__init__.py -> /home/imamalghifary/ws_sensor_combined/install/x500_bridge/lib/python3.10/site-packages/x500_bridge
[3.596s] byte-compiling /home/imamalghifary/ws_sensor_combined/install/x500_bridge/lib/python3.10/site-packages/x500_bridge/odom_bridge.py to odom_bridge.cpython-310.pyc
[3.597s] byte-compiling /home/imamalghifary/ws_sensor_combined/install/x500_bridge/lib/python3.10/site-packages/x500_bridge/__init__.py to __init__.cpython-310.pyc
[3.597s] running install_data
[3.597s] copying resource/x500_bridge -> /home/imamalghifary/ws_sensor_combined/install/x500_bridge/share/ament_index/resource_index/packages
[3.598s] copying package.xml -> /home/imamalghifary/ws_sensor_combined/install/x500_bridge/share/x500_bridge
[3.598s] copying launch/slam_with_px4.launch.py -> /home/imamalghifary/ws_sensor_combined/install/x500_bridge/share/x500_bridge/launch
[3.636s] copying launch/iris_rplidar_launch.py -> /home/imamalghifary/ws_sensor_combined/install/x500_bridge/share/x500_bridge/launch
[3.661s] running install_egg_info
[3.677s] Copying ../../build/x500_bridge/x500_bridge.egg-info to /home/imamalghifary/ws_sensor_combined/install/x500_bridge/lib/python3.10/site-packages/x500_bridge-0.0.0-py3.10.egg-info
[3.678s] running install_scripts
[3.752s] Installing odom_bridge script to /home/imamalghifary/ws_sensor_combined/install/x500_bridge/lib/x500_bridge
[3.752s] writing list of installed files to '/home/imamalghifary/ws_sensor_combined/build/x500_bridge/install.log'
[3.791s] Invoked command in '/home/imamalghifary/ws_sensor_combined/src/x500_bridge' returned '0': AMENT_PREFIX_PATH=/home/imamalghifary/ws_sensor_combined/install/px4_msgs:${AMENT_PREFIX_PATH} CMAKE_PREFIX_PATH=/home/imamalghifary/ws_sensor_combined/install/px4_msgs LD_LIBRARY_PATH=/home/imamalghifary/ws_sensor_combined/install/px4_msgs/lib:${LD_LIBRARY_PATH} PYTHONPATH=/home/imamalghifary/ws_sensor_combined/build/x500_bridge/prefix_override:/usr/lib/python3/dist-packages/colcon_core/task/python/colcon_distutils_commands:/home/imamalghifary/ws_sensor_combined/install/x500_bridge/lib/python3.10/site-packages:/home/imamalghifary/ws_sensor_combined/install/px4_msgs/local/lib/python3.10/dist-packages:${PYTHONPATH} /usr/bin/python3 -W ignore:setup.py install is deprecated -W ignore:easy_install command is deprecated setup.py egg_info --egg-base ../../build/x500_bridge build --build-base /home/imamalghifary/ws_sensor_combined/build/x500_bridge/build install --record /home/imamalghifary/ws_sensor_combined/build/x500_bridge/install.log --single-version-externally-managed install_data --force
