[2.376s] Invoking command in '/home/imamalghifary/ws_sensor_combined/build/x500_bridge': CMAKE_PREFIX_PATH=/home/imamalghifary/ws_sensor_combined/install/px4_msgs:/home/imamalghifary/ws_sensor_combined/install/x500_description:/home/imamalghifary/ws_sensor_combined/install/px4_ros_com LD_LIBRARY_PATH=/home/imamalghifary/ws_sensor_combined/install/px4_msgs/lib:/home/imamalghifary/ws_sensor_combined/install/px4_ros_com/lib:/opt/ros/humble/opt/rviz_ogre_vendor/lib:/opt/ros/humble/lib/x86_64-linux-gnu:/opt/ros/humble/lib PYTHONPATH=/home/imamalghifary/ws_sensor_combined/build/x500_bridge/prefix_override:/usr/lib/python3/dist-packages/colcon_core/task/python/colcon_distutils_commands:/home/imamalghifary/ws_sensor_combined/install/x500_bridge/lib/python3.10/site-packages:${PYTHONPATH} /usr/bin/python3 -W ignore:setup.py install is deprecated -W ignore:easy_install command is deprecated setup.py develop --editable --build-directory /home/imamalghifary/ws_sensor_combined/build/x500_bridge/build --no-deps symlink_data
[3.021s] running develop
[3.389s] running egg_info
[3.407s] writing x500_bridge.egg-info/PKG-INFO
[3.408s] writing dependency_links to x500_bridge.egg-info/dependency_links.txt
[3.408s] writing entry points to x500_bridge.egg-info/entry_points.txt
[3.408s] writing requirements to x500_bridge.egg-info/requires.txt
[3.408s] writing top-level names to x500_bridge.egg-info/top_level.txt
[3.445s] reading manifest file 'x500_bridge.egg-info/SOURCES.txt'
[3.446s] writing manifest file 'x500_bridge.egg-info/SOURCES.txt'
[3.466s] running build_ext
[3.466s] Creating /home/imamalghifary/ws_sensor_combined/install/x500_bridge/lib/python3.10/site-packages/x500-bridge.egg-link (link to .)
[3.467s] Installing cmd_vel_bridge script to /home/imamalghifary/ws_sensor_combined/install/x500_bridge/lib/x500_bridge
[3.467s] Installing odom_bridge script to /home/imamalghifary/ws_sensor_combined/install/x500_bridge/lib/x500_bridge
[3.467s] Installing offboard_move_forward script to /home/imamalghifary/ws_sensor_combined/install/x500_bridge/lib/x500_bridge
[3.468s] Installing px4_offboard_init script to /home/imamalghifary/ws_sensor_combined/install/x500_bridge/lib/x500_bridge
[3.468s] Installing scan_relay script to /home/imamalghifary/ws_sensor_combined/install/x500_bridge/lib/x500_bridge
[3.468s] 
[3.468s] Installed /home/imamalghifary/ws_sensor_combined/build/x500_bridge
[3.468s] running symlink_data
[3.468s] error: can't copy '/home/imamalghifary/ws_sensor_combined/build/x500_bridge/launch/display.launch.py': doesn't exist or not a regular file
[3.557s] Invoked command in '/home/imamalghifary/ws_sensor_combined/build/x500_bridge' returned '1': CMAKE_PREFIX_PATH=/home/imamalghifary/ws_sensor_combined/install/px4_msgs:/home/imamalghifary/ws_sensor_combined/install/x500_description:/home/imamalghifary/ws_sensor_combined/install/px4_ros_com LD_LIBRARY_PATH=/home/imamalghifary/ws_sensor_combined/install/px4_msgs/lib:/home/imamalghifary/ws_sensor_combined/install/px4_ros_com/lib:/opt/ros/humble/opt/rviz_ogre_vendor/lib:/opt/ros/humble/lib/x86_64-linux-gnu:/opt/ros/humble/lib PYTHONPATH=/home/imamalghifary/ws_sensor_combined/build/x500_bridge/prefix_override:/usr/lib/python3/dist-packages/colcon_core/task/python/colcon_distutils_commands:/home/imamalghifary/ws_sensor_combined/install/x500_bridge/lib/python3.10/site-packages:${PYTHONPATH} /usr/bin/python3 -W ignore:setup.py install is deprecated -W ignore:easy_install command is deprecated setup.py develop --editable --build-directory /home/imamalghifary/ws_sensor_combined/build/x500_bridge/build --no-deps symlink_data
