running egg_info
writing ../../build/x500_bridge/x500_bridge.egg-info/PKG-INFO
writing dependency_links to ../../build/x500_bridge/x500_bridge.egg-info/dependency_links.txt
writing entry points to ../../build/x500_bridge/x500_bridge.egg-info/entry_points.txt
writing requirements to ../../build/x500_bridge/x500_bridge.egg-info/requires.txt
writing top-level names to ../../build/x500_bridge/x500_bridge.egg-info/top_level.txt
reading manifest file '../../build/x500_bridge/x500_bridge.egg-info/SOURCES.txt'
writing manifest file '../../build/x500_bridge/x500_bridge.egg-info/SOURCES.txt'
running build
running build_py
running install
running install_lib
running install_data
copying launch/slam_with_bridge.launch.py -> /home/imamalghifary/ws_sensor_combined/install/x500_bridge/share/x500_bridge/launch
running install_egg_info
removing '/home/imamalghifary/ws_sensor_combined/install/x500_bridge/lib/python3.10/site-packages/x500_bridge-0.0.0-py3.10.egg-info' (and everything under it)
Copying ../../build/x500_bridge/x500_bridge.egg-info to /home/imamalghifary/ws_sensor_combined/install/x500_bridge/lib/python3.10/site-packages/x500_bridge-0.0.0-py3.10.egg-info
running install_scripts
Installing odom_bridge script to /home/imamalghifary/ws_sensor_combined/install/x500_bridge/lib/x500_bridge
Installing scan_relay script to /home/imamalghifary/ws_sensor_combined/install/x500_bridge/lib/x500_bridge
writing list of installed files to '/home/imamalghifary/ws_sensor_combined/build/x500_bridge/install.log'
