[0.749s] Invoking command in '/home/imamalghifary/ws_sensor_combined/build/px4_ros_com': CMAKE_PREFIX_PATH=/home/imamalghifary/ws_sensor_combined/install/px4_msgs:/home/imamalghifary/ws_sensor_combined/install/x500_description:/home/imamalghifary/ws_sensor_combined/install/px4_ros_com:/home/imamalghifary/ws_sensor_combined/install/x500_navigation:/home/imamalghifary/ws_sensor_combined/install/x500_bridge:/home/imamalghifary/ws_sensor_combined/install/px4_offboard:/opt/ros/humble LD_LIBRARY_PATH=/home/imamalghifary/ws_sensor_combined/install/px4_msgs/lib:/home/imamalghifary/ws_sensor_combined/install/px4_ros_com/lib:/opt/ros/humble/opt/rviz_ogre_vendor/lib:/opt/ros/humble/lib/x86_64-linux-gnu:/opt/ros/humble/lib /usr/bin/cmake --build /home/imamalghifary/ws_sensor_combined/build/px4_ros_com -- -j22 -l22
[0.880s] [ 16%] Built target vehicle_gps_position_listener
[0.881s] [ 33%] Built target offboard_control_srv
[0.885s] [ 50%] Built target frame_transforms
[0.891s] [ 66%] Built target debug_vect_advertiser
[0.895s] [ 83%] Built target offboard_control
[0.896s] [ 83%] Built target ament_cmake_python_symlink_px4_ros_com
[0.900s] [100%] Built target sensor_combined_listener
[1.698s] running egg_info
[1.744s] writing px4_ros_com.egg-info/PKG-INFO
[1.745s] writing dependency_links to px4_ros_com.egg-info/dependency_links.txt
[1.746s] writing top-level names to px4_ros_com.egg-info/top_level.txt
[1.879s] reading manifest file 'px4_ros_com.egg-info/SOURCES.txt'
[1.882s] writing manifest file 'px4_ros_com.egg-info/SOURCES.txt'
[2.031s] [100%] Built target ament_cmake_python_build_px4_ros_com_egg
[2.052s] Invoked command in '/home/imamalghifary/ws_sensor_combined/build/px4_ros_com' returned '0': CMAKE_PREFIX_PATH=/home/imamalghifary/ws_sensor_combined/install/px4_msgs:/home/imamalghifary/ws_sensor_combined/install/x500_description:/home/imamalghifary/ws_sensor_combined/install/px4_ros_com:/home/imamalghifary/ws_sensor_combined/install/x500_navigation:/home/imamalghifary/ws_sensor_combined/install/x500_bridge:/home/imamalghifary/ws_sensor_combined/install/px4_offboard:/opt/ros/humble LD_LIBRARY_PATH=/home/imamalghifary/ws_sensor_combined/install/px4_msgs/lib:/home/imamalghifary/ws_sensor_combined/install/px4_ros_com/lib:/opt/ros/humble/opt/rviz_ogre_vendor/lib:/opt/ros/humble/lib/x86_64-linux-gnu:/opt/ros/humble/lib /usr/bin/cmake --build /home/imamalghifary/ws_sensor_combined/build/px4_ros_com -- -j22 -l22
[2.057s] Invoking command in '/home/imamalghifary/ws_sensor_combined/build/px4_ros_com': CMAKE_PREFIX_PATH=/home/imamalghifary/ws_sensor_combined/install/px4_msgs:/home/imamalghifary/ws_sensor_combined/install/x500_description:/home/imamalghifary/ws_sensor_combined/install/px4_ros_com:/home/imamalghifary/ws_sensor_combined/install/x500_navigation:/home/imamalghifary/ws_sensor_combined/install/x500_bridge:/home/imamalghifary/ws_sensor_combined/install/px4_offboard:/opt/ros/humble LD_LIBRARY_PATH=/home/imamalghifary/ws_sensor_combined/install/px4_msgs/lib:/home/imamalghifary/ws_sensor_combined/install/px4_ros_com/lib:/opt/ros/humble/opt/rviz_ogre_vendor/lib:/opt/ros/humble/lib/x86_64-linux-gnu:/opt/ros/humble/lib /usr/bin/cmake --install /home/imamalghifary/ws_sensor_combined/build/px4_ros_com
[2.077s] -- Install configuration: ""
[2.077s] -- Execute custom install script
[2.078s] -- Up-to-date symlink: /home/imamalghifary/ws_sensor_combined/install/px4_ros_com/lib/px4_ros_com/sensor_combined_listener
[2.079s] -- Up-to-date symlink: /home/imamalghifary/ws_sensor_combined/install/px4_ros_com/lib/px4_ros_com/vehicle_gps_position_listener
[2.079s] -- Up-to-date symlink: /home/imamalghifary/ws_sensor_combined/install/px4_ros_com/lib/px4_ros_com/debug_vect_advertiser
[2.080s] -- Up-to-date symlink: /home/imamalghifary/ws_sensor_combined/install/px4_ros_com/lib/px4_ros_com/offboard_control
[2.080s] -- Up-to-date symlink: /home/imamalghifary/ws_sensor_combined/install/px4_ros_com/lib/px4_ros_com/offboard_control_srv
[2.081s] -- Up-to-date symlink: /home/imamalghifary/ws_sensor_combined/install/px4_ros_com/share/px4_ros_com/environment/library_path.sh
[2.081s] -- Up-to-date symlink: /home/imamalghifary/ws_sensor_combined/install/px4_ros_com/share/px4_ros_com/environment/library_path.dsv
[2.083s] -- Up-to-date symlink: /home/imamalghifary/ws_sensor_combined/install/px4_ros_com/include/px4_ros_com/frame_transforms.h
[2.083s] -- Up-to-date symlink: /home/imamalghifary/ws_sensor_combined/install/px4_ros_com/share/px4_ros_com//launch/offboard_control_launch.yaml
[2.083s] -- Up-to-date symlink: /home/imamalghifary/ws_sensor_combined/install/px4_ros_com/share/px4_ros_com//launch/sensor_combined_listener.launch.py
[2.084s] -- Up-to-date symlink: /home/imamalghifary/ws_sensor_combined/install/px4_ros_com/share/px4_ros_com//test/__init__.py
[2.084s] -- Up-to-date symlink: /home/imamalghifary/ws_sensor_combined/install/px4_ros_com/share/px4_ros_com//test/pipeline_io_test.py
[2.084s] -- Up-to-date symlink: /home/imamalghifary/ws_sensor_combined/install/px4_ros_com/share/px4_ros_com//test/test_input.py
[2.085s] -- Up-to-date symlink: /home/imamalghifary/ws_sensor_combined/install/px4_ros_com/share/px4_ros_com//test/test_output.py
[2.085s] -- Up-to-date symlink: /home/imamalghifary/ws_sensor_combined/install/px4_ros_com/share/px4_ros_com/environment/pythonpath.sh
[2.085s] -- Up-to-date symlink: /home/imamalghifary/ws_sensor_combined/install/px4_ros_com/share/px4_ros_com/environment/pythonpath.dsv
[2.086s] -- Up-to-date symlink: /home/imamalghifary/ws_sensor_combined/install/px4_ros_com/local/lib/python3.10/dist-packages/px4_ros_com-0.1.0-py3.10.egg-info/PKG-INFO
[2.087s] -- Up-to-date symlink: /home/imamalghifary/ws_sensor_combined/install/px4_ros_com/local/lib/python3.10/dist-packages/px4_ros_com-0.1.0-py3.10.egg-info/SOURCES.txt
[2.087s] -- Up-to-date symlink: /home/imamalghifary/ws_sensor_combined/install/px4_ros_com/local/lib/python3.10/dist-packages/px4_ros_com-0.1.0-py3.10.egg-info/dependency_links.txt
[2.087s] -- Up-to-date symlink: /home/imamalghifary/ws_sensor_combined/install/px4_ros_com/local/lib/python3.10/dist-packages/px4_ros_com-0.1.0-py3.10.egg-info/top_level.txt
[2.088s] -- Up-to-date symlink: /home/imamalghifary/ws_sensor_combined/install/px4_ros_com/local/lib/python3.10/dist-packages/px4_ros_com/__init__.py
[2.088s] -- Up-to-date symlink: /home/imamalghifary/ws_sensor_combined/install/px4_ros_com/local/lib/python3.10/dist-packages/px4_ros_com/module_to_import.py
[2.089s] -- Up-to-date symlink: /home/imamalghifary/ws_sensor_combined/install/px4_ros_com/lib/px4_ros_com/offboard_control.py
[2.089s] -- Up-to-date symlink: /home/imamalghifary/ws_sensor_combined/install/px4_ros_com/share/ament_index/resource_index/package_run_dependencies/px4_ros_com
[2.089s] -- Up-to-date symlink: /home/imamalghifary/ws_sensor_combined/install/px4_ros_com/share/ament_index/resource_index/parent_prefix_path/px4_ros_com
[2.090s] -- Up-to-date symlink: /home/imamalghifary/ws_sensor_combined/install/px4_ros_com/share/px4_ros_com/environment/ament_prefix_path.sh
[2.090s] -- Up-to-date symlink: /home/imamalghifary/ws_sensor_combined/install/px4_ros_com/share/px4_ros_com/environment/ament_prefix_path.dsv
[2.091s] -- Up-to-date symlink: /home/imamalghifary/ws_sensor_combined/install/px4_ros_com/share/px4_ros_com/environment/path.sh
[2.091s] -- Up-to-date symlink: /home/imamalghifary/ws_sensor_combined/install/px4_ros_com/share/px4_ros_com/environment/path.dsv
[2.091s] -- Up-to-date symlink: /home/imamalghifary/ws_sensor_combined/install/px4_ros_com/share/px4_ros_com/local_setup.bash
[2.092s] -- Up-to-date symlink: /home/imamalghifary/ws_sensor_combined/install/px4_ros_com/share/px4_ros_com/local_setup.sh
[2.092s] -- Up-to-date symlink: /home/imamalghifary/ws_sensor_combined/install/px4_ros_com/share/px4_ros_com/local_setup.zsh
[2.093s] -- Up-to-date symlink: /home/imamalghifary/ws_sensor_combined/install/px4_ros_com/share/px4_ros_com/local_setup.dsv
[2.093s] -- Symlinking: /home/imamalghifary/ws_sensor_combined/install/px4_ros_com/share/px4_ros_com/package.dsv
[2.113s] -- Up-to-date symlink: /home/imamalghifary/ws_sensor_combined/install/px4_ros_com/share/ament_index/resource_index/packages/px4_ros_com
[2.114s] -- Up-to-date symlink: /home/imamalghifary/ws_sensor_combined/install/px4_ros_com/share/px4_ros_com/cmake/ament_cmake_export_dependencies-extras.cmake
[2.114s] -- Up-to-date symlink: /home/imamalghifary/ws_sensor_combined/install/px4_ros_com/share/px4_ros_com/cmake/ament_cmake_export_targets-extras.cmake
[2.115s] -- Up-to-date symlink: /home/imamalghifary/ws_sensor_combined/install/px4_ros_com/share/px4_ros_com/cmake/ament_cmake_export_include_directories-extras.cmake
[2.115s] -- Up-to-date symlink: /home/imamalghifary/ws_sensor_combined/install/px4_ros_com/share/px4_ros_com/cmake/ament_cmake_export_libraries-extras.cmake
[2.116s] -- Up-to-date symlink: /home/imamalghifary/ws_sensor_combined/install/px4_ros_com/share/px4_ros_com/cmake/px4_ros_comConfig.cmake
[2.116s] -- Up-to-date symlink: /home/imamalghifary/ws_sensor_combined/install/px4_ros_com/share/px4_ros_com/cmake/px4_ros_comConfig-version.cmake
[2.117s] -- Up-to-date symlink: /home/imamalghifary/ws_sensor_combined/install/px4_ros_com/share/px4_ros_com/package.xml
[2.117s] -- Up-to-date: /home/imamalghifary/ws_sensor_combined/install/px4_ros_com/lib/libframe_transforms.so
[2.204s] Listing '/home/imamalghifary/ws_sensor_combined/install/px4_ros_com/local/lib/python3.10/dist-packages/px4_ros_com'...
[2.221s] -- Up-to-date: /home/imamalghifary/ws_sensor_combined/install/px4_ros_com/share/px4_ros_com/cmake/export_frame_transformsExport.cmake
[2.225s] -- Up-to-date: /home/imamalghifary/ws_sensor_combined/install/px4_ros_com/share/px4_ros_com/cmake/export_frame_transformsExport-noconfig.cmake
[2.229s] Invoked command in '/home/imamalghifary/ws_sensor_combined/build/px4_ros_com' returned '0': CMAKE_PREFIX_PATH=/home/imamalghifary/ws_sensor_combined/install/px4_msgs:/home/imamalghifary/ws_sensor_combined/install/x500_description:/home/imamalghifary/ws_sensor_combined/install/px4_ros_com:/home/imamalghifary/ws_sensor_combined/install/x500_navigation:/home/imamalghifary/ws_sensor_combined/install/x500_bridge:/home/imamalghifary/ws_sensor_combined/install/px4_offboard:/opt/ros/humble LD_LIBRARY_PATH=/home/imamalghifary/ws_sensor_combined/install/px4_msgs/lib:/home/imamalghifary/ws_sensor_combined/install/px4_ros_com/lib:/opt/ros/humble/opt/rviz_ogre_vendor/lib:/opt/ros/humble/lib/x86_64-linux-gnu:/opt/ros/humble/lib /usr/bin/cmake --install /home/imamalghifary/ws_sensor_combined/build/px4_ros_com
