[2.128s] Invoking command in '/home/imamalghifary/ws_sensor_combined/build/x500_bridge': CMAKE_PREFIX_PATH=/home/imamalghifary/ws_sensor_combined/install/px4_msgs:/home/imamalghifary/ws_sensor_combined/install/x500_description:/home/imamalghifary/ws_sensor_combined/install/px4_ros_com LD_LIBRARY_PATH=/home/imamalghifary/ws_sensor_combined/install/px4_msgs/lib:/home/imamalghifary/ws_sensor_combined/install/px4_ros_com/lib:/opt/ros/humble/opt/rviz_ogre_vendor/lib:/opt/ros/humble/lib/x86_64-linux-gnu:/opt/ros/humble/lib PYTHONPATH=/home/imamalghifary/ws_sensor_combined/build/x500_bridge/prefix_override:/usr/lib/python3/dist-packages/colcon_core/task/python/colcon_distutils_commands:/home/imamalghifary/ws_sensor_combined/install/x500_bridge/lib/python3.10/site-packages:${PYTHONPATH} /usr/bin/python3 -W ignore:setup.py install is deprecated -W ignore:easy_install command is deprecated setup.py develop --editable --build-directory /home/imamalghifary/ws_sensor_combined/build/x500_bridge/build --no-deps symlink_data
[2.590s] running develop
[2.846s] running egg_info
[2.862s] writing x500_bridge.egg-info/PKG-INFO
[2.863s] writing dependency_links to x500_bridge.egg-info/dependency_links.txt
[2.863s] writing entry points to x500_bridge.egg-info/entry_points.txt
[2.863s] writing requirements to x500_bridge.egg-info/requires.txt
[2.863s] writing top-level names to x500_bridge.egg-info/top_level.txt
[2.900s] reading manifest file 'x500_bridge.egg-info/SOURCES.txt'
[2.901s] writing manifest file 'x500_bridge.egg-info/SOURCES.txt'
[2.921s] running build_ext
[2.921s] Creating /home/imamalghifary/ws_sensor_combined/install/x500_bridge/lib/python3.10/site-packages/x500-bridge.egg-link (link to .)
[2.922s] Installing odom_bridge script to /home/imamalghifary/ws_sensor_combined/install/x500_bridge/lib/x500_bridge
[2.923s] Installing scan_relay script to /home/imamalghifary/ws_sensor_combined/install/x500_bridge/lib/x500_bridge
[2.923s] 
[2.923s] Installed /home/imamalghifary/ws_sensor_combined/build/x500_bridge
[2.924s] running symlink_data
[2.924s] creating /home/imamalghifary/ws_sensor_combined/install/x500_bridge/share/x500_bridge/config
[2.924s] symbolically linking /home/imamalghifary/ws_sensor_combined/build/x500_bridge/config/ekf.yaml -> /home/imamalghifary/ws_sensor_combined/install/x500_bridge/share/x500_bridge/config
[2.974s] Invoked command in '/home/imamalghifary/ws_sensor_combined/build/x500_bridge' returned '0': CMAKE_PREFIX_PATH=/home/imamalghifary/ws_sensor_combined/install/px4_msgs:/home/imamalghifary/ws_sensor_combined/install/x500_description:/home/imamalghifary/ws_sensor_combined/install/px4_ros_com LD_LIBRARY_PATH=/home/imamalghifary/ws_sensor_combined/install/px4_msgs/lib:/home/imamalghifary/ws_sensor_combined/install/px4_ros_com/lib:/opt/ros/humble/opt/rviz_ogre_vendor/lib:/opt/ros/humble/lib/x86_64-linux-gnu:/opt/ros/humble/lib PYTHONPATH=/home/imamalghifary/ws_sensor_combined/build/x500_bridge/prefix_override:/usr/lib/python3/dist-packages/colcon_core/task/python/colcon_distutils_commands:/home/imamalghifary/ws_sensor_combined/install/x500_bridge/lib/python3.10/site-packages:${PYTHONPATH} /usr/bin/python3 -W ignore:setup.py install is deprecated -W ignore:easy_install command is deprecated setup.py develop --editable --build-directory /home/imamalghifary/ws_sensor_combined/build/x500_bridge/build --no-deps symlink_data
