[2.059s] Invoking command in '/home/imamalghifary/ws_sensor_combined/src/x500_bridge': CMAKE_PREFIX_PATH=/home/imamalghifary/ws_sensor_combined/install/px4_msgs:/home/imamalghifary/ws_sensor_combined/install/x500_description:/home/imamalghifary/ws_sensor_combined/install/px4_ros_com LD_LIBRARY_PATH=/home/imamalghifary/ws_sensor_combined/install/px4_msgs/lib:/home/imamalghifary/ws_sensor_combined/install/px4_ros_com/lib:/opt/ros/humble/opt/rviz_ogre_vendor/lib:/opt/ros/humble/lib/x86_64-linux-gnu:/opt/ros/humble/lib PYTHONPATH=/home/imamalghifary/ws_sensor_combined/build/x500_bridge/prefix_override:/usr/lib/python3/dist-packages/colcon_core/task/python/colcon_distutils_commands:/home/imamalghifary/ws_sensor_combined/install/x500_bridge/lib/python3.10/site-packages:${PYTHONPATH} /usr/bin/python3 -W ignore:setup.py install is deprecated -W ignore:easy_install command is deprecated setup.py egg_info --egg-base ../../build/x500_bridge build --build-base /home/imamalghifary/ws_sensor_combined/build/x500_bridge/build install --record /home/imamalghifary/ws_sensor_combined/build/x500_bridge/install.log --single-version-externally-managed install_data
[2.587s] running egg_info
[2.613s] writing ../../build/x500_bridge/x500_bridge.egg-info/PKG-INFO
[2.613s] writing dependency_links to ../../build/x500_bridge/x500_bridge.egg-info/dependency_links.txt
[2.613s] writing entry points to ../../build/x500_bridge/x500_bridge.egg-info/entry_points.txt
[2.614s] writing requirements to ../../build/x500_bridge/x500_bridge.egg-info/requires.txt
[2.614s] writing top-level names to ../../build/x500_bridge/x500_bridge.egg-info/top_level.txt
[2.665s] reading manifest file '../../build/x500_bridge/x500_bridge.egg-info/SOURCES.txt'
[2.666s] writing manifest file '../../build/x500_bridge/x500_bridge.egg-info/SOURCES.txt'
[2.666s] running build
[2.666s] running build_py
[2.666s] running install
[2.673s] running install_lib
[2.690s] running install_data
[2.691s] running install_egg_info
[2.708s] removing '/home/imamalghifary/ws_sensor_combined/install/x500_bridge/lib/python3.10/site-packages/x500_bridge-0.0.0-py3.10.egg-info' (and everything under it)
[2.708s] Copying ../../build/x500_bridge/x500_bridge.egg-info to /home/imamalghifary/ws_sensor_combined/install/x500_bridge/lib/python3.10/site-packages/x500_bridge-0.0.0-py3.10.egg-info
[2.709s] running install_scripts
[2.782s] Installing odom_bridge script to /home/imamalghifary/ws_sensor_combined/install/x500_bridge/lib/x500_bridge
[2.782s] Installing scan_relay script to /home/imamalghifary/ws_sensor_combined/install/x500_bridge/lib/x500_bridge
[2.782s] writing list of installed files to '/home/imamalghifary/ws_sensor_combined/build/x500_bridge/install.log'
[2.830s] Invoked command in '/home/imamalghifary/ws_sensor_combined/src/x500_bridge' returned '0': CMAKE_PREFIX_PATH=/home/imamalghifary/ws_sensor_combined/install/px4_msgs:/home/imamalghifary/ws_sensor_combined/install/x500_description:/home/imamalghifary/ws_sensor_combined/install/px4_ros_com LD_LIBRARY_PATH=/home/imamalghifary/ws_sensor_combined/install/px4_msgs/lib:/home/imamalghifary/ws_sensor_combined/install/px4_ros_com/lib:/opt/ros/humble/opt/rviz_ogre_vendor/lib:/opt/ros/humble/lib/x86_64-linux-gnu:/opt/ros/humble/lib PYTHONPATH=/home/imamalghifary/ws_sensor_combined/build/x500_bridge/prefix_override:/usr/lib/python3/dist-packages/colcon_core/task/python/colcon_distutils_commands:/home/imamalghifary/ws_sensor_combined/install/x500_bridge/lib/python3.10/site-packages:${PYTHONPATH} /usr/bin/python3 -W ignore:setup.py install is deprecated -W ignore:easy_install command is deprecated setup.py egg_info --egg-base ../../build/x500_bridge build --build-base /home/imamalghifary/ws_sensor_combined/build/x500_bridge/build install --record /home/imamalghifary/ws_sensor_combined/build/x500_bridge/install.log --single-version-externally-managed install_data
