[1.553s] Invoking command in '/home/imamalghifary/ws_sensor_combined/build/x500_bridge': CMAKE_PREFIX_PATH=/home/imamalghifary/ws_sensor_combined/install/px4_msgs:/home/imamalghifary/ws_sensor_combined/install/x500_description:/home/imamalghifary/ws_sensor_combined/install/px4_ros_com LD_LIBRARY_PATH=/home/imamalghifary/ws_sensor_combined/install/px4_msgs/lib:/home/imamalghifary/ws_sensor_combined/install/px4_ros_com/lib:/opt/ros/humble/opt/rviz_ogre_vendor/lib:/opt/ros/humble/lib/x86_64-linux-gnu:/opt/ros/humble/lib PYTHONPATH=/home/imamalghifary/ws_sensor_combined/build/x500_bridge/prefix_override:/usr/lib/python3/dist-packages/colcon_core/task/python/colcon_distutils_commands:/home/imamalghifary/ws_sensor_combined/install/x500_bridge/lib/python3.10/site-packages:${PYTHONPATH} /usr/bin/python3 -W ignore:setup.py install is deprecated -W ignore:easy_install command is deprecated setup.py develop --uninstall --editable --build-directory /home/imamalghifary/ws_sensor_combined/build/x500_bridge/build
[2.049s] running develop
[2.351s] Removing /home/imamalghifary/ws_sensor_combined/install/x500_bridge/lib/python3.10/site-packages/x500-bridge.egg-link (link to .)
[2.421s] Invoked command in '/home/imamalghifary/ws_sensor_combined/build/x500_bridge' returned '0': CMAKE_PREFIX_PATH=/home/imamalghifary/ws_sensor_combined/install/px4_msgs:/home/imamalghifary/ws_sensor_combined/install/x500_description:/home/imamalghifary/ws_sensor_combined/install/px4_ros_com LD_LIBRARY_PATH=/home/imamalghifary/ws_sensor_combined/install/px4_msgs/lib:/home/imamalghifary/ws_sensor_combined/install/px4_ros_com/lib:/opt/ros/humble/opt/rviz_ogre_vendor/lib:/opt/ros/humble/lib/x86_64-linux-gnu:/opt/ros/humble/lib PYTHONPATH=/home/imamalghifary/ws_sensor_combined/build/x500_bridge/prefix_override:/usr/lib/python3/dist-packages/colcon_core/task/python/colcon_distutils_commands:/home/imamalghifary/ws_sensor_combined/install/x500_bridge/lib/python3.10/site-packages:${PYTHONPATH} /usr/bin/python3 -W ignore:setup.py install is deprecated -W ignore:easy_install command is deprecated setup.py develop --uninstall --editable --build-directory /home/imamalghifary/ws_sensor_combined/build/x500_bridge/build
[2.423s] Invoking command in '/home/imamalghifary/ws_sensor_combined/src/x500_bridge': CMAKE_PREFIX_PATH=/home/imamalghifary/ws_sensor_combined/install/px4_msgs:/home/imamalghifary/ws_sensor_combined/install/x500_description:/home/imamalghifary/ws_sensor_combined/install/px4_ros_com LD_LIBRARY_PATH=/home/imamalghifary/ws_sensor_combined/install/px4_msgs/lib:/home/imamalghifary/ws_sensor_combined/install/px4_ros_com/lib:/opt/ros/humble/opt/rviz_ogre_vendor/lib:/opt/ros/humble/lib/x86_64-linux-gnu:/opt/ros/humble/lib PYTHONPATH=/home/imamalghifary/ws_sensor_combined/build/x500_bridge/prefix_override:/usr/lib/python3/dist-packages/colcon_core/task/python/colcon_distutils_commands:/home/imamalghifary/ws_sensor_combined/install/x500_bridge/lib/python3.10/site-packages:${PYTHONPATH} /usr/bin/python3 -W ignore:setup.py install is deprecated -W ignore:easy_install command is deprecated setup.py egg_info --egg-base ../../build/x500_bridge build --build-base /home/imamalghifary/ws_sensor_combined/build/x500_bridge/build install --record /home/imamalghifary/ws_sensor_combined/build/x500_bridge/install.log --single-version-externally-managed install_data --force
[2.936s] running egg_info
[2.962s] writing ../../build/x500_bridge/x500_bridge.egg-info/PKG-INFO
[2.962s] writing dependency_links to ../../build/x500_bridge/x500_bridge.egg-info/dependency_links.txt
[2.962s] writing entry points to ../../build/x500_bridge/x500_bridge.egg-info/entry_points.txt
[2.963s] writing requirements to ../../build/x500_bridge/x500_bridge.egg-info/requires.txt
[2.963s] writing top-level names to ../../build/x500_bridge/x500_bridge.egg-info/top_level.txt
[3.027s] reading manifest file '../../build/x500_bridge/x500_bridge.egg-info/SOURCES.txt'
[3.029s] writing manifest file '../../build/x500_bridge/x500_bridge.egg-info/SOURCES.txt'
[3.029s] running build
[3.029s] running build_py
[3.029s] copying x500_bridge/cmd_vel_to_offboard.py -> /home/imamalghifary/ws_sensor_combined/build/x500_bridge/build/lib/x500_bridge
[3.029s] copying x500_bridge/odom_bridge.py -> /home/imamalghifary/ws_sensor_combined/build/x500_bridge/build/lib/x500_bridge
[3.030s] running install
[3.035s] running install_lib
[3.049s] copying /home/imamalghifary/ws_sensor_combined/build/x500_bridge/build/lib/x500_bridge/cmd_vel_to_offboard.py -> /home/imamalghifary/ws_sensor_combined/install/x500_bridge/lib/python3.10/site-packages/x500_bridge
[3.049s] copying /home/imamalghifary/ws_sensor_combined/build/x500_bridge/build/lib/x500_bridge/odom_bridge.py -> /home/imamalghifary/ws_sensor_combined/install/x500_bridge/lib/python3.10/site-packages/x500_bridge
[3.049s] copying /home/imamalghifary/ws_sensor_combined/build/x500_bridge/build/lib/x500_bridge/__init__.py -> /home/imamalghifary/ws_sensor_combined/install/x500_bridge/lib/python3.10/site-packages/x500_bridge
[3.050s] copying /home/imamalghifary/ws_sensor_combined/build/x500_bridge/build/lib/x500_bridge/scan_relay.py -> /home/imamalghifary/ws_sensor_combined/install/x500_bridge/lib/python3.10/site-packages/x500_bridge
[3.050s] byte-compiling /home/imamalghifary/ws_sensor_combined/install/x500_bridge/lib/python3.10/site-packages/x500_bridge/cmd_vel_to_offboard.py to cmd_vel_to_offboard.cpython-310.pyc
[3.051s] byte-compiling /home/imamalghifary/ws_sensor_combined/install/x500_bridge/lib/python3.10/site-packages/x500_bridge/odom_bridge.py to odom_bridge.cpython-310.pyc
[3.052s] byte-compiling /home/imamalghifary/ws_sensor_combined/install/x500_bridge/lib/python3.10/site-packages/x500_bridge/__init__.py to __init__.cpython-310.pyc
[3.052s] byte-compiling /home/imamalghifary/ws_sensor_combined/install/x500_bridge/lib/python3.10/site-packages/x500_bridge/scan_relay.py to scan_relay.cpython-310.pyc
[3.053s] running install_data
[3.053s] copying resource/x500_bridge -> /home/imamalghifary/ws_sensor_combined/install/x500_bridge/share/ament_index/resource_index/packages
[3.054s] copying package.xml -> /home/imamalghifary/ws_sensor_combined/install/x500_bridge/share/x500_bridge
[3.054s] copying launch/slam_with_px4.launch.py -> /home/imamalghifary/ws_sensor_combined/install/x500_bridge/share/x500_bridge/launch
[3.054s] copying launch/slam_with_bridge.launch.py -> /home/imamalghifary/ws_sensor_combined/install/x500_bridge/share/x500_bridge/launch
[3.054s] copying urdf/x500_lidar.urdf.xacro -> /home/imamalghifary/ws_sensor_combined/install/x500_bridge/share/x500_bridge/urdf
[3.054s] copying config/ekf.yaml -> /home/imamalghifary/ws_sensor_combined/install/x500_bridge/share/x500_bridge/config
[3.054s] running install_egg_info
[3.072s] Copying ../../build/x500_bridge/x500_bridge.egg-info to /home/imamalghifary/ws_sensor_combined/install/x500_bridge/lib/python3.10/site-packages/x500_bridge-0.0.0-py3.10.egg-info
[3.072s] running install_scripts
[3.152s] Installing cmd_vel_to_offboard script to /home/imamalghifary/ws_sensor_combined/install/x500_bridge/lib/x500_bridge
[3.153s] Installing odom_bridge script to /home/imamalghifary/ws_sensor_combined/install/x500_bridge/lib/x500_bridge
[3.153s] Installing scan_relay script to /home/imamalghifary/ws_sensor_combined/install/x500_bridge/lib/x500_bridge
[3.153s] writing list of installed files to '/home/imamalghifary/ws_sensor_combined/build/x500_bridge/install.log'
[3.225s] Invoked command in '/home/imamalghifary/ws_sensor_combined/src/x500_bridge' returned '0': CMAKE_PREFIX_PATH=/home/imamalghifary/ws_sensor_combined/install/px4_msgs:/home/imamalghifary/ws_sensor_combined/install/x500_description:/home/imamalghifary/ws_sensor_combined/install/px4_ros_com LD_LIBRARY_PATH=/home/imamalghifary/ws_sensor_combined/install/px4_msgs/lib:/home/imamalghifary/ws_sensor_combined/install/px4_ros_com/lib:/opt/ros/humble/opt/rviz_ogre_vendor/lib:/opt/ros/humble/lib/x86_64-linux-gnu:/opt/ros/humble/lib PYTHONPATH=/home/imamalghifary/ws_sensor_combined/build/x500_bridge/prefix_override:/usr/lib/python3/dist-packages/colcon_core/task/python/colcon_distutils_commands:/home/imamalghifary/ws_sensor_combined/install/x500_bridge/lib/python3.10/site-packages:${PYTHONPATH} /usr/bin/python3 -W ignore:setup.py install is deprecated -W ignore:easy_install command is deprecated setup.py egg_info --egg-base ../../build/x500_bridge build --build-base /home/imamalghifary/ws_sensor_combined/build/x500_bridge/build install --record /home/imamalghifary/ws_sensor_combined/build/x500_bridge/install.log --single-version-externally-managed install_data --force
