[1.902s] Invoking command in '/home/imamalghifary/ws_sensor_combined/build/px4_offboard': CMAKE_PREFIX_PATH=/home/imamalghifary/ws_sensor_combined/install/px4_msgs:/home/imamalghifary/ws_sensor_combined/install/x500_description:/home/imamalghifary/ws_sensor_combined/install/px4_ros_com LD_LIBRARY_PATH=/home/imamalghifary/ws_sensor_combined/install/px4_msgs/lib:/home/imamalghifary/ws_sensor_combined/install/px4_ros_com/lib:/opt/ros/humble/opt/rviz_ogre_vendor/lib:/opt/ros/humble/lib/x86_64-linux-gnu:/opt/ros/humble/lib PYTHONPATH=/home/imamalghifary/ws_sensor_combined/build/px4_offboard/prefix_override:/usr/lib/python3/dist-packages/colcon_core/task/python/colcon_distutils_commands:/home/imamalghifary/ws_sensor_combined/install/px4_offboard/lib/python3.10/site-packages:${PYTHONPATH} /usr/bin/python3 -W ignore:setup.py install is deprecated -W ignore:easy_install command is deprecated setup.py develop --editable --build-directory /home/imamalghifary/ws_sensor_combined/build/px4_offboard/build --no-deps symlink_data
[2.477s] running develop
[2.767s] running egg_info
[2.786s] writing px4_offboard.egg-info/PKG-INFO
[2.786s] writing dependency_links to px4_offboard.egg-info/dependency_links.txt
[2.786s] writing entry points to px4_offboard.egg-info/entry_points.txt
[2.786s] writing requirements to px4_offboard.egg-info/requires.txt
[2.787s] writing top-level names to px4_offboard.egg-info/top_level.txt
[2.827s] reading manifest file 'px4_offboard.egg-info/SOURCES.txt'
[2.828s] writing manifest file 'px4_offboard.egg-info/SOURCES.txt'
[2.860s] running build_ext
[2.860s] Creating /home/imamalghifary/ws_sensor_combined/install/px4_offboard/lib/python3.10/site-packages/px4-offboard.egg-link (link to .)
[2.862s] Installing control script to /home/imamalghifary/ws_sensor_combined/install/px4_offboard/lib/px4_offboard
[2.862s] Installing offboard_control script to /home/imamalghifary/ws_sensor_combined/install/px4_offboard/lib/px4_offboard
[2.862s] Installing processes script to /home/imamalghifary/ws_sensor_combined/install/px4_offboard/lib/px4_offboard
[2.862s] Installing velocity_control script to /home/imamalghifary/ws_sensor_combined/install/px4_offboard/lib/px4_offboard
[2.862s] Installing visualizer script to /home/imamalghifary/ws_sensor_combined/install/px4_offboard/lib/px4_offboard
[2.863s] 
[2.863s] Installed /home/imamalghifary/ws_sensor_combined/build/px4_offboard
[2.863s] running symlink_data
[2.943s] Invoked command in '/home/imamalghifary/ws_sensor_combined/build/px4_offboard' returned '0': CMAKE_PREFIX_PATH=/home/imamalghifary/ws_sensor_combined/install/px4_msgs:/home/imamalghifary/ws_sensor_combined/install/x500_description:/home/imamalghifary/ws_sensor_combined/install/px4_ros_com LD_LIBRARY_PATH=/home/imamalghifary/ws_sensor_combined/install/px4_msgs/lib:/home/imamalghifary/ws_sensor_combined/install/px4_ros_com/lib:/opt/ros/humble/opt/rviz_ogre_vendor/lib:/opt/ros/humble/lib/x86_64-linux-gnu:/opt/ros/humble/lib PYTHONPATH=/home/imamalghifary/ws_sensor_combined/build/px4_offboard/prefix_override:/usr/lib/python3/dist-packages/colcon_core/task/python/colcon_distutils_commands:/home/imamalghifary/ws_sensor_combined/install/px4_offboard/lib/python3.10/site-packages:${PYTHONPATH} /usr/bin/python3 -W ignore:setup.py install is deprecated -W ignore:easy_install command is deprecated setup.py develop --editable --build-directory /home/imamalghifary/ws_sensor_combined/build/px4_offboard/build --no-deps symlink_data
