[1.007s] Invoking command in '/home/imamalghifary/ws_sensor_combined/build/px4_ros_com': CMAKE_PREFIX_PATH=/home/imamalghifary/ws_sensor_combined/install/px4_msgs:/home/imamalghifary/ws_sensor_combined/install/bt_uav_controller:/home/imamalghifary/ws_sensor_combined/install/x500_description:/home/imamalghifary/ws_sensor_combined/install/px4_ros_com:/home/imamalghifary/ws_sensor_combined/install/x500_navigation:/home/imamalghifary/ws_sensor_combined/install/x500_bridge:/home/imamalghifary/ws_sensor_combined/install/px4_offboard:/opt/ros/humble LD_LIBRARY_PATH=/home/imamalghifary/ws_sensor_combined/install/px4_msgs/lib:/home/imamalghifary/ws_sensor_combined/install/px4_ros_com/lib:/opt/ros/humble/opt/rviz_ogre_vendor/lib:/opt/ros/humble/lib/x86_64-linux-gnu:/opt/ros/humble/lib /usr/bin/cmake --build /home/imamalghifary/ws_sensor_combined/build/px4_ros_com -- -j22 -l22
[1.113s] [ 16%] Built target frame_transforms
[1.119s] [ 33%] Built target vehicle_gps_position_listener
[1.124s] [ 50%] Built target debug_vect_advertiser
[1.125s] [ 66%] Built target offboard_control
[1.128s] [ 83%] Built target offboard_control_srv
[1.134s] [100%] Built target sensor_combined_listener
[1.136s] [100%] Built target ament_cmake_python_symlink_px4_ros_com
[1.896s] running egg_info
[1.933s] writing px4_ros_com.egg-info/PKG-INFO
[1.934s] writing dependency_links to px4_ros_com.egg-info/dependency_links.txt
[1.935s] writing top-level names to px4_ros_com.egg-info/top_level.txt
[2.020s] reading manifest file 'px4_ros_com.egg-info/SOURCES.txt'
[2.021s] writing manifest file 'px4_ros_com.egg-info/SOURCES.txt'
[2.120s] [100%] Built target ament_cmake_python_build_px4_ros_com_egg
[2.144s] Invoked command in '/home/imamalghifary/ws_sensor_combined/build/px4_ros_com' returned '0': CMAKE_PREFIX_PATH=/home/imamalghifary/ws_sensor_combined/install/px4_msgs:/home/imamalghifary/ws_sensor_combined/install/bt_uav_controller:/home/imamalghifary/ws_sensor_combined/install/x500_description:/home/imamalghifary/ws_sensor_combined/install/px4_ros_com:/home/imamalghifary/ws_sensor_combined/install/x500_navigation:/home/imamalghifary/ws_sensor_combined/install/x500_bridge:/home/imamalghifary/ws_sensor_combined/install/px4_offboard:/opt/ros/humble LD_LIBRARY_PATH=/home/imamalghifary/ws_sensor_combined/install/px4_msgs/lib:/home/imamalghifary/ws_sensor_combined/install/px4_ros_com/lib:/opt/ros/humble/opt/rviz_ogre_vendor/lib:/opt/ros/humble/lib/x86_64-linux-gnu:/opt/ros/humble/lib /usr/bin/cmake --build /home/imamalghifary/ws_sensor_combined/build/px4_ros_com -- -j22 -l22
[2.148s] Invoking command in '/home/imamalghifary/ws_sensor_combined/build/px4_ros_com': CMAKE_PREFIX_PATH=/home/imamalghifary/ws_sensor_combined/install/px4_msgs:/home/imamalghifary/ws_sensor_combined/install/bt_uav_controller:/home/imamalghifary/ws_sensor_combined/install/x500_description:/home/imamalghifary/ws_sensor_combined/install/px4_ros_com:/home/imamalghifary/ws_sensor_combined/install/x500_navigation:/home/imamalghifary/ws_sensor_combined/install/x500_bridge:/home/imamalghifary/ws_sensor_combined/install/px4_offboard:/opt/ros/humble LD_LIBRARY_PATH=/home/imamalghifary/ws_sensor_combined/install/px4_msgs/lib:/home/imamalghifary/ws_sensor_combined/install/px4_ros_com/lib:/opt/ros/humble/opt/rviz_ogre_vendor/lib:/opt/ros/humble/lib/x86_64-linux-gnu:/opt/ros/humble/lib /usr/bin/cmake --install /home/imamalghifary/ws_sensor_combined/build/px4_ros_com
[2.169s] -- Install configuration: ""
[2.171s] -- Execute custom install script
[2.172s] -- Up-to-date symlink: /home/imamalghifary/ws_sensor_combined/install/px4_ros_com/lib/px4_ros_com/sensor_combined_listener
[2.173s] -- Up-to-date symlink: /home/imamalghifary/ws_sensor_combined/install/px4_ros_com/lib/px4_ros_com/vehicle_gps_position_listener
[2.173s] -- Up-to-date symlink: /home/imamalghifary/ws_sensor_combined/install/px4_ros_com/lib/px4_ros_com/debug_vect_advertiser
[2.174s] -- Up-to-date symlink: /home/imamalghifary/ws_sensor_combined/install/px4_ros_com/lib/px4_ros_com/offboard_control
[2.175s] -- Up-to-date symlink: /home/imamalghifary/ws_sensor_combined/install/px4_ros_com/lib/px4_ros_com/offboard_control_srv
[2.175s] -- Up-to-date symlink: /home/imamalghifary/ws_sensor_combined/install/px4_ros_com/share/px4_ros_com/environment/library_path.sh
[2.176s] -- Up-to-date symlink: /home/imamalghifary/ws_sensor_combined/install/px4_ros_com/share/px4_ros_com/environment/library_path.dsv
[2.177s] -- Up-to-date symlink: /home/imamalghifary/ws_sensor_combined/install/px4_ros_com/include/px4_ros_com/frame_transforms.h
[2.177s] -- Up-to-date symlink: /home/imamalghifary/ws_sensor_combined/install/px4_ros_com/share/px4_ros_com//launch/offboard_control_launch.yaml
[2.177s] -- Up-to-date symlink: /home/imamalghifary/ws_sensor_combined/install/px4_ros_com/share/px4_ros_com//launch/sensor_combined_listener.launch.py
[2.178s] -- Up-to-date symlink: /home/imamalghifary/ws_sensor_combined/install/px4_ros_com/share/px4_ros_com//test/__init__.py
[2.178s] -- Up-to-date symlink: /home/imamalghifary/ws_sensor_combined/install/px4_ros_com/share/px4_ros_com//test/pipeline_io_test.py
[2.178s] -- Up-to-date symlink: /home/imamalghifary/ws_sensor_combined/install/px4_ros_com/share/px4_ros_com//test/test_input.py
[2.179s] -- Up-to-date symlink: /home/imamalghifary/ws_sensor_combined/install/px4_ros_com/share/px4_ros_com//test/test_output.py
[2.179s] -- Up-to-date symlink: /home/imamalghifary/ws_sensor_combined/install/px4_ros_com/share/px4_ros_com/environment/pythonpath.sh
[2.179s] -- Up-to-date symlink: /home/imamalghifary/ws_sensor_combined/install/px4_ros_com/share/px4_ros_com/environment/pythonpath.dsv
[2.180s] -- Up-to-date symlink: /home/imamalghifary/ws_sensor_combined/install/px4_ros_com/local/lib/python3.10/dist-packages/px4_ros_com-0.1.0-py3.10.egg-info/PKG-INFO
[2.180s] -- Up-to-date symlink: /home/imamalghifary/ws_sensor_combined/install/px4_ros_com/local/lib/python3.10/dist-packages/px4_ros_com-0.1.0-py3.10.egg-info/SOURCES.txt
[2.180s] -- Up-to-date symlink: /home/imamalghifary/ws_sensor_combined/install/px4_ros_com/local/lib/python3.10/dist-packages/px4_ros_com-0.1.0-py3.10.egg-info/dependency_links.txt
[2.180s] -- Up-to-date symlink: /home/imamalghifary/ws_sensor_combined/install/px4_ros_com/local/lib/python3.10/dist-packages/px4_ros_com-0.1.0-py3.10.egg-info/top_level.txt
[2.180s] -- Up-to-date symlink: /home/imamalghifary/ws_sensor_combined/install/px4_ros_com/local/lib/python3.10/dist-packages/px4_ros_com/__init__.py
[2.180s] -- Up-to-date symlink: /home/imamalghifary/ws_sensor_combined/install/px4_ros_com/local/lib/python3.10/dist-packages/px4_ros_com/module_to_import.py
[2.180s] -- Up-to-date symlink: /home/imamalghifary/ws_sensor_combined/install/px4_ros_com/lib/px4_ros_com/offboard_control.py
[2.181s] -- Up-to-date symlink: /home/imamalghifary/ws_sensor_combined/install/px4_ros_com/share/ament_index/resource_index/package_run_dependencies/px4_ros_com
[2.181s] -- Up-to-date symlink: /home/imamalghifary/ws_sensor_combined/install/px4_ros_com/share/ament_index/resource_index/parent_prefix_path/px4_ros_com
[2.181s] -- Up-to-date symlink: /home/imamalghifary/ws_sensor_combined/install/px4_ros_com/share/px4_ros_com/environment/ament_prefix_path.sh
[2.181s] -- Up-to-date symlink: /home/imamalghifary/ws_sensor_combined/install/px4_ros_com/share/px4_ros_com/environment/ament_prefix_path.dsv
[2.181s] -- Up-to-date symlink: /home/imamalghifary/ws_sensor_combined/install/px4_ros_com/share/px4_ros_com/environment/path.sh
[2.182s] -- Up-to-date symlink: /home/imamalghifary/ws_sensor_combined/install/px4_ros_com/share/px4_ros_com/environment/path.dsv
[2.182s] -- Up-to-date symlink: /home/imamalghifary/ws_sensor_combined/install/px4_ros_com/share/px4_ros_com/local_setup.bash
[2.182s] -- Up-to-date symlink: /home/imamalghifary/ws_sensor_combined/install/px4_ros_com/share/px4_ros_com/local_setup.sh
[2.183s] -- Up-to-date symlink: /home/imamalghifary/ws_sensor_combined/install/px4_ros_com/share/px4_ros_com/local_setup.zsh
[2.183s] -- Up-to-date symlink: /home/imamalghifary/ws_sensor_combined/install/px4_ros_com/share/px4_ros_com/local_setup.dsv
[2.183s] -- Symlinking: /home/imamalghifary/ws_sensor_combined/install/px4_ros_com/share/px4_ros_com/package.dsv
[2.201s] -- Up-to-date symlink: /home/imamalghifary/ws_sensor_combined/install/px4_ros_com/share/ament_index/resource_index/packages/px4_ros_com
[2.201s] -- Up-to-date symlink: /home/imamalghifary/ws_sensor_combined/install/px4_ros_com/share/px4_ros_com/cmake/ament_cmake_export_dependencies-extras.cmake
[2.202s] -- Up-to-date symlink: /home/imamalghifary/ws_sensor_combined/install/px4_ros_com/share/px4_ros_com/cmake/ament_cmake_export_targets-extras.cmake
[2.202s] -- Up-to-date symlink: /home/imamalghifary/ws_sensor_combined/install/px4_ros_com/share/px4_ros_com/cmake/ament_cmake_export_include_directories-extras.cmake
[2.203s] -- Up-to-date symlink: /home/imamalghifary/ws_sensor_combined/install/px4_ros_com/share/px4_ros_com/cmake/ament_cmake_export_libraries-extras.cmake
[2.203s] -- Up-to-date symlink: /home/imamalghifary/ws_sensor_combined/install/px4_ros_com/share/px4_ros_com/cmake/px4_ros_comConfig.cmake
[2.204s] -- Up-to-date symlink: /home/imamalghifary/ws_sensor_combined/install/px4_ros_com/share/px4_ros_com/cmake/px4_ros_comConfig-version.cmake
[2.204s] -- Up-to-date symlink: /home/imamalghifary/ws_sensor_combined/install/px4_ros_com/share/px4_ros_com/package.xml
[2.204s] -- Up-to-date: /home/imamalghifary/ws_sensor_combined/install/px4_ros_com/lib/libframe_transforms.so
[2.290s] Listing '/home/imamalghifary/ws_sensor_combined/install/px4_ros_com/local/lib/python3.10/dist-packages/px4_ros_com'...
[2.299s] -- Up-to-date: /home/imamalghifary/ws_sensor_combined/install/px4_ros_com/share/px4_ros_com/cmake/export_frame_transformsExport.cmake
[2.299s] -- Up-to-date: /home/imamalghifary/ws_sensor_combined/install/px4_ros_com/share/px4_ros_com/cmake/export_frame_transformsExport-noconfig.cmake
[2.305s] Invoked command in '/home/imamalghifary/ws_sensor_combined/build/px4_ros_com' returned '0': CMAKE_PREFIX_PATH=/home/imamalghifary/ws_sensor_combined/install/px4_msgs:/home/imamalghifary/ws_sensor_combined/install/bt_uav_controller:/home/imamalghifary/ws_sensor_combined/install/x500_description:/home/imamalghifary/ws_sensor_combined/install/px4_ros_com:/home/imamalghifary/ws_sensor_combined/install/x500_navigation:/home/imamalghifary/ws_sensor_combined/install/x500_bridge:/home/imamalghifary/ws_sensor_combined/install/px4_offboard:/opt/ros/humble LD_LIBRARY_PATH=/home/imamalghifary/ws_sensor_combined/install/px4_msgs/lib:/home/imamalghifary/ws_sensor_combined/install/px4_ros_com/lib:/opt/ros/humble/opt/rviz_ogre_vendor/lib:/opt/ros/humble/lib/x86_64-linux-gnu:/opt/ros/humble/lib /usr/bin/cmake --install /home/imamalghifary/ws_sensor_combined/build/px4_ros_com
