[1.188s] Invoking command in '/home/imamalghifary/ws_sensor_combined/build/x500_bridge': CMAKE_PREFIX_PATH=/home/imamalghifary/ws_sensor_combined/install/px4_msgs:/home/imamalghifary/ws_sensor_combined/install/x500_description:/home/imamalghifary/ws_sensor_combined/install/px4_ros_com LD_LIBRARY_PATH=/home/imamalghifary/ws_sensor_combined/install/px4_msgs/lib:/home/imamalghifary/ws_sensor_combined/install/px4_ros_com/lib:/opt/ros/humble/opt/rviz_ogre_vendor/lib:/opt/ros/humble/lib/x86_64-linux-gnu:/opt/ros/humble/lib PYTHONPATH=/home/imamalghifary/ws_sensor_combined/build/x500_bridge/prefix_override:/usr/lib/python3/dist-packages/colcon_core/task/python/colcon_distutils_commands:/home/imamalghifary/ws_sensor_combined/install/x500_bridge/lib/python3.10/site-packages:${PYTHONPATH} /usr/bin/python3 -W ignore:setup.py install is deprecated -W ignore:easy_install command is deprecated setup.py develop --editable --build-directory /home/imamalghifary/ws_sensor_combined/build/x500_bridge/build --no-deps symlink_data --force
[1.512s] running develop
[1.748s] running egg_info
[1.769s] writing x500_bridge.egg-info/PKG-INFO
[1.769s] writing dependency_links to x500_bridge.egg-info/dependency_links.txt
[1.769s] writing entry points to x500_bridge.egg-info/entry_points.txt
[1.770s] writing requirements to x500_bridge.egg-info/requires.txt
[1.770s] writing top-level names to x500_bridge.egg-info/top_level.txt
[1.797s] reading manifest file 'x500_bridge.egg-info/SOURCES.txt'
[1.797s] writing manifest file 'x500_bridge.egg-info/SOURCES.txt'
[1.821s] running build_ext
[1.821s] Creating /home/imamalghifary/ws_sensor_combined/install/x500_bridge/lib/python3.10/site-packages/x500-bridge.egg-link (link to .)
[1.822s] Installing odom_bridge script to /home/imamalghifary/ws_sensor_combined/install/x500_bridge/lib/x500_bridge
[1.863s] Installing scan_relay script to /home/imamalghifary/ws_sensor_combined/install/x500_bridge/lib/x500_bridge
[1.863s] 
[1.863s] Installed /home/imamalghifary/ws_sensor_combined/build/x500_bridge
[1.863s] running symlink_data
[1.863s] symbolically linking /home/imamalghifary/ws_sensor_combined/build/x500_bridge/resource/x500_bridge -> /home/imamalghifary/ws_sensor_combined/install/x500_bridge/share/ament_index/resource_index/packages
[1.864s] symbolically linking /home/imamalghifary/ws_sensor_combined/build/x500_bridge/package.xml -> /home/imamalghifary/ws_sensor_combined/install/x500_bridge/share/x500_bridge
[1.864s] symbolically linking /home/imamalghifary/ws_sensor_combined/build/x500_bridge/launch/slam_with_px4.launch.py -> /home/imamalghifary/ws_sensor_combined/install/x500_bridge/share/x500_bridge/launch
[1.864s] symbolically linking /home/imamalghifary/ws_sensor_combined/build/x500_bridge/launch/display.launch.py -> /home/imamalghifary/ws_sensor_combined/install/x500_bridge/share/x500_bridge/launch
[1.900s] Invoked command in '/home/imamalghifary/ws_sensor_combined/build/x500_bridge' returned '0': CMAKE_PREFIX_PATH=/home/imamalghifary/ws_sensor_combined/install/px4_msgs:/home/imamalghifary/ws_sensor_combined/install/x500_description:/home/imamalghifary/ws_sensor_combined/install/px4_ros_com LD_LIBRARY_PATH=/home/imamalghifary/ws_sensor_combined/install/px4_msgs/lib:/home/imamalghifary/ws_sensor_combined/install/px4_ros_com/lib:/opt/ros/humble/opt/rviz_ogre_vendor/lib:/opt/ros/humble/lib/x86_64-linux-gnu:/opt/ros/humble/lib PYTHONPATH=/home/imamalghifary/ws_sensor_combined/build/x500_bridge/prefix_override:/usr/lib/python3/dist-packages/colcon_core/task/python/colcon_distutils_commands:/home/imamalghifary/ws_sensor_combined/install/x500_bridge/lib/python3.10/site-packages:${PYTHONPATH} /usr/bin/python3 -W ignore:setup.py install is deprecated -W ignore:easy_install command is deprecated setup.py develop --editable --build-directory /home/imamalghifary/ws_sensor_combined/build/x500_bridge/build --no-deps symlink_data --force
