[1.013s] Invoking command in '/home/imamalghifary/ws_sensor_combined/build/x500_navigation': PYTHONPATH=/home/imamalghifary/ws_sensor_combined/build/x500_navigation/prefix_override:/usr/lib/python3/dist-packages/colcon_core/task/python/colcon_distutils_commands:/home/imamalghifary/ws_sensor_combined/install/x500_navigation/lib/python3.10/site-packages:${PYTHONPATH} /usr/bin/python3 -W ignore:setup.py install is deprecated -W ignore:easy_install command is deprecated setup.py develop --editable --build-directory /home/imamalghifary/ws_sensor_combined/build/x500_navigation/build --no-deps symlink_data --force
[1.443s] running develop
[1.718s] running egg_info
[1.741s] writing x500_navigation.egg-info/PKG-INFO
[1.741s] writing dependency_links to x500_navigation.egg-info/dependency_links.txt
[1.741s] writing entry points to x500_navigation.egg-info/entry_points.txt
[1.741s] writing requirements to x500_navigation.egg-info/requires.txt
[1.741s] writing top-level names to x500_navigation.egg-info/top_level.txt
[1.779s] reading manifest file 'x500_navigation.egg-info/SOURCES.txt'
[1.781s] writing manifest file 'x500_navigation.egg-info/SOURCES.txt'
[1.809s] running build_ext
[1.809s] Creating /home/imamalghifary/ws_sensor_combined/install/x500_navigation/lib/python3.10/site-packages/x500-navigation.egg-link (link to .)
[1.810s] Installing odom_bridge_2d script to /home/imamalghifary/ws_sensor_combined/install/x500_navigation/lib/x500_navigation
[1.810s] 
[1.810s] Installed /home/imamalghifary/ws_sensor_combined/build/x500_navigation
[1.810s] running symlink_data
[1.810s] symbolically linking /home/imamalghifary/ws_sensor_combined/build/x500_navigation/resource/x500_navigation -> /home/imamalghifary/ws_sensor_combined/install/x500_navigation/share/ament_index/resource_index/packages
[1.811s] symbolically linking /home/imamalghifary/ws_sensor_combined/build/x500_navigation/package.xml -> /home/imamalghifary/ws_sensor_combined/install/x500_navigation/share/x500_navigation
[1.811s] symbolically linking /home/imamalghifary/ws_sensor_combined/build/x500_navigation/launch/x500_navigation.launch.py -> /home/imamalghifary/ws_sensor_combined/install/x500_navigation/share/x500_navigation/launch
[1.811s] symbolically linking /home/imamalghifary/ws_sensor_combined/build/x500_navigation/launch/x500_nav_bringup.launch.py -> /home/imamalghifary/ws_sensor_combined/install/x500_navigation/share/x500_navigation/launch
[1.811s] symbolically linking /home/imamalghifary/ws_sensor_combined/build/x500_navigation/params/nav2_params.yaml -> /home/imamalghifary/ws_sensor_combined/install/x500_navigation/share/x500_navigation/params
[1.811s] symbolically linking /home/imamalghifary/ws_sensor_combined/build/x500_navigation/maps/walls_map.yaml -> /home/imamalghifary/ws_sensor_combined/install/x500_navigation/share/x500_navigation/maps
[1.812s] symbolically linking /home/imamalghifary/ws_sensor_combined/build/x500_navigation/maps/walls_map.pgm -> /home/imamalghifary/ws_sensor_combined/install/x500_navigation/share/x500_navigation/maps
[1.812s] symbolically linking /home/imamalghifary/ws_sensor_combined/build/x500_navigation/rviz/x500_nav.rviz -> /home/imamalghifary/ws_sensor_combined/install/x500_navigation/share/x500_navigation/rviz
[2.498s] Invoked command in '/home/imamalghifary/ws_sensor_combined/build/x500_navigation' returned '0': PYTHONPATH=/home/imamalghifary/ws_sensor_combined/build/x500_navigation/prefix_override:/usr/lib/python3/dist-packages/colcon_core/task/python/colcon_distutils_commands:/home/imamalghifary/ws_sensor_combined/install/x500_navigation/lib/python3.10/site-packages:${PYTHONPATH} /usr/bin/python3 -W ignore:setup.py install is deprecated -W ignore:easy_install command is deprecated setup.py develop --editable --build-directory /home/imamalghifary/ws_sensor_combined/build/x500_navigation/build --no-deps symlink_data --force
