[0.119s] DEBUG:colcon:Command line arguments: ['/usr/bin/colcon', 'build', '--symlink-install']
[0.119s] DEBUG:colcon:Parsed command line arguments: Namespace(log_base=None, log_level=None, verb_name='build', build_base='build', install_base='install', merge_install=False, symlink_install=True, test_result_base=None, continue_on_error=False, executor='parallel', parallel_workers=22, event_handlers=None, ignore_user_meta=False, metas=['./colcon.meta'], base_paths=['.'], packages_ignore=None, packages_ignore_regex=None, paths=None, packages_up_to=None, packages_up_to_regex=None, packages_above=None, packages_above_and_dependencies=None, packages_above_depth=None, packages_select_by_dep=None, packages_skip_by_dep=None, packages_skip_up_to=None, packages_select_build_failed=False, packages_skip_build_finished=False, packages_select_test_failures=False, packages_skip_test_passed=False, packages_select=None, packages_skip=None, packages_select_regex=None, packages_skip_regex=None, packages_start=None, packages_end=None, allow_overriding=[], cmake_args=None, cmake_target=None, cmake_target_skip_unavailable=False, cmake_clean_cache=False, cmake_clean_first=False, cmake_force_configure=False, ament_cmake_args=None, catkin_cmake_args=None, catkin_skip_building_tests=False, mixin_files=None, mixin=None, verb_parser=<colcon_mixin.mixin.mixin_argument.MixinArgumentDecorator object at 0x7c916d167e50>, verb_extension=<colcon_core.verb.build.BuildVerb object at 0x7c916d167880>, main=<bound method BuildVerb.main of <colcon_core.verb.build.BuildVerb object at 0x7c916d167880>>, mixin_verb=('build',))
[0.319s] Level 1:colcon.colcon_core.package_discovery:discover_packages(colcon_meta) check parameters
[0.319s] Level 1:colcon.colcon_core.package_discovery:discover_packages(recursive) check parameters
[0.319s] Level 1:colcon.colcon_core.package_discovery:discover_packages(ignore) check parameters
[0.319s] Level 1:colcon.colcon_core.package_discovery:discover_packages(path) check parameters
[0.319s] Level 1:colcon.colcon_core.package_discovery:discover_packages(colcon_meta) discover
[0.319s] Level 1:colcon.colcon_core.package_discovery:discover_packages(recursive) discover
[0.320s] INFO:colcon.colcon_core.package_discovery:Crawling recursively for packages in '/home/imamalghifary/ws_sensor_combined'
[0.320s] Level 1:colcon.colcon_core.package_identification:_identify(.) by extensions ['ignore', 'ignore_ament_install']
[0.320s] Level 1:colcon.colcon_core.package_identification:_identify(.) by extension 'ignore'
[0.320s] Level 1:colcon.colcon_core.package_identification:_identify(.) by extension 'ignore_ament_install'
[0.320s] Level 1:colcon.colcon_core.package_identification:_identify(.) by extensions ['colcon_pkg']
[0.320s] Level 1:colcon.colcon_core.package_identification:_identify(.) by extension 'colcon_pkg'
[0.320s] Level 1:colcon.colcon_core.package_identification:_identify(.) by extensions ['colcon_meta']
[0.320s] Level 1:colcon.colcon_core.package_identification:_identify(.) by extension 'colcon_meta'
[0.320s] Level 1:colcon.colcon_core.package_identification:_identify(.) by extensions ['ros']
[0.320s] Level 1:colcon.colcon_core.package_identification:_identify(.) by extension 'ros'
[0.340s] Level 1:colcon.colcon_core.package_identification:_identify(.) by extensions ['cmake', 'python']
[0.340s] Level 1:colcon.colcon_core.package_identification:_identify(.) by extension 'cmake'
[0.340s] Level 1:colcon.colcon_core.package_identification:_identify(.) by extension 'python'
[0.340s] Level 1:colcon.colcon_core.package_identification:_identify(.) by extensions ['python_setup_py']
[0.340s] Level 1:colcon.colcon_core.package_identification:_identify(.) by extension 'python_setup_py'
[0.340s] Level 1:colcon.colcon_core.package_identification:_identify(build) by extensions ['ignore', 'ignore_ament_install']
[0.340s] Level 1:colcon.colcon_core.package_identification:_identify(build) by extension 'ignore'
[0.341s] Level 1:colcon.colcon_core.package_identification:_identify(build) ignored
[0.341s] Level 1:colcon.colcon_core.package_identification:_identify(install) by extensions ['ignore', 'ignore_ament_install']
[0.341s] Level 1:colcon.colcon_core.package_identification:_identify(install) by extension 'ignore'
[0.341s] Level 1:colcon.colcon_core.package_identification:_identify(install) ignored
[0.341s] Level 1:colcon.colcon_core.package_identification:_identify(log) by extensions ['ignore', 'ignore_ament_install']
[0.342s] Level 1:colcon.colcon_core.package_identification:_identify(log) by extension 'ignore'
[0.342s] Level 1:colcon.colcon_core.package_identification:_identify(log) ignored
[0.342s] Level 1:colcon.colcon_core.package_identification:_identify(src) by extensions ['ignore', 'ignore_ament_install']
[0.342s] Level 1:colcon.colcon_core.package_identification:_identify(src) by extension 'ignore'
[0.342s] Level 1:colcon.colcon_core.package_identification:_identify(src) by extension 'ignore_ament_install'
[0.342s] Level 1:colcon.colcon_core.package_identification:_identify(src) by extensions ['colcon_pkg']
[0.342s] Level 1:colcon.colcon_core.package_identification:_identify(src) by extension 'colcon_pkg'
[0.342s] Level 1:colcon.colcon_core.package_identification:_identify(src) by extensions ['colcon_meta']
[0.342s] Level 1:colcon.colcon_core.package_identification:_identify(src) by extension 'colcon_meta'
[0.342s] Level 1:colcon.colcon_core.package_identification:_identify(src) by extensions ['ros']
[0.343s] Level 1:colcon.colcon_core.package_identification:_identify(src) by extension 'ros'
[0.343s] Level 1:colcon.colcon_core.package_identification:_identify(src) by extensions ['cmake', 'python']
[0.343s] Level 1:colcon.colcon_core.package_identification:_identify(src) by extension 'cmake'
[0.343s] Level 1:colcon.colcon_core.package_identification:_identify(src) by extension 'python'
[0.343s] Level 1:colcon.colcon_core.package_identification:_identify(src) by extensions ['python_setup_py']
[0.343s] Level 1:colcon.colcon_core.package_identification:_identify(src) by extension 'python_setup_py'
[0.343s] Level 1:colcon.colcon_core.package_identification:_identify(src/ROS2_PX4_Offboard_Example) by extensions ['ignore', 'ignore_ament_install']
[0.343s] Level 1:colcon.colcon_core.package_identification:_identify(src/ROS2_PX4_Offboard_Example) by extension 'ignore'
[0.343s] Level 1:colcon.colcon_core.package_identification:_identify(src/ROS2_PX4_Offboard_Example) by extension 'ignore_ament_install'
[0.344s] Level 1:colcon.colcon_core.package_identification:_identify(src/ROS2_PX4_Offboard_Example) by extensions ['colcon_pkg']
[0.344s] Level 1:colcon.colcon_core.package_identification:_identify(src/ROS2_PX4_Offboard_Example) by extension 'colcon_pkg'
[0.344s] Level 1:colcon.colcon_core.package_identification:_identify(src/ROS2_PX4_Offboard_Example) by extensions ['colcon_meta']
[0.344s] Level 1:colcon.colcon_core.package_identification:_identify(src/ROS2_PX4_Offboard_Example) by extension 'colcon_meta'
[0.344s] Level 1:colcon.colcon_core.package_identification:_identify(src/ROS2_PX4_Offboard_Example) by extensions ['ros']
[0.344s] Level 1:colcon.colcon_core.package_identification:_identify(src/ROS2_PX4_Offboard_Example) by extension 'ros'
[0.344s] Level 1:colcon.colcon_core.package_identification:_identify(src/ROS2_PX4_Offboard_Example) by extensions ['cmake', 'python']
[0.344s] Level 1:colcon.colcon_core.package_identification:_identify(src/ROS2_PX4_Offboard_Example) by extension 'cmake'
[0.344s] Level 1:colcon.colcon_core.package_identification:_identify(src/ROS2_PX4_Offboard_Example) by extension 'python'
[0.344s] Level 1:colcon.colcon_core.package_identification:_identify(src/ROS2_PX4_Offboard_Example) by extensions ['python_setup_py']
[0.344s] Level 1:colcon.colcon_core.package_identification:_identify(src/ROS2_PX4_Offboard_Example) by extension 'python_setup_py'
[0.344s] Level 1:colcon.colcon_core.package_identification:_identify(src/ROS2_PX4_Offboard_Example/px4_offboard) by extensions ['ignore', 'ignore_ament_install']
[0.344s] Level 1:colcon.colcon_core.package_identification:_identify(src/ROS2_PX4_Offboard_Example/px4_offboard) by extension 'ignore'
[0.345s] Level 1:colcon.colcon_core.package_identification:_identify(src/ROS2_PX4_Offboard_Example/px4_offboard) by extension 'ignore_ament_install'
[0.345s] Level 1:colcon.colcon_core.package_identification:_identify(src/ROS2_PX4_Offboard_Example/px4_offboard) by extensions ['colcon_pkg']
[0.345s] Level 1:colcon.colcon_core.package_identification:_identify(src/ROS2_PX4_Offboard_Example/px4_offboard) by extension 'colcon_pkg'
[0.345s] Level 1:colcon.colcon_core.package_identification:_identify(src/ROS2_PX4_Offboard_Example/px4_offboard) by extensions ['colcon_meta']
[0.345s] Level 1:colcon.colcon_core.package_identification:_identify(src/ROS2_PX4_Offboard_Example/px4_offboard) by extension 'colcon_meta'
[0.345s] Level 1:colcon.colcon_core.package_identification:_identify(src/ROS2_PX4_Offboard_Example/px4_offboard) by extensions ['ros']
[0.345s] Level 1:colcon.colcon_core.package_identification:_identify(src/ROS2_PX4_Offboard_Example/px4_offboard) by extension 'ros'
[0.347s] DEBUG:colcon.colcon_core.package_identification:Package 'src/ROS2_PX4_Offboard_Example/px4_offboard' with type 'ros.ament_python' and name 'px4_offboard'
[0.347s] Level 1:colcon.colcon_core.package_identification:_identify(src/build) by extensions ['ignore', 'ignore_ament_install']
[0.347s] Level 1:colcon.colcon_core.package_identification:_identify(src/build) by extension 'ignore'
[0.347s] Level 1:colcon.colcon_core.package_identification:_identify(src/build) ignored
[0.347s] Level 1:colcon.colcon_core.package_identification:_identify(src/install) by extensions ['ignore', 'ignore_ament_install']
[0.347s] Level 1:colcon.colcon_core.package_identification:_identify(src/install) by extension 'ignore'
[0.347s] Level 1:colcon.colcon_core.package_identification:_identify(src/install) ignored
[0.347s] Level 1:colcon.colcon_core.package_identification:_identify(src/log) by extensions ['ignore', 'ignore_ament_install']
[0.347s] Level 1:colcon.colcon_core.package_identification:_identify(src/log) by extension 'ignore'
[0.347s] Level 1:colcon.colcon_core.package_identification:_identify(src/log) ignored
[0.347s] Level 1:colcon.colcon_core.package_identification:_identify(src/px4_msgs) by extensions ['ignore', 'ignore_ament_install']
[0.347s] Level 1:colcon.colcon_core.package_identification:_identify(src/px4_msgs) by extension 'ignore'
[0.347s] Level 1:colcon.colcon_core.package_identification:_identify(src/px4_msgs) by extension 'ignore_ament_install'
[0.347s] Level 1:colcon.colcon_core.package_identification:_identify(src/px4_msgs) by extensions ['colcon_pkg']
[0.347s] Level 1:colcon.colcon_core.package_identification:_identify(src/px4_msgs) by extension 'colcon_pkg'
[0.347s] Level 1:colcon.colcon_core.package_identification:_identify(src/px4_msgs) by extensions ['colcon_meta']
[0.347s] Level 1:colcon.colcon_core.package_identification:_identify(src/px4_msgs) by extension 'colcon_meta'
[0.347s] Level 1:colcon.colcon_core.package_identification:_identify(src/px4_msgs) by extensions ['ros']
[0.347s] Level 1:colcon.colcon_core.package_identification:_identify(src/px4_msgs) by extension 'ros'
[0.348s] DEBUG:colcon.colcon_core.package_identification:Package 'src/px4_msgs' with type 'ros.ament_cmake' and name 'px4_msgs'
[0.348s] Level 1:colcon.colcon_core.package_identification:_identify(src/px4_ros_com) by extensions ['ignore', 'ignore_ament_install']
[0.348s] Level 1:colcon.colcon_core.package_identification:_identify(src/px4_ros_com) by extension 'ignore'
[0.348s] Level 1:colcon.colcon_core.package_identification:_identify(src/px4_ros_com) by extension 'ignore_ament_install'
[0.348s] Level 1:colcon.colcon_core.package_identification:_identify(src/px4_ros_com) by extensions ['colcon_pkg']
[0.348s] Level 1:colcon.colcon_core.package_identification:_identify(src/px4_ros_com) by extension 'colcon_pkg'
[0.348s] Level 1:colcon.colcon_core.package_identification:_identify(src/px4_ros_com) by extensions ['colcon_meta']
[0.348s] Level 1:colcon.colcon_core.package_identification:_identify(src/px4_ros_com) by extension 'colcon_meta'
[0.348s] Level 1:colcon.colcon_core.package_identification:_identify(src/px4_ros_com) by extensions ['ros']
[0.348s] Level 1:colcon.colcon_core.package_identification:_identify(src/px4_ros_com) by extension 'ros'
[0.349s] DEBUG:colcon.colcon_core.package_identification:Package 'src/px4_ros_com' with type 'ros.ament_cmake' and name 'px4_ros_com'
[0.349s] Level 1:colcon.colcon_core.package_identification:_identify(src/x500_bridge) by extensions ['ignore', 'ignore_ament_install']
[0.349s] Level 1:colcon.colcon_core.package_identification:_identify(src/x500_bridge) by extension 'ignore'
[0.349s] Level 1:colcon.colcon_core.package_identification:_identify(src/x500_bridge) by extension 'ignore_ament_install'
[0.349s] Level 1:colcon.colcon_core.package_identification:_identify(src/x500_bridge) by extensions ['colcon_pkg']
[0.349s] Level 1:colcon.colcon_core.package_identification:_identify(src/x500_bridge) by extension 'colcon_pkg'
[0.349s] Level 1:colcon.colcon_core.package_identification:_identify(src/x500_bridge) by extensions ['colcon_meta']
[0.349s] Level 1:colcon.colcon_core.package_identification:_identify(src/x500_bridge) by extension 'colcon_meta'
[0.349s] Level 1:colcon.colcon_core.package_identification:_identify(src/x500_bridge) by extensions ['ros']
[0.349s] Level 1:colcon.colcon_core.package_identification:_identify(src/x500_bridge) by extension 'ros'
[0.350s] DEBUG:colcon.colcon_core.package_identification:Package 'src/x500_bridge' with type 'ros.ament_python' and name 'x500_bridge'
[0.350s] Level 1:colcon.colcon_core.package_identification:_identify(src/x500_description) by extensions ['ignore', 'ignore_ament_install']
[0.350s] Level 1:colcon.colcon_core.package_identification:_identify(src/x500_description) by extension 'ignore'
[0.350s] Level 1:colcon.colcon_core.package_identification:_identify(src/x500_description) by extension 'ignore_ament_install'
[0.350s] Level 1:colcon.colcon_core.package_identification:_identify(src/x500_description) by extensions ['colcon_pkg']
[0.350s] Level 1:colcon.colcon_core.package_identification:_identify(src/x500_description) by extension 'colcon_pkg'
[0.350s] Level 1:colcon.colcon_core.package_identification:_identify(src/x500_description) by extensions ['colcon_meta']
[0.350s] Level 1:colcon.colcon_core.package_identification:_identify(src/x500_description) by extension 'colcon_meta'
[0.350s] Level 1:colcon.colcon_core.package_identification:_identify(src/x500_description) by extensions ['ros']
[0.350s] Level 1:colcon.colcon_core.package_identification:_identify(src/x500_description) by extension 'ros'
[0.350s] DEBUG:colcon.colcon_core.package_identification:Package 'src/x500_description' with type 'ros.ament_cmake' and name 'x500_description'
[0.350s] Level 1:colcon.colcon_core.package_identification:_identify(src/x500_navigation) by extensions ['ignore', 'ignore_ament_install']
[0.350s] Level 1:colcon.colcon_core.package_identification:_identify(src/x500_navigation) by extension 'ignore'
[0.351s] Level 1:colcon.colcon_core.package_identification:_identify(src/x500_navigation) by extension 'ignore_ament_install'
[0.351s] Level 1:colcon.colcon_core.package_identification:_identify(src/x500_navigation) by extensions ['colcon_pkg']
[0.351s] Level 1:colcon.colcon_core.package_identification:_identify(src/x500_navigation) by extension 'colcon_pkg'
[0.351s] Level 1:colcon.colcon_core.package_identification:_identify(src/x500_navigation) by extensions ['colcon_meta']
[0.351s] Level 1:colcon.colcon_core.package_identification:_identify(src/x500_navigation) by extension 'colcon_meta'
[0.351s] Level 1:colcon.colcon_core.package_identification:_identify(src/x500_navigation) by extensions ['ros']
[0.351s] Level 1:colcon.colcon_core.package_identification:_identify(src/x500_navigation) by extension 'ros'
[0.351s] DEBUG:colcon.colcon_core.package_identification:Package 'src/x500_navigation' with type 'ros.ament_python' and name 'x500_navigation'
[0.351s] Level 1:colcon.colcon_core.package_discovery:discover_packages(recursive) using defaults
[0.351s] Level 1:colcon.colcon_core.package_discovery:discover_packages(ignore) discover
[0.351s] Level 1:colcon.colcon_core.package_discovery:discover_packages(ignore) using defaults
[0.351s] Level 1:colcon.colcon_core.package_discovery:discover_packages(path) discover
[0.351s] Level 1:colcon.colcon_core.package_discovery:discover_packages(path) using defaults
[0.371s] Level 1:colcon.colcon_core.package_discovery:discover_packages(prefix_path) check parameters
[0.371s] Level 1:colcon.colcon_core.package_discovery:discover_packages(prefix_path) discover
[0.373s] DEBUG:colcon.colcon_installed_package_information.package_discovery:Found 6 installed packages in /home/imamalghifary/ws_sensor_combined/install
[0.375s] DEBUG:colcon.colcon_installed_package_information.package_discovery:Found 370 installed packages in /opt/ros/humble
[0.377s] Level 1:colcon.colcon_core.package_discovery:discover_packages(prefix_path) using defaults
[0.414s] Level 5:colcon.colcon_core.verb:set package 'px4_msgs' build argument 'cmake_args' from command line to 'None'
[0.414s] Level 5:colcon.colcon_core.verb:set package 'px4_msgs' build argument 'cmake_target' from command line to 'None'
[0.414s] Level 5:colcon.colcon_core.verb:set package 'px4_msgs' build argument 'cmake_target_skip_unavailable' from command line to 'False'
[0.414s] Level 5:colcon.colcon_core.verb:set package 'px4_msgs' build argument 'cmake_clean_cache' from command line to 'False'
[0.414s] Level 5:colcon.colcon_core.verb:set package 'px4_msgs' build argument 'cmake_clean_first' from command line to 'False'
[0.414s] Level 5:colcon.colcon_core.verb:set package 'px4_msgs' build argument 'cmake_force_configure' from command line to 'False'
[0.414s] Level 5:colcon.colcon_core.verb:set package 'px4_msgs' build argument 'ament_cmake_args' from command line to 'None'
[0.414s] Level 5:colcon.colcon_core.verb:set package 'px4_msgs' build argument 'catkin_cmake_args' from command line to 'None'
[0.414s] Level 5:colcon.colcon_core.verb:set package 'px4_msgs' build argument 'catkin_skip_building_tests' from command line to 'False'
[0.414s] DEBUG:colcon.colcon_core.verb:Building package 'px4_msgs' with the following arguments: {'ament_cmake_args': None, 'build_base': '/home/imamalghifary/ws_sensor_combined/build/px4_msgs', 'catkin_cmake_args': None, 'catkin_skip_building_tests': False, 'cmake_args': None, 'cmake_clean_cache': False, 'cmake_clean_first': False, 'cmake_force_configure': False, 'cmake_target': None, 'cmake_target_skip_unavailable': False, 'install_base': '/home/imamalghifary/ws_sensor_combined/install/px4_msgs', 'merge_install': False, 'path': '/home/imamalghifary/ws_sensor_combined/src/px4_msgs', 'symlink_install': True, 'test_result_base': None}
[0.414s] Level 5:colcon.colcon_core.verb:set package 'x500_description' build argument 'cmake_args' from command line to 'None'
[0.414s] Level 5:colcon.colcon_core.verb:set package 'x500_description' build argument 'cmake_target' from command line to 'None'
[0.414s] Level 5:colcon.colcon_core.verb:set package 'x500_description' build argument 'cmake_target_skip_unavailable' from command line to 'False'
[0.414s] Level 5:colcon.colcon_core.verb:set package 'x500_description' build argument 'cmake_clean_cache' from command line to 'False'
[0.414s] Level 5:colcon.colcon_core.verb:set package 'x500_description' build argument 'cmake_clean_first' from command line to 'False'
[0.414s] Level 5:colcon.colcon_core.verb:set package 'x500_description' build argument 'cmake_force_configure' from command line to 'False'
[0.414s] Level 5:colcon.colcon_core.verb:set package 'x500_description' build argument 'ament_cmake_args' from command line to 'None'
[0.414s] Level 5:colcon.colcon_core.verb:set package 'x500_description' build argument 'catkin_cmake_args' from command line to 'None'
[0.414s] Level 5:colcon.colcon_core.verb:set package 'x500_description' build argument 'catkin_skip_building_tests' from command line to 'False'
[0.414s] DEBUG:colcon.colcon_core.verb:Building package 'x500_description' with the following arguments: {'ament_cmake_args': None, 'build_base': '/home/imamalghifary/ws_sensor_combined/build/x500_description', 'catkin_cmake_args': None, 'catkin_skip_building_tests': False, 'cmake_args': None, 'cmake_clean_cache': False, 'cmake_clean_first': False, 'cmake_force_configure': False, 'cmake_target': None, 'cmake_target_skip_unavailable': False, 'install_base': '/home/imamalghifary/ws_sensor_combined/install/x500_description', 'merge_install': False, 'path': '/home/imamalghifary/ws_sensor_combined/src/x500_description', 'symlink_install': True, 'test_result_base': None}
[0.414s] Level 5:colcon.colcon_core.verb:set package 'x500_navigation' build argument 'cmake_args' from command line to 'None'
[0.414s] Level 5:colcon.colcon_core.verb:set package 'x500_navigation' build argument 'cmake_target' from command line to 'None'
[0.414s] Level 5:colcon.colcon_core.verb:set package 'x500_navigation' build argument 'cmake_target_skip_unavailable' from command line to 'False'
[0.414s] Level 5:colcon.colcon_core.verb:set package 'x500_navigation' build argument 'cmake_clean_cache' from command line to 'False'
[0.414s] Level 5:colcon.colcon_core.verb:set package 'x500_navigation' build argument 'cmake_clean_first' from command line to 'False'
[0.414s] Level 5:colcon.colcon_core.verb:set package 'x500_navigation' build argument 'cmake_force_configure' from command line to 'False'
[0.414s] Level 5:colcon.colcon_core.verb:set package 'x500_navigation' build argument 'ament_cmake_args' from command line to 'None'
[0.414s] Level 5:colcon.colcon_core.verb:set package 'x500_navigation' build argument 'catkin_cmake_args' from command line to 'None'
[0.415s] Level 5:colcon.colcon_core.verb:set package 'x500_navigation' build argument 'catkin_skip_building_tests' from command line to 'False'
[0.415s] DEBUG:colcon.colcon_core.verb:Building package 'x500_navigation' with the following arguments: {'ament_cmake_args': None, 'build_base': '/home/imamalghifary/ws_sensor_combined/build/x500_navigation', 'catkin_cmake_args': None, 'catkin_skip_building_tests': False, 'cmake_args': None, 'cmake_clean_cache': False, 'cmake_clean_first': False, 'cmake_force_configure': False, 'cmake_target': None, 'cmake_target_skip_unavailable': False, 'install_base': '/home/imamalghifary/ws_sensor_combined/install/x500_navigation', 'merge_install': False, 'path': '/home/imamalghifary/ws_sensor_combined/src/x500_navigation', 'symlink_install': True, 'test_result_base': None}
[0.415s] Level 5:colcon.colcon_core.verb:set package 'px4_offboard' build argument 'cmake_args' from command line to 'None'
[0.415s] Level 5:colcon.colcon_core.verb:set package 'px4_offboard' build argument 'cmake_target' from command line to 'None'
[0.415s] Level 5:colcon.colcon_core.verb:set package 'px4_offboard' build argument 'cmake_target_skip_unavailable' from command line to 'False'
[0.415s] Level 5:colcon.colcon_core.verb:set package 'px4_offboard' build argument 'cmake_clean_cache' from command line to 'False'
[0.415s] Level 5:colcon.colcon_core.verb:set package 'px4_offboard' build argument 'cmake_clean_first' from command line to 'False'
[0.415s] Level 5:colcon.colcon_core.verb:set package 'px4_offboard' build argument 'cmake_force_configure' from command line to 'False'
[0.415s] Level 5:colcon.colcon_core.verb:set package 'px4_offboard' build argument 'ament_cmake_args' from command line to 'None'
[0.415s] Level 5:colcon.colcon_core.verb:set package 'px4_offboard' build argument 'catkin_cmake_args' from command line to 'None'
[0.415s] Level 5:colcon.colcon_core.verb:set package 'px4_offboard' build argument 'catkin_skip_building_tests' from command line to 'False'
[0.415s] DEBUG:colcon.colcon_core.verb:Building package 'px4_offboard' with the following arguments: {'ament_cmake_args': None, 'build_base': '/home/imamalghifary/ws_sensor_combined/build/px4_offboard', 'catkin_cmake_args': None, 'catkin_skip_building_tests': False, 'cmake_args': None, 'cmake_clean_cache': False, 'cmake_clean_first': False, 'cmake_force_configure': False, 'cmake_target': None, 'cmake_target_skip_unavailable': False, 'install_base': '/home/imamalghifary/ws_sensor_combined/install/px4_offboard', 'merge_install': False, 'path': '/home/imamalghifary/ws_sensor_combined/src/ROS2_PX4_Offboard_Example/px4_offboard', 'symlink_install': True, 'test_result_base': None}
[0.415s] Level 5:colcon.colcon_core.verb:set package 'px4_ros_com' build argument 'cmake_args' from command line to 'None'
[0.415s] Level 5:colcon.colcon_core.verb:set package 'px4_ros_com' build argument 'cmake_target' from command line to 'None'
[0.415s] Level 5:colcon.colcon_core.verb:set package 'px4_ros_com' build argument 'cmake_target_skip_unavailable' from command line to 'False'
[0.415s] Level 5:colcon.colcon_core.verb:set package 'px4_ros_com' build argument 'cmake_clean_cache' from command line to 'False'
[0.415s] Level 5:colcon.colcon_core.verb:set package 'px4_ros_com' build argument 'cmake_clean_first' from command line to 'False'
[0.415s] Level 5:colcon.colcon_core.verb:set package 'px4_ros_com' build argument 'cmake_force_configure' from command line to 'False'
[0.415s] Level 5:colcon.colcon_core.verb:set package 'px4_ros_com' build argument 'ament_cmake_args' from command line to 'None'
[0.415s] Level 5:colcon.colcon_core.verb:set package 'px4_ros_com' build argument 'catkin_cmake_args' from command line to 'None'
[0.415s] Level 5:colcon.colcon_core.verb:set package 'px4_ros_com' build argument 'catkin_skip_building_tests' from command line to 'False'
[0.415s] DEBUG:colcon.colcon_core.verb:Building package 'px4_ros_com' with the following arguments: {'ament_cmake_args': None, 'build_base': '/home/imamalghifary/ws_sensor_combined/build/px4_ros_com', 'catkin_cmake_args': None, 'catkin_skip_building_tests': False, 'cmake_args': None, 'cmake_clean_cache': False, 'cmake_clean_first': False, 'cmake_force_configure': False, 'cmake_target': None, 'cmake_target_skip_unavailable': False, 'install_base': '/home/imamalghifary/ws_sensor_combined/install/px4_ros_com', 'merge_install': False, 'path': '/home/imamalghifary/ws_sensor_combined/src/px4_ros_com', 'symlink_install': True, 'test_result_base': None}
[0.415s] Level 5:colcon.colcon_core.verb:set package 'x500_bridge' build argument 'cmake_args' from command line to 'None'
[0.415s] Level 5:colcon.colcon_core.verb:set package 'x500_bridge' build argument 'cmake_target' from command line to 'None'
[0.415s] Level 5:colcon.colcon_core.verb:set package 'x500_bridge' build argument 'cmake_target_skip_unavailable' from command line to 'False'
[0.415s] Level 5:colcon.colcon_core.verb:set package 'x500_bridge' build argument 'cmake_clean_cache' from command line to 'False'
[0.415s] Level 5:colcon.colcon_core.verb:set package 'x500_bridge' build argument 'cmake_clean_first' from command line to 'False'
[0.415s] Level 5:colcon.colcon_core.verb:set package 'x500_bridge' build argument 'cmake_force_configure' from command line to 'False'
[0.415s] Level 5:colcon.colcon_core.verb:set package 'x500_bridge' build argument 'ament_cmake_args' from command line to 'None'
[0.415s] Level 5:colcon.colcon_core.verb:set package 'x500_bridge' build argument 'catkin_cmake_args' from command line to 'None'
[0.415s] Level 5:colcon.colcon_core.verb:set package 'x500_bridge' build argument 'catkin_skip_building_tests' from command line to 'False'
[0.416s] DEBUG:colcon.colcon_core.verb:Building package 'x500_bridge' with the following arguments: {'ament_cmake_args': None, 'build_base': '/home/imamalghifary/ws_sensor_combined/build/x500_bridge', 'catkin_cmake_args': None, 'catkin_skip_building_tests': False, 'cmake_args': None, 'cmake_clean_cache': False, 'cmake_clean_first': False, 'cmake_force_configure': False, 'cmake_target': None, 'cmake_target_skip_unavailable': False, 'install_base': '/home/imamalghifary/ws_sensor_combined/install/x500_bridge', 'merge_install': False, 'path': '/home/imamalghifary/ws_sensor_combined/src/x500_bridge', 'symlink_install': True, 'test_result_base': None}
[0.416s] INFO:colcon.colcon_core.executor:Executing jobs using 'parallel' executor
[0.416s] DEBUG:colcon.colcon_parallel_executor.executor.parallel:run_until_complete
[0.417s] INFO:colcon.colcon_ros.task.ament_cmake.build:Building ROS package in '/home/imamalghifary/ws_sensor_combined/src/px4_msgs' with build type 'ament_cmake'
[0.417s] INFO:colcon.colcon_cmake.task.cmake.build:Building CMake package in '/home/imamalghifary/ws_sensor_combined/src/px4_msgs'
[0.418s] INFO:colcon.colcon_core.plugin_system:Skipping extension 'colcon_core.shell.bat': Not used on non-Windows systems
[0.419s] INFO:colcon.colcon_core.shell:Skip shell extension 'powershell' for command environment: Not usable outside of PowerShell
[0.419s] DEBUG:colcon.colcon_core.shell:Skip shell extension 'dsv' for command environment
[0.422s] INFO:colcon.colcon_ros.task.ament_cmake.build:Building ROS package in '/home/imamalghifary/ws_sensor_combined/src/x500_description' with build type 'ament_cmake'
[0.422s] INFO:colcon.colcon_cmake.task.cmake.build:Building CMake package in '/home/imamalghifary/ws_sensor_combined/src/x500_description'
[0.422s] INFO:colcon.colcon_core.shell:Skip shell extension 'powershell' for command environment: Not usable outside of PowerShell
[0.422s] DEBUG:colcon.colcon_core.shell:Skip shell extension 'dsv' for command environment
[0.554s] INFO:colcon.colcon_ros.task.ament_python.build:Building ROS package in '/home/imamalghifary/ws_sensor_combined/src/x500_navigation' with build type 'ament_python'
[0.554s] Level 1:colcon.colcon_core.shell:create_environment_hook('x500_navigation', 'ament_prefix_path')
[0.554s] INFO:colcon.colcon_core.shell:Creating environment hook '/home/imamalghifary/ws_sensor_combined/install/x500_navigation/share/x500_navigation/hook/ament_prefix_path.ps1'
[0.555s] INFO:colcon.colcon_core.shell:Creating environment descriptor '/home/imamalghifary/ws_sensor_combined/install/x500_navigation/share/x500_navigation/hook/ament_prefix_path.dsv'
[0.556s] INFO:colcon.colcon_core.shell:Creating environment hook '/home/imamalghifary/ws_sensor_combined/install/x500_navigation/share/x500_navigation/hook/ament_prefix_path.sh'
[0.557s] INFO:colcon.colcon_core.shell:Skip shell extension 'powershell' for command environment: Not usable outside of PowerShell
[0.557s] DEBUG:colcon.colcon_core.shell:Skip shell extension 'dsv' for command environment
[0.565s] DEBUG:colcon.colcon_core.event_handler.log_command:Invoking command in '/home/imamalghifary/ws_sensor_combined/build/px4_msgs': CMAKE_PREFIX_PATH=${CMAKE_PREFIX_PATH}:/home/imamalghifary/ws_sensor_combined/install/x500_navigation:/home/imamalghifary/ws_sensor_combined/install/x500_bridge:/home/imamalghifary/ws_sensor_combined/install/px4_offboard:/opt/ros/humble /usr/bin/cmake --build /home/imamalghifary/ws_sensor_combined/build/px4_msgs -- -j22 -l22
[0.567s] DEBUG:colcon.colcon_core.event_handler.log_command:Invoking command in '/home/imamalghifary/ws_sensor_combined/build/x500_description': CMAKE_PREFIX_PATH=${CMAKE_PREFIX_PATH}:/home/imamalghifary/ws_sensor_combined/install/x500_navigation:/home/imamalghifary/ws_sensor_combined/install/x500_bridge:/home/imamalghifary/ws_sensor_combined/install/px4_offboard:/opt/ros/humble /usr/bin/cmake --build /home/imamalghifary/ws_sensor_combined/build/x500_description -- -j22 -l22
[0.884s] INFO:colcon.colcon_core.task.python.build:Building Python package in '/home/imamalghifary/ws_sensor_combined/src/x500_navigation'
[0.885s] INFO:colcon.colcon_core.shell:Skip shell extension 'powershell' for command environment: Not usable outside of PowerShell
[0.885s] DEBUG:colcon.colcon_core.shell:Skip shell extension 'dsv' for command environment
[0.890s] DEBUG:colcon.colcon_core.event_handler.log_command:Invoked command in '/home/imamalghifary/ws_sensor_combined/build/x500_description' returned '0': CMAKE_PREFIX_PATH=${CMAKE_PREFIX_PATH}:/home/imamalghifary/ws_sensor_combined/install/x500_navigation:/home/imamalghifary/ws_sensor_combined/install/x500_bridge:/home/imamalghifary/ws_sensor_combined/install/px4_offboard:/opt/ros/humble /usr/bin/cmake --build /home/imamalghifary/ws_sensor_combined/build/x500_description -- -j22 -l22
[0.900s] DEBUG:colcon.colcon_core.event_handler.log_command:Invoking command in '/home/imamalghifary/ws_sensor_combined/build/x500_description': CMAKE_PREFIX_PATH=${CMAKE_PREFIX_PATH}:/home/imamalghifary/ws_sensor_combined/install/x500_navigation:/home/imamalghifary/ws_sensor_combined/install/x500_bridge:/home/imamalghifary/ws_sensor_combined/install/px4_offboard:/opt/ros/humble /usr/bin/cmake --install /home/imamalghifary/ws_sensor_combined/build/x500_description
[0.918s] Level 1:colcon.colcon_core.environment:create_environment_scripts_only(x500_description)
[0.919s] DEBUG:colcon.colcon_core.event_handler.log_command:Invoked command in '/home/imamalghifary/ws_sensor_combined/build/x500_description' returned '0': CMAKE_PREFIX_PATH=${CMAKE_PREFIX_PATH}:/home/imamalghifary/ws_sensor_combined/install/x500_navigation:/home/imamalghifary/ws_sensor_combined/install/x500_bridge:/home/imamalghifary/ws_sensor_combined/install/px4_offboard:/opt/ros/humble /usr/bin/cmake --install /home/imamalghifary/ws_sensor_combined/build/x500_description
[0.921s] Level 1:colcon.colcon_core.environment:checking '/home/imamalghifary/ws_sensor_combined/install/x500_description' for CMake module files
[0.922s] Level 1:colcon.colcon_core.environment:checking '/home/imamalghifary/ws_sensor_combined/install/x500_description' for CMake config files
[0.922s] Level 1:colcon.colcon_core.shell:create_environment_hook('x500_description', 'cmake_prefix_path')
[0.922s] INFO:colcon.colcon_core.shell:Creating environment hook '/home/imamalghifary/ws_sensor_combined/install/x500_description/share/x500_description/hook/cmake_prefix_path.ps1'
[0.923s] INFO:colcon.colcon_core.shell:Creating environment descriptor '/home/imamalghifary/ws_sensor_combined/install/x500_description/share/x500_description/hook/cmake_prefix_path.dsv'
[0.923s] INFO:colcon.colcon_core.shell:Creating environment hook '/home/imamalghifary/ws_sensor_combined/install/x500_description/share/x500_description/hook/cmake_prefix_path.sh'
[0.924s] Level 1:colcon.colcon_core.environment:checking '/home/imamalghifary/ws_sensor_combined/install/x500_description/bin'
[0.924s] Level 1:colcon.colcon_core.environment:checking '/home/imamalghifary/ws_sensor_combined/install/x500_description/lib/pkgconfig/x500_description.pc'
[0.924s] Level 1:colcon.colcon_core.environment:checking '/home/imamalghifary/ws_sensor_combined/install/x500_description/lib/python3.10/site-packages'
[0.925s] Level 1:colcon.colcon_core.environment:checking '/home/imamalghifary/ws_sensor_combined/install/x500_description/bin'
[0.925s] INFO:colcon.colcon_core.shell:Creating package script '/home/imamalghifary/ws_sensor_combined/install/x500_description/share/x500_description/package.ps1'
[0.926s] INFO:colcon.colcon_core.shell:Creating package descriptor '/home/imamalghifary/ws_sensor_combined/install/x500_description/share/x500_description/package.dsv'
[0.926s] INFO:colcon.colcon_core.shell:Creating package script '/home/imamalghifary/ws_sensor_combined/install/x500_description/share/x500_description/package.sh'
[0.927s] INFO:colcon.colcon_core.shell:Creating package script '/home/imamalghifary/ws_sensor_combined/install/x500_description/share/x500_description/package.bash'
[0.928s] INFO:colcon.colcon_core.shell:Creating package script '/home/imamalghifary/ws_sensor_combined/install/x500_description/share/x500_description/package.zsh'
[0.929s] Level 1:colcon.colcon_core.environment:create_file_with_runtime_dependencies(/home/imamalghifary/ws_sensor_combined/install/x500_description/share/colcon-core/packages/x500_description)
[0.929s] Level 1:colcon.colcon_core.environment:create_environment_scripts_only(x500_description)
[0.930s] Level 1:colcon.colcon_core.environment:checking '/home/imamalghifary/ws_sensor_combined/install/x500_description' for CMake module files
[0.930s] Level 1:colcon.colcon_core.environment:checking '/home/imamalghifary/ws_sensor_combined/install/x500_description' for CMake config files
[0.930s] Level 1:colcon.colcon_core.shell:create_environment_hook('x500_description', 'cmake_prefix_path')
[0.930s] INFO:colcon.colcon_core.shell:Creating environment hook '/home/imamalghifary/ws_sensor_combined/install/x500_description/share/x500_description/hook/cmake_prefix_path.ps1'
[0.930s] INFO:colcon.colcon_core.shell:Creating environment descriptor '/home/imamalghifary/ws_sensor_combined/install/x500_description/share/x500_description/hook/cmake_prefix_path.dsv'
[0.931s] INFO:colcon.colcon_core.shell:Creating environment hook '/home/imamalghifary/ws_sensor_combined/install/x500_description/share/x500_description/hook/cmake_prefix_path.sh'
[0.931s] Level 1:colcon.colcon_core.environment:checking '/home/imamalghifary/ws_sensor_combined/install/x500_description/bin'
[0.931s] Level 1:colcon.colcon_core.environment:checking '/home/imamalghifary/ws_sensor_combined/install/x500_description/lib/pkgconfig/x500_description.pc'
[0.931s] Level 1:colcon.colcon_core.environment:checking '/home/imamalghifary/ws_sensor_combined/install/x500_description/lib/python3.10/site-packages'
[0.931s] Level 1:colcon.colcon_core.environment:checking '/home/imamalghifary/ws_sensor_combined/install/x500_description/bin'
[0.932s] INFO:colcon.colcon_core.shell:Creating package script '/home/imamalghifary/ws_sensor_combined/install/x500_description/share/x500_description/package.ps1'
[0.932s] INFO:colcon.colcon_core.shell:Creating package descriptor '/home/imamalghifary/ws_sensor_combined/install/x500_description/share/x500_description/package.dsv'
[0.932s] INFO:colcon.colcon_core.shell:Creating package script '/home/imamalghifary/ws_sensor_combined/install/x500_description/share/x500_description/package.sh'
[0.933s] INFO:colcon.colcon_core.shell:Creating package script '/home/imamalghifary/ws_sensor_combined/install/x500_description/share/x500_description/package.bash'
[0.933s] INFO:colcon.colcon_core.shell:Creating package script '/home/imamalghifary/ws_sensor_combined/install/x500_description/share/x500_description/package.zsh'
[0.933s] Level 1:colcon.colcon_core.environment:create_file_with_runtime_dependencies(/home/imamalghifary/ws_sensor_combined/install/x500_description/share/colcon-core/packages/x500_description)
[1.484s] DEBUG:colcon.colcon_core.event_handler.log_command:Invoked command in '/home/imamalghifary/ws_sensor_combined/build/px4_msgs' returned '0': CMAKE_PREFIX_PATH=${CMAKE_PREFIX_PATH}:/home/imamalghifary/ws_sensor_combined/install/x500_navigation:/home/imamalghifary/ws_sensor_combined/install/x500_bridge:/home/imamalghifary/ws_sensor_combined/install/px4_offboard:/opt/ros/humble /usr/bin/cmake --build /home/imamalghifary/ws_sensor_combined/build/px4_msgs -- -j22 -l22
[1.485s] DEBUG:colcon.colcon_core.event_handler.log_command:Invoking command in '/home/imamalghifary/ws_sensor_combined/build/px4_msgs': CMAKE_PREFIX_PATH=${CMAKE_PREFIX_PATH}:/home/imamalghifary/ws_sensor_combined/install/x500_navigation:/home/imamalghifary/ws_sensor_combined/install/x500_bridge:/home/imamalghifary/ws_sensor_combined/install/px4_offboard:/opt/ros/humble /usr/bin/cmake --install /home/imamalghifary/ws_sensor_combined/build/px4_msgs
[1.504s] DEBUG:colcon.colcon_core.event_handler.log_command:Invoking command in '/home/imamalghifary/ws_sensor_combined/build/x500_navigation': PYTHONPATH=/home/imamalghifary/ws_sensor_combined/build/x500_navigation/prefix_override:/usr/lib/python3/dist-packages/colcon_core/task/python/colcon_distutils_commands:/home/imamalghifary/ws_sensor_combined/install/x500_navigation/lib/python3.10/site-packages:${PYTHONPATH} /usr/bin/python3 -W ignore:setup.py install is deprecated -W ignore:easy_install command is deprecated setup.py develop --editable --build-directory /home/imamalghifary/ws_sensor_combined/build/x500_navigation/build --no-deps symlink_data
[1.987s] Level 1:colcon.colcon_core.environment:create_environment_scripts_only(px4_msgs)
[1.987s] Level 1:colcon.colcon_core.environment:checking '/home/imamalghifary/ws_sensor_combined/install/px4_msgs' for CMake module files
[1.988s] DEBUG:colcon.colcon_core.event_handler.log_command:Invoked command in '/home/imamalghifary/ws_sensor_combined/build/px4_msgs' returned '0': CMAKE_PREFIX_PATH=${CMAKE_PREFIX_PATH}:/home/imamalghifary/ws_sensor_combined/install/x500_navigation:/home/imamalghifary/ws_sensor_combined/install/x500_bridge:/home/imamalghifary/ws_sensor_combined/install/px4_offboard:/opt/ros/humble /usr/bin/cmake --install /home/imamalghifary/ws_sensor_combined/build/px4_msgs
[1.989s] Level 1:colcon.colcon_core.environment:checking '/home/imamalghifary/ws_sensor_combined/install/px4_msgs' for CMake config files
[1.989s] Level 1:colcon.colcon_core.shell:create_environment_hook('px4_msgs', 'cmake_prefix_path')
[1.990s] INFO:colcon.colcon_core.shell:Creating environment hook '/home/imamalghifary/ws_sensor_combined/install/px4_msgs/share/px4_msgs/hook/cmake_prefix_path.ps1'
[1.990s] INFO:colcon.colcon_core.shell:Creating environment descriptor '/home/imamalghifary/ws_sensor_combined/install/px4_msgs/share/px4_msgs/hook/cmake_prefix_path.dsv'
[1.991s] INFO:colcon.colcon_core.shell:Creating environment hook '/home/imamalghifary/ws_sensor_combined/install/px4_msgs/share/px4_msgs/hook/cmake_prefix_path.sh'
[1.992s] Level 1:colcon.colcon_core.environment:checking '/home/imamalghifary/ws_sensor_combined/install/px4_msgs/lib'
[1.992s] Level 1:colcon.colcon_core.shell:create_environment_hook('px4_msgs', 'ld_library_path_lib')
[1.992s] INFO:colcon.colcon_core.shell:Creating environment hook '/home/imamalghifary/ws_sensor_combined/install/px4_msgs/share/px4_msgs/hook/ld_library_path_lib.ps1'
[1.993s] INFO:colcon.colcon_core.shell:Creating environment descriptor '/home/imamalghifary/ws_sensor_combined/install/px4_msgs/share/px4_msgs/hook/ld_library_path_lib.dsv'
[1.994s] INFO:colcon.colcon_core.shell:Creating environment hook '/home/imamalghifary/ws_sensor_combined/install/px4_msgs/share/px4_msgs/hook/ld_library_path_lib.sh'
[1.994s] Level 1:colcon.colcon_core.environment:checking '/home/imamalghifary/ws_sensor_combined/install/px4_msgs/bin'
[1.994s] Level 1:colcon.colcon_core.environment:checking '/home/imamalghifary/ws_sensor_combined/install/px4_msgs/lib/pkgconfig/px4_msgs.pc'
[1.994s] Level 1:colcon.colcon_core.environment:checking '/home/imamalghifary/ws_sensor_combined/install/px4_msgs/lib/python3.10/site-packages'
[1.995s] Level 1:colcon.colcon_core.environment:checking '/home/imamalghifary/ws_sensor_combined/install/px4_msgs/bin'
[1.995s] INFO:colcon.colcon_core.shell:Creating package script '/home/imamalghifary/ws_sensor_combined/install/px4_msgs/share/px4_msgs/package.ps1'
[1.996s] INFO:colcon.colcon_core.shell:Creating package descriptor '/home/imamalghifary/ws_sensor_combined/install/px4_msgs/share/px4_msgs/package.dsv'
[1.997s] INFO:colcon.colcon_core.shell:Creating package script '/home/imamalghifary/ws_sensor_combined/install/px4_msgs/share/px4_msgs/package.sh'
[1.997s] INFO:colcon.colcon_core.shell:Creating package script '/home/imamalghifary/ws_sensor_combined/install/px4_msgs/share/px4_msgs/package.bash'
[1.998s] INFO:colcon.colcon_core.shell:Creating package script '/home/imamalghifary/ws_sensor_combined/install/px4_msgs/share/px4_msgs/package.zsh'
[1.998s] Level 1:colcon.colcon_core.environment:create_file_with_runtime_dependencies(/home/imamalghifary/ws_sensor_combined/install/px4_msgs/share/colcon-core/packages/px4_msgs)
[1.999s] Level 1:colcon.colcon_core.environment:create_environment_scripts_only(px4_msgs)
[1.999s] Level 1:colcon.colcon_core.environment:checking '/home/imamalghifary/ws_sensor_combined/install/px4_msgs' for CMake module files
[2.000s] Level 1:colcon.colcon_core.environment:checking '/home/imamalghifary/ws_sensor_combined/install/px4_msgs' for CMake config files
[2.000s] Level 1:colcon.colcon_core.shell:create_environment_hook('px4_msgs', 'cmake_prefix_path')
[2.000s] INFO:colcon.colcon_core.shell:Creating environment hook '/home/imamalghifary/ws_sensor_combined/install/px4_msgs/share/px4_msgs/hook/cmake_prefix_path.ps1'
[2.000s] INFO:colcon.colcon_core.shell:Creating environment descriptor '/home/imamalghifary/ws_sensor_combined/install/px4_msgs/share/px4_msgs/hook/cmake_prefix_path.dsv'
[2.001s] INFO:colcon.colcon_core.shell:Creating environment hook '/home/imamalghifary/ws_sensor_combined/install/px4_msgs/share/px4_msgs/hook/cmake_prefix_path.sh'
[2.001s] Level 1:colcon.colcon_core.environment:checking '/home/imamalghifary/ws_sensor_combined/install/px4_msgs/lib'
[2.001s] Level 1:colcon.colcon_core.shell:create_environment_hook('px4_msgs', 'ld_library_path_lib')
[2.002s] INFO:colcon.colcon_core.shell:Creating environment hook '/home/imamalghifary/ws_sensor_combined/install/px4_msgs/share/px4_msgs/hook/ld_library_path_lib.ps1'
[2.002s] INFO:colcon.colcon_core.shell:Creating environment descriptor '/home/imamalghifary/ws_sensor_combined/install/px4_msgs/share/px4_msgs/hook/ld_library_path_lib.dsv'
[2.002s] INFO:colcon.colcon_core.shell:Creating environment hook '/home/imamalghifary/ws_sensor_combined/install/px4_msgs/share/px4_msgs/hook/ld_library_path_lib.sh'
[2.003s] Level 1:colcon.colcon_core.environment:checking '/home/imamalghifary/ws_sensor_combined/install/px4_msgs/bin'
[2.003s] Level 1:colcon.colcon_core.environment:checking '/home/imamalghifary/ws_sensor_combined/install/px4_msgs/lib/pkgconfig/px4_msgs.pc'
[2.003s] Level 1:colcon.colcon_core.environment:checking '/home/imamalghifary/ws_sensor_combined/install/px4_msgs/lib/python3.10/site-packages'
[2.003s] Level 1:colcon.colcon_core.environment:checking '/home/imamalghifary/ws_sensor_combined/install/px4_msgs/bin'
[2.004s] INFO:colcon.colcon_core.shell:Creating package script '/home/imamalghifary/ws_sensor_combined/install/px4_msgs/share/px4_msgs/package.ps1'
[2.005s] INFO:colcon.colcon_core.shell:Creating package descriptor '/home/imamalghifary/ws_sensor_combined/install/px4_msgs/share/px4_msgs/package.dsv'
[2.006s] INFO:colcon.colcon_core.shell:Creating package script '/home/imamalghifary/ws_sensor_combined/install/px4_msgs/share/px4_msgs/package.sh'
[2.006s] INFO:colcon.colcon_core.shell:Creating package script '/home/imamalghifary/ws_sensor_combined/install/px4_msgs/share/px4_msgs/package.bash'
[2.007s] INFO:colcon.colcon_core.shell:Creating package script '/home/imamalghifary/ws_sensor_combined/install/px4_msgs/share/px4_msgs/package.zsh'
[2.007s] Level 1:colcon.colcon_core.environment:create_file_with_runtime_dependencies(/home/imamalghifary/ws_sensor_combined/install/px4_msgs/share/colcon-core/packages/px4_msgs)
[2.008s] INFO:colcon.colcon_ros.task.ament_python.build:Building ROS package in '/home/imamalghifary/ws_sensor_combined/src/ROS2_PX4_Offboard_Example/px4_offboard' with build type 'ament_python'
[2.008s] Level 1:colcon.colcon_core.shell:create_environment_hook('px4_offboard', 'ament_prefix_path')
[2.009s] INFO:colcon.colcon_core.shell:Creating environment hook '/home/imamalghifary/ws_sensor_combined/install/px4_offboard/share/px4_offboard/hook/ament_prefix_path.ps1'
[2.010s] INFO:colcon.colcon_core.shell:Creating environment descriptor '/home/imamalghifary/ws_sensor_combined/install/px4_offboard/share/px4_offboard/hook/ament_prefix_path.dsv'
[2.010s] INFO:colcon.colcon_core.shell:Creating environment hook '/home/imamalghifary/ws_sensor_combined/install/px4_offboard/share/px4_offboard/hook/ament_prefix_path.sh'
[2.011s] INFO:colcon.colcon_core.shell:Skip shell extension 'powershell' for command environment: Not usable outside of PowerShell
[2.011s] DEBUG:colcon.colcon_core.shell:Skip shell extension 'dsv' for command environment
[2.016s] INFO:colcon.colcon_ros.task.ament_cmake.build:Building ROS package in '/home/imamalghifary/ws_sensor_combined/src/px4_ros_com' with build type 'ament_cmake'
[2.016s] INFO:colcon.colcon_cmake.task.cmake.build:Building CMake package in '/home/imamalghifary/ws_sensor_combined/src/px4_ros_com'
[2.017s] INFO:colcon.colcon_core.shell:Skip shell extension 'powershell' for command environment: Not usable outside of PowerShell
[2.017s] DEBUG:colcon.colcon_core.shell:Skip shell extension 'dsv' for command environment
[2.021s] INFO:colcon.colcon_ros.task.ament_python.build:Building ROS package in '/home/imamalghifary/ws_sensor_combined/src/x500_bridge' with build type 'ament_python'
[2.021s] Level 1:colcon.colcon_core.shell:create_environment_hook('x500_bridge', 'ament_prefix_path')
[2.021s] INFO:colcon.colcon_core.shell:Creating environment hook '/home/imamalghifary/ws_sensor_combined/install/x500_bridge/share/x500_bridge/hook/ament_prefix_path.ps1'
[2.022s] INFO:colcon.colcon_core.shell:Creating environment descriptor '/home/imamalghifary/ws_sensor_combined/install/x500_bridge/share/x500_bridge/hook/ament_prefix_path.dsv'
[2.022s] INFO:colcon.colcon_core.shell:Creating environment hook '/home/imamalghifary/ws_sensor_combined/install/x500_bridge/share/x500_bridge/hook/ament_prefix_path.sh'
[2.022s] INFO:colcon.colcon_core.shell:Skip shell extension 'powershell' for command environment: Not usable outside of PowerShell
[2.023s] DEBUG:colcon.colcon_core.shell:Skip shell extension 'dsv' for command environment
[2.494s] INFO:colcon.colcon_core.task.python.build:Building Python package in '/home/imamalghifary/ws_sensor_combined/src/ROS2_PX4_Offboard_Example/px4_offboard'
[2.494s] INFO:colcon.colcon_core.shell:Skip shell extension 'powershell' for command environment: Not usable outside of PowerShell
[2.494s] DEBUG:colcon.colcon_core.shell:Skip shell extension 'dsv' for command environment
[2.501s] DEBUG:colcon.colcon_core.event_handler.log_command:Invoking command in '/home/imamalghifary/ws_sensor_combined/build/px4_ros_com': CMAKE_PREFIX_PATH=/home/imamalghifary/ws_sensor_combined/install/px4_msgs:/home/imamalghifary/ws_sensor_combined/install/x500_description:/home/imamalghifary/ws_sensor_combined/install/px4_ros_com:/home/imamalghifary/ws_sensor_combined/install/x500_navigation:/home/imamalghifary/ws_sensor_combined/install/x500_bridge:/home/imamalghifary/ws_sensor_combined/install/px4_offboard:/opt/ros/humble LD_LIBRARY_PATH=/home/imamalghifary/ws_sensor_combined/install/px4_msgs/lib:/home/imamalghifary/ws_sensor_combined/install/px4_ros_com/lib:/opt/ros/humble/opt/rviz_ogre_vendor/lib:/opt/ros/humble/lib/x86_64-linux-gnu:/opt/ros/humble/lib /usr/bin/cmake --build /home/imamalghifary/ws_sensor_combined/build/px4_ros_com -- -j22 -l22
[2.955s] INFO:colcon.colcon_core.task.python.build:Building Python package in '/home/imamalghifary/ws_sensor_combined/src/x500_bridge'
[2.956s] INFO:colcon.colcon_core.shell:Skip shell extension 'powershell' for command environment: Not usable outside of PowerShell
[2.956s] DEBUG:colcon.colcon_core.shell:Skip shell extension 'dsv' for command environment
[2.962s] Level 1:colcon.colcon_core.shell:create_environment_hook('x500_navigation', 'pythonpath_develop')
[2.962s] INFO:colcon.colcon_core.shell:Creating environment hook '/home/imamalghifary/ws_sensor_combined/build/x500_navigation/share/x500_navigation/hook/pythonpath_develop.ps1'
[2.963s] DEBUG:colcon.colcon_core.event_handler.log_command:Invoked command in '/home/imamalghifary/ws_sensor_combined/build/x500_navigation' returned '0': PYTHONPATH=/home/imamalghifary/ws_sensor_combined/build/x500_navigation/prefix_override:/usr/lib/python3/dist-packages/colcon_core/task/python/colcon_distutils_commands:/home/imamalghifary/ws_sensor_combined/install/x500_navigation/lib/python3.10/site-packages:${PYTHONPATH} /usr/bin/python3 -W ignore:setup.py install is deprecated -W ignore:easy_install command is deprecated setup.py develop --editable --build-directory /home/imamalghifary/ws_sensor_combined/build/x500_navigation/build --no-deps symlink_data
[2.963s] INFO:colcon.colcon_core.shell:Creating environment descriptor '/home/imamalghifary/ws_sensor_combined/build/x500_navigation/share/x500_navigation/hook/pythonpath_develop.dsv'
[2.964s] INFO:colcon.colcon_core.shell:Creating environment hook '/home/imamalghifary/ws_sensor_combined/build/x500_navigation/share/x500_navigation/hook/pythonpath_develop.sh'
[2.965s] Level 1:colcon.colcon_core.environment:checking '/home/imamalghifary/ws_sensor_combined/install/x500_navigation' for CMake module files
[2.965s] Level 1:colcon.colcon_core.environment:checking '/home/imamalghifary/ws_sensor_combined/install/x500_navigation' for CMake config files
[2.966s] Level 1:colcon.colcon_core.environment:checking '/home/imamalghifary/ws_sensor_combined/install/x500_navigation/lib'
[2.966s] Level 1:colcon.colcon_core.environment:checking '/home/imamalghifary/ws_sensor_combined/install/x500_navigation/bin'
[2.966s] Level 1:colcon.colcon_core.environment:checking '/home/imamalghifary/ws_sensor_combined/install/x500_navigation/lib/pkgconfig/x500_navigation.pc'
[2.966s] Level 1:colcon.colcon_core.environment:checking '/home/imamalghifary/ws_sensor_combined/install/x500_navigation/lib/python3.10/site-packages'
[2.966s] Level 1:colcon.colcon_core.shell:create_environment_hook('x500_navigation', 'pythonpath')
[2.966s] INFO:colcon.colcon_core.shell:Creating environment hook '/home/imamalghifary/ws_sensor_combined/install/x500_navigation/share/x500_navigation/hook/pythonpath.ps1'
[2.967s] INFO:colcon.colcon_core.shell:Creating environment descriptor '/home/imamalghifary/ws_sensor_combined/install/x500_navigation/share/x500_navigation/hook/pythonpath.dsv'
[2.967s] INFO:colcon.colcon_core.shell:Creating environment hook '/home/imamalghifary/ws_sensor_combined/install/x500_navigation/share/x500_navigation/hook/pythonpath.sh'
[2.968s] Level 1:colcon.colcon_core.environment:checking '/home/imamalghifary/ws_sensor_combined/install/x500_navigation/bin'
[2.968s] Level 1:colcon.colcon_core.environment:create_environment_scripts_only(x500_navigation)
[2.968s] INFO:colcon.colcon_core.shell:Creating package script '/home/imamalghifary/ws_sensor_combined/install/x500_navigation/share/x500_navigation/package.ps1'
[2.969s] INFO:colcon.colcon_core.shell:Creating package descriptor '/home/imamalghifary/ws_sensor_combined/install/x500_navigation/share/x500_navigation/package.dsv'
[2.970s] INFO:colcon.colcon_core.shell:Creating package script '/home/imamalghifary/ws_sensor_combined/install/x500_navigation/share/x500_navigation/package.sh'
[2.971s] INFO:colcon.colcon_core.shell:Creating package script '/home/imamalghifary/ws_sensor_combined/install/x500_navigation/share/x500_navigation/package.bash'
[2.972s] INFO:colcon.colcon_core.shell:Creating package script '/home/imamalghifary/ws_sensor_combined/install/x500_navigation/share/x500_navigation/package.zsh'
[2.972s] Level 1:colcon.colcon_core.environment:create_file_with_runtime_dependencies(/home/imamalghifary/ws_sensor_combined/install/x500_navigation/share/colcon-core/packages/x500_navigation)
[3.211s] DEBUG:colcon.colcon_core.event_handler.log_command:Invoked command in '/home/imamalghifary/ws_sensor_combined/build/px4_ros_com' returned '0': CMAKE_PREFIX_PATH=/home/imamalghifary/ws_sensor_combined/install/px4_msgs:/home/imamalghifary/ws_sensor_combined/install/x500_description:/home/imamalghifary/ws_sensor_combined/install/px4_ros_com:/home/imamalghifary/ws_sensor_combined/install/x500_navigation:/home/imamalghifary/ws_sensor_combined/install/x500_bridge:/home/imamalghifary/ws_sensor_combined/install/px4_offboard:/opt/ros/humble LD_LIBRARY_PATH=/home/imamalghifary/ws_sensor_combined/install/px4_msgs/lib:/home/imamalghifary/ws_sensor_combined/install/px4_ros_com/lib:/opt/ros/humble/opt/rviz_ogre_vendor/lib:/opt/ros/humble/lib/x86_64-linux-gnu:/opt/ros/humble/lib /usr/bin/cmake --build /home/imamalghifary/ws_sensor_combined/build/px4_ros_com -- -j22 -l22
[3.214s] DEBUG:colcon.colcon_core.event_handler.log_command:Invoking command in '/home/imamalghifary/ws_sensor_combined/build/px4_ros_com': CMAKE_PREFIX_PATH=/home/imamalghifary/ws_sensor_combined/install/px4_msgs:/home/imamalghifary/ws_sensor_combined/install/x500_description:/home/imamalghifary/ws_sensor_combined/install/px4_ros_com:/home/imamalghifary/ws_sensor_combined/install/x500_navigation:/home/imamalghifary/ws_sensor_combined/install/x500_bridge:/home/imamalghifary/ws_sensor_combined/install/px4_offboard:/opt/ros/humble LD_LIBRARY_PATH=/home/imamalghifary/ws_sensor_combined/install/px4_msgs/lib:/home/imamalghifary/ws_sensor_combined/install/px4_ros_com/lib:/opt/ros/humble/opt/rviz_ogre_vendor/lib:/opt/ros/humble/lib/x86_64-linux-gnu:/opt/ros/humble/lib /usr/bin/cmake --install /home/imamalghifary/ws_sensor_combined/build/px4_ros_com
[3.295s] Level 1:colcon.colcon_core.environment:create_environment_scripts_only(px4_ros_com)
[3.296s] Level 1:colcon.colcon_core.environment:checking '/home/imamalghifary/ws_sensor_combined/install/px4_ros_com' for CMake module files
[3.297s] DEBUG:colcon.colcon_core.event_handler.log_command:Invoked command in '/home/imamalghifary/ws_sensor_combined/build/px4_ros_com' returned '0': CMAKE_PREFIX_PATH=/home/imamalghifary/ws_sensor_combined/install/px4_msgs:/home/imamalghifary/ws_sensor_combined/install/x500_description:/home/imamalghifary/ws_sensor_combined/install/px4_ros_com:/home/imamalghifary/ws_sensor_combined/install/x500_navigation:/home/imamalghifary/ws_sensor_combined/install/x500_bridge:/home/imamalghifary/ws_sensor_combined/install/px4_offboard:/opt/ros/humble LD_LIBRARY_PATH=/home/imamalghifary/ws_sensor_combined/install/px4_msgs/lib:/home/imamalghifary/ws_sensor_combined/install/px4_ros_com/lib:/opt/ros/humble/opt/rviz_ogre_vendor/lib:/opt/ros/humble/lib/x86_64-linux-gnu:/opt/ros/humble/lib /usr/bin/cmake --install /home/imamalghifary/ws_sensor_combined/build/px4_ros_com
[3.298s] Level 1:colcon.colcon_core.environment:checking '/home/imamalghifary/ws_sensor_combined/install/px4_ros_com' for CMake config files
[3.298s] Level 1:colcon.colcon_core.shell:create_environment_hook('px4_ros_com', 'cmake_prefix_path')
[3.299s] INFO:colcon.colcon_core.shell:Creating environment hook '/home/imamalghifary/ws_sensor_combined/install/px4_ros_com/share/px4_ros_com/hook/cmake_prefix_path.ps1'
[3.300s] INFO:colcon.colcon_core.shell:Creating environment descriptor '/home/imamalghifary/ws_sensor_combined/install/px4_ros_com/share/px4_ros_com/hook/cmake_prefix_path.dsv'
[3.300s] INFO:colcon.colcon_core.shell:Creating environment hook '/home/imamalghifary/ws_sensor_combined/install/px4_ros_com/share/px4_ros_com/hook/cmake_prefix_path.sh'
[3.301s] Level 1:colcon.colcon_core.environment:checking '/home/imamalghifary/ws_sensor_combined/install/px4_ros_com/lib'
[3.301s] Level 1:colcon.colcon_core.shell:create_environment_hook('px4_ros_com', 'ld_library_path_lib')
[3.302s] INFO:colcon.colcon_core.shell:Creating environment hook '/home/imamalghifary/ws_sensor_combined/install/px4_ros_com/share/px4_ros_com/hook/ld_library_path_lib.ps1'
[3.302s] INFO:colcon.colcon_core.shell:Creating environment descriptor '/home/imamalghifary/ws_sensor_combined/install/px4_ros_com/share/px4_ros_com/hook/ld_library_path_lib.dsv'
[3.302s] INFO:colcon.colcon_core.shell:Creating environment hook '/home/imamalghifary/ws_sensor_combined/install/px4_ros_com/share/px4_ros_com/hook/ld_library_path_lib.sh'
[3.303s] Level 1:colcon.colcon_core.environment:checking '/home/imamalghifary/ws_sensor_combined/install/px4_ros_com/bin'
[3.303s] Level 1:colcon.colcon_core.environment:checking '/home/imamalghifary/ws_sensor_combined/install/px4_ros_com/lib/pkgconfig/px4_ros_com.pc'
[3.303s] Level 1:colcon.colcon_core.environment:checking '/home/imamalghifary/ws_sensor_combined/install/px4_ros_com/lib/python3.10/site-packages'
[3.303s] Level 1:colcon.colcon_core.environment:checking '/home/imamalghifary/ws_sensor_combined/install/px4_ros_com/bin'
[3.304s] INFO:colcon.colcon_core.shell:Creating package script '/home/imamalghifary/ws_sensor_combined/install/px4_ros_com/share/px4_ros_com/package.ps1'
[3.304s] INFO:colcon.colcon_core.shell:Creating package descriptor '/home/imamalghifary/ws_sensor_combined/install/px4_ros_com/share/px4_ros_com/package.dsv'
[3.305s] INFO:colcon.colcon_core.shell:Creating package script '/home/imamalghifary/ws_sensor_combined/install/px4_ros_com/share/px4_ros_com/package.sh'
[3.306s] INFO:colcon.colcon_core.shell:Creating package script '/home/imamalghifary/ws_sensor_combined/install/px4_ros_com/share/px4_ros_com/package.bash'
[3.306s] INFO:colcon.colcon_core.shell:Creating package script '/home/imamalghifary/ws_sensor_combined/install/px4_ros_com/share/px4_ros_com/package.zsh'
[3.307s] Level 1:colcon.colcon_core.environment:create_file_with_runtime_dependencies(/home/imamalghifary/ws_sensor_combined/install/px4_ros_com/share/colcon-core/packages/px4_ros_com)
[3.307s] Level 1:colcon.colcon_core.environment:create_environment_scripts_only(px4_ros_com)
[3.308s] Level 1:colcon.colcon_core.environment:checking '/home/imamalghifary/ws_sensor_combined/install/px4_ros_com' for CMake module files
[3.308s] Level 1:colcon.colcon_core.environment:checking '/home/imamalghifary/ws_sensor_combined/install/px4_ros_com' for CMake config files
[3.309s] Level 1:colcon.colcon_core.shell:create_environment_hook('px4_ros_com', 'cmake_prefix_path')
[3.309s] INFO:colcon.colcon_core.shell:Creating environment hook '/home/imamalghifary/ws_sensor_combined/install/px4_ros_com/share/px4_ros_com/hook/cmake_prefix_path.ps1'
[3.309s] INFO:colcon.colcon_core.shell:Creating environment descriptor '/home/imamalghifary/ws_sensor_combined/install/px4_ros_com/share/px4_ros_com/hook/cmake_prefix_path.dsv'
[3.310s] INFO:colcon.colcon_core.shell:Creating environment hook '/home/imamalghifary/ws_sensor_combined/install/px4_ros_com/share/px4_ros_com/hook/cmake_prefix_path.sh'
[3.310s] Level 1:colcon.colcon_core.environment:checking '/home/imamalghifary/ws_sensor_combined/install/px4_ros_com/lib'
[3.310s] Level 1:colcon.colcon_core.shell:create_environment_hook('px4_ros_com', 'ld_library_path_lib')
[3.311s] INFO:colcon.colcon_core.shell:Creating environment hook '/home/imamalghifary/ws_sensor_combined/install/px4_ros_com/share/px4_ros_com/hook/ld_library_path_lib.ps1'
[3.311s] INFO:colcon.colcon_core.shell:Creating environment descriptor '/home/imamalghifary/ws_sensor_combined/install/px4_ros_com/share/px4_ros_com/hook/ld_library_path_lib.dsv'
[3.312s] INFO:colcon.colcon_core.shell:Creating environment hook '/home/imamalghifary/ws_sensor_combined/install/px4_ros_com/share/px4_ros_com/hook/ld_library_path_lib.sh'
[3.312s] Level 1:colcon.colcon_core.environment:checking '/home/imamalghifary/ws_sensor_combined/install/px4_ros_com/bin'
[3.312s] Level 1:colcon.colcon_core.environment:checking '/home/imamalghifary/ws_sensor_combined/install/px4_ros_com/lib/pkgconfig/px4_ros_com.pc'
[3.312s] Level 1:colcon.colcon_core.environment:checking '/home/imamalghifary/ws_sensor_combined/install/px4_ros_com/lib/python3.10/site-packages'
[3.313s] Level 1:colcon.colcon_core.environment:checking '/home/imamalghifary/ws_sensor_combined/install/px4_ros_com/bin'
[3.313s] INFO:colcon.colcon_core.shell:Creating package script '/home/imamalghifary/ws_sensor_combined/install/px4_ros_com/share/px4_ros_com/package.ps1'
[3.314s] INFO:colcon.colcon_core.shell:Creating package descriptor '/home/imamalghifary/ws_sensor_combined/install/px4_ros_com/share/px4_ros_com/package.dsv'
[3.314s] INFO:colcon.colcon_core.shell:Creating package script '/home/imamalghifary/ws_sensor_combined/install/px4_ros_com/share/px4_ros_com/package.sh'
[3.315s] INFO:colcon.colcon_core.shell:Creating package script '/home/imamalghifary/ws_sensor_combined/install/px4_ros_com/share/px4_ros_com/package.bash'
[3.315s] INFO:colcon.colcon_core.shell:Creating package script '/home/imamalghifary/ws_sensor_combined/install/px4_ros_com/share/px4_ros_com/package.zsh'
[3.316s] Level 1:colcon.colcon_core.environment:create_file_with_runtime_dependencies(/home/imamalghifary/ws_sensor_combined/install/px4_ros_com/share/colcon-core/packages/px4_ros_com)
[3.795s] DEBUG:colcon.colcon_core.event_handler.log_command:Invoking command in '/home/imamalghifary/ws_sensor_combined/build/px4_offboard': CMAKE_PREFIX_PATH=/home/imamalghifary/ws_sensor_combined/install/px4_msgs:/home/imamalghifary/ws_sensor_combined/install/x500_description:/home/imamalghifary/ws_sensor_combined/install/px4_ros_com LD_LIBRARY_PATH=/home/imamalghifary/ws_sensor_combined/install/px4_msgs/lib:/home/imamalghifary/ws_sensor_combined/install/px4_ros_com/lib:/opt/ros/humble/opt/rviz_ogre_vendor/lib:/opt/ros/humble/lib/x86_64-linux-gnu:/opt/ros/humble/lib PYTHONPATH=/home/imamalghifary/ws_sensor_combined/build/px4_offboard/prefix_override:/usr/lib/python3/dist-packages/colcon_core/task/python/colcon_distutils_commands:/home/imamalghifary/ws_sensor_combined/install/px4_offboard/lib/python3.10/site-packages:${PYTHONPATH} /usr/bin/python3 -W ignore:setup.py install is deprecated -W ignore:easy_install command is deprecated setup.py develop --editable --build-directory /home/imamalghifary/ws_sensor_combined/build/px4_offboard/build --no-deps symlink_data
[3.826s] DEBUG:colcon.colcon_core.event_handler.log_command:Invoking command in '/home/imamalghifary/ws_sensor_combined/build/x500_bridge': CMAKE_PREFIX_PATH=/home/imamalghifary/ws_sensor_combined/install/px4_msgs:/home/imamalghifary/ws_sensor_combined/install/x500_description:/home/imamalghifary/ws_sensor_combined/install/px4_ros_com LD_LIBRARY_PATH=/home/imamalghifary/ws_sensor_combined/install/px4_msgs/lib:/home/imamalghifary/ws_sensor_combined/install/px4_ros_com/lib:/opt/ros/humble/opt/rviz_ogre_vendor/lib:/opt/ros/humble/lib/x86_64-linux-gnu:/opt/ros/humble/lib PYTHONPATH=/home/imamalghifary/ws_sensor_combined/build/x500_bridge/prefix_override:/usr/lib/python3/dist-packages/colcon_core/task/python/colcon_distutils_commands:/home/imamalghifary/ws_sensor_combined/install/x500_bridge/lib/python3.10/site-packages:${PYTHONPATH} /usr/bin/python3 -W ignore:setup.py install is deprecated -W ignore:easy_install command is deprecated setup.py develop --editable --build-directory /home/imamalghifary/ws_sensor_combined/build/x500_bridge/build --no-deps symlink_data
[4.766s] Level 1:colcon.colcon_core.shell:create_environment_hook('x500_bridge', 'pythonpath_develop')
[4.767s] INFO:colcon.colcon_core.shell:Creating environment hook '/home/imamalghifary/ws_sensor_combined/build/x500_bridge/share/x500_bridge/hook/pythonpath_develop.ps1'
[4.767s] DEBUG:colcon.colcon_core.event_handler.log_command:Invoked command in '/home/imamalghifary/ws_sensor_combined/build/x500_bridge' returned '0': CMAKE_PREFIX_PATH=/home/imamalghifary/ws_sensor_combined/install/px4_msgs:/home/imamalghifary/ws_sensor_combined/install/x500_description:/home/imamalghifary/ws_sensor_combined/install/px4_ros_com LD_LIBRARY_PATH=/home/imamalghifary/ws_sensor_combined/install/px4_msgs/lib:/home/imamalghifary/ws_sensor_combined/install/px4_ros_com/lib:/opt/ros/humble/opt/rviz_ogre_vendor/lib:/opt/ros/humble/lib/x86_64-linux-gnu:/opt/ros/humble/lib PYTHONPATH=/home/imamalghifary/ws_sensor_combined/build/x500_bridge/prefix_override:/usr/lib/python3/dist-packages/colcon_core/task/python/colcon_distutils_commands:/home/imamalghifary/ws_sensor_combined/install/x500_bridge/lib/python3.10/site-packages:${PYTHONPATH} /usr/bin/python3 -W ignore:setup.py install is deprecated -W ignore:easy_install command is deprecated setup.py develop --editable --build-directory /home/imamalghifary/ws_sensor_combined/build/x500_bridge/build --no-deps symlink_data
[4.768s] INFO:colcon.colcon_core.shell:Creating environment descriptor '/home/imamalghifary/ws_sensor_combined/build/x500_bridge/share/x500_bridge/hook/pythonpath_develop.dsv'
[4.768s] INFO:colcon.colcon_core.shell:Creating environment hook '/home/imamalghifary/ws_sensor_combined/build/x500_bridge/share/x500_bridge/hook/pythonpath_develop.sh'
[4.769s] Level 1:colcon.colcon_core.environment:checking '/home/imamalghifary/ws_sensor_combined/install/x500_bridge' for CMake module files
[4.770s] Level 1:colcon.colcon_core.environment:checking '/home/imamalghifary/ws_sensor_combined/install/x500_bridge' for CMake config files
[4.771s] Level 1:colcon.colcon_core.environment:checking '/home/imamalghifary/ws_sensor_combined/install/x500_bridge/lib'
[4.771s] Level 1:colcon.colcon_core.environment:checking '/home/imamalghifary/ws_sensor_combined/install/x500_bridge/bin'
[4.771s] Level 1:colcon.colcon_core.environment:checking '/home/imamalghifary/ws_sensor_combined/install/x500_bridge/lib/pkgconfig/x500_bridge.pc'
[4.771s] Level 1:colcon.colcon_core.environment:checking '/home/imamalghifary/ws_sensor_combined/install/x500_bridge/lib/python3.10/site-packages'
[4.771s] Level 1:colcon.colcon_core.shell:create_environment_hook('x500_bridge', 'pythonpath')
[4.772s] INFO:colcon.colcon_core.shell:Creating environment hook '/home/imamalghifary/ws_sensor_combined/install/x500_bridge/share/x500_bridge/hook/pythonpath.ps1'
[4.773s] INFO:colcon.colcon_core.shell:Creating environment descriptor '/home/imamalghifary/ws_sensor_combined/install/x500_bridge/share/x500_bridge/hook/pythonpath.dsv'
[4.773s] INFO:colcon.colcon_core.shell:Creating environment hook '/home/imamalghifary/ws_sensor_combined/install/x500_bridge/share/x500_bridge/hook/pythonpath.sh'
[4.774s] Level 1:colcon.colcon_core.environment:checking '/home/imamalghifary/ws_sensor_combined/install/x500_bridge/bin'
[4.774s] Level 1:colcon.colcon_core.environment:create_environment_scripts_only(x500_bridge)
[4.775s] INFO:colcon.colcon_core.shell:Creating package script '/home/imamalghifary/ws_sensor_combined/install/x500_bridge/share/x500_bridge/package.ps1'
[4.776s] INFO:colcon.colcon_core.shell:Creating package descriptor '/home/imamalghifary/ws_sensor_combined/install/x500_bridge/share/x500_bridge/package.dsv'
[4.777s] INFO:colcon.colcon_core.shell:Creating package script '/home/imamalghifary/ws_sensor_combined/install/x500_bridge/share/x500_bridge/package.sh'
[4.778s] INFO:colcon.colcon_core.shell:Creating package script '/home/imamalghifary/ws_sensor_combined/install/x500_bridge/share/x500_bridge/package.bash'
[4.778s] INFO:colcon.colcon_core.shell:Creating package script '/home/imamalghifary/ws_sensor_combined/install/x500_bridge/share/x500_bridge/package.zsh'
[4.779s] Level 1:colcon.colcon_core.environment:create_file_with_runtime_dependencies(/home/imamalghifary/ws_sensor_combined/install/x500_bridge/share/colcon-core/packages/x500_bridge)
[4.790s] Level 1:colcon.colcon_core.shell:create_environment_hook('px4_offboard', 'pythonpath_develop')
[4.790s] INFO:colcon.colcon_core.shell:Creating environment hook '/home/imamalghifary/ws_sensor_combined/build/px4_offboard/share/px4_offboard/hook/pythonpath_develop.ps1'
[4.791s] DEBUG:colcon.colcon_core.event_handler.log_command:Invoked command in '/home/imamalghifary/ws_sensor_combined/build/px4_offboard' returned '0': CMAKE_PREFIX_PATH=/home/imamalghifary/ws_sensor_combined/install/px4_msgs:/home/imamalghifary/ws_sensor_combined/install/x500_description:/home/imamalghifary/ws_sensor_combined/install/px4_ros_com LD_LIBRARY_PATH=/home/imamalghifary/ws_sensor_combined/install/px4_msgs/lib:/home/imamalghifary/ws_sensor_combined/install/px4_ros_com/lib:/opt/ros/humble/opt/rviz_ogre_vendor/lib:/opt/ros/humble/lib/x86_64-linux-gnu:/opt/ros/humble/lib PYTHONPATH=/home/imamalghifary/ws_sensor_combined/build/px4_offboard/prefix_override:/usr/lib/python3/dist-packages/colcon_core/task/python/colcon_distutils_commands:/home/imamalghifary/ws_sensor_combined/install/px4_offboard/lib/python3.10/site-packages:${PYTHONPATH} /usr/bin/python3 -W ignore:setup.py install is deprecated -W ignore:easy_install command is deprecated setup.py develop --editable --build-directory /home/imamalghifary/ws_sensor_combined/build/px4_offboard/build --no-deps symlink_data
[4.792s] INFO:colcon.colcon_core.shell:Creating environment descriptor '/home/imamalghifary/ws_sensor_combined/build/px4_offboard/share/px4_offboard/hook/pythonpath_develop.dsv'
[4.792s] INFO:colcon.colcon_core.shell:Creating environment hook '/home/imamalghifary/ws_sensor_combined/build/px4_offboard/share/px4_offboard/hook/pythonpath_develop.sh'
[4.793s] Level 1:colcon.colcon_core.environment:checking '/home/imamalghifary/ws_sensor_combined/install/px4_offboard' for CMake module files
[4.793s] Level 1:colcon.colcon_core.environment:checking '/home/imamalghifary/ws_sensor_combined/install/px4_offboard' for CMake config files
[4.794s] Level 1:colcon.colcon_core.environment:checking '/home/imamalghifary/ws_sensor_combined/install/px4_offboard/lib'
[4.794s] Level 1:colcon.colcon_core.environment:checking '/home/imamalghifary/ws_sensor_combined/install/px4_offboard/bin'
[4.794s] Level 1:colcon.colcon_core.environment:checking '/home/imamalghifary/ws_sensor_combined/install/px4_offboard/lib/pkgconfig/px4_offboard.pc'
[4.794s] Level 1:colcon.colcon_core.environment:checking '/home/imamalghifary/ws_sensor_combined/install/px4_offboard/lib/python3.10/site-packages'
[4.794s] Level 1:colcon.colcon_core.shell:create_environment_hook('px4_offboard', 'pythonpath')
[4.795s] INFO:colcon.colcon_core.shell:Creating environment hook '/home/imamalghifary/ws_sensor_combined/install/px4_offboard/share/px4_offboard/hook/pythonpath.ps1'
[4.796s] INFO:colcon.colcon_core.shell:Creating environment descriptor '/home/imamalghifary/ws_sensor_combined/install/px4_offboard/share/px4_offboard/hook/pythonpath.dsv'
[4.796s] INFO:colcon.colcon_core.shell:Creating environment hook '/home/imamalghifary/ws_sensor_combined/install/px4_offboard/share/px4_offboard/hook/pythonpath.sh'
[4.797s] Level 1:colcon.colcon_core.environment:checking '/home/imamalghifary/ws_sensor_combined/install/px4_offboard/bin'
[4.797s] Level 1:colcon.colcon_core.environment:create_environment_scripts_only(px4_offboard)
[4.798s] INFO:colcon.colcon_core.shell:Creating package script '/home/imamalghifary/ws_sensor_combined/install/px4_offboard/share/px4_offboard/package.ps1'
[4.799s] INFO:colcon.colcon_core.shell:Creating package descriptor '/home/imamalghifary/ws_sensor_combined/install/px4_offboard/share/px4_offboard/package.dsv'
[4.799s] INFO:colcon.colcon_core.shell:Creating package script '/home/imamalghifary/ws_sensor_combined/install/px4_offboard/share/px4_offboard/package.sh'
[4.800s] INFO:colcon.colcon_core.shell:Creating package script '/home/imamalghifary/ws_sensor_combined/install/px4_offboard/share/px4_offboard/package.bash'
[4.800s] INFO:colcon.colcon_core.shell:Creating package script '/home/imamalghifary/ws_sensor_combined/install/px4_offboard/share/px4_offboard/package.zsh'
[4.801s] Level 1:colcon.colcon_core.environment:create_file_with_runtime_dependencies(/home/imamalghifary/ws_sensor_combined/install/px4_offboard/share/colcon-core/packages/px4_offboard)
[4.801s] DEBUG:colcon.colcon_parallel_executor.executor.parallel:closing loop
[4.802s] DEBUG:colcon.colcon_parallel_executor.executor.parallel:loop closed
[4.802s] DEBUG:colcon.colcon_parallel_executor.executor.parallel:run_until_complete finished with '0'
[4.802s] DEBUG:colcon.colcon_core.event_reactor:joining thread
[4.809s] INFO:colcon.colcon_core.plugin_system:Skipping extension 'colcon_notification.desktop_notification.terminal_notifier': Not used on non-Darwin systems
[4.809s] INFO:colcon.colcon_core.plugin_system:Skipping extension 'colcon_notification.desktop_notification.win32': Not used on non-Windows systems
[4.809s] INFO:colcon.colcon_notification.desktop_notification:Sending desktop notification using 'notify2'
[4.824s] DEBUG:colcon.colcon_core.event_reactor:joined thread
[4.825s] INFO:colcon.colcon_core.shell:Creating prefix script '/home/imamalghifary/ws_sensor_combined/install/local_setup.ps1'
[4.826s] INFO:colcon.colcon_core.shell:Creating prefix util module '/home/imamalghifary/ws_sensor_combined/install/_local_setup_util_ps1.py'
[4.828s] INFO:colcon.colcon_core.shell:Creating prefix chain script '/home/imamalghifary/ws_sensor_combined/install/setup.ps1'
[4.829s] INFO:colcon.colcon_core.shell:Creating prefix script '/home/imamalghifary/ws_sensor_combined/install/local_setup.sh'
[4.830s] INFO:colcon.colcon_core.shell:Creating prefix util module '/home/imamalghifary/ws_sensor_combined/install/_local_setup_util_sh.py'
[4.831s] INFO:colcon.colcon_core.shell:Creating prefix chain script '/home/imamalghifary/ws_sensor_combined/install/setup.sh'
[4.832s] INFO:colcon.colcon_core.shell:Creating prefix script '/home/imamalghifary/ws_sensor_combined/install/local_setup.bash'
[4.832s] INFO:colcon.colcon_core.shell:Creating prefix chain script '/home/imamalghifary/ws_sensor_combined/install/setup.bash'
[4.834s] INFO:colcon.colcon_core.shell:Creating prefix script '/home/imamalghifary/ws_sensor_combined/install/local_setup.zsh'
[4.835s] INFO:colcon.colcon_core.shell:Creating prefix chain script '/home/imamalghifary/ws_sensor_combined/install/setup.zsh'
