[0.007s] Invoking command in '/home/imamalghifary/ws_sensor_combined/build/x500_description': CMAKE_PREFIX_PATH=${CMAKE_PREFIX_PATH}:/home/imamalghifary/ws_sensor_combined/install/x500_bridge:/home/imamalghifary/ws_sensor_combined/install/px4_offboard:/opt/ros/humble /usr/bin/cmake --build /home/imamalghifary/ws_sensor_combined/build/x500_description -- -j22 -l22
[0.079s] -- Found ament_cmake: 1.3.12 (/opt/ros/humble/share/ament_cmake/cmake)
[0.160s] -- Override CMake install command with custom implementation using symlinks instead of copying resources
[0.165s] -- Found ament_lint_auto: 0.12.14 (/opt/ros/humble/share/ament_lint_auto/cmake)
[0.213s] -- Added test 'flake8' to check Python code syntax and style conventions
[0.213s] -- Added test 'lint_cmake' to check CMake code style
[0.214s] -- Added test 'pep257' to check Python code against some of the docstring style conventions in PEP 257
[0.214s] -- Added test 'xmllint' to check XML markup files
[0.215s] -- Configuring done
[0.259s] -- Generating done
[0.263s] -- Build files have been written to: /home/imamalghifary/ws_sensor_combined/build/x500_description
[0.281s] Invoked command in '/home/imamalghifary/ws_sensor_combined/build/x500_description' returned '0': CMAKE_PREFIX_PATH=${CMAKE_PREFIX_PATH}:/home/imamalghifary/ws_sensor_combined/install/x500_bridge:/home/imamalghifary/ws_sensor_combined/install/px4_offboard:/opt/ros/humble /usr/bin/cmake --build /home/imamalghifary/ws_sensor_combined/build/x500_description -- -j22 -l22
[0.289s] Invoking command in '/home/imamalghifary/ws_sensor_combined/build/x500_description': CMAKE_PREFIX_PATH=${CMAKE_PREFIX_PATH}:/home/imamalghifary/ws_sensor_combined/install/x500_bridge:/home/imamalghifary/ws_sensor_combined/install/px4_offboard:/opt/ros/humble /usr/bin/cmake --install /home/imamalghifary/ws_sensor_combined/build/x500_description
[0.295s] -- Install configuration: ""
[0.295s] -- Execute custom install script
[0.295s] -- Up-to-date symlink: /home/imamalghifary/ws_sensor_combined/install/x500_description/share/ament_index/resource_index/package_run_dependencies/x500_description
[0.295s] -- Up-to-date symlink: /home/imamalghifary/ws_sensor_combined/install/x500_description/share/ament_index/resource_index/parent_prefix_path/x500_description
[0.296s] -- Up-to-date symlink: /home/imamalghifary/ws_sensor_combined/install/x500_description/share/x500_description/environment/ament_prefix_path.sh
[0.296s] -- Up-to-date symlink: /home/imamalghifary/ws_sensor_combined/install/x500_description/share/x500_description/environment/ament_prefix_path.dsv
[0.296s] -- Up-to-date symlink: /home/imamalghifary/ws_sensor_combined/install/x500_description/share/x500_description/environment/path.sh
[0.296s] -- Up-to-date symlink: /home/imamalghifary/ws_sensor_combined/install/x500_description/share/x500_description/environment/path.dsv
[0.296s] -- Up-to-date symlink: /home/imamalghifary/ws_sensor_combined/install/x500_description/share/x500_description/local_setup.bash
[0.296s] -- Up-to-date symlink: /home/imamalghifary/ws_sensor_combined/install/x500_description/share/x500_description/local_setup.sh
[0.296s] -- Up-to-date symlink: /home/imamalghifary/ws_sensor_combined/install/x500_description/share/x500_description/local_setup.zsh
[0.296s] -- Up-to-date symlink: /home/imamalghifary/ws_sensor_combined/install/x500_description/share/x500_description/local_setup.dsv
[0.296s] -- Symlinking: /home/imamalghifary/ws_sensor_combined/install/x500_description/share/x500_description/package.dsv
[0.302s] -- Up-to-date symlink: /home/imamalghifary/ws_sensor_combined/install/x500_description/share/ament_index/resource_index/packages/x500_description
[0.302s] -- Up-to-date symlink: /home/imamalghifary/ws_sensor_combined/install/x500_description/share/x500_description/cmake/x500_descriptionConfig.cmake
[0.302s] -- Up-to-date symlink: /home/imamalghifary/ws_sensor_combined/install/x500_description/share/x500_description/cmake/x500_descriptionConfig-version.cmake
[0.302s] -- Up-to-date symlink: /home/imamalghifary/ws_sensor_combined/install/x500_description/share/x500_description/package.xml
[0.304s] Invoked command in '/home/imamalghifary/ws_sensor_combined/build/x500_description' returned '0': CMAKE_PREFIX_PATH=${CMAKE_PREFIX_PATH}:/home/imamalghifary/ws_sensor_combined/install/x500_bridge:/home/imamalghifary/ws_sensor_combined/install/px4_offboard:/opt/ros/humble /usr/bin/cmake --install /home/imamalghifary/ws_sensor_combined/build/x500_description
