[2.770s] Invoking command in '/home/imamalghifary/ws_sensor_combined/src/ROS2_PX4_Offboard_Example/px4_offboard': CMAKE_PREFIX_PATH=/home/imamalghifary/ws_sensor_combined/install/px4_msgs:/home/imamalghifary/ws_sensor_combined/install/x500_description:/home/imamalghifary/ws_sensor_combined/install/px4_ros_com LD_LIBRARY_PATH=/home/imamalghifary/ws_sensor_combined/install/px4_msgs/lib:/home/imamalghifary/ws_sensor_combined/install/px4_ros_com/lib:/opt/ros/humble/opt/rviz_ogre_vendor/lib:/opt/ros/humble/lib/x86_64-linux-gnu:/opt/ros/humble/lib PYTHONPATH=/home/imamalghifary/ws_sensor_combined/build/px4_offboard/prefix_override:/usr/lib/python3/dist-packages/colcon_core/task/python/colcon_distutils_commands:/home/imamalghifary/ws_sensor_combined/install/px4_offboard/lib/python3.10/site-packages:${PYTHONPATH} /usr/bin/python3 -W ignore:setup.py install is deprecated -W ignore:easy_install command is deprecated setup.py egg_info --egg-base ../../../build/px4_offboard build --build-base /home/imamalghifary/ws_sensor_combined/build/px4_offboard/build install --record /home/imamalghifary/ws_sensor_combined/build/px4_offboard/install.log --single-version-externally-managed install_data
[3.507s] running egg_info
[3.531s] writing ../../../build/px4_offboard/px4_offboard.egg-info/PKG-INFO
[3.531s] writing dependency_links to ../../../build/px4_offboard/px4_offboard.egg-info/dependency_links.txt
[3.532s] writing entry points to ../../../build/px4_offboard/px4_offboard.egg-info/entry_points.txt
[3.532s] writing requirements to ../../../build/px4_offboard/px4_offboard.egg-info/requires.txt
[3.532s] writing top-level names to ../../../build/px4_offboard/px4_offboard.egg-info/top_level.txt
[3.599s] reading manifest file '../../../build/px4_offboard/px4_offboard.egg-info/SOURCES.txt'
[3.599s] adding license file 'LICENSE'
[3.601s] writing manifest file '../../../build/px4_offboard/px4_offboard.egg-info/SOURCES.txt'
[3.601s] running build
[3.601s] running build_py
[3.602s] running install
[3.612s] running install_lib
[3.639s] running install_data
[3.640s] running install_egg_info
[3.680s] removing '/home/imamalghifary/ws_sensor_combined/install/px4_offboard/lib/python3.10/site-packages/px4_offboard-0.0.0-py3.10.egg-info' (and everything under it)
[3.681s] Copying ../../../build/px4_offboard/px4_offboard.egg-info to /home/imamalghifary/ws_sensor_combined/install/px4_offboard/lib/python3.10/site-packages/px4_offboard-0.0.0-py3.10.egg-info
[3.683s] running install_scripts
[3.790s] Installing control script to /home/imamalghifary/ws_sensor_combined/install/px4_offboard/lib/px4_offboard
[3.792s] Installing offboard_control script to /home/imamalghifary/ws_sensor_combined/install/px4_offboard/lib/px4_offboard
[3.792s] Installing processes script to /home/imamalghifary/ws_sensor_combined/install/px4_offboard/lib/px4_offboard
[3.792s] Installing velocity_control script to /home/imamalghifary/ws_sensor_combined/install/px4_offboard/lib/px4_offboard
[3.792s] Installing visualizer script to /home/imamalghifary/ws_sensor_combined/install/px4_offboard/lib/px4_offboard
[3.793s] writing list of installed files to '/home/imamalghifary/ws_sensor_combined/build/px4_offboard/install.log'
[3.865s] Invoked command in '/home/imamalghifary/ws_sensor_combined/src/ROS2_PX4_Offboard_Example/px4_offboard' returned '0': CMAKE_PREFIX_PATH=/home/imamalghifary/ws_sensor_combined/install/px4_msgs:/home/imamalghifary/ws_sensor_combined/install/x500_description:/home/imamalghifary/ws_sensor_combined/install/px4_ros_com LD_LIBRARY_PATH=/home/imamalghifary/ws_sensor_combined/install/px4_msgs/lib:/home/imamalghifary/ws_sensor_combined/install/px4_ros_com/lib:/opt/ros/humble/opt/rviz_ogre_vendor/lib:/opt/ros/humble/lib/x86_64-linux-gnu:/opt/ros/humble/lib PYTHONPATH=/home/imamalghifary/ws_sensor_combined/build/px4_offboard/prefix_override:/usr/lib/python3/dist-packages/colcon_core/task/python/colcon_distutils_commands:/home/imamalghifary/ws_sensor_combined/install/px4_offboard/lib/python3.10/site-packages:${PYTHONPATH} /usr/bin/python3 -W ignore:setup.py install is deprecated -W ignore:easy_install command is deprecated setup.py egg_info --egg-base ../../../build/px4_offboard build --build-base /home/imamalghifary/ws_sensor_combined/build/px4_offboard/build install --record /home/imamalghifary/ws_sensor_combined/build/px4_offboard/install.log --single-version-externally-managed install_data
