[1.307s] Invoking command in '/home/imamalghifary/ws_sensor_combined/src/x500_navigation': PYTHONPATH=/home/imamalghifary/ws_sensor_combined/build/x500_navigation/prefix_override:/usr/lib/python3/dist-packages/colcon_core/task/python/colcon_distutils_commands:/home/imamalghifary/ws_sensor_combined/install/x500_navigation/lib/python3.10/site-packages:${PYTHONPATH} /usr/bin/python3 -W ignore:setup.py install is deprecated -W ignore:easy_install command is deprecated setup.py egg_info --egg-base ../../build/x500_navigation build --build-base /home/imamalghifary/ws_sensor_combined/build/x500_navigation/build install --record /home/imamalghifary/ws_sensor_combined/build/x500_navigation/install.log --single-version-externally-managed install_data
[1.859s] running egg_info
[1.881s] writing ../../build/x500_navigation/x500_navigation.egg-info/PKG-INFO
[1.882s] writing dependency_links to ../../build/x500_navigation/x500_navigation.egg-info/dependency_links.txt
[1.882s] writing entry points to ../../build/x500_navigation/x500_navigation.egg-info/entry_points.txt
[1.883s] writing requirements to ../../build/x500_navigation/x500_navigation.egg-info/requires.txt
[1.883s] writing top-level names to ../../build/x500_navigation/x500_navigation.egg-info/top_level.txt
[1.931s] reading manifest file '../../build/x500_navigation/x500_navigation.egg-info/SOURCES.txt'
[1.932s] writing manifest file '../../build/x500_navigation/x500_navigation.egg-info/SOURCES.txt'
[1.933s] running build
[1.933s] running build_py
[1.933s] running install
[1.941s] running install_lib
[1.962s] running install_data
[1.962s] running install_egg_info
[1.985s] removing '/home/imamalghifary/ws_sensor_combined/install/x500_navigation/lib/python3.10/site-packages/x500_navigation-0.0.0-py3.10.egg-info' (and everything under it)
[1.985s] Copying ../../build/x500_navigation/x500_navigation.egg-info to /home/imamalghifary/ws_sensor_combined/install/x500_navigation/lib/python3.10/site-packages/x500_navigation-0.0.0-py3.10.egg-info
[1.985s] running install_scripts
[2.084s] Installing odom_bridge_2d script to /home/imamalghifary/ws_sensor_combined/install/x500_navigation/lib/x500_navigation
[2.084s] writing list of installed files to '/home/imamalghifary/ws_sensor_combined/build/x500_navigation/install.log'
[3.214s] Invoked command in '/home/imamalghifary/ws_sensor_combined/src/x500_navigation' returned '0': PYTHONPATH=/home/imamalghifary/ws_sensor_combined/build/x500_navigation/prefix_override:/usr/lib/python3/dist-packages/colcon_core/task/python/colcon_distutils_commands:/home/imamalghifary/ws_sensor_combined/install/x500_navigation/lib/python3.10/site-packages:${PYTHONPATH} /usr/bin/python3 -W ignore:setup.py install is deprecated -W ignore:easy_install command is deprecated setup.py egg_info --egg-base ../../build/x500_navigation build --build-base /home/imamalghifary/ws_sensor_combined/build/x500_navigation/build install --record /home/imamalghifary/ws_sensor_combined/build/x500_navigation/install.log --single-version-externally-managed install_data
