[2.751s] Invoking command in '/home/imamalghifary/ws_sensor_combined/src/ROS2_PX4_Offboard_Example/px4_offboard': CMAKE_PREFIX_PATH=/home/imamalghifary/ws_sensor_combined/install/px4_msgs:/home/imamalghifary/ws_sensor_combined/install/x500_description:/home/imamalghifary/ws_sensor_combined/install/px4_ros_com LD_LIBRARY_PATH=/home/imamalghifary/ws_sensor_combined/install/px4_msgs/lib:/home/imamalghifary/ws_sensor_combined/install/px4_ros_com/lib:/opt/ros/humble/opt/rviz_ogre_vendor/lib:/opt/ros/humble/lib/x86_64-linux-gnu:/opt/ros/humble/lib PYTHONPATH=/home/imamalghifary/ws_sensor_combined/build/px4_offboard/prefix_override:/usr/lib/python3/dist-packages/colcon_core/task/python/colcon_distutils_commands:/home/imamalghifary/ws_sensor_combined/install/px4_offboard/lib/python3.10/site-packages:${PYTHONPATH} /usr/bin/python3 -W ignore:setup.py install is deprecated -W ignore:easy_install command is deprecated setup.py egg_info --egg-base ../../../build/px4_offboard build --build-base /home/imamalghifary/ws_sensor_combined/build/px4_offboard/build install --record /home/imamalghifary/ws_sensor_combined/build/px4_offboard/install.log --single-version-externally-managed install_data
[3.395s] running egg_info
[3.422s] writing ../../../build/px4_offboard/px4_offboard.egg-info/PKG-INFO
[3.910s] writing dependency_links to ../../../build/px4_offboard/px4_offboard.egg-info/dependency_links.txt
[3.910s] writing entry points to ../../../build/px4_offboard/px4_offboard.egg-info/entry_points.txt
[3.912s] writing requirements to ../../../build/px4_offboard/px4_offboard.egg-info/requires.txt
[3.913s] writing top-level names to ../../../build/px4_offboard/px4_offboard.egg-info/top_level.txt
[3.996s] reading manifest file '../../../build/px4_offboard/px4_offboard.egg-info/SOURCES.txt'
[3.997s] adding license file 'LICENSE'
[3.999s] writing manifest file '../../../build/px4_offboard/px4_offboard.egg-info/SOURCES.txt'
[4.000s] running build
[4.000s] running build_py
[4.001s] running install
[4.017s] running install_lib
[4.059s] running install_data
[4.059s] running install_egg_info
[4.094s] removing '/home/imamalghifary/ws_sensor_combined/install/px4_offboard/lib/python3.10/site-packages/px4_offboard-0.0.0-py3.10.egg-info' (and everything under it)
[4.094s] Copying ../../../build/px4_offboard/px4_offboard.egg-info to /home/imamalghifary/ws_sensor_combined/install/px4_offboard/lib/python3.10/site-packages/px4_offboard-0.0.0-py3.10.egg-info
[4.095s] running install_scripts
[4.210s] Installing control script to /home/imamalghifary/ws_sensor_combined/install/px4_offboard/lib/px4_offboard
[4.210s] Installing offboard_control script to /home/imamalghifary/ws_sensor_combined/install/px4_offboard/lib/px4_offboard
[4.211s] Installing processes script to /home/imamalghifary/ws_sensor_combined/install/px4_offboard/lib/px4_offboard
[4.211s] Installing velocity_control script to /home/imamalghifary/ws_sensor_combined/install/px4_offboard/lib/px4_offboard
[4.211s] Installing visualizer script to /home/imamalghifary/ws_sensor_combined/install/px4_offboard/lib/px4_offboard
[4.212s] writing list of installed files to '/home/imamalghifary/ws_sensor_combined/build/px4_offboard/install.log'
[4.296s] Invoked command in '/home/imamalghifary/ws_sensor_combined/src/ROS2_PX4_Offboard_Example/px4_offboard' returned '0': CMAKE_PREFIX_PATH=/home/imamalghifary/ws_sensor_combined/install/px4_msgs:/home/imamalghifary/ws_sensor_combined/install/x500_description:/home/imamalghifary/ws_sensor_combined/install/px4_ros_com LD_LIBRARY_PATH=/home/imamalghifary/ws_sensor_combined/install/px4_msgs/lib:/home/imamalghifary/ws_sensor_combined/install/px4_ros_com/lib:/opt/ros/humble/opt/rviz_ogre_vendor/lib:/opt/ros/humble/lib/x86_64-linux-gnu:/opt/ros/humble/lib PYTHONPATH=/home/imamalghifary/ws_sensor_combined/build/px4_offboard/prefix_override:/usr/lib/python3/dist-packages/colcon_core/task/python/colcon_distutils_commands:/home/imamalghifary/ws_sensor_combined/install/px4_offboard/lib/python3.10/site-packages:${PYTHONPATH} /usr/bin/python3 -W ignore:setup.py install is deprecated -W ignore:easy_install command is deprecated setup.py egg_info --egg-base ../../../build/px4_offboard build --build-base /home/imamalghifary/ws_sensor_combined/build/px4_offboard/build install --record /home/imamalghifary/ws_sensor_combined/build/px4_offboard/install.log --single-version-externally-managed install_data
