[0.112s] Invoking command in '/home/imamalghifary/ws_sensor_combined/build/px4_ros_com': AMENT_PREFIX_PATH=/home/imamalghifary/ws_sensor_combined/install/px4_msgs:${AMENT_PREFIX_PATH} CMAKE_PREFIX_PATH=/home/imamalghifary/ws_sensor_combined/install/px4_msgs:/opt/ros/humble LD_LIBRARY_PATH=/home/imamalghifary/ws_sensor_combined/install/px4_msgs/lib:${LD_LIBRARY_PATH} PYTHONPATH=/home/imamalghifary/ws_sensor_combined/install/px4_msgs/local/lib/python3.10/dist-packages:${PYTHONPATH} /usr/bin/cmake --build /home/imamalghifary/ws_sensor_combined/build/px4_ros_com -- -j22 -l22
[1.766s] [  0%] Built target ament_cmake_python_symlink_px4_ros_com
[2.109s] running egg_info
[2.130s] writing px4_ros_com.egg-info/PKG-INFO
[2.130s] writing dependency_links to px4_ros_com.egg-info/dependency_links.txt
[2.130s] writing top-level names to px4_ros_com.egg-info/top_level.txt
[2.153s] [ 33%] Built target vehicle_gps_position_listener
[2.153s] [ 58%] Built target sensor_combined_listener
[2.153s] [ 66%] Built target frame_transforms
[2.153s] [ 66%] Built target offboard_control_srv
[2.154s] [ 83%] Built target debug_vect_advertiser
[2.154s] [100%] Built target offboard_control
[2.196s] reading manifest file 'px4_ros_com.egg-info/SOURCES.txt'
[2.227s] writing manifest file 'px4_ros_com.egg-info/SOURCES.txt'
[2.291s] [100%] Built target ament_cmake_python_build_px4_ros_com_egg
[2.307s] Invoked command in '/home/imamalghifary/ws_sensor_combined/build/px4_ros_com' returned '0': AMENT_PREFIX_PATH=/home/imamalghifary/ws_sensor_combined/install/px4_msgs:${AMENT_PREFIX_PATH} CMAKE_PREFIX_PATH=/home/imamalghifary/ws_sensor_combined/install/px4_msgs:/opt/ros/humble LD_LIBRARY_PATH=/home/imamalghifary/ws_sensor_combined/install/px4_msgs/lib:${LD_LIBRARY_PATH} PYTHONPATH=/home/imamalghifary/ws_sensor_combined/install/px4_msgs/local/lib/python3.10/dist-packages:${PYTHONPATH} /usr/bin/cmake --build /home/imamalghifary/ws_sensor_combined/build/px4_ros_com -- -j22 -l22
[2.343s] Invoking command in '/home/imamalghifary/ws_sensor_combined/build/px4_ros_com': AMENT_PREFIX_PATH=/home/imamalghifary/ws_sensor_combined/install/px4_msgs:${AMENT_PREFIX_PATH} CMAKE_PREFIX_PATH=/home/imamalghifary/ws_sensor_combined/install/px4_msgs:/opt/ros/humble LD_LIBRARY_PATH=/home/imamalghifary/ws_sensor_combined/install/px4_msgs/lib:${LD_LIBRARY_PATH} PYTHONPATH=/home/imamalghifary/ws_sensor_combined/install/px4_msgs/local/lib/python3.10/dist-packages:${PYTHONPATH} /usr/bin/cmake --install /home/imamalghifary/ws_sensor_combined/build/px4_ros_com
[2.405s] -- Install configuration: ""
[2.417s] -- Execute custom install script
[2.435s] -- Up-to-date symlink: /home/imamalghifary/ws_sensor_combined/install/px4_ros_com/lib/px4_ros_com/sensor_combined_listener
[2.435s] -- Up-to-date symlink: /home/imamalghifary/ws_sensor_combined/install/px4_ros_com/lib/px4_ros_com/vehicle_gps_position_listener
[2.436s] -- Up-to-date symlink: /home/imamalghifary/ws_sensor_combined/install/px4_ros_com/lib/px4_ros_com/debug_vect_advertiser
[2.436s] -- Up-to-date symlink: /home/imamalghifary/ws_sensor_combined/install/px4_ros_com/lib/px4_ros_com/offboard_control
[2.437s] -- Up-to-date symlink: /home/imamalghifary/ws_sensor_combined/install/px4_ros_com/lib/px4_ros_com/offboard_control_srv
[2.437s] -- Up-to-date symlink: /home/imamalghifary/ws_sensor_combined/install/px4_ros_com/share/px4_ros_com/environment/library_path.sh
[2.437s] -- Up-to-date symlink: /home/imamalghifary/ws_sensor_combined/install/px4_ros_com/share/px4_ros_com/environment/library_path.dsv
[2.437s] -- Up-to-date symlink: /home/imamalghifary/ws_sensor_combined/install/px4_ros_com/include/px4_ros_com/frame_transforms.h
[2.438s] -- Up-to-date symlink: /home/imamalghifary/ws_sensor_combined/install/px4_ros_com/share/px4_ros_com//launch/offboard_control_launch.yaml
[2.438s] -- Up-to-date symlink: /home/imamalghifary/ws_sensor_combined/install/px4_ros_com/share/px4_ros_com//launch/sensor_combined_listener.launch.py
[2.438s] -- Up-to-date symlink: /home/imamalghifary/ws_sensor_combined/install/px4_ros_com/share/px4_ros_com//test/__init__.py
[2.438s] -- Up-to-date symlink: /home/imamalghifary/ws_sensor_combined/install/px4_ros_com/share/px4_ros_com//test/pipeline_io_test.py
[2.438s] -- Up-to-date symlink: /home/imamalghifary/ws_sensor_combined/install/px4_ros_com/share/px4_ros_com//test/test_input.py
[2.438s] -- Up-to-date symlink: /home/imamalghifary/ws_sensor_combined/install/px4_ros_com/share/px4_ros_com//test/test_output.py
[2.439s] -- Up-to-date symlink: /home/imamalghifary/ws_sensor_combined/install/px4_ros_com/share/px4_ros_com/environment/pythonpath.sh
[2.439s] -- Up-to-date symlink: /home/imamalghifary/ws_sensor_combined/install/px4_ros_com/share/px4_ros_com/environment/pythonpath.dsv
[2.439s] -- Up-to-date symlink: /home/imamalghifary/ws_sensor_combined/install/px4_ros_com/local/lib/python3.10/dist-packages/px4_ros_com-0.1.0-py3.10.egg-info/PKG-INFO
[2.439s] -- Up-to-date symlink: /home/imamalghifary/ws_sensor_combined/install/px4_ros_com/local/lib/python3.10/dist-packages/px4_ros_com-0.1.0-py3.10.egg-info/SOURCES.txt
[2.439s] -- Up-to-date symlink: /home/imamalghifary/ws_sensor_combined/install/px4_ros_com/local/lib/python3.10/dist-packages/px4_ros_com-0.1.0-py3.10.egg-info/dependency_links.txt
[2.439s] -- Up-to-date symlink: /home/imamalghifary/ws_sensor_combined/install/px4_ros_com/local/lib/python3.10/dist-packages/px4_ros_com-0.1.0-py3.10.egg-info/top_level.txt
[2.439s] -- Up-to-date symlink: /home/imamalghifary/ws_sensor_combined/install/px4_ros_com/local/lib/python3.10/dist-packages/px4_ros_com/__init__.py
[2.440s] -- Up-to-date symlink: /home/imamalghifary/ws_sensor_combined/install/px4_ros_com/local/lib/python3.10/dist-packages/px4_ros_com/module_to_import.py
[2.440s] -- Up-to-date symlink: /home/imamalghifary/ws_sensor_combined/install/px4_ros_com/lib/px4_ros_com/offboard_control.py
[2.440s] -- Up-to-date symlink: /home/imamalghifary/ws_sensor_combined/install/px4_ros_com/share/ament_index/resource_index/package_run_dependencies/px4_ros_com
[2.440s] -- Up-to-date symlink: /home/imamalghifary/ws_sensor_combined/install/px4_ros_com/share/ament_index/resource_index/parent_prefix_path/px4_ros_com
[2.440s] -- Up-to-date symlink: /home/imamalghifary/ws_sensor_combined/install/px4_ros_com/share/px4_ros_com/environment/ament_prefix_path.sh
[2.440s] -- Up-to-date symlink: /home/imamalghifary/ws_sensor_combined/install/px4_ros_com/share/px4_ros_com/environment/ament_prefix_path.dsv
[2.440s] -- Up-to-date symlink: /home/imamalghifary/ws_sensor_combined/install/px4_ros_com/share/px4_ros_com/environment/path.sh
[2.441s] -- Up-to-date symlink: /home/imamalghifary/ws_sensor_combined/install/px4_ros_com/share/px4_ros_com/environment/path.dsv
[2.441s] -- Up-to-date symlink: /home/imamalghifary/ws_sensor_combined/install/px4_ros_com/share/px4_ros_com/local_setup.bash
[2.441s] -- Up-to-date symlink: /home/imamalghifary/ws_sensor_combined/install/px4_ros_com/share/px4_ros_com/local_setup.sh
[2.441s] -- Up-to-date symlink: /home/imamalghifary/ws_sensor_combined/install/px4_ros_com/share/px4_ros_com/local_setup.zsh
[2.441s] -- Up-to-date symlink: /home/imamalghifary/ws_sensor_combined/install/px4_ros_com/share/px4_ros_com/local_setup.dsv
[2.441s] -- Symlinking: /home/imamalghifary/ws_sensor_combined/install/px4_ros_com/share/px4_ros_com/package.dsv
[2.453s] -- Up-to-date symlink: /home/imamalghifary/ws_sensor_combined/install/px4_ros_com/share/ament_index/resource_index/packages/px4_ros_com
[2.454s] -- Up-to-date symlink: /home/imamalghifary/ws_sensor_combined/install/px4_ros_com/share/px4_ros_com/cmake/ament_cmake_export_dependencies-extras.cmake
[2.454s] -- Up-to-date symlink: /home/imamalghifary/ws_sensor_combined/install/px4_ros_com/share/px4_ros_com/cmake/ament_cmake_export_targets-extras.cmake
[2.454s] -- Up-to-date symlink: /home/imamalghifary/ws_sensor_combined/install/px4_ros_com/share/px4_ros_com/cmake/ament_cmake_export_include_directories-extras.cmake
[2.454s] -- Up-to-date symlink: /home/imamalghifary/ws_sensor_combined/install/px4_ros_com/share/px4_ros_com/cmake/ament_cmake_export_libraries-extras.cmake
[2.455s] -- Up-to-date symlink: /home/imamalghifary/ws_sensor_combined/install/px4_ros_com/share/px4_ros_com/cmake/px4_ros_comConfig.cmake
[2.455s] -- Up-to-date symlink: /home/imamalghifary/ws_sensor_combined/install/px4_ros_com/share/px4_ros_com/cmake/px4_ros_comConfig-version.cmake
[2.455s] -- Up-to-date symlink: /home/imamalghifary/ws_sensor_combined/install/px4_ros_com/share/px4_ros_com/package.xml
[2.810s] -- Up-to-date: /home/imamalghifary/ws_sensor_combined/install/px4_ros_com/lib/libframe_transforms.so
[2.884s] Listing '/home/imamalghifary/ws_sensor_combined/install/px4_ros_com/local/lib/python3.10/dist-packages/px4_ros_com'...
[2.894s] -- Up-to-date: /home/imamalghifary/ws_sensor_combined/install/px4_ros_com/share/px4_ros_com/cmake/export_frame_transformsExport.cmake
[2.894s] -- Up-to-date: /home/imamalghifary/ws_sensor_combined/install/px4_ros_com/share/px4_ros_com/cmake/export_frame_transformsExport-noconfig.cmake
[2.897s] Invoked command in '/home/imamalghifary/ws_sensor_combined/build/px4_ros_com' returned '0': AMENT_PREFIX_PATH=/home/imamalghifary/ws_sensor_combined/install/px4_msgs:${AMENT_PREFIX_PATH} CMAKE_PREFIX_PATH=/home/imamalghifary/ws_sensor_combined/install/px4_msgs:/opt/ros/humble LD_LIBRARY_PATH=/home/imamalghifary/ws_sensor_combined/install/px4_msgs/lib:${LD_LIBRARY_PATH} PYTHONPATH=/home/imamalghifary/ws_sensor_combined/install/px4_msgs/local/lib/python3.10/dist-packages:${PYTHONPATH} /usr/bin/cmake --install /home/imamalghifary/ws_sensor_combined/build/px4_ros_com
