[0.026s] Invoking command in '/home/imamalghifary/ws_sensor_combined/build/bt_uav_controller': CMAKE_PREFIX_PATH=/home/imamalghifary/ws_sensor_combined/install/px4_msgs:/home/imamalghifary/ws_sensor_combined/install/px4_ros_com:/home/imamalghifary/ws_sensor_combined/install/bt_uav_controller:/home/imamalghifary/ws_sensor_combined/install/x500_navigation:/home/imamalghifary/ws_sensor_combined/install/x500_bridge:/home/imamalghifary/ws_sensor_combined/install/px4_offboard:/opt/ros/humble LD_LIBRARY_PATH=/home/imamalghifary/ws_sensor_combined/install/px4_msgs/lib:/home/imamalghifary/ws_sensor_combined/install/px4_ros_com/lib:/home/imamalghifary/ws_sensor_combined/install/bt_uav_controller/lib:/opt/ros/humble/opt/rviz_ogre_vendor/lib:/opt/ros/humble/lib/x86_64-linux-gnu:/opt/ros/humble/lib /usr/bin/cmake --build /home/imamalghifary/ws_sensor_combined/build/bt_uav_controller -- -j22 -l22
[0.519s] [  2%] Built target bt_uav_controller__cpp
[0.519s] [ 10%] Built target bt_uav_controller__rosidl_generator_c
[0.519s] [ 10%] Built target ament_cmake_python_symlink_bt_uav_controller
[0.519s] [ 18%] Built target bt_uav_controller__rosidl_typesupport_cpp
[0.519s] [ 27%] Built target bt_uav_controller__rosidl_typesupport_fastrtps_cpp
[0.519s] [ 35%] Built target bt_uav_controller__rosidl_typesupport_introspection_cpp
[0.519s] [ 43%] Built target bt_uav_controller__rosidl_typesupport_introspection_c
[0.519s] [ 51%] Built target bt_uav_controller__rosidl_typesupport_c
[0.519s] [ 59%] Built target bt_uav_controller__rosidl_typesupport_fastrtps_c
[0.519s] [ 59%] Built target bt_uav_controller
[0.519s] [ 62%] Built target bt_uav_controller__py
[0.519s] [ 70%] Built target takeoff_action_server
[0.519s] [ 78%] Built target bt_uav_controller_node
[0.520s] [ 83%] Built target bt_uav_controller__rosidl_generator_py
[0.520s] [ 89%] Built target bt_uav_controller__rosidl_typesupport_fastrtps_c__pyext
[0.520s] [ 94%] Built target bt_uav_controller__rosidl_typesupport_introspection_c__pyext
[0.520s] [100%] Built target bt_uav_controller__rosidl_typesupport_c__pyext
[0.597s] running egg_info
[0.615s] writing bt_uav_controller.egg-info/PKG-INFO
[0.616s] writing dependency_links to bt_uav_controller.egg-info/dependency_links.txt
[0.616s] writing top-level names to bt_uav_controller.egg-info/top_level.txt
[0.675s] reading manifest file 'bt_uav_controller.egg-info/SOURCES.txt'
[0.676s] writing manifest file 'bt_uav_controller.egg-info/SOURCES.txt'
[0.727s] [100%] Built target ament_cmake_python_build_bt_uav_controller_egg
[0.971s] Invoked command in '/home/imamalghifary/ws_sensor_combined/build/bt_uav_controller' returned '0': CMAKE_PREFIX_PATH=/home/imamalghifary/ws_sensor_combined/install/px4_msgs:/home/imamalghifary/ws_sensor_combined/install/px4_ros_com:/home/imamalghifary/ws_sensor_combined/install/bt_uav_controller:/home/imamalghifary/ws_sensor_combined/install/x500_navigation:/home/imamalghifary/ws_sensor_combined/install/x500_bridge:/home/imamalghifary/ws_sensor_combined/install/px4_offboard:/opt/ros/humble LD_LIBRARY_PATH=/home/imamalghifary/ws_sensor_combined/install/px4_msgs/lib:/home/imamalghifary/ws_sensor_combined/install/px4_ros_com/lib:/home/imamalghifary/ws_sensor_combined/install/bt_uav_controller/lib:/opt/ros/humble/opt/rviz_ogre_vendor/lib:/opt/ros/humble/lib/x86_64-linux-gnu:/opt/ros/humble/lib /usr/bin/cmake --build /home/imamalghifary/ws_sensor_combined/build/bt_uav_controller -- -j22 -l22
[0.974s] Invoking command in '/home/imamalghifary/ws_sensor_combined/build/bt_uav_controller': CMAKE_PREFIX_PATH=/home/imamalghifary/ws_sensor_combined/install/px4_msgs:/home/imamalghifary/ws_sensor_combined/install/px4_ros_com:/home/imamalghifary/ws_sensor_combined/install/bt_uav_controller:/home/imamalghifary/ws_sensor_combined/install/x500_navigation:/home/imamalghifary/ws_sensor_combined/install/x500_bridge:/home/imamalghifary/ws_sensor_combined/install/px4_offboard:/opt/ros/humble LD_LIBRARY_PATH=/home/imamalghifary/ws_sensor_combined/install/px4_msgs/lib:/home/imamalghifary/ws_sensor_combined/install/px4_ros_com/lib:/home/imamalghifary/ws_sensor_combined/install/bt_uav_controller/lib:/opt/ros/humble/opt/rviz_ogre_vendor/lib:/opt/ros/humble/lib/x86_64-linux-gnu:/opt/ros/humble/lib /usr/bin/cmake --install /home/imamalghifary/ws_sensor_combined/build/bt_uav_controller
[0.982s] -- Install configuration: ""
[0.983s] -- Execute custom install script
[0.983s] -- Up-to-date symlink: /home/imamalghifary/ws_sensor_combined/install/bt_uav_controller/share/ament_index/resource_index/rosidl_interfaces/bt_uav_controller
[0.984s] -- Up-to-date symlink: /home/imamalghifary/ws_sensor_combined/install/bt_uav_controller/include/bt_uav_controller/bt_uav_controller/action/detail/takeoff__functions.h
[0.984s] -- Up-to-date symlink: /home/imamalghifary/ws_sensor_combined/install/bt_uav_controller/include/bt_uav_controller/bt_uav_controller/action/detail/takeoff__struct.h
[0.984s] -- Up-to-date symlink: /home/imamalghifary/ws_sensor_combined/install/bt_uav_controller/include/bt_uav_controller/bt_uav_controller/action/detail/takeoff__type_support.h
[0.984s] -- Up-to-date symlink: /home/imamalghifary/ws_sensor_combined/install/bt_uav_controller/include/bt_uav_controller/bt_uav_controller/action/takeoff.h
[0.984s] -- Up-to-date symlink: /home/imamalghifary/ws_sensor_combined/install/bt_uav_controller/include/bt_uav_controller/bt_uav_controller/msg/rosidl_generator_c__visibility_control.h
[0.984s] -- Up-to-date symlink: /home/imamalghifary/ws_sensor_combined/install/bt_uav_controller/share/bt_uav_controller/environment/library_path.sh
[0.984s] -- Up-to-date symlink: /home/imamalghifary/ws_sensor_combined/install/bt_uav_controller/share/bt_uav_controller/environment/library_path.dsv
[0.985s] -- Up-to-date symlink: /home/imamalghifary/ws_sensor_combined/install/bt_uav_controller/include/bt_uav_controller/bt_uav_controller/action/detail/takeoff__rosidl_typesupport_fastrtps_c.h
[0.985s] -- Up-to-date symlink: /home/imamalghifary/ws_sensor_combined/install/bt_uav_controller/include/bt_uav_controller/bt_uav_controller/msg/rosidl_typesupport_fastrtps_c__visibility_control.h
[0.985s] -- Up-to-date symlink: /home/imamalghifary/ws_sensor_combined/install/bt_uav_controller/include/bt_uav_controller/bt_uav_controller/action/detail/takeoff__builder.hpp
[0.985s] -- Up-to-date symlink: /home/imamalghifary/ws_sensor_combined/install/bt_uav_controller/include/bt_uav_controller/bt_uav_controller/action/detail/takeoff__struct.hpp
[0.985s] -- Up-to-date symlink: /home/imamalghifary/ws_sensor_combined/install/bt_uav_controller/include/bt_uav_controller/bt_uav_controller/action/detail/takeoff__traits.hpp
[0.986s] -- Up-to-date symlink: /home/imamalghifary/ws_sensor_combined/install/bt_uav_controller/include/bt_uav_controller/bt_uav_controller/action/detail/takeoff__type_support.hpp
[0.986s] -- Up-to-date symlink: /home/imamalghifary/ws_sensor_combined/install/bt_uav_controller/include/bt_uav_controller/bt_uav_controller/action/takeoff.hpp
[0.986s] -- Up-to-date symlink: /home/imamalghifary/ws_sensor_combined/install/bt_uav_controller/include/bt_uav_controller/bt_uav_controller/msg/rosidl_generator_cpp__visibility_control.hpp
[0.986s] -- Up-to-date symlink: /home/imamalghifary/ws_sensor_combined/install/bt_uav_controller/include/bt_uav_controller/bt_uav_controller/action/detail/takeoff__rosidl_typesupport_fastrtps_cpp.hpp
[0.986s] -- Up-to-date symlink: /home/imamalghifary/ws_sensor_combined/install/bt_uav_controller/include/bt_uav_controller/bt_uav_controller/msg/rosidl_typesupport_fastrtps_cpp__visibility_control.h
[0.987s] -- Up-to-date symlink: /home/imamalghifary/ws_sensor_combined/install/bt_uav_controller/include/bt_uav_controller/bt_uav_controller/action/detail/takeoff__rosidl_typesupport_introspection_c.h
[0.987s] -- Up-to-date symlink: /home/imamalghifary/ws_sensor_combined/install/bt_uav_controller/include/bt_uav_controller/bt_uav_controller/msg/rosidl_typesupport_introspection_c__visibility_control.h
[0.987s] -- Up-to-date symlink: /home/imamalghifary/ws_sensor_combined/install/bt_uav_controller/include/bt_uav_controller/bt_uav_controller/action/detail/takeoff__rosidl_typesupport_introspection_cpp.hpp
[0.987s] -- Up-to-date symlink: /home/imamalghifary/ws_sensor_combined/install/bt_uav_controller/share/bt_uav_controller/environment/pythonpath.sh
[0.987s] -- Up-to-date symlink: /home/imamalghifary/ws_sensor_combined/install/bt_uav_controller/share/bt_uav_controller/environment/pythonpath.dsv
[0.988s] -- Up-to-date symlink: /home/imamalghifary/ws_sensor_combined/install/bt_uav_controller/local/lib/python3.10/dist-packages/bt_uav_controller-0.0.0-py3.10.egg-info/PKG-INFO
[0.988s] -- Up-to-date symlink: /home/imamalghifary/ws_sensor_combined/install/bt_uav_controller/local/lib/python3.10/dist-packages/bt_uav_controller-0.0.0-py3.10.egg-info/SOURCES.txt
[0.988s] -- Up-to-date symlink: /home/imamalghifary/ws_sensor_combined/install/bt_uav_controller/local/lib/python3.10/dist-packages/bt_uav_controller-0.0.0-py3.10.egg-info/dependency_links.txt
[0.988s] -- Up-to-date symlink: /home/imamalghifary/ws_sensor_combined/install/bt_uav_controller/local/lib/python3.10/dist-packages/bt_uav_controller-0.0.0-py3.10.egg-info/top_level.txt
[0.989s] -- Up-to-date symlink: /home/imamalghifary/ws_sensor_combined/install/bt_uav_controller/local/lib/python3.10/dist-packages/bt_uav_controller/__init__.py
[0.989s] -- Up-to-date symlink: /home/imamalghifary/ws_sensor_combined/install/bt_uav_controller/local/lib/python3.10/dist-packages/bt_uav_controller/_bt_uav_controller_s.ep.rosidl_typesupport_c.c
[0.989s] -- Up-to-date symlink: /home/imamalghifary/ws_sensor_combined/install/bt_uav_controller/local/lib/python3.10/dist-packages/bt_uav_controller/_bt_uav_controller_s.ep.rosidl_typesupport_fastrtps_c.c
[0.989s] -- Up-to-date symlink: /home/imamalghifary/ws_sensor_combined/install/bt_uav_controller/local/lib/python3.10/dist-packages/bt_uav_controller/_bt_uav_controller_s.ep.rosidl_typesupport_introspection_c.c
[0.989s] -- Up-to-date symlink: /home/imamalghifary/ws_sensor_combined/install/bt_uav_controller/local/lib/python3.10/dist-packages/bt_uav_controller/action/__init__.py
[0.989s] -- Up-to-date symlink: /home/imamalghifary/ws_sensor_combined/install/bt_uav_controller/local/lib/python3.10/dist-packages/bt_uav_controller/action/_takeoff.py
[0.990s] -- Up-to-date symlink: /home/imamalghifary/ws_sensor_combined/install/bt_uav_controller/local/lib/python3.10/dist-packages/bt_uav_controller/action/_takeoff_s.c
[0.990s] -- Up-to-date symlink: /home/imamalghifary/ws_sensor_combined/install/bt_uav_controller/local/lib/python3.10/dist-packages/bt_uav_controller/bt_uav_controller_s__rosidl_typesupport_c.cpython-310-x86_64-linux-gnu.so
[0.990s] -- Up-to-date symlink: /home/imamalghifary/ws_sensor_combined/install/bt_uav_controller/local/lib/python3.10/dist-packages/bt_uav_controller/bt_uav_controller_s__rosidl_typesupport_fastrtps_c.cpython-310-x86_64-linux-gnu.so
[0.990s] -- Up-to-date symlink: /home/imamalghifary/ws_sensor_combined/install/bt_uav_controller/local/lib/python3.10/dist-packages/bt_uav_controller/bt_uav_controller_s__rosidl_typesupport_introspection_c.cpython-310-x86_64-linux-gnu.so
[0.990s] -- Up-to-date symlink: /home/imamalghifary/ws_sensor_combined/install/bt_uav_controller/local/lib/python3.10/dist-packages/bt_uav_controller/libbt_uav_controller__rosidl_generator_py.so
[0.990s] -- Up-to-date symlink: /home/imamalghifary/ws_sensor_combined/install/bt_uav_controller/local/lib/python3.10/dist-packages/bt_uav_controller/bt_uav_controller_s__rosidl_typesupport_fastrtps_c.cpython-310-x86_64-linux-gnu.so
[0.991s] -- Up-to-date symlink: /home/imamalghifary/ws_sensor_combined/install/bt_uav_controller/local/lib/python3.10/dist-packages/bt_uav_controller/bt_uav_controller_s__rosidl_typesupport_introspection_c.cpython-310-x86_64-linux-gnu.so
[0.991s] -- Up-to-date symlink: /home/imamalghifary/ws_sensor_combined/install/bt_uav_controller/local/lib/python3.10/dist-packages/bt_uav_controller/bt_uav_controller_s__rosidl_typesupport_c.cpython-310-x86_64-linux-gnu.so
[0.991s] -- Up-to-date symlink: /home/imamalghifary/ws_sensor_combined/install/bt_uav_controller/share/bt_uav_controller/action/Takeoff.idl
[0.992s] -- Up-to-date symlink: /home/imamalghifary/ws_sensor_combined/install/bt_uav_controller/share/bt_uav_controller/action/Takeoff.action
[0.992s] -- Up-to-date symlink: /home/imamalghifary/ws_sensor_combined/install/bt_uav_controller/lib/bt_uav_controller/bt_uav_controller_node
[0.992s] -- Up-to-date symlink: /home/imamalghifary/ws_sensor_combined/install/bt_uav_controller/lib/bt_uav_controller/takeoff_action_server
[0.992s] -- Up-to-date symlink: /home/imamalghifary/ws_sensor_combined/install/bt_uav_controller/share/ament_index/resource_index/package_run_dependencies/bt_uav_controller
[0.993s] -- Up-to-date symlink: /home/imamalghifary/ws_sensor_combined/install/bt_uav_controller/share/ament_index/resource_index/parent_prefix_path/bt_uav_controller
[0.993s] -- Up-to-date symlink: /home/imamalghifary/ws_sensor_combined/install/bt_uav_controller/share/bt_uav_controller/environment/ament_prefix_path.sh
[0.993s] -- Up-to-date symlink: /home/imamalghifary/ws_sensor_combined/install/bt_uav_controller/share/bt_uav_controller/environment/ament_prefix_path.dsv
[0.993s] -- Up-to-date symlink: /home/imamalghifary/ws_sensor_combined/install/bt_uav_controller/share/bt_uav_controller/environment/path.sh
[0.993s] -- Up-to-date symlink: /home/imamalghifary/ws_sensor_combined/install/bt_uav_controller/share/bt_uav_controller/environment/path.dsv
[0.994s] -- Up-to-date symlink: /home/imamalghifary/ws_sensor_combined/install/bt_uav_controller/share/bt_uav_controller/local_setup.bash
[0.994s] -- Up-to-date symlink: /home/imamalghifary/ws_sensor_combined/install/bt_uav_controller/share/bt_uav_controller/local_setup.sh
[0.994s] -- Up-to-date symlink: /home/imamalghifary/ws_sensor_combined/install/bt_uav_controller/share/bt_uav_controller/local_setup.zsh
[0.994s] -- Up-to-date symlink: /home/imamalghifary/ws_sensor_combined/install/bt_uav_controller/share/bt_uav_controller/local_setup.dsv
[0.994s] -- Symlinking: /home/imamalghifary/ws_sensor_combined/install/bt_uav_controller/share/bt_uav_controller/package.dsv
[1.008s] -- Up-to-date symlink: /home/imamalghifary/ws_sensor_combined/install/bt_uav_controller/share/ament_index/resource_index/packages/bt_uav_controller
[1.008s] -- Up-to-date symlink: /home/imamalghifary/ws_sensor_combined/install/bt_uav_controller/share/bt_uav_controller/cmake/rosidl_cmake-extras.cmake
[1.008s] -- Up-to-date symlink: /home/imamalghifary/ws_sensor_combined/install/bt_uav_controller/share/bt_uav_controller/cmake/ament_cmake_export_dependencies-extras.cmake
[1.008s] -- Up-to-date symlink: /home/imamalghifary/ws_sensor_combined/install/bt_uav_controller/share/bt_uav_controller/cmake/ament_cmake_export_include_directories-extras.cmake
[1.008s] -- Up-to-date symlink: /home/imamalghifary/ws_sensor_combined/install/bt_uav_controller/share/bt_uav_controller/cmake/ament_cmake_export_libraries-extras.cmake
[1.009s] -- Up-to-date symlink: /home/imamalghifary/ws_sensor_combined/install/bt_uav_controller/share/bt_uav_controller/cmake/ament_cmake_export_targets-extras.cmake
[1.009s] -- Up-to-date symlink: /home/imamalghifary/ws_sensor_combined/install/bt_uav_controller/share/bt_uav_controller/cmake/rosidl_cmake_export_typesupport_targets-extras.cmake
[1.009s] -- Up-to-date symlink: /home/imamalghifary/ws_sensor_combined/install/bt_uav_controller/share/bt_uav_controller/cmake/rosidl_cmake_export_typesupport_libraries-extras.cmake
[1.009s] -- Up-to-date symlink: /home/imamalghifary/ws_sensor_combined/install/bt_uav_controller/share/bt_uav_controller/cmake/bt_uav_controllerConfig.cmake
[1.009s] -- Up-to-date symlink: /home/imamalghifary/ws_sensor_combined/install/bt_uav_controller/share/bt_uav_controller/cmake/bt_uav_controllerConfig-version.cmake
[1.009s] -- Up-to-date symlink: /home/imamalghifary/ws_sensor_combined/install/bt_uav_controller/share/bt_uav_controller/package.xml
[1.010s] -- Up-to-date: /home/imamalghifary/ws_sensor_combined/install/bt_uav_controller/lib/libbt_uav_controller__rosidl_generator_c.so
[1.010s] -- Up-to-date: /home/imamalghifary/ws_sensor_combined/install/bt_uav_controller/lib/libbt_uav_controller__rosidl_typesupport_fastrtps_c.so
[1.010s] -- Up-to-date: /home/imamalghifary/ws_sensor_combined/install/bt_uav_controller/lib/libbt_uav_controller__rosidl_typesupport_fastrtps_cpp.so
[1.010s] -- Up-to-date: /home/imamalghifary/ws_sensor_combined/install/bt_uav_controller/lib/libbt_uav_controller__rosidl_typesupport_introspection_c.so
[1.011s] -- Up-to-date: /home/imamalghifary/ws_sensor_combined/install/bt_uav_controller/lib/libbt_uav_controller__rosidl_typesupport_c.so
[1.011s] -- Up-to-date: /home/imamalghifary/ws_sensor_combined/install/bt_uav_controller/lib/libbt_uav_controller__rosidl_typesupport_introspection_cpp.so
[1.011s] -- Up-to-date: /home/imamalghifary/ws_sensor_combined/install/bt_uav_controller/lib/libbt_uav_controller__rosidl_typesupport_cpp.so
[1.053s] Listing '/home/imamalghifary/ws_sensor_combined/install/bt_uav_controller/local/lib/python3.10/dist-packages/bt_uav_controller'...
[1.053s] Listing '/home/imamalghifary/ws_sensor_combined/install/bt_uav_controller/local/lib/python3.10/dist-packages/bt_uav_controller/action'...
[1.060s] -- Up-to-date: /home/imamalghifary/ws_sensor_combined/install/bt_uav_controller/lib/libbt_uav_controller__rosidl_generator_py.so
[1.061s] -- Up-to-date: /home/imamalghifary/ws_sensor_combined/install/bt_uav_controller/share/bt_uav_controller/cmake/export_bt_uav_controller__rosidl_generator_cExport.cmake
[1.061s] -- Up-to-date: /home/imamalghifary/ws_sensor_combined/install/bt_uav_controller/share/bt_uav_controller/cmake/export_bt_uav_controller__rosidl_generator_cExport-noconfig.cmake
[1.061s] -- Up-to-date: /home/imamalghifary/ws_sensor_combined/install/bt_uav_controller/share/bt_uav_controller/cmake/export_bt_uav_controller__rosidl_typesupport_fastrtps_cExport.cmake
[1.061s] -- Up-to-date: /home/imamalghifary/ws_sensor_combined/install/bt_uav_controller/share/bt_uav_controller/cmake/export_bt_uav_controller__rosidl_typesupport_fastrtps_cExport-noconfig.cmake
[1.061s] -- Up-to-date: /home/imamalghifary/ws_sensor_combined/install/bt_uav_controller/share/bt_uav_controller/cmake/export_bt_uav_controller__rosidl_generator_cppExport.cmake
[1.061s] -- Up-to-date: /home/imamalghifary/ws_sensor_combined/install/bt_uav_controller/share/bt_uav_controller/cmake/export_bt_uav_controller__rosidl_typesupport_fastrtps_cppExport.cmake
[1.061s] -- Up-to-date: /home/imamalghifary/ws_sensor_combined/install/bt_uav_controller/share/bt_uav_controller/cmake/export_bt_uav_controller__rosidl_typesupport_fastrtps_cppExport-noconfig.cmake
[1.061s] -- Up-to-date: /home/imamalghifary/ws_sensor_combined/install/bt_uav_controller/share/bt_uav_controller/cmake/bt_uav_controller__rosidl_typesupport_introspection_cExport.cmake
[1.061s] -- Up-to-date: /home/imamalghifary/ws_sensor_combined/install/bt_uav_controller/share/bt_uav_controller/cmake/bt_uav_controller__rosidl_typesupport_introspection_cExport-noconfig.cmake
[1.061s] -- Up-to-date: /home/imamalghifary/ws_sensor_combined/install/bt_uav_controller/share/bt_uav_controller/cmake/bt_uav_controller__rosidl_typesupport_cExport.cmake
[1.061s] -- Up-to-date: /home/imamalghifary/ws_sensor_combined/install/bt_uav_controller/share/bt_uav_controller/cmake/bt_uav_controller__rosidl_typesupport_cExport-noconfig.cmake
[1.061s] -- Up-to-date: /home/imamalghifary/ws_sensor_combined/install/bt_uav_controller/share/bt_uav_controller/cmake/bt_uav_controller__rosidl_typesupport_introspection_cppExport.cmake
[1.061s] -- Up-to-date: /home/imamalghifary/ws_sensor_combined/install/bt_uav_controller/share/bt_uav_controller/cmake/bt_uav_controller__rosidl_typesupport_introspection_cppExport-noconfig.cmake
[1.061s] -- Up-to-date: /home/imamalghifary/ws_sensor_combined/install/bt_uav_controller/share/bt_uav_controller/cmake/bt_uav_controller__rosidl_typesupport_cppExport.cmake
[1.061s] -- Up-to-date: /home/imamalghifary/ws_sensor_combined/install/bt_uav_controller/share/bt_uav_controller/cmake/bt_uav_controller__rosidl_typesupport_cppExport-noconfig.cmake
[1.062s] -- Up-to-date: /home/imamalghifary/ws_sensor_combined/install/bt_uav_controller/share/bt_uav_controller/cmake/export_bt_uav_controller__rosidl_generator_pyExport.cmake
[1.062s] -- Up-to-date: /home/imamalghifary/ws_sensor_combined/install/bt_uav_controller/share/bt_uav_controller/cmake/export_bt_uav_controller__rosidl_generator_pyExport-noconfig.cmake
[1.064s] Invoked command in '/home/imamalghifary/ws_sensor_combined/build/bt_uav_controller' returned '0': CMAKE_PREFIX_PATH=/home/imamalghifary/ws_sensor_combined/install/px4_msgs:/home/imamalghifary/ws_sensor_combined/install/px4_ros_com:/home/imamalghifary/ws_sensor_combined/install/bt_uav_controller:/home/imamalghifary/ws_sensor_combined/install/x500_navigation:/home/imamalghifary/ws_sensor_combined/install/x500_bridge:/home/imamalghifary/ws_sensor_combined/install/px4_offboard:/opt/ros/humble LD_LIBRARY_PATH=/home/imamalghifary/ws_sensor_combined/install/px4_msgs/lib:/home/imamalghifary/ws_sensor_combined/install/px4_ros_com/lib:/home/imamalghifary/ws_sensor_combined/install/bt_uav_controller/lib:/opt/ros/humble/opt/rviz_ogre_vendor/lib:/opt/ros/humble/lib/x86_64-linux-gnu:/opt/ros/humble/lib /usr/bin/cmake --install /home/imamalghifary/ws_sensor_combined/build/bt_uav_controller
