[2.192s] Invoking command in '/home/imamalghifary/ws_sensor_combined/src/x500_bridge': CMAKE_PREFIX_PATH=/home/imamalghifary/ws_sensor_combined/install/px4_msgs:/home/imamalghifary/ws_sensor_combined/install/bt_uav_controller:/home/imamalghifary/ws_sensor_combined/install/x500_description:/home/imamalghifary/ws_sensor_combined/install/px4_ros_com LD_LIBRARY_PATH=/home/imamalghifary/ws_sensor_combined/install/px4_msgs/lib:/home/imamalghifary/ws_sensor_combined/install/px4_ros_com/lib:/opt/ros/humble/opt/rviz_ogre_vendor/lib:/opt/ros/humble/lib/x86_64-linux-gnu:/opt/ros/humble/lib PYTHONPATH=/home/imamalghifary/ws_sensor_combined/build/x500_bridge/prefix_override:/usr/lib/python3/dist-packages/colcon_core/task/python/colcon_distutils_commands:/home/imamalghifary/ws_sensor_combined/install/x500_bridge/lib/python3.10/site-packages:${PYTHONPATH} /usr/bin/python3 -W ignore:setup.py install is deprecated -W ignore:easy_install command is deprecated setup.py egg_info --egg-base ../../build/x500_bridge build --build-base /home/imamalghifary/ws_sensor_combined/build/x500_bridge/build install --record /home/imamalghifary/ws_sensor_combined/build/x500_bridge/install.log --single-version-externally-managed install_data
[2.814s] running egg_info
[2.836s] writing ../../build/x500_bridge/x500_bridge.egg-info/PKG-INFO
[2.837s] writing dependency_links to ../../build/x500_bridge/x500_bridge.egg-info/dependency_links.txt
[2.837s] writing entry points to ../../build/x500_bridge/x500_bridge.egg-info/entry_points.txt
[2.838s] writing requirements to ../../build/x500_bridge/x500_bridge.egg-info/requires.txt
[2.838s] writing top-level names to ../../build/x500_bridge/x500_bridge.egg-info/top_level.txt
[2.928s] reading manifest file '../../build/x500_bridge/x500_bridge.egg-info/SOURCES.txt'
[2.929s] writing manifest file '../../build/x500_bridge/x500_bridge.egg-info/SOURCES.txt'
[2.929s] running build
[2.929s] running build_py
[2.929s] running install
[2.935s] running install_lib
[2.963s] running install_data
[2.963s] running install_egg_info
[2.994s] removing '/home/imamalghifary/ws_sensor_combined/install/x500_bridge/lib/python3.10/site-packages/x500_bridge-0.0.0-py3.10.egg-info' (and everything under it)
[2.994s] Copying ../../build/x500_bridge/x500_bridge.egg-info to /home/imamalghifary/ws_sensor_combined/install/x500_bridge/lib/python3.10/site-packages/x500_bridge-0.0.0-py3.10.egg-info
[2.995s] running install_scripts
[3.099s] Installing cmd_vel_to_offboard script to /home/imamalghifary/ws_sensor_combined/install/x500_bridge/lib/x500_bridge
[3.100s] Installing odom_bridge script to /home/imamalghifary/ws_sensor_combined/install/x500_bridge/lib/x500_bridge
[3.100s] Installing scan_relay script to /home/imamalghifary/ws_sensor_combined/install/x500_bridge/lib/x500_bridge
[3.100s] writing list of installed files to '/home/imamalghifary/ws_sensor_combined/build/x500_bridge/install.log'
[3.196s] Invoked command in '/home/imamalghifary/ws_sensor_combined/src/x500_bridge' returned '0': CMAKE_PREFIX_PATH=/home/imamalghifary/ws_sensor_combined/install/px4_msgs:/home/imamalghifary/ws_sensor_combined/install/bt_uav_controller:/home/imamalghifary/ws_sensor_combined/install/x500_description:/home/imamalghifary/ws_sensor_combined/install/px4_ros_com LD_LIBRARY_PATH=/home/imamalghifary/ws_sensor_combined/install/px4_msgs/lib:/home/imamalghifary/ws_sensor_combined/install/px4_ros_com/lib:/opt/ros/humble/opt/rviz_ogre_vendor/lib:/opt/ros/humble/lib/x86_64-linux-gnu:/opt/ros/humble/lib PYTHONPATH=/home/imamalghifary/ws_sensor_combined/build/x500_bridge/prefix_override:/usr/lib/python3/dist-packages/colcon_core/task/python/colcon_distutils_commands:/home/imamalghifary/ws_sensor_combined/install/x500_bridge/lib/python3.10/site-packages:${PYTHONPATH} /usr/bin/python3 -W ignore:setup.py install is deprecated -W ignore:easy_install command is deprecated setup.py egg_info --egg-base ../../build/x500_bridge build --build-base /home/imamalghifary/ws_sensor_combined/build/x500_bridge/build install --record /home/imamalghifary/ws_sensor_combined/build/x500_bridge/install.log --single-version-externally-managed install_data
