[0.100s] DEBUG:colcon:Command line arguments: ['/usr/bin/colcon', 'build']
[0.100s] DEBUG:colcon:Parsed command line arguments: Namespace(log_base=None, log_level=None, verb_name='build', build_base='build', install_base='install', merge_install=False, symlink_install=False, test_result_base=None, continue_on_error=False, executor='parallel', parallel_workers=22, event_handlers=None, ignore_user_meta=False, metas=['./colcon.meta'], base_paths=['.'], packages_ignore=None, packages_ignore_regex=None, paths=None, packages_up_to=None, packages_up_to_regex=None, packages_above=None, packages_above_and_dependencies=None, packages_above_depth=None, packages_select_by_dep=None, packages_skip_by_dep=None, packages_skip_up_to=None, packages_select_build_failed=False, packages_skip_build_finished=False, packages_select_test_failures=False, packages_skip_test_passed=False, packages_select=None, packages_skip=None, packages_select_regex=None, packages_skip_regex=None, packages_start=None, packages_end=None, allow_overriding=[], cmake_args=None, cmake_target=None, cmake_target_skip_unavailable=False, cmake_clean_cache=False, cmake_clean_first=False, cmake_force_configure=False, ament_cmake_args=None, catkin_cmake_args=None, catkin_skip_building_tests=False, mixin_files=None, mixin=None, verb_parser=<colcon_mixin.mixin.mixin_argument.MixinArgumentDecorator object at 0x76d4ba36f2b0>, verb_extension=<colcon_core.verb.build.BuildVerb object at 0x76d4ba36ece0>, main=<bound method BuildVerb.main of <colcon_core.verb.build.BuildVerb object at 0x76d4ba36ece0>>, mixin_verb=('build',))
[1.305s] Level 1:colcon.colcon_core.package_discovery:discover_packages(colcon_meta) check parameters
[1.305s] Level 1:colcon.colcon_core.package_discovery:discover_packages(recursive) check parameters
[1.305s] Level 1:colcon.colcon_core.package_discovery:discover_packages(ignore) check parameters
[1.306s] Level 1:colcon.colcon_core.package_discovery:discover_packages(path) check parameters
[1.306s] Level 1:colcon.colcon_core.package_discovery:discover_packages(colcon_meta) discover
[1.306s] Level 1:colcon.colcon_core.package_discovery:discover_packages(recursive) discover
[1.306s] INFO:colcon.colcon_core.package_discovery:Crawling recursively for packages in '/home/imamalghifary/ws_sensor_combined'
[1.306s] Level 1:colcon.colcon_core.package_identification:_identify(.) by extensions ['ignore', 'ignore_ament_install']
[1.306s] Level 1:colcon.colcon_core.package_identification:_identify(.) by extension 'ignore'
[1.306s] Level 1:colcon.colcon_core.package_identification:_identify(.) by extension 'ignore_ament_install'
[1.306s] Level 1:colcon.colcon_core.package_identification:_identify(.) by extensions ['colcon_pkg']
[1.306s] Level 1:colcon.colcon_core.package_identification:_identify(.) by extension 'colcon_pkg'
[1.306s] Level 1:colcon.colcon_core.package_identification:_identify(.) by extensions ['colcon_meta']
[1.306s] Level 1:colcon.colcon_core.package_identification:_identify(.) by extension 'colcon_meta'
[1.306s] Level 1:colcon.colcon_core.package_identification:_identify(.) by extensions ['ros']
[1.306s] Level 1:colcon.colcon_core.package_identification:_identify(.) by extension 'ros'
[1.316s] Level 1:colcon.colcon_core.package_identification:_identify(.) by extensions ['cmake', 'python']
[1.316s] Level 1:colcon.colcon_core.package_identification:_identify(.) by extension 'cmake'
[1.316s] Level 1:colcon.colcon_core.package_identification:_identify(.) by extension 'python'
[1.316s] Level 1:colcon.colcon_core.package_identification:_identify(.) by extensions ['python_setup_py']
[1.316s] Level 1:colcon.colcon_core.package_identification:_identify(.) by extension 'python_setup_py'
[1.316s] Level 1:colcon.colcon_core.package_identification:_identify(build) by extensions ['ignore', 'ignore_ament_install']
[1.316s] Level 1:colcon.colcon_core.package_identification:_identify(build) by extension 'ignore'
[1.316s] Level 1:colcon.colcon_core.package_identification:_identify(build) ignored
[1.316s] Level 1:colcon.colcon_core.package_identification:_identify(install) by extensions ['ignore', 'ignore_ament_install']
[1.316s] Level 1:colcon.colcon_core.package_identification:_identify(install) by extension 'ignore'
[1.316s] Level 1:colcon.colcon_core.package_identification:_identify(install) ignored
[1.316s] Level 1:colcon.colcon_core.package_identification:_identify(log) by extensions ['ignore', 'ignore_ament_install']
[1.316s] Level 1:colcon.colcon_core.package_identification:_identify(log) by extension 'ignore'
[1.316s] Level 1:colcon.colcon_core.package_identification:_identify(log) ignored
[1.317s] Level 1:colcon.colcon_core.package_identification:_identify(src) by extensions ['ignore', 'ignore_ament_install']
[1.317s] Level 1:colcon.colcon_core.package_identification:_identify(src) by extension 'ignore'
[1.317s] Level 1:colcon.colcon_core.package_identification:_identify(src) by extension 'ignore_ament_install'
[1.317s] Level 1:colcon.colcon_core.package_identification:_identify(src) by extensions ['colcon_pkg']
[1.317s] Level 1:colcon.colcon_core.package_identification:_identify(src) by extension 'colcon_pkg'
[1.317s] Level 1:colcon.colcon_core.package_identification:_identify(src) by extensions ['colcon_meta']
[1.317s] Level 1:colcon.colcon_core.package_identification:_identify(src) by extension 'colcon_meta'
[1.317s] Level 1:colcon.colcon_core.package_identification:_identify(src) by extensions ['ros']
[1.317s] Level 1:colcon.colcon_core.package_identification:_identify(src) by extension 'ros'
[1.317s] Level 1:colcon.colcon_core.package_identification:_identify(src) by extensions ['cmake', 'python']
[1.317s] Level 1:colcon.colcon_core.package_identification:_identify(src) by extension 'cmake'
[1.317s] Level 1:colcon.colcon_core.package_identification:_identify(src) by extension 'python'
[1.317s] Level 1:colcon.colcon_core.package_identification:_identify(src) by extensions ['python_setup_py']
[1.317s] Level 1:colcon.colcon_core.package_identification:_identify(src) by extension 'python_setup_py'
[1.317s] Level 1:colcon.colcon_core.package_identification:_identify(src/ROS2_PX4_Offboard_Example) by extensions ['ignore', 'ignore_ament_install']
[1.317s] Level 1:colcon.colcon_core.package_identification:_identify(src/ROS2_PX4_Offboard_Example) by extension 'ignore'
[1.317s] Level 1:colcon.colcon_core.package_identification:_identify(src/ROS2_PX4_Offboard_Example) by extension 'ignore_ament_install'
[1.317s] Level 1:colcon.colcon_core.package_identification:_identify(src/ROS2_PX4_Offboard_Example) by extensions ['colcon_pkg']
[1.317s] Level 1:colcon.colcon_core.package_identification:_identify(src/ROS2_PX4_Offboard_Example) by extension 'colcon_pkg'
[1.317s] Level 1:colcon.colcon_core.package_identification:_identify(src/ROS2_PX4_Offboard_Example) by extensions ['colcon_meta']
[1.317s] Level 1:colcon.colcon_core.package_identification:_identify(src/ROS2_PX4_Offboard_Example) by extension 'colcon_meta'
[1.317s] Level 1:colcon.colcon_core.package_identification:_identify(src/ROS2_PX4_Offboard_Example) by extensions ['ros']
[1.317s] Level 1:colcon.colcon_core.package_identification:_identify(src/ROS2_PX4_Offboard_Example) by extension 'ros'
[1.317s] Level 1:colcon.colcon_core.package_identification:_identify(src/ROS2_PX4_Offboard_Example) by extensions ['cmake', 'python']
[1.317s] Level 1:colcon.colcon_core.package_identification:_identify(src/ROS2_PX4_Offboard_Example) by extension 'cmake'
[1.317s] Level 1:colcon.colcon_core.package_identification:_identify(src/ROS2_PX4_Offboard_Example) by extension 'python'
[1.317s] Level 1:colcon.colcon_core.package_identification:_identify(src/ROS2_PX4_Offboard_Example) by extensions ['python_setup_py']
[1.317s] Level 1:colcon.colcon_core.package_identification:_identify(src/ROS2_PX4_Offboard_Example) by extension 'python_setup_py'
[1.318s] Level 1:colcon.colcon_core.package_identification:_identify(src/ROS2_PX4_Offboard_Example/px4_offboard) by extensions ['ignore', 'ignore_ament_install']
[1.318s] Level 1:colcon.colcon_core.package_identification:_identify(src/ROS2_PX4_Offboard_Example/px4_offboard) by extension 'ignore'
[1.318s] Level 1:colcon.colcon_core.package_identification:_identify(src/ROS2_PX4_Offboard_Example/px4_offboard) by extension 'ignore_ament_install'
[1.318s] Level 1:colcon.colcon_core.package_identification:_identify(src/ROS2_PX4_Offboard_Example/px4_offboard) by extensions ['colcon_pkg']
[1.318s] Level 1:colcon.colcon_core.package_identification:_identify(src/ROS2_PX4_Offboard_Example/px4_offboard) by extension 'colcon_pkg'
[1.318s] Level 1:colcon.colcon_core.package_identification:_identify(src/ROS2_PX4_Offboard_Example/px4_offboard) by extensions ['colcon_meta']
[1.318s] Level 1:colcon.colcon_core.package_identification:_identify(src/ROS2_PX4_Offboard_Example/px4_offboard) by extension 'colcon_meta'
[1.318s] Level 1:colcon.colcon_core.package_identification:_identify(src/ROS2_PX4_Offboard_Example/px4_offboard) by extensions ['ros']
[1.318s] Level 1:colcon.colcon_core.package_identification:_identify(src/ROS2_PX4_Offboard_Example/px4_offboard) by extension 'ros'
[1.319s] DEBUG:colcon.colcon_core.package_identification:Package 'src/ROS2_PX4_Offboard_Example/px4_offboard' with type 'ros.ament_python' and name 'px4_offboard'
[1.345s] Level 1:colcon.colcon_core.package_identification:_identify(src/build) by extensions ['ignore', 'ignore_ament_install']
[1.345s] Level 1:colcon.colcon_core.package_identification:_identify(src/build) by extension 'ignore'
[1.345s] Level 1:colcon.colcon_core.package_identification:_identify(src/build) ignored
[1.346s] Level 1:colcon.colcon_core.package_identification:_identify(src/install) by extensions ['ignore', 'ignore_ament_install']
[1.346s] Level 1:colcon.colcon_core.package_identification:_identify(src/install) by extension 'ignore'
[1.346s] Level 1:colcon.colcon_core.package_identification:_identify(src/install) ignored
[1.346s] Level 1:colcon.colcon_core.package_identification:_identify(src/log) by extensions ['ignore', 'ignore_ament_install']
[1.346s] Level 1:colcon.colcon_core.package_identification:_identify(src/log) by extension 'ignore'
[1.346s] Level 1:colcon.colcon_core.package_identification:_identify(src/log) ignored
[1.346s] Level 1:colcon.colcon_core.package_identification:_identify(src/px4_msgs) by extensions ['ignore', 'ignore_ament_install']
[1.346s] Level 1:colcon.colcon_core.package_identification:_identify(src/px4_msgs) by extension 'ignore'
[1.346s] Level 1:colcon.colcon_core.package_identification:_identify(src/px4_msgs) by extension 'ignore_ament_install'
[1.346s] Level 1:colcon.colcon_core.package_identification:_identify(src/px4_msgs) by extensions ['colcon_pkg']
[1.346s] Level 1:colcon.colcon_core.package_identification:_identify(src/px4_msgs) by extension 'colcon_pkg'
[1.346s] Level 1:colcon.colcon_core.package_identification:_identify(src/px4_msgs) by extensions ['colcon_meta']
[1.346s] Level 1:colcon.colcon_core.package_identification:_identify(src/px4_msgs) by extension 'colcon_meta'
[1.346s] Level 1:colcon.colcon_core.package_identification:_identify(src/px4_msgs) by extensions ['ros']
[1.346s] Level 1:colcon.colcon_core.package_identification:_identify(src/px4_msgs) by extension 'ros'
[1.347s] DEBUG:colcon.colcon_core.package_identification:Package 'src/px4_msgs' with type 'ros.ament_cmake' and name 'px4_msgs'
[1.363s] Level 1:colcon.colcon_core.package_identification:_identify(src/px4_ros_com) by extensions ['ignore', 'ignore_ament_install']
[1.363s] Level 1:colcon.colcon_core.package_identification:_identify(src/px4_ros_com) by extension 'ignore'
[1.363s] Level 1:colcon.colcon_core.package_identification:_identify(src/px4_ros_com) by extension 'ignore_ament_install'
[1.363s] Level 1:colcon.colcon_core.package_identification:_identify(src/px4_ros_com) by extensions ['colcon_pkg']
[1.363s] Level 1:colcon.colcon_core.package_identification:_identify(src/px4_ros_com) by extension 'colcon_pkg'
[1.363s] Level 1:colcon.colcon_core.package_identification:_identify(src/px4_ros_com) by extensions ['colcon_meta']
[1.363s] Level 1:colcon.colcon_core.package_identification:_identify(src/px4_ros_com) by extension 'colcon_meta'
[1.364s] Level 1:colcon.colcon_core.package_identification:_identify(src/px4_ros_com) by extensions ['ros']
[1.364s] Level 1:colcon.colcon_core.package_identification:_identify(src/px4_ros_com) by extension 'ros'
[1.365s] DEBUG:colcon.colcon_core.package_identification:Package 'src/px4_ros_com' with type 'ros.ament_cmake' and name 'px4_ros_com'
[1.365s] Level 1:colcon.colcon_core.package_identification:_identify(src/x500_bridge) by extensions ['ignore', 'ignore_ament_install']
[1.365s] Level 1:colcon.colcon_core.package_identification:_identify(src/x500_bridge) by extension 'ignore'
[1.365s] Level 1:colcon.colcon_core.package_identification:_identify(src/x500_bridge) by extension 'ignore_ament_install'
[1.365s] Level 1:colcon.colcon_core.package_identification:_identify(src/x500_bridge) by extensions ['colcon_pkg']
[1.365s] Level 1:colcon.colcon_core.package_identification:_identify(src/x500_bridge) by extension 'colcon_pkg'
[1.365s] Level 1:colcon.colcon_core.package_identification:_identify(src/x500_bridge) by extensions ['colcon_meta']
[1.365s] Level 1:colcon.colcon_core.package_identification:_identify(src/x500_bridge) by extension 'colcon_meta'
[1.365s] Level 1:colcon.colcon_core.package_identification:_identify(src/x500_bridge) by extensions ['ros']
[1.365s] Level 1:colcon.colcon_core.package_identification:_identify(src/x500_bridge) by extension 'ros'
[1.366s] DEBUG:colcon.colcon_core.package_identification:Package 'src/x500_bridge' with type 'ros.ament_python' and name 'x500_bridge'
[1.366s] Level 1:colcon.colcon_core.package_identification:_identify(src/x500_description) by extensions ['ignore', 'ignore_ament_install']
[1.366s] Level 1:colcon.colcon_core.package_identification:_identify(src/x500_description) by extension 'ignore'
[1.366s] Level 1:colcon.colcon_core.package_identification:_identify(src/x500_description) by extension 'ignore_ament_install'
[1.366s] Level 1:colcon.colcon_core.package_identification:_identify(src/x500_description) by extensions ['colcon_pkg']
[1.366s] Level 1:colcon.colcon_core.package_identification:_identify(src/x500_description) by extension 'colcon_pkg'
[1.366s] Level 1:colcon.colcon_core.package_identification:_identify(src/x500_description) by extensions ['colcon_meta']
[1.366s] Level 1:colcon.colcon_core.package_identification:_identify(src/x500_description) by extension 'colcon_meta'
[1.366s] Level 1:colcon.colcon_core.package_identification:_identify(src/x500_description) by extensions ['ros']
[1.366s] Level 1:colcon.colcon_core.package_identification:_identify(src/x500_description) by extension 'ros'
[1.366s] DEBUG:colcon.colcon_core.package_identification:Package 'src/x500_description' with type 'ros.ament_cmake' and name 'x500_description'
[1.367s] Level 1:colcon.colcon_core.package_discovery:discover_packages(recursive) using defaults
[1.367s] Level 1:colcon.colcon_core.package_discovery:discover_packages(ignore) discover
[1.367s] Level 1:colcon.colcon_core.package_discovery:discover_packages(ignore) using defaults
[1.367s] Level 1:colcon.colcon_core.package_discovery:discover_packages(path) discover
[1.367s] Level 1:colcon.colcon_core.package_discovery:discover_packages(path) using defaults
[1.398s] Level 1:colcon.colcon_core.package_discovery:discover_packages(prefix_path) check parameters
[1.398s] Level 1:colcon.colcon_core.package_discovery:discover_packages(prefix_path) discover
[1.450s] DEBUG:colcon.colcon_installed_package_information.package_discovery:Found 5 installed packages in /home/imamalghifary/ws_sensor_combined/install
[1.452s] DEBUG:colcon.colcon_installed_package_information.package_discovery:Found 364 installed packages in /opt/ros/humble
[1.453s] Level 1:colcon.colcon_core.package_discovery:discover_packages(prefix_path) using defaults
[1.484s] Level 5:colcon.colcon_core.verb:set package 'px4_msgs' build argument 'cmake_args' from command line to 'None'
[1.484s] Level 5:colcon.colcon_core.verb:set package 'px4_msgs' build argument 'cmake_target' from command line to 'None'
[1.484s] Level 5:colcon.colcon_core.verb:set package 'px4_msgs' build argument 'cmake_target_skip_unavailable' from command line to 'False'
[1.484s] Level 5:colcon.colcon_core.verb:set package 'px4_msgs' build argument 'cmake_clean_cache' from command line to 'False'
[1.484s] Level 5:colcon.colcon_core.verb:set package 'px4_msgs' build argument 'cmake_clean_first' from command line to 'False'
[1.484s] Level 5:colcon.colcon_core.verb:set package 'px4_msgs' build argument 'cmake_force_configure' from command line to 'False'
[1.484s] Level 5:colcon.colcon_core.verb:set package 'px4_msgs' build argument 'ament_cmake_args' from command line to 'None'
[1.484s] Level 5:colcon.colcon_core.verb:set package 'px4_msgs' build argument 'catkin_cmake_args' from command line to 'None'
[1.484s] Level 5:colcon.colcon_core.verb:set package 'px4_msgs' build argument 'catkin_skip_building_tests' from command line to 'False'
[1.484s] DEBUG:colcon.colcon_core.verb:Building package 'px4_msgs' with the following arguments: {'ament_cmake_args': None, 'build_base': '/home/imamalghifary/ws_sensor_combined/build/px4_msgs', 'catkin_cmake_args': None, 'catkin_skip_building_tests': False, 'cmake_args': None, 'cmake_clean_cache': False, 'cmake_clean_first': False, 'cmake_force_configure': False, 'cmake_target': None, 'cmake_target_skip_unavailable': False, 'install_base': '/home/imamalghifary/ws_sensor_combined/install/px4_msgs', 'merge_install': False, 'path': '/home/imamalghifary/ws_sensor_combined/src/px4_msgs', 'symlink_install': False, 'test_result_base': None}
[1.484s] Level 5:colcon.colcon_core.verb:set package 'x500_description' build argument 'cmake_args' from command line to 'None'
[1.484s] Level 5:colcon.colcon_core.verb:set package 'x500_description' build argument 'cmake_target' from command line to 'None'
[1.484s] Level 5:colcon.colcon_core.verb:set package 'x500_description' build argument 'cmake_target_skip_unavailable' from command line to 'False'
[1.484s] Level 5:colcon.colcon_core.verb:set package 'x500_description' build argument 'cmake_clean_cache' from command line to 'False'
[1.484s] Level 5:colcon.colcon_core.verb:set package 'x500_description' build argument 'cmake_clean_first' from command line to 'False'
[1.484s] Level 5:colcon.colcon_core.verb:set package 'x500_description' build argument 'cmake_force_configure' from command line to 'False'
[1.484s] Level 5:colcon.colcon_core.verb:set package 'x500_description' build argument 'ament_cmake_args' from command line to 'None'
[1.484s] Level 5:colcon.colcon_core.verb:set package 'x500_description' build argument 'catkin_cmake_args' from command line to 'None'
[1.484s] Level 5:colcon.colcon_core.verb:set package 'x500_description' build argument 'catkin_skip_building_tests' from command line to 'False'
[1.484s] DEBUG:colcon.colcon_core.verb:Building package 'x500_description' with the following arguments: {'ament_cmake_args': None, 'build_base': '/home/imamalghifary/ws_sensor_combined/build/x500_description', 'catkin_cmake_args': None, 'catkin_skip_building_tests': False, 'cmake_args': None, 'cmake_clean_cache': False, 'cmake_clean_first': False, 'cmake_force_configure': False, 'cmake_target': None, 'cmake_target_skip_unavailable': False, 'install_base': '/home/imamalghifary/ws_sensor_combined/install/x500_description', 'merge_install': False, 'path': '/home/imamalghifary/ws_sensor_combined/src/x500_description', 'symlink_install': False, 'test_result_base': None}
[1.484s] Level 5:colcon.colcon_core.verb:set package 'px4_offboard' build argument 'cmake_args' from command line to 'None'
[1.484s] Level 5:colcon.colcon_core.verb:set package 'px4_offboard' build argument 'cmake_target' from command line to 'None'
[1.484s] Level 5:colcon.colcon_core.verb:set package 'px4_offboard' build argument 'cmake_target_skip_unavailable' from command line to 'False'
[1.484s] Level 5:colcon.colcon_core.verb:set package 'px4_offboard' build argument 'cmake_clean_cache' from command line to 'False'
[1.484s] Level 5:colcon.colcon_core.verb:set package 'px4_offboard' build argument 'cmake_clean_first' from command line to 'False'
[1.484s] Level 5:colcon.colcon_core.verb:set package 'px4_offboard' build argument 'cmake_force_configure' from command line to 'False'
[1.485s] Level 5:colcon.colcon_core.verb:set package 'px4_offboard' build argument 'ament_cmake_args' from command line to 'None'
[1.485s] Level 5:colcon.colcon_core.verb:set package 'px4_offboard' build argument 'catkin_cmake_args' from command line to 'None'
[1.485s] Level 5:colcon.colcon_core.verb:set package 'px4_offboard' build argument 'catkin_skip_building_tests' from command line to 'False'
[1.485s] DEBUG:colcon.colcon_core.verb:Building package 'px4_offboard' with the following arguments: {'ament_cmake_args': None, 'build_base': '/home/imamalghifary/ws_sensor_combined/build/px4_offboard', 'catkin_cmake_args': None, 'catkin_skip_building_tests': False, 'cmake_args': None, 'cmake_clean_cache': False, 'cmake_clean_first': False, 'cmake_force_configure': False, 'cmake_target': None, 'cmake_target_skip_unavailable': False, 'install_base': '/home/imamalghifary/ws_sensor_combined/install/px4_offboard', 'merge_install': False, 'path': '/home/imamalghifary/ws_sensor_combined/src/ROS2_PX4_Offboard_Example/px4_offboard', 'symlink_install': False, 'test_result_base': None}
[1.485s] Level 5:colcon.colcon_core.verb:set package 'px4_ros_com' build argument 'cmake_args' from command line to 'None'
[1.485s] Level 5:colcon.colcon_core.verb:set package 'px4_ros_com' build argument 'cmake_target' from command line to 'None'
[1.485s] Level 5:colcon.colcon_core.verb:set package 'px4_ros_com' build argument 'cmake_target_skip_unavailable' from command line to 'False'
[1.485s] Level 5:colcon.colcon_core.verb:set package 'px4_ros_com' build argument 'cmake_clean_cache' from command line to 'False'
[1.485s] Level 5:colcon.colcon_core.verb:set package 'px4_ros_com' build argument 'cmake_clean_first' from command line to 'False'
[1.485s] Level 5:colcon.colcon_core.verb:set package 'px4_ros_com' build argument 'cmake_force_configure' from command line to 'False'
[1.485s] Level 5:colcon.colcon_core.verb:set package 'px4_ros_com' build argument 'ament_cmake_args' from command line to 'None'
[1.485s] Level 5:colcon.colcon_core.verb:set package 'px4_ros_com' build argument 'catkin_cmake_args' from command line to 'None'
[1.485s] Level 5:colcon.colcon_core.verb:set package 'px4_ros_com' build argument 'catkin_skip_building_tests' from command line to 'False'
[1.485s] DEBUG:colcon.colcon_core.verb:Building package 'px4_ros_com' with the following arguments: {'ament_cmake_args': None, 'build_base': '/home/imamalghifary/ws_sensor_combined/build/px4_ros_com', 'catkin_cmake_args': None, 'catkin_skip_building_tests': False, 'cmake_args': None, 'cmake_clean_cache': False, 'cmake_clean_first': False, 'cmake_force_configure': False, 'cmake_target': None, 'cmake_target_skip_unavailable': False, 'install_base': '/home/imamalghifary/ws_sensor_combined/install/px4_ros_com', 'merge_install': False, 'path': '/home/imamalghifary/ws_sensor_combined/src/px4_ros_com', 'symlink_install': False, 'test_result_base': None}
[1.485s] Level 5:colcon.colcon_core.verb:set package 'x500_bridge' build argument 'cmake_args' from command line to 'None'
[1.485s] Level 5:colcon.colcon_core.verb:set package 'x500_bridge' build argument 'cmake_target' from command line to 'None'
[1.485s] Level 5:colcon.colcon_core.verb:set package 'x500_bridge' build argument 'cmake_target_skip_unavailable' from command line to 'False'
[1.485s] Level 5:colcon.colcon_core.verb:set package 'x500_bridge' build argument 'cmake_clean_cache' from command line to 'False'
[1.485s] Level 5:colcon.colcon_core.verb:set package 'x500_bridge' build argument 'cmake_clean_first' from command line to 'False'
[1.485s] Level 5:colcon.colcon_core.verb:set package 'x500_bridge' build argument 'cmake_force_configure' from command line to 'False'
[1.485s] Level 5:colcon.colcon_core.verb:set package 'x500_bridge' build argument 'ament_cmake_args' from command line to 'None'
[1.485s] Level 5:colcon.colcon_core.verb:set package 'x500_bridge' build argument 'catkin_cmake_args' from command line to 'None'
[1.485s] Level 5:colcon.colcon_core.verb:set package 'x500_bridge' build argument 'catkin_skip_building_tests' from command line to 'False'
[1.485s] DEBUG:colcon.colcon_core.verb:Building package 'x500_bridge' with the following arguments: {'ament_cmake_args': None, 'build_base': '/home/imamalghifary/ws_sensor_combined/build/x500_bridge', 'catkin_cmake_args': None, 'catkin_skip_building_tests': False, 'cmake_args': None, 'cmake_clean_cache': False, 'cmake_clean_first': False, 'cmake_force_configure': False, 'cmake_target': None, 'cmake_target_skip_unavailable': False, 'install_base': '/home/imamalghifary/ws_sensor_combined/install/x500_bridge', 'merge_install': False, 'path': '/home/imamalghifary/ws_sensor_combined/src/x500_bridge', 'symlink_install': False, 'test_result_base': None}
[1.485s] INFO:colcon.colcon_core.executor:Executing jobs using 'parallel' executor
[1.486s] DEBUG:colcon.colcon_parallel_executor.executor.parallel:run_until_complete
[1.486s] INFO:colcon.colcon_ros.task.ament_cmake.build:Building ROS package in '/home/imamalghifary/ws_sensor_combined/src/px4_msgs' with build type 'ament_cmake'
[1.486s] INFO:colcon.colcon_cmake.task.cmake.build:Building CMake package in '/home/imamalghifary/ws_sensor_combined/src/px4_msgs'
[1.488s] INFO:colcon.colcon_core.plugin_system:Skipping extension 'colcon_core.shell.bat': Not used on non-Windows systems
[1.488s] INFO:colcon.colcon_core.shell:Skip shell extension 'powershell' for command environment: Not usable outside of PowerShell
[1.488s] DEBUG:colcon.colcon_core.shell:Skip shell extension 'dsv' for command environment
[1.492s] INFO:colcon.colcon_ros.task.ament_cmake.build:Building ROS package in '/home/imamalghifary/ws_sensor_combined/src/x500_description' with build type 'ament_cmake'
[1.493s] INFO:colcon.colcon_cmake.task.cmake.build:Building CMake package in '/home/imamalghifary/ws_sensor_combined/src/x500_description'
[1.493s] INFO:colcon.colcon_core.shell:Skip shell extension 'powershell' for command environment: Not usable outside of PowerShell
[1.493s] DEBUG:colcon.colcon_core.shell:Skip shell extension 'dsv' for command environment
[1.498s] DEBUG:colcon.colcon_core.event_handler.log_command:Invoking command in '/home/imamalghifary/ws_sensor_combined/build/px4_msgs': CMAKE_PREFIX_PATH=${CMAKE_PREFIX_PATH}:/home/imamalghifary/ws_sensor_combined/install/x500_bridge:/home/imamalghifary/ws_sensor_combined/install/px4_offboard:/opt/ros/humble /usr/bin/cmake --build /home/imamalghifary/ws_sensor_combined/build/px4_msgs -- -j22 -l22
[1.504s] DEBUG:colcon.colcon_core.event_handler.log_command:Invoking command in '/home/imamalghifary/ws_sensor_combined/build/x500_description': CMAKE_PREFIX_PATH=${CMAKE_PREFIX_PATH}:/home/imamalghifary/ws_sensor_combined/install/x500_bridge:/home/imamalghifary/ws_sensor_combined/install/px4_offboard:/opt/ros/humble /usr/bin/cmake --build /home/imamalghifary/ws_sensor_combined/build/x500_description -- -j22 -l22
[1.663s] DEBUG:colcon.colcon_core.event_handler.log_command:Invoked command in '/home/imamalghifary/ws_sensor_combined/build/x500_description' returned '0': CMAKE_PREFIX_PATH=${CMAKE_PREFIX_PATH}:/home/imamalghifary/ws_sensor_combined/install/x500_bridge:/home/imamalghifary/ws_sensor_combined/install/px4_offboard:/opt/ros/humble /usr/bin/cmake --build /home/imamalghifary/ws_sensor_combined/build/x500_description -- -j22 -l22
[1.670s] DEBUG:colcon.colcon_core.event_handler.log_command:Invoking command in '/home/imamalghifary/ws_sensor_combined/build/x500_description': CMAKE_PREFIX_PATH=${CMAKE_PREFIX_PATH}:/home/imamalghifary/ws_sensor_combined/install/x500_bridge:/home/imamalghifary/ws_sensor_combined/install/px4_offboard:/opt/ros/humble /usr/bin/cmake --install /home/imamalghifary/ws_sensor_combined/build/x500_description
[1.831s] Level 1:colcon.colcon_core.environment:create_environment_scripts_only(x500_description)
[1.831s] DEBUG:colcon.colcon_core.event_handler.log_command:Invoked command in '/home/imamalghifary/ws_sensor_combined/build/x500_description' returned '0': CMAKE_PREFIX_PATH=${CMAKE_PREFIX_PATH}:/home/imamalghifary/ws_sensor_combined/install/x500_bridge:/home/imamalghifary/ws_sensor_combined/install/px4_offboard:/opt/ros/humble /usr/bin/cmake --install /home/imamalghifary/ws_sensor_combined/build/x500_description
[1.834s] Level 1:colcon.colcon_core.environment:checking '/home/imamalghifary/ws_sensor_combined/install/x500_description' for CMake module files
[1.834s] Level 1:colcon.colcon_core.environment:checking '/home/imamalghifary/ws_sensor_combined/install/x500_description' for CMake config files
[1.834s] Level 1:colcon.colcon_core.shell:create_environment_hook('x500_description', 'cmake_prefix_path')
[1.835s] INFO:colcon.colcon_core.shell:Creating environment hook '/home/imamalghifary/ws_sensor_combined/install/x500_description/share/x500_description/hook/cmake_prefix_path.ps1'
[1.835s] INFO:colcon.colcon_core.shell:Creating environment descriptor '/home/imamalghifary/ws_sensor_combined/install/x500_description/share/x500_description/hook/cmake_prefix_path.dsv'
[1.836s] INFO:colcon.colcon_core.shell:Creating environment hook '/home/imamalghifary/ws_sensor_combined/install/x500_description/share/x500_description/hook/cmake_prefix_path.sh'
[1.836s] Level 1:colcon.colcon_core.environment:checking '/home/imamalghifary/ws_sensor_combined/install/x500_description/bin'
[1.836s] Level 1:colcon.colcon_core.environment:checking '/home/imamalghifary/ws_sensor_combined/install/x500_description/lib/pkgconfig/x500_description.pc'
[1.837s] Level 1:colcon.colcon_core.environment:checking '/home/imamalghifary/ws_sensor_combined/install/x500_description/lib/python3.10/site-packages'
[1.837s] Level 1:colcon.colcon_core.environment:checking '/home/imamalghifary/ws_sensor_combined/install/x500_description/bin'
[1.837s] INFO:colcon.colcon_core.shell:Creating package script '/home/imamalghifary/ws_sensor_combined/install/x500_description/share/x500_description/package.ps1'
[1.837s] INFO:colcon.colcon_core.shell:Creating package descriptor '/home/imamalghifary/ws_sensor_combined/install/x500_description/share/x500_description/package.dsv'
[1.838s] INFO:colcon.colcon_core.shell:Creating package script '/home/imamalghifary/ws_sensor_combined/install/x500_description/share/x500_description/package.sh'
[1.838s] INFO:colcon.colcon_core.shell:Creating package script '/home/imamalghifary/ws_sensor_combined/install/x500_description/share/x500_description/package.bash'
[1.839s] INFO:colcon.colcon_core.shell:Creating package script '/home/imamalghifary/ws_sensor_combined/install/x500_description/share/x500_description/package.zsh'
[1.839s] Level 1:colcon.colcon_core.environment:create_file_with_runtime_dependencies(/home/imamalghifary/ws_sensor_combined/install/x500_description/share/colcon-core/packages/x500_description)
[1.840s] Level 1:colcon.colcon_core.environment:create_environment_scripts_only(x500_description)
[1.840s] Level 1:colcon.colcon_core.environment:checking '/home/imamalghifary/ws_sensor_combined/install/x500_description' for CMake module files
[1.840s] Level 1:colcon.colcon_core.environment:checking '/home/imamalghifary/ws_sensor_combined/install/x500_description' for CMake config files
[1.840s] Level 1:colcon.colcon_core.shell:create_environment_hook('x500_description', 'cmake_prefix_path')
[1.840s] INFO:colcon.colcon_core.shell:Creating environment hook '/home/imamalghifary/ws_sensor_combined/install/x500_description/share/x500_description/hook/cmake_prefix_path.ps1'
[1.841s] INFO:colcon.colcon_core.shell:Creating environment descriptor '/home/imamalghifary/ws_sensor_combined/install/x500_description/share/x500_description/hook/cmake_prefix_path.dsv'
[1.841s] INFO:colcon.colcon_core.shell:Creating environment hook '/home/imamalghifary/ws_sensor_combined/install/x500_description/share/x500_description/hook/cmake_prefix_path.sh'
[1.841s] Level 1:colcon.colcon_core.environment:checking '/home/imamalghifary/ws_sensor_combined/install/x500_description/bin'
[1.841s] Level 1:colcon.colcon_core.environment:checking '/home/imamalghifary/ws_sensor_combined/install/x500_description/lib/pkgconfig/x500_description.pc'
[1.841s] Level 1:colcon.colcon_core.environment:checking '/home/imamalghifary/ws_sensor_combined/install/x500_description/lib/python3.10/site-packages'
[1.841s] Level 1:colcon.colcon_core.environment:checking '/home/imamalghifary/ws_sensor_combined/install/x500_description/bin'
[1.842s] INFO:colcon.colcon_core.shell:Creating package script '/home/imamalghifary/ws_sensor_combined/install/x500_description/share/x500_description/package.ps1'
[1.842s] INFO:colcon.colcon_core.shell:Creating package descriptor '/home/imamalghifary/ws_sensor_combined/install/x500_description/share/x500_description/package.dsv'
[1.842s] INFO:colcon.colcon_core.shell:Creating package script '/home/imamalghifary/ws_sensor_combined/install/x500_description/share/x500_description/package.sh'
[1.843s] INFO:colcon.colcon_core.shell:Creating package script '/home/imamalghifary/ws_sensor_combined/install/x500_description/share/x500_description/package.bash'
[1.843s] INFO:colcon.colcon_core.shell:Creating package script '/home/imamalghifary/ws_sensor_combined/install/x500_description/share/x500_description/package.zsh'
[1.843s] Level 1:colcon.colcon_core.environment:create_file_with_runtime_dependencies(/home/imamalghifary/ws_sensor_combined/install/x500_description/share/colcon-core/packages/x500_description)
[2.464s] DEBUG:colcon.colcon_core.event_handler.log_command:Invoked command in '/home/imamalghifary/ws_sensor_combined/build/px4_msgs' returned '0': CMAKE_PREFIX_PATH=${CMAKE_PREFIX_PATH}:/home/imamalghifary/ws_sensor_combined/install/x500_bridge:/home/imamalghifary/ws_sensor_combined/install/px4_offboard:/opt/ros/humble /usr/bin/cmake --build /home/imamalghifary/ws_sensor_combined/build/px4_msgs -- -j22 -l22
[2.466s] DEBUG:colcon.colcon_core.event_handler.log_command:Invoking command in '/home/imamalghifary/ws_sensor_combined/build/px4_msgs': CMAKE_PREFIX_PATH=${CMAKE_PREFIX_PATH}:/home/imamalghifary/ws_sensor_combined/install/x500_bridge:/home/imamalghifary/ws_sensor_combined/install/px4_offboard:/opt/ros/humble /usr/bin/cmake --install /home/imamalghifary/ws_sensor_combined/build/px4_msgs
[5.062s] Level 1:colcon.colcon_core.environment:create_environment_scripts_only(px4_msgs)
[5.063s] Level 1:colcon.colcon_core.environment:checking '/home/imamalghifary/ws_sensor_combined/install/px4_msgs' for CMake module files
[5.063s] DEBUG:colcon.colcon_core.event_handler.log_command:Invoked command in '/home/imamalghifary/ws_sensor_combined/build/px4_msgs' returned '0': CMAKE_PREFIX_PATH=${CMAKE_PREFIX_PATH}:/home/imamalghifary/ws_sensor_combined/install/x500_bridge:/home/imamalghifary/ws_sensor_combined/install/px4_offboard:/opt/ros/humble /usr/bin/cmake --install /home/imamalghifary/ws_sensor_combined/build/px4_msgs
[5.064s] Level 1:colcon.colcon_core.environment:checking '/home/imamalghifary/ws_sensor_combined/install/px4_msgs' for CMake config files
[5.064s] Level 1:colcon.colcon_core.shell:create_environment_hook('px4_msgs', 'cmake_prefix_path')
[5.064s] INFO:colcon.colcon_core.shell:Creating environment hook '/home/imamalghifary/ws_sensor_combined/install/px4_msgs/share/px4_msgs/hook/cmake_prefix_path.ps1'
[5.068s] INFO:colcon.colcon_core.shell:Creating environment descriptor '/home/imamalghifary/ws_sensor_combined/install/px4_msgs/share/px4_msgs/hook/cmake_prefix_path.dsv'
[5.068s] INFO:colcon.colcon_core.shell:Creating environment hook '/home/imamalghifary/ws_sensor_combined/install/px4_msgs/share/px4_msgs/hook/cmake_prefix_path.sh'
[5.070s] Level 1:colcon.colcon_core.environment:checking '/home/imamalghifary/ws_sensor_combined/install/px4_msgs/lib'
[5.070s] Level 1:colcon.colcon_core.shell:create_environment_hook('px4_msgs', 'ld_library_path_lib')
[5.070s] INFO:colcon.colcon_core.shell:Creating environment hook '/home/imamalghifary/ws_sensor_combined/install/px4_msgs/share/px4_msgs/hook/ld_library_path_lib.ps1'
[5.071s] INFO:colcon.colcon_core.shell:Creating environment descriptor '/home/imamalghifary/ws_sensor_combined/install/px4_msgs/share/px4_msgs/hook/ld_library_path_lib.dsv'
[5.072s] INFO:colcon.colcon_core.shell:Creating environment hook '/home/imamalghifary/ws_sensor_combined/install/px4_msgs/share/px4_msgs/hook/ld_library_path_lib.sh'
[5.073s] Level 1:colcon.colcon_core.environment:checking '/home/imamalghifary/ws_sensor_combined/install/px4_msgs/bin'
[5.073s] Level 1:colcon.colcon_core.environment:checking '/home/imamalghifary/ws_sensor_combined/install/px4_msgs/lib/pkgconfig/px4_msgs.pc'
[5.073s] Level 1:colcon.colcon_core.environment:checking '/home/imamalghifary/ws_sensor_combined/install/px4_msgs/lib/python3.10/site-packages'
[5.073s] Level 1:colcon.colcon_core.environment:checking '/home/imamalghifary/ws_sensor_combined/install/px4_msgs/bin'
[5.073s] INFO:colcon.colcon_core.shell:Creating package script '/home/imamalghifary/ws_sensor_combined/install/px4_msgs/share/px4_msgs/package.ps1'
[5.073s] INFO:colcon.colcon_core.shell:Creating package descriptor '/home/imamalghifary/ws_sensor_combined/install/px4_msgs/share/px4_msgs/package.dsv'
[5.074s] INFO:colcon.colcon_core.shell:Creating package script '/home/imamalghifary/ws_sensor_combined/install/px4_msgs/share/px4_msgs/package.sh'
[5.074s] INFO:colcon.colcon_core.shell:Creating package script '/home/imamalghifary/ws_sensor_combined/install/px4_msgs/share/px4_msgs/package.bash'
[5.074s] INFO:colcon.colcon_core.shell:Creating package script '/home/imamalghifary/ws_sensor_combined/install/px4_msgs/share/px4_msgs/package.zsh'
[5.075s] Level 1:colcon.colcon_core.environment:create_file_with_runtime_dependencies(/home/imamalghifary/ws_sensor_combined/install/px4_msgs/share/colcon-core/packages/px4_msgs)
[5.075s] Level 1:colcon.colcon_core.environment:create_environment_scripts_only(px4_msgs)
[5.075s] Level 1:colcon.colcon_core.environment:checking '/home/imamalghifary/ws_sensor_combined/install/px4_msgs' for CMake module files
[5.076s] Level 1:colcon.colcon_core.environment:checking '/home/imamalghifary/ws_sensor_combined/install/px4_msgs' for CMake config files
[5.076s] Level 1:colcon.colcon_core.shell:create_environment_hook('px4_msgs', 'cmake_prefix_path')
[5.076s] INFO:colcon.colcon_core.shell:Creating environment hook '/home/imamalghifary/ws_sensor_combined/install/px4_msgs/share/px4_msgs/hook/cmake_prefix_path.ps1'
[5.077s] INFO:colcon.colcon_core.shell:Creating environment descriptor '/home/imamalghifary/ws_sensor_combined/install/px4_msgs/share/px4_msgs/hook/cmake_prefix_path.dsv'
[5.077s] INFO:colcon.colcon_core.shell:Creating environment hook '/home/imamalghifary/ws_sensor_combined/install/px4_msgs/share/px4_msgs/hook/cmake_prefix_path.sh'
[5.078s] Level 1:colcon.colcon_core.environment:checking '/home/imamalghifary/ws_sensor_combined/install/px4_msgs/lib'
[5.078s] Level 1:colcon.colcon_core.shell:create_environment_hook('px4_msgs', 'ld_library_path_lib')
[5.078s] INFO:colcon.colcon_core.shell:Creating environment hook '/home/imamalghifary/ws_sensor_combined/install/px4_msgs/share/px4_msgs/hook/ld_library_path_lib.ps1'
[5.078s] INFO:colcon.colcon_core.shell:Creating environment descriptor '/home/imamalghifary/ws_sensor_combined/install/px4_msgs/share/px4_msgs/hook/ld_library_path_lib.dsv'
[5.079s] INFO:colcon.colcon_core.shell:Creating environment hook '/home/imamalghifary/ws_sensor_combined/install/px4_msgs/share/px4_msgs/hook/ld_library_path_lib.sh'
[5.079s] Level 1:colcon.colcon_core.environment:checking '/home/imamalghifary/ws_sensor_combined/install/px4_msgs/bin'
[5.079s] Level 1:colcon.colcon_core.environment:checking '/home/imamalghifary/ws_sensor_combined/install/px4_msgs/lib/pkgconfig/px4_msgs.pc'
[5.079s] Level 1:colcon.colcon_core.environment:checking '/home/imamalghifary/ws_sensor_combined/install/px4_msgs/lib/python3.10/site-packages'
[5.079s] Level 1:colcon.colcon_core.environment:checking '/home/imamalghifary/ws_sensor_combined/install/px4_msgs/bin'
[5.080s] INFO:colcon.colcon_core.shell:Creating package script '/home/imamalghifary/ws_sensor_combined/install/px4_msgs/share/px4_msgs/package.ps1'
[5.080s] INFO:colcon.colcon_core.shell:Creating package descriptor '/home/imamalghifary/ws_sensor_combined/install/px4_msgs/share/px4_msgs/package.dsv'
[5.080s] INFO:colcon.colcon_core.shell:Creating package script '/home/imamalghifary/ws_sensor_combined/install/px4_msgs/share/px4_msgs/package.sh'
[5.081s] INFO:colcon.colcon_core.shell:Creating package script '/home/imamalghifary/ws_sensor_combined/install/px4_msgs/share/px4_msgs/package.bash'
[5.081s] INFO:colcon.colcon_core.shell:Creating package script '/home/imamalghifary/ws_sensor_combined/install/px4_msgs/share/px4_msgs/package.zsh'
[5.081s] Level 1:colcon.colcon_core.environment:create_file_with_runtime_dependencies(/home/imamalghifary/ws_sensor_combined/install/px4_msgs/share/colcon-core/packages/px4_msgs)
[5.082s] INFO:colcon.colcon_ros.task.ament_python.build:Building ROS package in '/home/imamalghifary/ws_sensor_combined/src/ROS2_PX4_Offboard_Example/px4_offboard' with build type 'ament_python'
[5.082s] Level 1:colcon.colcon_core.shell:create_environment_hook('px4_offboard', 'ament_prefix_path')
[5.082s] INFO:colcon.colcon_core.shell:Creating environment hook '/home/imamalghifary/ws_sensor_combined/install/px4_offboard/share/px4_offboard/hook/ament_prefix_path.ps1'
[5.082s] INFO:colcon.colcon_core.shell:Creating environment descriptor '/home/imamalghifary/ws_sensor_combined/install/px4_offboard/share/px4_offboard/hook/ament_prefix_path.dsv'
[5.083s] INFO:colcon.colcon_core.shell:Creating environment hook '/home/imamalghifary/ws_sensor_combined/install/px4_offboard/share/px4_offboard/hook/ament_prefix_path.sh'
[5.083s] INFO:colcon.colcon_core.shell:Skip shell extension 'powershell' for command environment: Not usable outside of PowerShell
[5.084s] DEBUG:colcon.colcon_core.shell:Skip shell extension 'dsv' for command environment
[5.086s] INFO:colcon.colcon_ros.task.ament_cmake.build:Building ROS package in '/home/imamalghifary/ws_sensor_combined/src/px4_ros_com' with build type 'ament_cmake'
[5.086s] INFO:colcon.colcon_cmake.task.cmake.build:Building CMake package in '/home/imamalghifary/ws_sensor_combined/src/px4_ros_com'
[5.086s] INFO:colcon.colcon_core.shell:Skip shell extension 'powershell' for command environment: Not usable outside of PowerShell
[5.086s] DEBUG:colcon.colcon_core.shell:Skip shell extension 'dsv' for command environment
[5.139s] INFO:colcon.colcon_ros.task.ament_python.build:Building ROS package in '/home/imamalghifary/ws_sensor_combined/src/x500_bridge' with build type 'ament_python'
[5.139s] Level 1:colcon.colcon_core.shell:create_environment_hook('x500_bridge', 'ament_prefix_path')
[5.139s] INFO:colcon.colcon_core.shell:Creating environment hook '/home/imamalghifary/ws_sensor_combined/install/x500_bridge/share/x500_bridge/hook/ament_prefix_path.ps1'
[5.140s] INFO:colcon.colcon_core.shell:Creating environment descriptor '/home/imamalghifary/ws_sensor_combined/install/x500_bridge/share/x500_bridge/hook/ament_prefix_path.dsv'
[5.140s] INFO:colcon.colcon_core.shell:Creating environment hook '/home/imamalghifary/ws_sensor_combined/install/x500_bridge/share/x500_bridge/hook/ament_prefix_path.sh'
[5.141s] INFO:colcon.colcon_core.shell:Skip shell extension 'powershell' for command environment: Not usable outside of PowerShell
[5.141s] DEBUG:colcon.colcon_core.shell:Skip shell extension 'dsv' for command environment
[5.497s] INFO:colcon.colcon_core.task.python.build:Building Python package in '/home/imamalghifary/ws_sensor_combined/src/ROS2_PX4_Offboard_Example/px4_offboard'
[5.497s] INFO:colcon.colcon_core.shell:Skip shell extension 'powershell' for command environment: Not usable outside of PowerShell
[5.497s] DEBUG:colcon.colcon_core.shell:Skip shell extension 'dsv' for command environment
[5.504s] DEBUG:colcon.colcon_core.event_handler.log_command:Invoking command in '/home/imamalghifary/ws_sensor_combined/build/px4_ros_com': CMAKE_PREFIX_PATH=/home/imamalghifary/ws_sensor_combined/install/px4_msgs:/home/imamalghifary/ws_sensor_combined/install/x500_description:/home/imamalghifary/ws_sensor_combined/install/px4_ros_com:/home/imamalghifary/ws_sensor_combined/install/x500_bridge:/home/imamalghifary/ws_sensor_combined/install/px4_offboard:/opt/ros/humble LD_LIBRARY_PATH=/home/imamalghifary/ws_sensor_combined/install/px4_msgs/lib:/home/imamalghifary/ws_sensor_combined/install/px4_ros_com/lib:/opt/ros/humble/opt/rviz_ogre_vendor/lib:/opt/ros/humble/lib/x86_64-linux-gnu:/opt/ros/humble/lib /usr/bin/cmake --build /home/imamalghifary/ws_sensor_combined/build/px4_ros_com -- -j22 -l22
[5.828s] INFO:colcon.colcon_core.task.python.build:Building Python package in '/home/imamalghifary/ws_sensor_combined/src/x500_bridge'
[5.829s] INFO:colcon.colcon_core.shell:Skip shell extension 'powershell' for command environment: Not usable outside of PowerShell
[5.829s] DEBUG:colcon.colcon_core.shell:Skip shell extension 'dsv' for command environment
[5.992s] DEBUG:colcon.colcon_core.event_handler.log_command:Invoked command in '/home/imamalghifary/ws_sensor_combined/build/px4_ros_com' returned '0': CMAKE_PREFIX_PATH=/home/imamalghifary/ws_sensor_combined/install/px4_msgs:/home/imamalghifary/ws_sensor_combined/install/x500_description:/home/imamalghifary/ws_sensor_combined/install/px4_ros_com:/home/imamalghifary/ws_sensor_combined/install/x500_bridge:/home/imamalghifary/ws_sensor_combined/install/px4_offboard:/opt/ros/humble LD_LIBRARY_PATH=/home/imamalghifary/ws_sensor_combined/install/px4_msgs/lib:/home/imamalghifary/ws_sensor_combined/install/px4_ros_com/lib:/opt/ros/humble/opt/rviz_ogre_vendor/lib:/opt/ros/humble/lib/x86_64-linux-gnu:/opt/ros/humble/lib /usr/bin/cmake --build /home/imamalghifary/ws_sensor_combined/build/px4_ros_com -- -j22 -l22
[5.993s] DEBUG:colcon.colcon_core.event_handler.log_command:Invoking command in '/home/imamalghifary/ws_sensor_combined/build/px4_ros_com': CMAKE_PREFIX_PATH=/home/imamalghifary/ws_sensor_combined/install/px4_msgs:/home/imamalghifary/ws_sensor_combined/install/x500_description:/home/imamalghifary/ws_sensor_combined/install/px4_ros_com:/home/imamalghifary/ws_sensor_combined/install/x500_bridge:/home/imamalghifary/ws_sensor_combined/install/px4_offboard:/opt/ros/humble LD_LIBRARY_PATH=/home/imamalghifary/ws_sensor_combined/install/px4_msgs/lib:/home/imamalghifary/ws_sensor_combined/install/px4_ros_com/lib:/opt/ros/humble/opt/rviz_ogre_vendor/lib:/opt/ros/humble/lib/x86_64-linux-gnu:/opt/ros/humble/lib /usr/bin/cmake --install /home/imamalghifary/ws_sensor_combined/build/px4_ros_com
[6.050s] Level 1:colcon.colcon_core.environment:create_environment_scripts_only(px4_ros_com)
[6.050s] Level 1:colcon.colcon_core.environment:checking '/home/imamalghifary/ws_sensor_combined/install/px4_ros_com' for CMake module files
[6.051s] DEBUG:colcon.colcon_core.event_handler.log_command:Invoked command in '/home/imamalghifary/ws_sensor_combined/build/px4_ros_com' returned '0': CMAKE_PREFIX_PATH=/home/imamalghifary/ws_sensor_combined/install/px4_msgs:/home/imamalghifary/ws_sensor_combined/install/x500_description:/home/imamalghifary/ws_sensor_combined/install/px4_ros_com:/home/imamalghifary/ws_sensor_combined/install/x500_bridge:/home/imamalghifary/ws_sensor_combined/install/px4_offboard:/opt/ros/humble LD_LIBRARY_PATH=/home/imamalghifary/ws_sensor_combined/install/px4_msgs/lib:/home/imamalghifary/ws_sensor_combined/install/px4_ros_com/lib:/opt/ros/humble/opt/rviz_ogre_vendor/lib:/opt/ros/humble/lib/x86_64-linux-gnu:/opt/ros/humble/lib /usr/bin/cmake --install /home/imamalghifary/ws_sensor_combined/build/px4_ros_com
[6.051s] Level 1:colcon.colcon_core.environment:checking '/home/imamalghifary/ws_sensor_combined/install/px4_ros_com' for CMake config files
[6.052s] Level 1:colcon.colcon_core.shell:create_environment_hook('px4_ros_com', 'cmake_prefix_path')
[6.052s] INFO:colcon.colcon_core.shell:Creating environment hook '/home/imamalghifary/ws_sensor_combined/install/px4_ros_com/share/px4_ros_com/hook/cmake_prefix_path.ps1'
[6.053s] INFO:colcon.colcon_core.shell:Creating environment descriptor '/home/imamalghifary/ws_sensor_combined/install/px4_ros_com/share/px4_ros_com/hook/cmake_prefix_path.dsv'
[6.053s] INFO:colcon.colcon_core.shell:Creating environment hook '/home/imamalghifary/ws_sensor_combined/install/px4_ros_com/share/px4_ros_com/hook/cmake_prefix_path.sh'
[6.054s] Level 1:colcon.colcon_core.environment:checking '/home/imamalghifary/ws_sensor_combined/install/px4_ros_com/lib'
[6.054s] Level 1:colcon.colcon_core.shell:create_environment_hook('px4_ros_com', 'ld_library_path_lib')
[6.054s] INFO:colcon.colcon_core.shell:Creating environment hook '/home/imamalghifary/ws_sensor_combined/install/px4_ros_com/share/px4_ros_com/hook/ld_library_path_lib.ps1'
[6.055s] INFO:colcon.colcon_core.shell:Creating environment descriptor '/home/imamalghifary/ws_sensor_combined/install/px4_ros_com/share/px4_ros_com/hook/ld_library_path_lib.dsv'
[6.055s] INFO:colcon.colcon_core.shell:Creating environment hook '/home/imamalghifary/ws_sensor_combined/install/px4_ros_com/share/px4_ros_com/hook/ld_library_path_lib.sh'
[6.055s] Level 1:colcon.colcon_core.environment:checking '/home/imamalghifary/ws_sensor_combined/install/px4_ros_com/bin'
[6.055s] Level 1:colcon.colcon_core.environment:checking '/home/imamalghifary/ws_sensor_combined/install/px4_ros_com/lib/pkgconfig/px4_ros_com.pc'
[6.056s] Level 1:colcon.colcon_core.environment:checking '/home/imamalghifary/ws_sensor_combined/install/px4_ros_com/lib/python3.10/site-packages'
[6.056s] Level 1:colcon.colcon_core.environment:checking '/home/imamalghifary/ws_sensor_combined/install/px4_ros_com/bin'
[6.056s] INFO:colcon.colcon_core.shell:Creating package script '/home/imamalghifary/ws_sensor_combined/install/px4_ros_com/share/px4_ros_com/package.ps1'
[6.056s] INFO:colcon.colcon_core.shell:Creating package descriptor '/home/imamalghifary/ws_sensor_combined/install/px4_ros_com/share/px4_ros_com/package.dsv'
[6.057s] INFO:colcon.colcon_core.shell:Creating package script '/home/imamalghifary/ws_sensor_combined/install/px4_ros_com/share/px4_ros_com/package.sh'
[6.057s] INFO:colcon.colcon_core.shell:Creating package script '/home/imamalghifary/ws_sensor_combined/install/px4_ros_com/share/px4_ros_com/package.bash'
[6.057s] INFO:colcon.colcon_core.shell:Creating package script '/home/imamalghifary/ws_sensor_combined/install/px4_ros_com/share/px4_ros_com/package.zsh'
[6.057s] Level 1:colcon.colcon_core.environment:create_file_with_runtime_dependencies(/home/imamalghifary/ws_sensor_combined/install/px4_ros_com/share/colcon-core/packages/px4_ros_com)
[6.058s] Level 1:colcon.colcon_core.environment:create_environment_scripts_only(px4_ros_com)
[6.058s] Level 1:colcon.colcon_core.environment:checking '/home/imamalghifary/ws_sensor_combined/install/px4_ros_com' for CMake module files
[6.059s] Level 1:colcon.colcon_core.environment:checking '/home/imamalghifary/ws_sensor_combined/install/px4_ros_com' for CMake config files
[6.059s] Level 1:colcon.colcon_core.shell:create_environment_hook('px4_ros_com', 'cmake_prefix_path')
[6.059s] INFO:colcon.colcon_core.shell:Creating environment hook '/home/imamalghifary/ws_sensor_combined/install/px4_ros_com/share/px4_ros_com/hook/cmake_prefix_path.ps1'
[6.059s] INFO:colcon.colcon_core.shell:Creating environment descriptor '/home/imamalghifary/ws_sensor_combined/install/px4_ros_com/share/px4_ros_com/hook/cmake_prefix_path.dsv'
[6.059s] INFO:colcon.colcon_core.shell:Creating environment hook '/home/imamalghifary/ws_sensor_combined/install/px4_ros_com/share/px4_ros_com/hook/cmake_prefix_path.sh'
[6.060s] Level 1:colcon.colcon_core.environment:checking '/home/imamalghifary/ws_sensor_combined/install/px4_ros_com/lib'
[6.060s] Level 1:colcon.colcon_core.shell:create_environment_hook('px4_ros_com', 'ld_library_path_lib')
[6.060s] INFO:colcon.colcon_core.shell:Creating environment hook '/home/imamalghifary/ws_sensor_combined/install/px4_ros_com/share/px4_ros_com/hook/ld_library_path_lib.ps1'
[6.060s] INFO:colcon.colcon_core.shell:Creating environment descriptor '/home/imamalghifary/ws_sensor_combined/install/px4_ros_com/share/px4_ros_com/hook/ld_library_path_lib.dsv'
[6.061s] INFO:colcon.colcon_core.shell:Creating environment hook '/home/imamalghifary/ws_sensor_combined/install/px4_ros_com/share/px4_ros_com/hook/ld_library_path_lib.sh'
[6.061s] Level 1:colcon.colcon_core.environment:checking '/home/imamalghifary/ws_sensor_combined/install/px4_ros_com/bin'
[6.061s] Level 1:colcon.colcon_core.environment:checking '/home/imamalghifary/ws_sensor_combined/install/px4_ros_com/lib/pkgconfig/px4_ros_com.pc'
[6.061s] Level 1:colcon.colcon_core.environment:checking '/home/imamalghifary/ws_sensor_combined/install/px4_ros_com/lib/python3.10/site-packages'
[6.061s] Level 1:colcon.colcon_core.environment:checking '/home/imamalghifary/ws_sensor_combined/install/px4_ros_com/bin'
[6.061s] INFO:colcon.colcon_core.shell:Creating package script '/home/imamalghifary/ws_sensor_combined/install/px4_ros_com/share/px4_ros_com/package.ps1'
[6.062s] INFO:colcon.colcon_core.shell:Creating package descriptor '/home/imamalghifary/ws_sensor_combined/install/px4_ros_com/share/px4_ros_com/package.dsv'
[6.062s] INFO:colcon.colcon_core.shell:Creating package script '/home/imamalghifary/ws_sensor_combined/install/px4_ros_com/share/px4_ros_com/package.sh'
[6.062s] INFO:colcon.colcon_core.shell:Creating package script '/home/imamalghifary/ws_sensor_combined/install/px4_ros_com/share/px4_ros_com/package.bash'
[6.063s] INFO:colcon.colcon_core.shell:Creating package script '/home/imamalghifary/ws_sensor_combined/install/px4_ros_com/share/px4_ros_com/package.zsh'
[6.063s] Level 1:colcon.colcon_core.environment:create_file_with_runtime_dependencies(/home/imamalghifary/ws_sensor_combined/install/px4_ros_com/share/colcon-core/packages/px4_ros_com)
[6.680s] DEBUG:colcon.colcon_core.event_handler.log_command:Invoking command in '/home/imamalghifary/ws_sensor_combined/src/ROS2_PX4_Offboard_Example/px4_offboard': CMAKE_PREFIX_PATH=/home/imamalghifary/ws_sensor_combined/install/px4_msgs:/home/imamalghifary/ws_sensor_combined/install/x500_description:/home/imamalghifary/ws_sensor_combined/install/px4_ros_com LD_LIBRARY_PATH=/home/imamalghifary/ws_sensor_combined/install/px4_msgs/lib:/home/imamalghifary/ws_sensor_combined/install/px4_ros_com/lib:/opt/ros/humble/opt/rviz_ogre_vendor/lib:/opt/ros/humble/lib/x86_64-linux-gnu:/opt/ros/humble/lib PYTHONPATH=/home/imamalghifary/ws_sensor_combined/build/px4_offboard/prefix_override:/usr/lib/python3/dist-packages/colcon_core/task/python/colcon_distutils_commands:/home/imamalghifary/ws_sensor_combined/install/px4_offboard/lib/python3.10/site-packages:${PYTHONPATH} /usr/bin/python3 -W ignore:setup.py install is deprecated -W ignore:easy_install command is deprecated setup.py egg_info --egg-base ../../../build/px4_offboard build --build-base /home/imamalghifary/ws_sensor_combined/build/px4_offboard/build install --record /home/imamalghifary/ws_sensor_combined/build/px4_offboard/install.log --single-version-externally-managed install_data
[6.689s] DEBUG:colcon.colcon_core.event_handler.log_command:Invoking command in '/home/imamalghifary/ws_sensor_combined/src/x500_bridge': CMAKE_PREFIX_PATH=/home/imamalghifary/ws_sensor_combined/install/px4_msgs:/home/imamalghifary/ws_sensor_combined/install/x500_description:/home/imamalghifary/ws_sensor_combined/install/px4_ros_com LD_LIBRARY_PATH=/home/imamalghifary/ws_sensor_combined/install/px4_msgs/lib:/home/imamalghifary/ws_sensor_combined/install/px4_ros_com/lib:/opt/ros/humble/opt/rviz_ogre_vendor/lib:/opt/ros/humble/lib/x86_64-linux-gnu:/opt/ros/humble/lib PYTHONPATH=/home/imamalghifary/ws_sensor_combined/build/x500_bridge/prefix_override:/usr/lib/python3/dist-packages/colcon_core/task/python/colcon_distutils_commands:/home/imamalghifary/ws_sensor_combined/install/x500_bridge/lib/python3.10/site-packages:${PYTHONPATH} /usr/bin/python3 -W ignore:setup.py install is deprecated -W ignore:easy_install command is deprecated setup.py egg_info --egg-base ../../build/x500_bridge build --build-base /home/imamalghifary/ws_sensor_combined/build/x500_bridge/build install --record /home/imamalghifary/ws_sensor_combined/build/x500_bridge/install.log --single-version-externally-managed install_data
[7.177s] Level 1:colcon.colcon_core.environment:checking '/home/imamalghifary/ws_sensor_combined/install/x500_bridge' for CMake module files
[7.178s] DEBUG:colcon.colcon_core.event_handler.log_command:Invoked command in '/home/imamalghifary/ws_sensor_combined/src/x500_bridge' returned '0': CMAKE_PREFIX_PATH=/home/imamalghifary/ws_sensor_combined/install/px4_msgs:/home/imamalghifary/ws_sensor_combined/install/x500_description:/home/imamalghifary/ws_sensor_combined/install/px4_ros_com LD_LIBRARY_PATH=/home/imamalghifary/ws_sensor_combined/install/px4_msgs/lib:/home/imamalghifary/ws_sensor_combined/install/px4_ros_com/lib:/opt/ros/humble/opt/rviz_ogre_vendor/lib:/opt/ros/humble/lib/x86_64-linux-gnu:/opt/ros/humble/lib PYTHONPATH=/home/imamalghifary/ws_sensor_combined/build/x500_bridge/prefix_override:/usr/lib/python3/dist-packages/colcon_core/task/python/colcon_distutils_commands:/home/imamalghifary/ws_sensor_combined/install/x500_bridge/lib/python3.10/site-packages:${PYTHONPATH} /usr/bin/python3 -W ignore:setup.py install is deprecated -W ignore:easy_install command is deprecated setup.py egg_info --egg-base ../../build/x500_bridge build --build-base /home/imamalghifary/ws_sensor_combined/build/x500_bridge/build install --record /home/imamalghifary/ws_sensor_combined/build/x500_bridge/install.log --single-version-externally-managed install_data
[7.178s] Level 1:colcon.colcon_core.environment:checking '/home/imamalghifary/ws_sensor_combined/install/x500_bridge' for CMake config files
[7.179s] Level 1:colcon.colcon_core.environment:checking '/home/imamalghifary/ws_sensor_combined/install/x500_bridge/lib'
[7.179s] Level 1:colcon.colcon_core.environment:checking '/home/imamalghifary/ws_sensor_combined/install/x500_bridge/bin'
[7.179s] Level 1:colcon.colcon_core.environment:checking '/home/imamalghifary/ws_sensor_combined/install/x500_bridge/lib/pkgconfig/x500_bridge.pc'
[7.180s] Level 1:colcon.colcon_core.environment:checking '/home/imamalghifary/ws_sensor_combined/install/x500_bridge/lib/python3.10/site-packages'
[7.180s] Level 1:colcon.colcon_core.shell:create_environment_hook('x500_bridge', 'pythonpath')
[7.180s] INFO:colcon.colcon_core.shell:Creating environment hook '/home/imamalghifary/ws_sensor_combined/install/x500_bridge/share/x500_bridge/hook/pythonpath.ps1'
[7.181s] INFO:colcon.colcon_core.shell:Creating environment descriptor '/home/imamalghifary/ws_sensor_combined/install/x500_bridge/share/x500_bridge/hook/pythonpath.dsv'
[7.181s] INFO:colcon.colcon_core.shell:Creating environment hook '/home/imamalghifary/ws_sensor_combined/install/x500_bridge/share/x500_bridge/hook/pythonpath.sh'
[7.182s] Level 1:colcon.colcon_core.environment:checking '/home/imamalghifary/ws_sensor_combined/install/x500_bridge/bin'
[7.182s] Level 1:colcon.colcon_core.environment:create_environment_scripts_only(x500_bridge)
[7.182s] INFO:colcon.colcon_core.shell:Creating package script '/home/imamalghifary/ws_sensor_combined/install/x500_bridge/share/x500_bridge/package.ps1'
[7.183s] INFO:colcon.colcon_core.shell:Creating package descriptor '/home/imamalghifary/ws_sensor_combined/install/x500_bridge/share/x500_bridge/package.dsv'
[7.183s] INFO:colcon.colcon_core.shell:Creating package script '/home/imamalghifary/ws_sensor_combined/install/x500_bridge/share/x500_bridge/package.sh'
[7.184s] INFO:colcon.colcon_core.shell:Creating package script '/home/imamalghifary/ws_sensor_combined/install/x500_bridge/share/x500_bridge/package.bash'
[7.184s] INFO:colcon.colcon_core.shell:Creating package script '/home/imamalghifary/ws_sensor_combined/install/x500_bridge/share/x500_bridge/package.zsh'
[7.184s] Level 1:colcon.colcon_core.environment:create_file_with_runtime_dependencies(/home/imamalghifary/ws_sensor_combined/install/x500_bridge/share/colcon-core/packages/x500_bridge)
[7.186s] Level 1:colcon.colcon_core.environment:checking '/home/imamalghifary/ws_sensor_combined/install/px4_offboard' for CMake module files
[7.186s] DEBUG:colcon.colcon_core.event_handler.log_command:Invoked command in '/home/imamalghifary/ws_sensor_combined/src/ROS2_PX4_Offboard_Example/px4_offboard' returned '0': CMAKE_PREFIX_PATH=/home/imamalghifary/ws_sensor_combined/install/px4_msgs:/home/imamalghifary/ws_sensor_combined/install/x500_description:/home/imamalghifary/ws_sensor_combined/install/px4_ros_com LD_LIBRARY_PATH=/home/imamalghifary/ws_sensor_combined/install/px4_msgs/lib:/home/imamalghifary/ws_sensor_combined/install/px4_ros_com/lib:/opt/ros/humble/opt/rviz_ogre_vendor/lib:/opt/ros/humble/lib/x86_64-linux-gnu:/opt/ros/humble/lib PYTHONPATH=/home/imamalghifary/ws_sensor_combined/build/px4_offboard/prefix_override:/usr/lib/python3/dist-packages/colcon_core/task/python/colcon_distutils_commands:/home/imamalghifary/ws_sensor_combined/install/px4_offboard/lib/python3.10/site-packages:${PYTHONPATH} /usr/bin/python3 -W ignore:setup.py install is deprecated -W ignore:easy_install command is deprecated setup.py egg_info --egg-base ../../../build/px4_offboard build --build-base /home/imamalghifary/ws_sensor_combined/build/px4_offboard/build install --record /home/imamalghifary/ws_sensor_combined/build/px4_offboard/install.log --single-version-externally-managed install_data
[7.186s] Level 1:colcon.colcon_core.environment:checking '/home/imamalghifary/ws_sensor_combined/install/px4_offboard' for CMake config files
[7.187s] Level 1:colcon.colcon_core.environment:checking '/home/imamalghifary/ws_sensor_combined/install/px4_offboard/lib'
[7.187s] Level 1:colcon.colcon_core.environment:checking '/home/imamalghifary/ws_sensor_combined/install/px4_offboard/bin'
[7.188s] Level 1:colcon.colcon_core.environment:checking '/home/imamalghifary/ws_sensor_combined/install/px4_offboard/lib/pkgconfig/px4_offboard.pc'
[7.188s] Level 1:colcon.colcon_core.environment:checking '/home/imamalghifary/ws_sensor_combined/install/px4_offboard/lib/python3.10/site-packages'
[7.188s] Level 1:colcon.colcon_core.shell:create_environment_hook('px4_offboard', 'pythonpath')
[7.188s] INFO:colcon.colcon_core.shell:Creating environment hook '/home/imamalghifary/ws_sensor_combined/install/px4_offboard/share/px4_offboard/hook/pythonpath.ps1'
[7.189s] INFO:colcon.colcon_core.shell:Creating environment descriptor '/home/imamalghifary/ws_sensor_combined/install/px4_offboard/share/px4_offboard/hook/pythonpath.dsv'
[7.189s] INFO:colcon.colcon_core.shell:Creating environment hook '/home/imamalghifary/ws_sensor_combined/install/px4_offboard/share/px4_offboard/hook/pythonpath.sh'
[7.189s] Level 1:colcon.colcon_core.environment:checking '/home/imamalghifary/ws_sensor_combined/install/px4_offboard/bin'
[7.190s] Level 1:colcon.colcon_core.environment:create_environment_scripts_only(px4_offboard)
[7.190s] INFO:colcon.colcon_core.shell:Creating package script '/home/imamalghifary/ws_sensor_combined/install/px4_offboard/share/px4_offboard/package.ps1'
[7.190s] INFO:colcon.colcon_core.shell:Creating package descriptor '/home/imamalghifary/ws_sensor_combined/install/px4_offboard/share/px4_offboard/package.dsv'
[7.191s] INFO:colcon.colcon_core.shell:Creating package script '/home/imamalghifary/ws_sensor_combined/install/px4_offboard/share/px4_offboard/package.sh'
[7.191s] INFO:colcon.colcon_core.shell:Creating package script '/home/imamalghifary/ws_sensor_combined/install/px4_offboard/share/px4_offboard/package.bash'
[7.192s] INFO:colcon.colcon_core.shell:Creating package script '/home/imamalghifary/ws_sensor_combined/install/px4_offboard/share/px4_offboard/package.zsh'
[7.192s] Level 1:colcon.colcon_core.environment:create_file_with_runtime_dependencies(/home/imamalghifary/ws_sensor_combined/install/px4_offboard/share/colcon-core/packages/px4_offboard)
[7.192s] DEBUG:colcon.colcon_parallel_executor.executor.parallel:closing loop
[7.193s] DEBUG:colcon.colcon_parallel_executor.executor.parallel:loop closed
[7.193s] DEBUG:colcon.colcon_parallel_executor.executor.parallel:run_until_complete finished with '0'
[7.193s] DEBUG:colcon.colcon_core.event_reactor:joining thread
[7.239s] INFO:colcon.colcon_core.plugin_system:Skipping extension 'colcon_notification.desktop_notification.terminal_notifier': Not used on non-Darwin systems
[7.239s] INFO:colcon.colcon_core.plugin_system:Skipping extension 'colcon_notification.desktop_notification.win32': Not used on non-Windows systems
[7.239s] INFO:colcon.colcon_notification.desktop_notification:Sending desktop notification using 'notify2'
[7.251s] DEBUG:colcon.colcon_core.event_reactor:joined thread
[7.251s] INFO:colcon.colcon_core.shell:Creating prefix script '/home/imamalghifary/ws_sensor_combined/install/local_setup.ps1'
[7.252s] INFO:colcon.colcon_core.shell:Creating prefix util module '/home/imamalghifary/ws_sensor_combined/install/_local_setup_util_ps1.py'
[7.277s] INFO:colcon.colcon_core.shell:Creating prefix chain script '/home/imamalghifary/ws_sensor_combined/install/setup.ps1'
[7.279s] INFO:colcon.colcon_core.shell:Creating prefix script '/home/imamalghifary/ws_sensor_combined/install/local_setup.sh'
[7.280s] INFO:colcon.colcon_core.shell:Creating prefix util module '/home/imamalghifary/ws_sensor_combined/install/_local_setup_util_sh.py'
[7.280s] INFO:colcon.colcon_core.shell:Creating prefix chain script '/home/imamalghifary/ws_sensor_combined/install/setup.sh'
[7.282s] INFO:colcon.colcon_core.shell:Creating prefix script '/home/imamalghifary/ws_sensor_combined/install/local_setup.bash'
[7.282s] INFO:colcon.colcon_core.shell:Creating prefix chain script '/home/imamalghifary/ws_sensor_combined/install/setup.bash'
[7.283s] INFO:colcon.colcon_core.shell:Creating prefix script '/home/imamalghifary/ws_sensor_combined/install/local_setup.zsh'
[7.284s] INFO:colcon.colcon_core.shell:Creating prefix chain script '/home/imamalghifary/ws_sensor_combined/install/setup.zsh'
