running egg_info
writing ../../../build/px4_offboard/px4_offboard.egg-info/PKG-INFO
writing dependency_links to ../../../build/px4_offboard/px4_offboard.egg-info/dependency_links.txt
writing entry points to ../../../build/px4_offboard/px4_offboard.egg-info/entry_points.txt
writing requirements to ../../../build/px4_offboard/px4_offboard.egg-info/requires.txt
writing top-level names to ../../../build/px4_offboard/px4_offboard.egg-info/top_level.txt
reading manifest file '../../../build/px4_offboard/px4_offboard.egg-info/SOURCES.txt'
adding license file 'LICENSE'
writing manifest file '../../../build/px4_offboard/px4_offboard.egg-info/SOURCES.txt'
running build
running build_py
copying px4_offboard/control.py -> /home/imamalghifary/ws_sensor_combined/build/px4_offboard/build/lib/px4_offboard
copying px4_offboard/visualizer.py -> /home/imamalghifary/ws_sensor_combined/build/px4_offboard/build/lib/px4_offboard
copying px4_offboard/processes.py -> /home/imamalghifary/ws_sensor_combined/build/px4_offboard/build/lib/px4_offboard
copying px4_offboard/__init__.py -> /home/imamalghifary/ws_sensor_combined/build/px4_offboard/build/lib/px4_offboard
copying px4_offboard/velocity_control.py -> /home/imamalghifary/ws_sensor_combined/build/px4_offboard/build/lib/px4_offboard
running install
running install_lib
copying /home/imamalghifary/ws_sensor_combined/build/px4_offboard/build/lib/px4_offboard/control.py -> /home/imamalghifary/ws_sensor_combined/install/px4_offboard/lib/python3.10/site-packages/px4_offboard
copying /home/imamalghifary/ws_sensor_combined/build/px4_offboard/build/lib/px4_offboard/visualizer.py -> /home/imamalghifary/ws_sensor_combined/install/px4_offboard/lib/python3.10/site-packages/px4_offboard
copying /home/imamalghifary/ws_sensor_combined/build/px4_offboard/build/lib/px4_offboard/processes.py -> /home/imamalghifary/ws_sensor_combined/install/px4_offboard/lib/python3.10/site-packages/px4_offboard
copying /home/imamalghifary/ws_sensor_combined/build/px4_offboard/build/lib/px4_offboard/__init__.py -> /home/imamalghifary/ws_sensor_combined/install/px4_offboard/lib/python3.10/site-packages/px4_offboard
copying /home/imamalghifary/ws_sensor_combined/build/px4_offboard/build/lib/px4_offboard/velocity_control.py -> /home/imamalghifary/ws_sensor_combined/install/px4_offboard/lib/python3.10/site-packages/px4_offboard
byte-compiling /home/imamalghifary/ws_sensor_combined/install/px4_offboard/lib/python3.10/site-packages/px4_offboard/control.py to control.cpython-310.pyc
byte-compiling /home/imamalghifary/ws_sensor_combined/install/px4_offboard/lib/python3.10/site-packages/px4_offboard/visualizer.py to visualizer.cpython-310.pyc
byte-compiling /home/imamalghifary/ws_sensor_combined/install/px4_offboard/lib/python3.10/site-packages/px4_offboard/processes.py to processes.cpython-310.pyc
byte-compiling /home/imamalghifary/ws_sensor_combined/install/px4_offboard/lib/python3.10/site-packages/px4_offboard/__init__.py to __init__.cpython-310.pyc
byte-compiling /home/imamalghifary/ws_sensor_combined/install/px4_offboard/lib/python3.10/site-packages/px4_offboard/velocity_control.py to velocity_control.cpython-310.pyc
running install_data
copying resource/px4_offboard -> /home/imamalghifary/ws_sensor_combined/install/px4_offboard/share/ament_index/resource_index/packages
copying resource/visualize.rviz -> /home/imamalghifary/ws_sensor_combined/install/px4_offboard/share/ament_index/resource_index/packages
copying package.xml -> /home/imamalghifary/ws_sensor_combined/install/px4_offboard/share/px4_offboard
copying launch/offboard_velocity_control.launch.py -> /home/imamalghifary/ws_sensor_combined/install/px4_offboard/share/px4_offboard
copying resource/visualize.rviz -> /home/imamalghifary/ws_sensor_combined/install/px4_offboard/share/px4_offboard
