[  2%] Built target bt_uav_controller__cpp
[ 10%] Built target bt_uav_controller__rosidl_generator_c
[ 10%] Built target ament_cmake_python_symlink_bt_uav_controller
[ 18%] Built target bt_uav_controller__rosidl_typesupport_cpp
[ 27%] Built target bt_uav_controller__rosidl_typesupport_fastrtps_cpp
[ 35%] Built target bt_uav_controller__rosidl_typesupport_introspection_cpp
[ 43%] Built target bt_uav_controller__rosidl_typesupport_fastrtps_c
[ 51%] Built target bt_uav_controller__rosidl_typesupport_c
[ 59%] Built target bt_uav_controller__rosidl_typesupport_introspection_c
[ 59%] Built target bt_uav_controller
[ 62%] Built target bt_uav_controller__py
[ 70%] Built target bt_uav_controller_node
[ 78%] Built target takeoff_action_server
[ 83%] Built target bt_uav_controller__rosidl_generator_py
[ 89%] Built target bt_uav_controller__rosidl_typesupport_fastrtps_c__pyext
[ 94%] Built target bt_uav_controller__rosidl_typesupport_introspection_c__pyext
[100%] Built target bt_uav_controller__rosidl_typesupport_c__pyext
running egg_info
writing bt_uav_controller.egg-info/PKG-INFO
writing dependency_links to bt_uav_controller.egg-info/dependency_links.txt
writing top-level names to bt_uav_controller.egg-info/top_level.txt
reading manifest file 'bt_uav_controller.egg-info/SOURCES.txt'
writing manifest file 'bt_uav_controller.egg-info/SOURCES.txt'
[100%] Built target ament_cmake_python_build_bt_uav_controller_egg
-- Install configuration: ""
-- Execute custom install script
-- Up-to-date symlink: /home/imamalghifary/ws_sensor_combined/install/bt_uav_controller/share/ament_index/resource_index/rosidl_interfaces/bt_uav_controller
-- Up-to-date symlink: /home/imamalghifary/ws_sensor_combined/install/bt_uav_controller/include/bt_uav_controller/bt_uav_controller/action/detail/takeoff__functions.h
-- Up-to-date symlink: /home/imamalghifary/ws_sensor_combined/install/bt_uav_controller/include/bt_uav_controller/bt_uav_controller/action/detail/takeoff__struct.h
-- Up-to-date symlink: /home/imamalghifary/ws_sensor_combined/install/bt_uav_controller/include/bt_uav_controller/bt_uav_controller/action/detail/takeoff__type_support.h
-- Up-to-date symlink: /home/imamalghifary/ws_sensor_combined/install/bt_uav_controller/include/bt_uav_controller/bt_uav_controller/action/takeoff.h
-- Up-to-date symlink: /home/imamalghifary/ws_sensor_combined/install/bt_uav_controller/include/bt_uav_controller/bt_uav_controller/msg/rosidl_generator_c__visibility_control.h
-- Up-to-date symlink: /home/imamalghifary/ws_sensor_combined/install/bt_uav_controller/share/bt_uav_controller/environment/library_path.sh
-- Up-to-date symlink: /home/imamalghifary/ws_sensor_combined/install/bt_uav_controller/share/bt_uav_controller/environment/library_path.dsv
-- Up-to-date symlink: /home/imamalghifary/ws_sensor_combined/install/bt_uav_controller/include/bt_uav_controller/bt_uav_controller/action/detail/takeoff__rosidl_typesupport_fastrtps_c.h
-- Up-to-date symlink: /home/imamalghifary/ws_sensor_combined/install/bt_uav_controller/include/bt_uav_controller/bt_uav_controller/msg/rosidl_typesupport_fastrtps_c__visibility_control.h
-- Up-to-date symlink: /home/imamalghifary/ws_sensor_combined/install/bt_uav_controller/include/bt_uav_controller/bt_uav_controller/action/detail/takeoff__builder.hpp
-- Up-to-date symlink: /home/imamalghifary/ws_sensor_combined/install/bt_uav_controller/include/bt_uav_controller/bt_uav_controller/action/detail/takeoff__struct.hpp
-- Up-to-date symlink: /home/imamalghifary/ws_sensor_combined/install/bt_uav_controller/include/bt_uav_controller/bt_uav_controller/action/detail/takeoff__traits.hpp
-- Up-to-date symlink: /home/imamalghifary/ws_sensor_combined/install/bt_uav_controller/include/bt_uav_controller/bt_uav_controller/action/detail/takeoff__type_support.hpp
-- Up-to-date symlink: /home/imamalghifary/ws_sensor_combined/install/bt_uav_controller/include/bt_uav_controller/bt_uav_controller/action/takeoff.hpp
-- Up-to-date symlink: /home/imamalghifary/ws_sensor_combined/install/bt_uav_controller/include/bt_uav_controller/bt_uav_controller/msg/rosidl_generator_cpp__visibility_control.hpp
-- Up-to-date symlink: /home/imamalghifary/ws_sensor_combined/install/bt_uav_controller/include/bt_uav_controller/bt_uav_controller/action/detail/takeoff__rosidl_typesupport_fastrtps_cpp.hpp
-- Up-to-date symlink: /home/imamalghifary/ws_sensor_combined/install/bt_uav_controller/include/bt_uav_controller/bt_uav_controller/msg/rosidl_typesupport_fastrtps_cpp__visibility_control.h
-- Up-to-date symlink: /home/imamalghifary/ws_sensor_combined/install/bt_uav_controller/include/bt_uav_controller/bt_uav_controller/action/detail/takeoff__rosidl_typesupport_introspection_c.h
-- Up-to-date symlink: /home/imamalghifary/ws_sensor_combined/install/bt_uav_controller/include/bt_uav_controller/bt_uav_controller/msg/rosidl_typesupport_introspection_c__visibility_control.h
-- Up-to-date symlink: /home/imamalghifary/ws_sensor_combined/install/bt_uav_controller/include/bt_uav_controller/bt_uav_controller/action/detail/takeoff__rosidl_typesupport_introspection_cpp.hpp
-- Up-to-date symlink: /home/imamalghifary/ws_sensor_combined/install/bt_uav_controller/share/bt_uav_controller/environment/pythonpath.sh
-- Up-to-date symlink: /home/imamalghifary/ws_sensor_combined/install/bt_uav_controller/share/bt_uav_controller/environment/pythonpath.dsv
-- Up-to-date symlink: /home/imamalghifary/ws_sensor_combined/install/bt_uav_controller/local/lib/python3.10/dist-packages/bt_uav_controller-0.0.0-py3.10.egg-info/PKG-INFO
-- Up-to-date symlink: /home/imamalghifary/ws_sensor_combined/install/bt_uav_controller/local/lib/python3.10/dist-packages/bt_uav_controller-0.0.0-py3.10.egg-info/SOURCES.txt
-- Up-to-date symlink: /home/imamalghifary/ws_sensor_combined/install/bt_uav_controller/local/lib/python3.10/dist-packages/bt_uav_controller-0.0.0-py3.10.egg-info/dependency_links.txt
-- Up-to-date symlink: /home/imamalghifary/ws_sensor_combined/install/bt_uav_controller/local/lib/python3.10/dist-packages/bt_uav_controller-0.0.0-py3.10.egg-info/top_level.txt
-- Up-to-date symlink: /home/imamalghifary/ws_sensor_combined/install/bt_uav_controller/local/lib/python3.10/dist-packages/bt_uav_controller/__init__.py
-- Up-to-date symlink: /home/imamalghifary/ws_sensor_combined/install/bt_uav_controller/local/lib/python3.10/dist-packages/bt_uav_controller/_bt_uav_controller_s.ep.rosidl_typesupport_c.c
-- Up-to-date symlink: /home/imamalghifary/ws_sensor_combined/install/bt_uav_controller/local/lib/python3.10/dist-packages/bt_uav_controller/_bt_uav_controller_s.ep.rosidl_typesupport_fastrtps_c.c
-- Up-to-date symlink: /home/imamalghifary/ws_sensor_combined/install/bt_uav_controller/local/lib/python3.10/dist-packages/bt_uav_controller/_bt_uav_controller_s.ep.rosidl_typesupport_introspection_c.c
-- Up-to-date symlink: /home/imamalghifary/ws_sensor_combined/install/bt_uav_controller/local/lib/python3.10/dist-packages/bt_uav_controller/action/__init__.py
-- Up-to-date symlink: /home/imamalghifary/ws_sensor_combined/install/bt_uav_controller/local/lib/python3.10/dist-packages/bt_uav_controller/action/_takeoff.py
-- Up-to-date symlink: /home/imamalghifary/ws_sensor_combined/install/bt_uav_controller/local/lib/python3.10/dist-packages/bt_uav_controller/action/_takeoff_s.c
-- Up-to-date symlink: /home/imamalghifary/ws_sensor_combined/install/bt_uav_controller/local/lib/python3.10/dist-packages/bt_uav_controller/bt_uav_controller_s__rosidl_typesupport_c.cpython-310-x86_64-linux-gnu.so
-- Up-to-date symlink: /home/imamalghifary/ws_sensor_combined/install/bt_uav_controller/local/lib/python3.10/dist-packages/bt_uav_controller/bt_uav_controller_s__rosidl_typesupport_fastrtps_c.cpython-310-x86_64-linux-gnu.so
-- Up-to-date symlink: /home/imamalghifary/ws_sensor_combined/install/bt_uav_controller/local/lib/python3.10/dist-packages/bt_uav_controller/bt_uav_controller_s__rosidl_typesupport_introspection_c.cpython-310-x86_64-linux-gnu.so
-- Up-to-date symlink: /home/imamalghifary/ws_sensor_combined/install/bt_uav_controller/local/lib/python3.10/dist-packages/bt_uav_controller/libbt_uav_controller__rosidl_generator_py.so
-- Up-to-date symlink: /home/imamalghifary/ws_sensor_combined/install/bt_uav_controller/local/lib/python3.10/dist-packages/bt_uav_controller/bt_uav_controller_s__rosidl_typesupport_fastrtps_c.cpython-310-x86_64-linux-gnu.so
-- Up-to-date symlink: /home/imamalghifary/ws_sensor_combined/install/bt_uav_controller/local/lib/python3.10/dist-packages/bt_uav_controller/bt_uav_controller_s__rosidl_typesupport_introspection_c.cpython-310-x86_64-linux-gnu.so
-- Up-to-date symlink: /home/imamalghifary/ws_sensor_combined/install/bt_uav_controller/local/lib/python3.10/dist-packages/bt_uav_controller/bt_uav_controller_s__rosidl_typesupport_c.cpython-310-x86_64-linux-gnu.so
-- Up-to-date symlink: /home/imamalghifary/ws_sensor_combined/install/bt_uav_controller/share/bt_uav_controller/action/Takeoff.idl
-- Up-to-date symlink: /home/imamalghifary/ws_sensor_combined/install/bt_uav_controller/share/bt_uav_controller/action/Takeoff.action
-- Up-to-date symlink: /home/imamalghifary/ws_sensor_combined/install/bt_uav_controller/lib/bt_uav_controller/bt_uav_controller_node
-- Up-to-date symlink: /home/imamalghifary/ws_sensor_combined/install/bt_uav_controller/lib/bt_uav_controller/takeoff_action_server
-- Up-to-date symlink: /home/imamalghifary/ws_sensor_combined/install/bt_uav_controller/share/ament_index/resource_index/package_run_dependencies/bt_uav_controller
-- Up-to-date symlink: /home/imamalghifary/ws_sensor_combined/install/bt_uav_controller/share/ament_index/resource_index/parent_prefix_path/bt_uav_controller
-- Up-to-date symlink: /home/imamalghifary/ws_sensor_combined/install/bt_uav_controller/share/bt_uav_controller/environment/ament_prefix_path.sh
-- Up-to-date symlink: /home/imamalghifary/ws_sensor_combined/install/bt_uav_controller/share/bt_uav_controller/environment/ament_prefix_path.dsv
-- Up-to-date symlink: /home/imamalghifary/ws_sensor_combined/install/bt_uav_controller/share/bt_uav_controller/environment/path.sh
-- Up-to-date symlink: /home/imamalghifary/ws_sensor_combined/install/bt_uav_controller/share/bt_uav_controller/environment/path.dsv
-- Up-to-date symlink: /home/imamalghifary/ws_sensor_combined/install/bt_uav_controller/share/bt_uav_controller/local_setup.bash
-- Up-to-date symlink: /home/imamalghifary/ws_sensor_combined/install/bt_uav_controller/share/bt_uav_controller/local_setup.sh
-- Up-to-date symlink: /home/imamalghifary/ws_sensor_combined/install/bt_uav_controller/share/bt_uav_controller/local_setup.zsh
-- Up-to-date symlink: /home/imamalghifary/ws_sensor_combined/install/bt_uav_controller/share/bt_uav_controller/local_setup.dsv
-- Symlinking: /home/imamalghifary/ws_sensor_combined/install/bt_uav_controller/share/bt_uav_controller/package.dsv
-- Up-to-date symlink: /home/imamalghifary/ws_sensor_combined/install/bt_uav_controller/share/ament_index/resource_index/packages/bt_uav_controller
-- Up-to-date symlink: /home/imamalghifary/ws_sensor_combined/install/bt_uav_controller/share/bt_uav_controller/cmake/rosidl_cmake-extras.cmake
-- Up-to-date symlink: /home/imamalghifary/ws_sensor_combined/install/bt_uav_controller/share/bt_uav_controller/cmake/ament_cmake_export_dependencies-extras.cmake
-- Up-to-date symlink: /home/imamalghifary/ws_sensor_combined/install/bt_uav_controller/share/bt_uav_controller/cmake/ament_cmake_export_include_directories-extras.cmake
-- Up-to-date symlink: /home/imamalghifary/ws_sensor_combined/install/bt_uav_controller/share/bt_uav_controller/cmake/ament_cmake_export_libraries-extras.cmake
-- Up-to-date symlink: /home/imamalghifary/ws_sensor_combined/install/bt_uav_controller/share/bt_uav_controller/cmake/ament_cmake_export_targets-extras.cmake
-- Up-to-date symlink: /home/imamalghifary/ws_sensor_combined/install/bt_uav_controller/share/bt_uav_controller/cmake/rosidl_cmake_export_typesupport_targets-extras.cmake
-- Up-to-date symlink: /home/imamalghifary/ws_sensor_combined/install/bt_uav_controller/share/bt_uav_controller/cmake/rosidl_cmake_export_typesupport_libraries-extras.cmake
-- Up-to-date symlink: /home/imamalghifary/ws_sensor_combined/install/bt_uav_controller/share/bt_uav_controller/cmake/bt_uav_controllerConfig.cmake
-- Up-to-date symlink: /home/imamalghifary/ws_sensor_combined/install/bt_uav_controller/share/bt_uav_controller/cmake/bt_uav_controllerConfig-version.cmake
-- Up-to-date symlink: /home/imamalghifary/ws_sensor_combined/install/bt_uav_controller/share/bt_uav_controller/package.xml
-- Up-to-date: /home/imamalghifary/ws_sensor_combined/install/bt_uav_controller/lib/libbt_uav_controller__rosidl_generator_c.so
-- Up-to-date: /home/imamalghifary/ws_sensor_combined/install/bt_uav_controller/lib/libbt_uav_controller__rosidl_typesupport_fastrtps_c.so
-- Up-to-date: /home/imamalghifary/ws_sensor_combined/install/bt_uav_controller/lib/libbt_uav_controller__rosidl_typesupport_fastrtps_cpp.so
-- Up-to-date: /home/imamalghifary/ws_sensor_combined/install/bt_uav_controller/lib/libbt_uav_controller__rosidl_typesupport_introspection_c.so
-- Up-to-date: /home/imamalghifary/ws_sensor_combined/install/bt_uav_controller/lib/libbt_uav_controller__rosidl_typesupport_c.so
-- Up-to-date: /home/imamalghifary/ws_sensor_combined/install/bt_uav_controller/lib/libbt_uav_controller__rosidl_typesupport_introspection_cpp.so
-- Up-to-date: /home/imamalghifary/ws_sensor_combined/install/bt_uav_controller/lib/libbt_uav_controller__rosidl_typesupport_cpp.so
Listing '/home/imamalghifary/ws_sensor_combined/install/bt_uav_controller/local/lib/python3.10/dist-packages/bt_uav_controller'...
Listing '/home/imamalghifary/ws_sensor_combined/install/bt_uav_controller/local/lib/python3.10/dist-packages/bt_uav_controller/action'...
-- Up-to-date: /home/imamalghifary/ws_sensor_combined/install/bt_uav_controller/lib/libbt_uav_controller__rosidl_generator_py.so
-- Up-to-date: /home/imamalghifary/ws_sensor_combined/install/bt_uav_controller/share/bt_uav_controller/cmake/export_bt_uav_controller__rosidl_generator_cExport.cmake
-- Up-to-date: /home/imamalghifary/ws_sensor_combined/install/bt_uav_controller/share/bt_uav_controller/cmake/export_bt_uav_controller__rosidl_generator_cExport-noconfig.cmake
-- Up-to-date: /home/imamalghifary/ws_sensor_combined/install/bt_uav_controller/share/bt_uav_controller/cmake/export_bt_uav_controller__rosidl_typesupport_fastrtps_cExport.cmake
-- Up-to-date: /home/imamalghifary/ws_sensor_combined/install/bt_uav_controller/share/bt_uav_controller/cmake/export_bt_uav_controller__rosidl_typesupport_fastrtps_cExport-noconfig.cmake
-- Up-to-date: /home/imamalghifary/ws_sensor_combined/install/bt_uav_controller/share/bt_uav_controller/cmake/export_bt_uav_controller__rosidl_generator_cppExport.cmake
-- Up-to-date: /home/imamalghifary/ws_sensor_combined/install/bt_uav_controller/share/bt_uav_controller/cmake/export_bt_uav_controller__rosidl_typesupport_fastrtps_cppExport.cmake
-- Up-to-date: /home/imamalghifary/ws_sensor_combined/install/bt_uav_controller/share/bt_uav_controller/cmake/export_bt_uav_controller__rosidl_typesupport_fastrtps_cppExport-noconfig.cmake
-- Up-to-date: /home/imamalghifary/ws_sensor_combined/install/bt_uav_controller/share/bt_uav_controller/cmake/bt_uav_controller__rosidl_typesupport_introspection_cExport.cmake
-- Up-to-date: /home/imamalghifary/ws_sensor_combined/install/bt_uav_controller/share/bt_uav_controller/cmake/bt_uav_controller__rosidl_typesupport_introspection_cExport-noconfig.cmake
-- Up-to-date: /home/imamalghifary/ws_sensor_combined/install/bt_uav_controller/share/bt_uav_controller/cmake/bt_uav_controller__rosidl_typesupport_cExport.cmake
-- Up-to-date: /home/imamalghifary/ws_sensor_combined/install/bt_uav_controller/share/bt_uav_controller/cmake/bt_uav_controller__rosidl_typesupport_cExport-noconfig.cmake
-- Up-to-date: /home/imamalghifary/ws_sensor_combined/install/bt_uav_controller/share/bt_uav_controller/cmake/bt_uav_controller__rosidl_typesupport_introspection_cppExport.cmake
-- Up-to-date: /home/imamalghifary/ws_sensor_combined/install/bt_uav_controller/share/bt_uav_controller/cmake/bt_uav_controller__rosidl_typesupport_introspection_cppExport-noconfig.cmake
-- Up-to-date: /home/imamalghifary/ws_sensor_combined/install/bt_uav_controller/share/bt_uav_controller/cmake/bt_uav_controller__rosidl_typesupport_cppExport.cmake
-- Up-to-date: /home/imamalghifary/ws_sensor_combined/install/bt_uav_controller/share/bt_uav_controller/cmake/bt_uav_controller__rosidl_typesupport_cppExport-noconfig.cmake
-- Up-to-date: /home/imamalghifary/ws_sensor_combined/install/bt_uav_controller/share/bt_uav_controller/cmake/export_bt_uav_controller__rosidl_generator_pyExport.cmake
-- Up-to-date: /home/imamalghifary/ws_sensor_combined/install/bt_uav_controller/share/bt_uav_controller/cmake/export_bt_uav_controller__rosidl_generator_pyExport-noconfig.cmake
