[0.080s] Invoking command in '/home/imamalghifary/ws_sensor_combined/build/px4_ros_com': CMAKE_PREFIX_PATH=/home/imamalghifary/ws_sensor_combined/install/px4_msgs:/home/imamalghifary/ws_sensor_combined/install/x500_description:/home/imamalghifary/ws_sensor_combined/install/px4_ros_com:/home/imamalghifary/ws_sensor_combined/install/x500_bridge:/home/imamalghifary/ws_sensor_combined/install/px4_offboard:/opt/ros/humble LD_LIBRARY_PATH=/home/imamalghifary/ws_sensor_combined/install/px4_msgs/lib:/home/imamalghifary/ws_sensor_combined/install/px4_ros_com/lib:/opt/ros/humble/opt/rviz_ogre_vendor/lib:/opt/ros/humble/lib/x86_64-linux-gnu:/opt/ros/humble/lib /usr/bin/cmake --build /home/imamalghifary/ws_sensor_combined/build/px4_ros_com -- -j22 -l22
[0.612s] [ 16%] Built target offboard_control
[0.612s] [ 33%] Built target debug_vect_advertiser
[0.612s] [ 50%] Built target vehicle_gps_position_listener
[0.612s] [ 66%] Built target frame_transforms
[0.612s] [ 83%] Built target offboard_control_srv
[0.612s] [ 83%] Built target ament_cmake_python_symlink_px4_ros_com
[0.612s] [100%] Built target sensor_combined_listener
[0.612s] running egg_info
[0.612s] writing px4_ros_com.egg-info/PKG-INFO
[0.612s] writing dependency_links to px4_ros_com.egg-info/dependency_links.txt
[0.612s] writing top-level names to px4_ros_com.egg-info/top_level.txt
[0.612s] reading manifest file 'px4_ros_com.egg-info/SOURCES.txt'
[0.612s] writing manifest file 'px4_ros_com.egg-info/SOURCES.txt'
[0.612s] [100%] Built target ament_cmake_python_build_px4_ros_com_egg
[0.613s] Invoked command in '/home/imamalghifary/ws_sensor_combined/build/px4_ros_com' returned '0': CMAKE_PREFIX_PATH=/home/imamalghifary/ws_sensor_combined/install/px4_msgs:/home/imamalghifary/ws_sensor_combined/install/x500_description:/home/imamalghifary/ws_sensor_combined/install/px4_ros_com:/home/imamalghifary/ws_sensor_combined/install/x500_bridge:/home/imamalghifary/ws_sensor_combined/install/px4_offboard:/opt/ros/humble LD_LIBRARY_PATH=/home/imamalghifary/ws_sensor_combined/install/px4_msgs/lib:/home/imamalghifary/ws_sensor_combined/install/px4_ros_com/lib:/opt/ros/humble/opt/rviz_ogre_vendor/lib:/opt/ros/humble/lib/x86_64-linux-gnu:/opt/ros/humble/lib /usr/bin/cmake --build /home/imamalghifary/ws_sensor_combined/build/px4_ros_com -- -j22 -l22
[0.614s] Invoking command in '/home/imamalghifary/ws_sensor_combined/build/px4_ros_com': CMAKE_PREFIX_PATH=/home/imamalghifary/ws_sensor_combined/install/px4_msgs:/home/imamalghifary/ws_sensor_combined/install/x500_description:/home/imamalghifary/ws_sensor_combined/install/px4_ros_com:/home/imamalghifary/ws_sensor_combined/install/x500_bridge:/home/imamalghifary/ws_sensor_combined/install/px4_offboard:/opt/ros/humble LD_LIBRARY_PATH=/home/imamalghifary/ws_sensor_combined/install/px4_msgs/lib:/home/imamalghifary/ws_sensor_combined/install/px4_ros_com/lib:/opt/ros/humble/opt/rviz_ogre_vendor/lib:/opt/ros/humble/lib/x86_64-linux-gnu:/opt/ros/humble/lib /usr/bin/cmake --install /home/imamalghifary/ws_sensor_combined/build/px4_ros_com
[0.621s] -- Install configuration: ""
[0.622s] -- Execute custom install script
[0.622s] -- Up-to-date symlink: /home/imamalghifary/ws_sensor_combined/install/px4_ros_com/lib/px4_ros_com/sensor_combined_listener
[0.623s] -- Up-to-date symlink: /home/imamalghifary/ws_sensor_combined/install/px4_ros_com/lib/px4_ros_com/vehicle_gps_position_listener
[0.624s] -- Up-to-date symlink: /home/imamalghifary/ws_sensor_combined/install/px4_ros_com/lib/px4_ros_com/debug_vect_advertiser
[0.624s] -- Up-to-date symlink: /home/imamalghifary/ws_sensor_combined/install/px4_ros_com/lib/px4_ros_com/offboard_control
[0.624s] -- Up-to-date symlink: /home/imamalghifary/ws_sensor_combined/install/px4_ros_com/lib/px4_ros_com/offboard_control_srv
[0.625s] -- Up-to-date symlink: /home/imamalghifary/ws_sensor_combined/install/px4_ros_com/share/px4_ros_com/environment/library_path.sh
[0.625s] -- Up-to-date symlink: /home/imamalghifary/ws_sensor_combined/install/px4_ros_com/share/px4_ros_com/environment/library_path.dsv
[0.625s] -- Up-to-date symlink: /home/imamalghifary/ws_sensor_combined/install/px4_ros_com/include/px4_ros_com/frame_transforms.h
[0.626s] -- Up-to-date symlink: /home/imamalghifary/ws_sensor_combined/install/px4_ros_com/share/px4_ros_com//launch/offboard_control_launch.yaml
[0.626s] -- Up-to-date symlink: /home/imamalghifary/ws_sensor_combined/install/px4_ros_com/share/px4_ros_com//launch/sensor_combined_listener.launch.py
[0.668s] -- Up-to-date symlink: /home/imamalghifary/ws_sensor_combined/install/px4_ros_com/share/px4_ros_com//test/__init__.py
[0.669s] -- Up-to-date symlink: /home/imamalghifary/ws_sensor_combined/install/px4_ros_com/share/px4_ros_com//test/pipeline_io_test.py
[0.669s] -- Up-to-date symlink: /home/imamalghifary/ws_sensor_combined/install/px4_ros_com/share/px4_ros_com//test/test_input.py
[0.670s] -- Up-to-date symlink: /home/imamalghifary/ws_sensor_combined/install/px4_ros_com/share/px4_ros_com//test/test_output.py
[0.670s] -- Up-to-date symlink: /home/imamalghifary/ws_sensor_combined/install/px4_ros_com/share/px4_ros_com/environment/pythonpath.sh
[0.671s] -- Up-to-date symlink: /home/imamalghifary/ws_sensor_combined/install/px4_ros_com/share/px4_ros_com/environment/pythonpath.dsv
[0.671s] -- Up-to-date symlink: /home/imamalghifary/ws_sensor_combined/install/px4_ros_com/local/lib/python3.10/dist-packages/px4_ros_com-0.1.0-py3.10.egg-info/PKG-INFO
[0.672s] -- Up-to-date symlink: /home/imamalghifary/ws_sensor_combined/install/px4_ros_com/local/lib/python3.10/dist-packages/px4_ros_com-0.1.0-py3.10.egg-info/SOURCES.txt
[0.672s] -- Up-to-date symlink: /home/imamalghifary/ws_sensor_combined/install/px4_ros_com/local/lib/python3.10/dist-packages/px4_ros_com-0.1.0-py3.10.egg-info/dependency_links.txt
[0.672s] -- Up-to-date symlink: /home/imamalghifary/ws_sensor_combined/install/px4_ros_com/local/lib/python3.10/dist-packages/px4_ros_com-0.1.0-py3.10.egg-info/top_level.txt
[0.673s] -- Up-to-date symlink: /home/imamalghifary/ws_sensor_combined/install/px4_ros_com/local/lib/python3.10/dist-packages/px4_ros_com/__init__.py
[0.673s] -- Up-to-date symlink: /home/imamalghifary/ws_sensor_combined/install/px4_ros_com/local/lib/python3.10/dist-packages/px4_ros_com/module_to_import.py
[0.673s] -- Up-to-date symlink: /home/imamalghifary/ws_sensor_combined/install/px4_ros_com/lib/px4_ros_com/offboard_control.py
[0.673s] -- Up-to-date symlink: /home/imamalghifary/ws_sensor_combined/install/px4_ros_com/share/ament_index/resource_index/package_run_dependencies/px4_ros_com
[0.674s] -- Up-to-date symlink: /home/imamalghifary/ws_sensor_combined/install/px4_ros_com/share/ament_index/resource_index/parent_prefix_path/px4_ros_com
[0.674s] -- Up-to-date symlink: /home/imamalghifary/ws_sensor_combined/install/px4_ros_com/share/px4_ros_com/environment/ament_prefix_path.sh
[0.674s] -- Up-to-date symlink: /home/imamalghifary/ws_sensor_combined/install/px4_ros_com/share/px4_ros_com/environment/ament_prefix_path.dsv
[0.675s] -- Up-to-date symlink: /home/imamalghifary/ws_sensor_combined/install/px4_ros_com/share/px4_ros_com/environment/path.sh
[0.675s] -- Up-to-date symlink: /home/imamalghifary/ws_sensor_combined/install/px4_ros_com/share/px4_ros_com/environment/path.dsv
[0.675s] -- Up-to-date symlink: /home/imamalghifary/ws_sensor_combined/install/px4_ros_com/share/px4_ros_com/local_setup.bash
[0.675s] -- Up-to-date symlink: /home/imamalghifary/ws_sensor_combined/install/px4_ros_com/share/px4_ros_com/local_setup.sh
[0.675s] -- Up-to-date symlink: /home/imamalghifary/ws_sensor_combined/install/px4_ros_com/share/px4_ros_com/local_setup.zsh
[0.675s] -- Up-to-date symlink: /home/imamalghifary/ws_sensor_combined/install/px4_ros_com/share/px4_ros_com/local_setup.dsv
[0.675s] -- Symlinking: /home/imamalghifary/ws_sensor_combined/install/px4_ros_com/share/px4_ros_com/package.dsv
[0.686s] -- Up-to-date symlink: /home/imamalghifary/ws_sensor_combined/install/px4_ros_com/share/ament_index/resource_index/packages/px4_ros_com
[0.686s] -- Up-to-date symlink: /home/imamalghifary/ws_sensor_combined/install/px4_ros_com/share/px4_ros_com/cmake/ament_cmake_export_dependencies-extras.cmake
[0.686s] -- Up-to-date symlink: /home/imamalghifary/ws_sensor_combined/install/px4_ros_com/share/px4_ros_com/cmake/ament_cmake_export_targets-extras.cmake
[0.686s] -- Up-to-date symlink: /home/imamalghifary/ws_sensor_combined/install/px4_ros_com/share/px4_ros_com/cmake/ament_cmake_export_include_directories-extras.cmake
[0.686s] -- Up-to-date symlink: /home/imamalghifary/ws_sensor_combined/install/px4_ros_com/share/px4_ros_com/cmake/ament_cmake_export_libraries-extras.cmake
[0.686s] -- Up-to-date symlink: /home/imamalghifary/ws_sensor_combined/install/px4_ros_com/share/px4_ros_com/cmake/px4_ros_comConfig.cmake
[0.686s] -- Up-to-date symlink: /home/imamalghifary/ws_sensor_combined/install/px4_ros_com/share/px4_ros_com/cmake/px4_ros_comConfig-version.cmake
[0.686s] -- Up-to-date symlink: /home/imamalghifary/ws_sensor_combined/install/px4_ros_com/share/px4_ros_com/package.xml
[0.687s] -- Up-to-date: /home/imamalghifary/ws_sensor_combined/install/px4_ros_com/lib/libframe_transforms.so
[0.709s] Listing '/home/imamalghifary/ws_sensor_combined/install/px4_ros_com/local/lib/python3.10/dist-packages/px4_ros_com'...
[0.712s] -- Up-to-date: /home/imamalghifary/ws_sensor_combined/install/px4_ros_com/share/px4_ros_com/cmake/export_frame_transformsExport.cmake
[0.712s] -- Up-to-date: /home/imamalghifary/ws_sensor_combined/install/px4_ros_com/share/px4_ros_com/cmake/export_frame_transformsExport-noconfig.cmake
[0.715s] Invoked command in '/home/imamalghifary/ws_sensor_combined/build/px4_ros_com' returned '0': CMAKE_PREFIX_PATH=/home/imamalghifary/ws_sensor_combined/install/px4_msgs:/home/imamalghifary/ws_sensor_combined/install/x500_description:/home/imamalghifary/ws_sensor_combined/install/px4_ros_com:/home/imamalghifary/ws_sensor_combined/install/x500_bridge:/home/imamalghifary/ws_sensor_combined/install/px4_offboard:/opt/ros/humble LD_LIBRARY_PATH=/home/imamalghifary/ws_sensor_combined/install/px4_msgs/lib:/home/imamalghifary/ws_sensor_combined/install/px4_ros_com/lib:/opt/ros/humble/opt/rviz_ogre_vendor/lib:/opt/ros/humble/lib/x86_64-linux-gnu:/opt/ros/humble/lib /usr/bin/cmake --install /home/imamalghifary/ws_sensor_combined/build/px4_ros_com
