[1.277s] Invoking command in '/home/imamalghifary/ws_sensor_combined/build/px4_offboard': CMAKE_PREFIX_PATH=/home/imamalghifary/ws_sensor_combined/install/px4_msgs:/home/imamalghifary/ws_sensor_combined/install/x500_description:/home/imamalghifary/ws_sensor_combined/install/px4_ros_com LD_LIBRARY_PATH=/home/imamalghifary/ws_sensor_combined/install/px4_msgs/lib:/home/imamalghifary/ws_sensor_combined/install/px4_ros_com/lib:/opt/ros/humble/opt/rviz_ogre_vendor/lib:/opt/ros/humble/lib/x86_64-linux-gnu:/opt/ros/humble/lib PYTHONPATH=/home/imamalghifary/ws_sensor_combined/build/px4_offboard/prefix_override:/usr/lib/python3/dist-packages/colcon_core/task/python/colcon_distutils_commands:/home/imamalghifary/ws_sensor_combined/install/px4_offboard/lib/python3.10/site-packages:${PYTHONPATH} /usr/bin/python3 -W ignore:setup.py install is deprecated -W ignore:easy_install command is deprecated setup.py develop --editable --build-directory /home/imamalghifary/ws_sensor_combined/build/px4_offboard/build --no-deps symlink_data --force
[1.641s] running develop
[1.832s] running egg_info
[1.848s] writing px4_offboard.egg-info/PKG-INFO
[1.869s] writing dependency_links to px4_offboard.egg-info/dependency_links.txt
[1.872s] writing entry points to px4_offboard.egg-info/entry_points.txt
[1.872s] writing requirements to px4_offboard.egg-info/requires.txt
[1.872s] writing top-level names to px4_offboard.egg-info/top_level.txt
[1.899s] reading manifest file 'px4_offboard.egg-info/SOURCES.txt'
[1.901s] writing manifest file 'px4_offboard.egg-info/SOURCES.txt'
[1.930s] running build_ext
[1.930s] Creating /home/imamalghifary/ws_sensor_combined/install/px4_offboard/lib/python3.10/site-packages/px4-offboard.egg-link (link to .)
[1.931s] Installing control script to /home/imamalghifary/ws_sensor_combined/install/px4_offboard/lib/px4_offboard
[1.931s] Installing offboard_control script to /home/imamalghifary/ws_sensor_combined/install/px4_offboard/lib/px4_offboard
[1.931s] Installing processes script to /home/imamalghifary/ws_sensor_combined/install/px4_offboard/lib/px4_offboard
[1.931s] Installing velocity_control script to /home/imamalghifary/ws_sensor_combined/install/px4_offboard/lib/px4_offboard
[1.931s] Installing visualizer script to /home/imamalghifary/ws_sensor_combined/install/px4_offboard/lib/px4_offboard
[1.932s] 
[1.932s] Installed /home/imamalghifary/ws_sensor_combined/build/px4_offboard
[1.932s] running symlink_data
[1.932s] symbolically linking /home/imamalghifary/ws_sensor_combined/build/px4_offboard/resource/px4_offboard -> /home/imamalghifary/ws_sensor_combined/install/px4_offboard/share/ament_index/resource_index/packages
[1.932s] symbolically linking /home/imamalghifary/ws_sensor_combined/build/px4_offboard/resource/visualize.rviz -> /home/imamalghifary/ws_sensor_combined/install/px4_offboard/share/ament_index/resource_index/packages
[1.932s] symbolically linking /home/imamalghifary/ws_sensor_combined/build/px4_offboard/package.xml -> /home/imamalghifary/ws_sensor_combined/install/px4_offboard/share/px4_offboard
[1.933s] symbolically linking /home/imamalghifary/ws_sensor_combined/build/px4_offboard/launch/offboard_velocity_control.launch.py -> /home/imamalghifary/ws_sensor_combined/install/px4_offboard/share/px4_offboard
[1.933s] symbolically linking /home/imamalghifary/ws_sensor_combined/build/px4_offboard/resource/visualize.rviz -> /home/imamalghifary/ws_sensor_combined/install/px4_offboard/share/px4_offboard
[1.994s] Invoked command in '/home/imamalghifary/ws_sensor_combined/build/px4_offboard' returned '0': CMAKE_PREFIX_PATH=/home/imamalghifary/ws_sensor_combined/install/px4_msgs:/home/imamalghifary/ws_sensor_combined/install/x500_description:/home/imamalghifary/ws_sensor_combined/install/px4_ros_com LD_LIBRARY_PATH=/home/imamalghifary/ws_sensor_combined/install/px4_msgs/lib:/home/imamalghifary/ws_sensor_combined/install/px4_ros_com/lib:/opt/ros/humble/opt/rviz_ogre_vendor/lib:/opt/ros/humble/lib/x86_64-linux-gnu:/opt/ros/humble/lib PYTHONPATH=/home/imamalghifary/ws_sensor_combined/build/px4_offboard/prefix_override:/usr/lib/python3/dist-packages/colcon_core/task/python/colcon_distutils_commands:/home/imamalghifary/ws_sensor_combined/install/px4_offboard/lib/python3.10/site-packages:${PYTHONPATH} /usr/bin/python3 -W ignore:setup.py install is deprecated -W ignore:easy_install command is deprecated setup.py develop --editable --build-directory /home/imamalghifary/ws_sensor_combined/build/px4_offboard/build --no-deps symlink_data --force
